2017-12-02 23:48:46,520 - ----------------------------------------------------------------------------------------------------
2017-12-02 23:48:46,522 - classifer_names    = _1vs1
2017-12-02 23:48:46,522 - c                  = 1000
2017-12-02 23:48:46,523 - kernel             = linear
2017-12-02 23:48:46,532 - time_fit           = 0.00960808572566
2017-12-02 23:48:46,533 - accuracy_train     = 1.0
2017-12-02 23:48:46,535 - n_missamples_train = 0
2017-12-02 23:48:46,536 - missamples_train   =
 []
2017-12-02 23:48:46,536 - y_predit_train     =
 [1 1 1 1 2 2 2 2 2 2 2 3 3 3 3 3 4 4 4 4 4 4 4]
2017-12-02 23:48:46,539 - accuracy_test      = 0.695652173913
2017-12-02 23:48:46,539 - n_missamples_test  = 7
2017-12-02 23:48:46,539 - missamples_test    =
 [[4 2]
 [4 3]
 [5 1]
 [5 2]
 [5 3]
 [6 1]
 [6 2]]
2017-12-02 23:48:46,540 - y_predit_test      =
 [1 1 1 1 2 2 2 2 2 2 2 3 3 3 3 3 4 4 4 4 4 4 4]
2017-12-02 23:50:12,701 - --------------------------------------------------
2017-12-02 23:50:12,701 - classifer_names    = _1vs1
2017-12-02 23:50:12,703 - c                  = 1000
2017-12-02 23:50:12,704 - kernel             = linear
2017-12-02 23:50:12,714 - time_fit           = 0.00872669236293
2017-12-02 23:50:12,716 - accuracy_train     = 1.0
2017-12-02 23:50:12,717 - n_missamples_train = 0
2017-12-02 23:50:12,717 - missamples_train   =
 []
2017-12-02 23:50:12,719 - y_predit_train     =
 [1 1 1 1 2 2 2 2 2 2 2 3 3 3 3 3 4 4 4 4 4 4 4]
2017-12-02 23:50:12,720 - accuracy_test      = 0.695652173913
2017-12-02 23:50:12,720 - n_missamples_test  = 7
2017-12-02 23:50:12,721 - missamples_test    =
 [[4 2]
 [4 3]
 [5 1]
 [5 2]
 [5 3]
 [6 1]
 [6 2]]
2017-12-02 23:50:12,721 - y_predit_test      =
 [1 1 1 1 2 2 2 2 2 2 2 3 3 3 3 3 4 4 4 4 4 4 4]
2017-12-03 00:19:37,953 - --------------------------------------------------
2017-12-03 00:19:37,953 - classifer_names    = _1vs1
2017-12-03 00:19:37,954 - c                  = 1000
2017-12-03 00:19:37,954 - kernel             = linear
2017-12-03 00:19:37,967 - time_fit           = 0.0095708798923
2017-12-03 00:19:37,967 - accuracy_train     = 0.95652173913
2017-12-03 00:19:37,969 - n_missamples_train = 1
2017-12-03 00:19:37,970 - mis_samples X_train[[]]: [] 	 y = [] 	 y_predit = []
2017-12-03 00:19:37,970 - accuracy_test      = 0.95652173913
2017-12-03 00:19:37,971 - n_missamples_test  = 1
2017-12-03 00:19:37,973 - mis_samples X_test[[ 4  5  6  7  8  9 10]]: [[4 2]
 [4 3]
 [5 1]
 [5 2]
 [5 3]
 [6 1]
 [6 2]] 	 y = [-2 -2 -2 -2 -2 -2 -2] 	 y_predit = [2 2 2 2 2 2 2]
2017-12-03 00:23:19,450 - --------------------------------------------------
2017-12-03 00:23:19,450 - classifer_names    = _1vs1
2017-12-03 00:23:19,451 - c                  = 1000
2017-12-03 00:23:19,451 - kernel             = linear
2017-12-03 00:23:19,464 - time_fit           = 0.0103278261572
2017-12-03 00:23:19,466 - y_predit_train      =
 [1 1 1 1 2 2 2 2 2 2 2 3 3 3 3 3 4 4 4 4 4 4 4]
2017-12-03 00:23:19,467 - accuracy_train     = 0.95652173913
2017-12-03 00:23:19,467 - n_missamples_train = 1
2017-12-03 00:23:19,467 - mis_indices_train   =
 []
2017-12-03 00:23:19,469 - y_predit_test      =
 [1 1 1 1 2 2 2 2 2 2 2 3 3 3 3 3 4 4 4 4 4 4 4]
2017-12-03 00:23:19,470 - accuracy_test      = 0.95652173913
2017-12-03 00:23:19,470 - n_missamples_test  = 1
2017-12-03 00:23:19,470 - mis_indices_test   =
 [[ 4  5  6  7  8  9 10]]
2017-12-03 00:24:17,599 - --------------------------------------------------
2017-12-03 00:24:17,601 - classifer_names    = _1vs1
2017-12-03 00:24:17,601 - c                  = 1000
2017-12-03 00:24:17,601 - kernel             = linear
2017-12-03 00:24:17,611 - time_fit           = 0.00910815906819
2017-12-03 00:24:17,611 - y_predit_train      =
 [1 1 1 1 2 2 2 2 2 2 2 3 3 3 3 3 4 4 4 4 4 4 4]
2017-12-03 00:24:17,612 - accuracy_train     = 0.95652173913
2017-12-03 00:24:17,612 - n_missamples_train = 1
2017-12-03 00:24:17,615 - mis_indices_train   =
 []
2017-12-03 00:24:17,615 - y_predit_test      =
 [1 1 1 1 2 2 2 2 2 2 2 3 3 3 3 3 4 4 4 4 4 4 4]
2017-12-03 00:24:17,617 - accuracy_test      = 0.95652173913
2017-12-03 00:24:17,617 - n_missamples_test  = 1
2017-12-03 00:24:17,618 - mis_indices_test   =
 [[ 4  5  6  7  8  9 10]]
2017-12-03 00:25:48,312 - --------------------------------------------------
2017-12-03 00:25:48,312 - classifer_names    = _1vs1
2017-12-03 00:25:48,312 - c                  = 1000
2017-12-03 00:25:48,312 - kernel             = linear
2017-12-03 00:25:48,323 - time_fit           = 0.00829519022658
2017-12-03 00:25:48,325 - y_predit_train      =
 [1 1 1 1 2 2 2 2 2 2 2 3 3 3 3 3 4 4 4 4 4 4 4]
2017-12-03 00:25:48,325 - accuracy_train     = 0.95652173913
2017-12-03 00:25:48,326 - n_missamples_train = 1
2017-12-03 00:25:48,328 - mis_indices_train   =
 (array([], dtype=int64),)
2017-12-03 00:25:48,328 - y_predit_test      =
 [1 1 1 1 2 2 2 2 2 2 2 3 3 3 3 3 4 4 4 4 4 4 4]
2017-12-03 00:25:48,329 - accuracy_test      = 0.95652173913
2017-12-03 00:25:48,331 - n_missamples_test  = 1
2017-12-03 00:25:48,332 - mis_indices_test   =
 (array([ 4,  5,  6,  7,  8,  9, 10], dtype=int64),)
2017-12-03 00:27:33,040 - --------------------------------------------------
2017-12-03 00:27:33,042 - classifer_names    = _1vs1
2017-12-03 00:27:33,042 - c                  = 1000
2017-12-03 00:27:33,042 - kernel             = linear
2017-12-03 00:27:33,053 - time_fit           = 0.0110505601616
2017-12-03 00:27:33,056 - y_predit_train      =
 [1 1 1 1 2 2 2 2 2 2 2 3 3 3 3 3 4 4 4 4 4 4 4]
2017-12-03 00:27:33,056 - accuracy_train     = 0.95652173913
2017-12-03 00:27:33,058 - n_missamples_train = 1
2017-12-03 00:27:33,059 - mis_indices_train   =
 [(array([], dtype=int64),)]
2017-12-03 00:27:33,059 - y_predit_test      =
 [1 1 1 1 2 2 2 2 2 2 2 3 3 3 3 3 4 4 4 4 4 4 4]
2017-12-03 00:27:33,061 - accuracy_test      = 0.95652173913
2017-12-03 00:27:33,061 - n_missamples_test  = 1
2017-12-03 00:27:33,062 - mis_indices_test   =
 [(array([ 4,  5,  6,  7,  8,  9, 10], dtype=int64),)]
2017-12-03 00:32:26,331 - --------------------------------------------------
2017-12-03 00:32:26,331 - classifer_names    = _1vs1
2017-12-03 00:32:26,332 - c                  = 1000
2017-12-03 00:32:26,332 - kernel             = linear
2017-12-03 00:32:26,342 - time_fit           = 0.00879340627102
2017-12-03 00:32:26,342 - y_predit_train      =
 [1 1 1 1 2 2 2 2 2 2 2 3 3 3 3 3 4 4 4 4 4 4 4]
2017-12-03 00:32:26,344 - accuracy_train     = 1.0
2017-12-03 00:32:26,345 - n_missamples_train = 0
2017-12-03 00:32:26,345 - mis_indices_train   =
 []
2017-12-03 00:32:26,346 - y_predit_test      =
 [1 1 1 1 2 2 2 2 2 2 2 3 3 3 3 3 4 4 4 4 4 4 4]
2017-12-03 00:32:26,348 - accuracy_test      = 0.695652173913
2017-12-03 00:32:26,348 - n_missamples_test  = 7
2017-12-03 00:32:26,349 - mis_indices_test   =
 [ 4  5  6  7  8  9 10]
2017-12-03 00:34:20,154 - --------------------------------------------------
2017-12-03 00:34:20,154 - classifer_names    = _1vs1
2017-12-03 00:34:20,157 - c                  = 1000
2017-12-03 00:34:20,158 - kernel             = linear
2017-12-03 00:34:20,167 - time_fit           = 0.00873267950852
2017-12-03 00:34:20,168 - y_predit_train      =
 [1 1 1 1 2 2 2 2 2 2 2 3 3 3 3 3 4 4 4 4 4 4 4]
2017-12-03 00:34:20,171 - accuracy_train     = 1.0
2017-12-03 00:34:20,171 - n_missamples_train = 0
2017-12-03 00:34:20,171 - mis_indices_train  =
 []
2017-12-03 00:34:20,173 - y_predit_false     =
 []
2017-12-03 00:34:20,174 - y_predit_test      =
 [1 1 1 1 2 2 2 2 2 2 2 3 3 3 3 3 4 4 4 4 4 4 4]
2017-12-03 00:34:20,174 - accuracy_test      = 0.695652173913
2017-12-03 00:34:20,176 - n_missamples_test  = 7
2017-12-03 00:34:20,177 - mis_indices_test   =
 [ 4  5  6  7  8  9 10]
2017-12-03 00:34:20,178 - y_predit_false     =
 [2 2 2 2 2 2 2]
2017-12-03 00:35:46,401 - --------------------------------------------------
2017-12-03 00:35:46,401 - classifer_names    = _1vs1
2017-12-03 00:35:46,404 - c                  = 1000
2017-12-03 00:35:46,404 - kernel             = linear
2017-12-03 00:35:46,414 - time_fit           = 0.00882034842621
2017-12-03 00:35:46,415 - y_predit_train      =
 [1 1 1 1 2 2 2 2 2 2 2 3 3 3 3 3 4 4 4 4 4 4 4]
2017-12-03 00:35:46,415 - accuracy_train     = 1.0
2017-12-03 00:35:46,417 - n_missamples_train = 0
2017-12-03 00:35:46,417 - mis_indices_train  =
 []
2017-12-03 00:35:46,417 - y_mis              =
 []
2017-12-03 00:35:46,418 - y_predit_false     =
 []
2017-12-03 00:35:46,420 - y_predit_test      =
 [1 1 1 1 2 2 2 2 2 2 2 3 3 3 3 3 4 4 4 4 4 4 4]
2017-12-03 00:35:46,421 - accuracy_test      = 0.695652173913
2017-12-03 00:35:46,421 - n_missamples_test  = 7
2017-12-03 00:35:46,424 - mis_indices_test   =
 [ 4  5  6  7  8  9 10]
2017-12-03 00:35:46,424 - y_mis              =
 []
2017-12-03 00:35:46,424 - y_predit_false     =
 [2 2 2 2 2 2 2]
2017-12-03 00:36:17,188 - --------------------------------------------------
2017-12-03 00:36:17,188 - classifer_names    = _1vs1
2017-12-03 00:36:17,190 - c                  = 1000
2017-12-03 00:36:17,190 - kernel             = linear
2017-12-03 00:36:17,200 - time_fit           = 0.00941350349371
2017-12-03 00:36:17,201 - y_predit_train      =
 [1 1 1 1 2 2 2 2 2 2 2 3 3 3 3 3 4 4 4 4 4 4 4]
2017-12-03 00:36:17,201 - accuracy_train     = 1.0
2017-12-03 00:36:17,203 - n_missamples_train = 0
2017-12-03 00:36:17,203 - mis_indices_train  =
 []
2017-12-03 00:36:17,203 - y_mis              =
 []
2017-12-03 00:36:17,206 - y_predit_false     =
 []
2017-12-03 00:36:17,207 - y_predit_test      =
 [1 1 1 1 2 2 2 2 2 2 2 3 3 3 3 3 4 4 4 4 4 4 4]
2017-12-03 00:36:17,209 - accuracy_test      = 0.695652173913
2017-12-03 00:36:17,209 - n_missamples_test  = 7
2017-12-03 00:36:17,210 - mis_indices_test   =
 [ 4  5  6  7  8  9 10]
2017-12-03 00:36:17,210 - y_mis              =
 [-2 -2 -2 -2 -2 -2 -2]
2017-12-03 00:36:17,210 - y_predit_false     =
 [2 2 2 2 2 2 2]
2017-12-03 00:36:49,736 - --------------------------------------------------
2017-12-03 00:36:49,736 - classifer_names    = _1vs1
2017-12-03 00:36:49,736 - c                  = 1000
2017-12-03 00:36:49,737 - kernel             = linear
2017-12-03 00:36:49,749 - time_fit           = 0.0111078656981
2017-12-03 00:36:49,750 - y_predit_train      =
 [1 1 1 1 2 2 2 2 2 2 2 3 3 3 3 3 4 4 4 4 4 4 4]
2017-12-03 00:36:49,750 - accuracy_train     = 1.0
2017-12-03 00:36:49,752 - n_missamples_train = 0
2017-12-03 00:36:49,752 - mis_indices_train  =
 []
2017-12-03 00:36:49,753 - y_mis              =
 []
2017-12-03 00:36:49,753 - y_predit_false     =
 []
2017-12-03 00:36:49,755 - ..................................................
2017-12-03 00:36:49,756 - y_predit_test      =
 [1 1 1 1 2 2 2 2 2 2 2 3 3 3 3 3 4 4 4 4 4 4 4]
2017-12-03 00:36:49,756 - accuracy_test      = 0.695652173913
2017-12-03 00:36:49,756 - n_missamples_test  = 7
2017-12-03 00:36:49,757 - mis_indices_test   =
 [ 4  5  6  7  8  9 10]
2017-12-03 00:36:49,759 - y_mis              =
 [-2 -2 -2 -2 -2 -2 -2]
2017-12-03 00:36:49,759 - y_predit_false     =
 [2 2 2 2 2 2 2]
2017-12-03 00:37:29,575 - ==================================================
2017-12-03 00:37:29,575 - classifer_names    = _1vs1
2017-12-03 00:37:29,575 - c                  = 1000
2017-12-03 00:37:29,578 - kernel             = linear
2017-12-03 00:37:29,588 - time_fit           = 0.00946867076387
2017-12-03 00:37:29,589 - y_predit_train      =
 [1 1 1 1 2 2 2 2 2 2 2 3 3 3 3 3 4 4 4 4 4 4 4]
2017-12-03 00:37:29,591 - accuracy_train     = 1.0
2017-12-03 00:37:29,592 - n_missamples_train = 0
2017-12-03 00:37:29,592 - mis_indices_train  =
 []
2017-12-03 00:37:29,592 - y_mis              =
 []
2017-12-03 00:37:29,592 - y_predit_false     =
 []
2017-12-03 00:37:29,594 - ##################################################
2017-12-03 00:37:29,595 - y_predit_test      =
 [1 1 1 1 2 2 2 2 2 2 2 3 3 3 3 3 4 4 4 4 4 4 4]
2017-12-03 00:37:29,596 - accuracy_test      = 0.695652173913
2017-12-03 00:37:29,598 - n_missamples_test  = 7
2017-12-03 00:37:29,598 - mis_indices_test   =
 [ 4  5  6  7  8  9 10]
2017-12-03 00:37:29,599 - y_mis              =
 [-2 -2 -2 -2 -2 -2 -2]
2017-12-03 00:37:29,599 - y_predit_false     =
 [2 2 2 2 2 2 2]
2017-12-03 00:40:16,901 - ==================================================
2017-12-03 00:40:16,901 - dataset name       = my dataset
2017-12-03 00:40:16,903 - classifer_names    = _1vs1
2017-12-03 00:40:16,903 - c                  = 1000
2017-12-03 00:40:16,903 - kernel             = linear
2017-12-03 00:40:16,914 - time_fit           = 0.00927836506449
2017-12-03 00:40:16,914 - y_predit_train      =
 [1 1 1 1 2 2 2 2 2 2 2 3 3 3 3 3 4 4 4 4 4 4 4]
2017-12-03 00:40:16,914 - accuracy_train     = 1.0
2017-12-03 00:40:16,915 - n_missamples_train = 0
2017-12-03 00:40:16,917 - mis_indices_train  =
 []
2017-12-03 00:40:16,917 - y_mis              =
 []
2017-12-03 00:40:16,918 - y_predit_false     =
 []
2017-12-03 00:40:16,920 - ##################################################
2017-12-03 00:40:16,923 - y_predit_test      =
 [1 1 1 1 2 2 2 2 2 2 2 3 3 3 3 3 4 4 4 4 4 4 4]
2017-12-03 00:40:16,923 - accuracy_test      = 0.695652173913
2017-12-03 00:40:16,924 - n_missamples_test  = 7
2017-12-03 00:40:16,924 - mis_indices_test   =
 [ 4  5  6  7  8  9 10]
2017-12-03 00:40:16,926 - y_mis              =
 [-2 -2 -2 -2 -2 -2 -2]
2017-12-03 00:40:16,926 - y_predit_false     =
 [2 2 2 2 2 2 2]
2017-12-03 00:40:42,795 - ==================================================
2017-12-03 00:40:42,795 - dataset name       = my dataset
2017-12-03 00:40:42,796 - classifer_names    = _1vs1
2017-12-03 00:40:42,796 - c                  = 1000
2017-12-03 00:40:42,796 - kernel             = linear
2017-12-03 00:40:42,796 - ##################################################
2017-12-03 00:40:42,805 - time_fit           = 0.00832854718063
2017-12-03 00:40:42,808 - y_predit_train      =
 [1 1 1 1 2 2 2 2 2 2 2 3 3 3 3 3 4 4 4 4 4 4 4]
2017-12-03 00:40:42,809 - accuracy_train     = 1.0
2017-12-03 00:40:42,809 - n_missamples_train = 0
2017-12-03 00:40:42,811 - mis_indices_train  =
 []
2017-12-03 00:40:42,812 - y_mis              =
 []
2017-12-03 00:40:42,812 - y_predit_false     =
 []
2017-12-03 00:40:42,813 - ##################################################
2017-12-03 00:40:42,815 - y_predit_test      =
 [1 1 1 1 2 2 2 2 2 2 2 3 3 3 3 3 4 4 4 4 4 4 4]
2017-12-03 00:40:42,815 - accuracy_test      = 0.695652173913
2017-12-03 00:40:42,815 - n_missamples_test  = 7
2017-12-03 00:40:42,816 - mis_indices_test   =
 [ 4  5  6  7  8  9 10]
2017-12-03 00:40:42,816 - y_mis              =
 [-2 -2 -2 -2 -2 -2 -2]
2017-12-03 00:40:42,818 - y_predit_false     =
 [2 2 2 2 2 2 2]
2017-12-03 00:40:58,828 - ==================================================
2017-12-03 00:40:58,828 - dataset name       = my dataset
2017-12-03 00:40:58,828 - classifer_names    = _1vs1
2017-12-03 00:40:58,829 - c                  = 1000
2017-12-03 00:40:58,831 - kernel             = linear
2017-12-03 00:40:58,832 - ##################################################
2017-12-03 00:40:58,839 - time_fit           = 0.00826140561928
2017-12-03 00:40:58,841 - ##################################################
2017-12-03 00:40:58,842 - y_predit_train      =
 [1 1 1 1 2 2 2 2 2 2 2 3 3 3 3 3 4 4 4 4 4 4 4]
2017-12-03 00:40:58,842 - accuracy_train     = 1.0
2017-12-03 00:40:58,842 - n_missamples_train = 0
2017-12-03 00:40:58,844 - mis_indices_train  =
 []
2017-12-03 00:40:58,845 - y_mis              =
 []
2017-12-03 00:40:58,846 - y_predit_false     =
 []
2017-12-03 00:40:58,848 - ##################################################
2017-12-03 00:40:58,848 - y_predit_test      =
 [1 1 1 1 2 2 2 2 2 2 2 3 3 3 3 3 4 4 4 4 4 4 4]
2017-12-03 00:40:58,849 - accuracy_test      = 0.695652173913
2017-12-03 00:40:58,849 - n_missamples_test  = 7
2017-12-03 00:40:58,851 - mis_indices_test   =
 [ 4  5  6  7  8  9 10]
2017-12-03 00:40:58,851 - y_mis              =
 [-2 -2 -2 -2 -2 -2 -2]
2017-12-03 00:40:58,851 - y_predit_false     =
 [2 2 2 2 2 2 2]
2017-12-03 00:42:16,226 - ****************************************************************************************************
2017-12-03 00:42:16,226 - dataset name        my dataset
2017-12-03 00:42:16,226 - classifer_names     _1vs1
2017-12-03 00:42:16,227 - c                   1000
2017-12-03 00:42:16,227 - kernel              linear
2017-12-03 00:42:16,229 - ##################################################
2017-12-03 00:42:16,239 - time_fit            0.00984115675074
2017-12-03 00:42:16,240 - ##################################################
2017-12-03 00:42:16,242 - y_predit_train      
 [1 1 1 1 2 2 2 2 2 2 2 3 3 3 3 3 4 4 4 4 4 4 4]
2017-12-03 00:42:16,242 - accuracy_train      1.0
2017-12-03 00:42:16,243 - n_missamples_train  0
2017-12-03 00:42:16,244 - mis_indices_train  
 []
2017-12-03 00:42:16,246 - y_mis              
 []
2017-12-03 00:42:16,246 - y_predit_false     
 []
2017-12-03 00:42:16,246 - ##################################################
2017-12-03 00:42:16,249 - y_predit_test      
 [1 1 1 1 2 2 2 2 2 2 2 3 3 3 3 3 4 4 4 4 4 4 4]
2017-12-03 00:42:16,249 - accuracy_test       0.695652173913
2017-12-03 00:42:16,250 - n_missamples_test   7
2017-12-03 00:42:16,250 - mis_indices_test   
 [ 4  5  6  7  8  9 10]
2017-12-03 00:42:16,252 - y_mis              
 [-2 -2 -2 -2 -2 -2 -2]
2017-12-03 00:42:16,252 - y_predit_false     
 [2 2 2 2 2 2 2]
