2017-12-02 23:48:46,542 - ----------------------------------------------------------------------------------------------------
2017-12-02 23:48:46,543 - classifer_names    = _1vsrest
2017-12-02 23:48:46,546 - c                  = 1000
2017-12-02 23:48:46,546 - kernel             = linear
2017-12-02 23:48:46,650 - time_fit           = 0.101512908927
2017-12-02 23:48:46,651 - accuracy_train     = 1.0
2017-12-02 23:48:46,651 - n_missamples_train = 0
2017-12-02 23:48:46,651 - missamples_train   =
 []
2017-12-02 23:48:46,653 - y_predit_train     =
 [1, 1, 1, 1, 2, 2, 2, 2, 2, 2, 2, 3, 3, 3, 3, 3, 4, 4, 4, 4, 4, 4, 4]
2017-12-02 23:48:46,654 - accuracy_test      = 0.695652173913
2017-12-02 23:48:46,654 - n_missamples_test  = 7
2017-12-02 23:48:46,655 - missamples_test    =
 [[4 2]
 [4 3]
 [5 1]
 [5 2]
 [5 3]
 [6 1]
 [6 2]]
2017-12-02 23:48:46,655 - y_predit_test      =
 [1, 1, 1, 1, 2, 2, 2, 2, 2, 2, 2, 3, 3, 3, 3, 3, 4, 4, 4, 4, 4, 4, 4]
2017-12-02 23:50:12,723 - --------------------------------------------------
2017-12-02 23:50:12,724 - classifer_names    = _1vsrest
2017-12-02 23:50:12,726 - c                  = 1000
2017-12-02 23:50:12,726 - kernel             = linear
2017-12-02 23:50:12,845 - time_fit           = 0.118468077609
2017-12-02 23:50:12,845 - accuracy_train     = 1.0
2017-12-02 23:50:12,846 - n_missamples_train = 0
2017-12-02 23:50:12,846 - missamples_train   =
 []
2017-12-02 23:50:12,848 - y_predit_train     =
 [1, 1, 1, 1, 2, 2, 2, 2, 2, 2, 2, 3, 3, 3, 3, 3, 4, 4, 4, 4, 4, 4, 4]
2017-12-02 23:50:12,848 - accuracy_test      = 0.695652173913
2017-12-02 23:50:12,848 - n_missamples_test  = 7
2017-12-02 23:50:12,849 - missamples_test    =
 [[4 2]
 [4 3]
 [5 1]
 [5 2]
 [5 3]
 [6 1]
 [6 2]]
2017-12-02 23:50:12,849 - y_predit_test      =
 [1, 1, 1, 1, 2, 2, 2, 2, 2, 2, 2, 3, 3, 3, 3, 3, 4, 4, 4, 4, 4, 4, 4]
2017-12-03 00:19:37,973 - --------------------------------------------------
2017-12-03 00:19:37,976 - classifer_names    = _1vsrest
2017-12-03 00:19:37,976 - c                  = 1000
2017-12-03 00:19:37,977 - kernel             = linear
2017-12-03 00:19:38,013 - time_fit           = 0.034181897181
2017-12-03 00:19:38,015 - accuracy_train     = 0.95652173913
2017-12-03 00:19:38,016 - n_missamples_train = 1
2017-12-03 00:19:38,016 - mis_samples X_train[[]]: [] 	 y = [] 	 y_predit = []
2017-12-03 00:19:38,016 - accuracy_test      = 0.95652173913
2017-12-03 00:19:38,017 - n_missamples_test  = 1
2017-12-03 00:19:38,019 - mis_samples X_test[[ 4  5  6  7  8  9 10]]: [[4 2]
 [4 3]
 [5 1]
 [5 2]
 [5 3]
 [6 1]
 [6 2]] 	 y = [-2 -2 -2 -2 -2 -2 -2] 	 y_predit = [2 2 2 2 2 2 2]
2017-12-03 00:23:19,470 - --------------------------------------------------
2017-12-03 00:23:19,473 - classifer_names    = _1vsrest
2017-12-03 00:23:19,473 - c                  = 1000
2017-12-03 00:23:19,474 - kernel             = linear
2017-12-03 00:23:19,575 - time_fit           = 0.100312058582
2017-12-03 00:23:19,576 - y_predit_train      =
 [1 1 1 1 2 2 2 2 2 2 2 3 3 3 3 3 4 4 4 4 4 4 4]
2017-12-03 00:23:19,578 - accuracy_train     = 0.95652173913
2017-12-03 00:23:19,578 - n_missamples_train = 1
2017-12-03 00:23:19,579 - mis_indices_train   =
 []
2017-12-03 00:23:19,581 - y_predit_test      =
 [1 1 1 1 2 2 2 2 2 2 2 3 3 3 3 3 4 4 4 4 4 4 4]
2017-12-03 00:23:19,581 - accuracy_test      = 0.95652173913
2017-12-03 00:23:19,582 - n_missamples_test  = 1
2017-12-03 00:23:19,582 - mis_indices_test   =
 [[ 4  5  6  7  8  9 10]]
2017-12-03 00:24:17,618 - --------------------------------------------------
2017-12-03 00:24:17,619 - classifer_names    = _1vsrest
2017-12-03 00:24:17,619 - c                  = 1000
2017-12-03 00:24:17,621 - kernel             = linear
2017-12-03 00:24:17,684 - time_fit           = 0.061939587135
2017-12-03 00:24:17,684 - y_predit_train      =
 [1 1 1 1 2 2 2 2 2 2 2 3 3 3 3 3 4 4 4 4 4 4 4]
2017-12-03 00:24:17,684 - accuracy_train     = 0.95652173913
2017-12-03 00:24:17,686 - n_missamples_train = 1
2017-12-03 00:24:17,687 - mis_indices_train   =
 []
2017-12-03 00:24:17,688 - y_predit_test      =
 [1 1 1 1 2 2 2 2 2 2 2 3 3 3 3 3 4 4 4 4 4 4 4]
2017-12-03 00:24:17,688 - accuracy_test      = 0.95652173913
2017-12-03 00:24:17,690 - n_missamples_test  = 1
2017-12-03 00:24:17,690 - mis_indices_test   =
 [[ 4  5  6  7  8  9 10]]
2017-12-03 00:25:48,332 - --------------------------------------------------
2017-12-03 00:25:48,335 - classifer_names    = _1vsrest
2017-12-03 00:25:48,335 - c                  = 1000
2017-12-03 00:25:48,335 - kernel             = linear
2017-12-03 00:25:48,371 - time_fit           = 0.0356448989733
2017-12-03 00:25:48,372 - y_predit_train      =
 [1 1 1 1 2 2 2 2 2 2 2 3 3 3 3 3 4 4 4 4 4 4 4]
2017-12-03 00:25:48,374 - accuracy_train     = 0.95652173913
2017-12-03 00:25:48,374 - n_missamples_train = 1
2017-12-03 00:25:48,375 - mis_indices_train   =
 (array([], dtype=int64),)
2017-12-03 00:25:48,375 - y_predit_test      =
 [1 1 1 1 2 2 2 2 2 2 2 3 3 3 3 3 4 4 4 4 4 4 4]
2017-12-03 00:25:48,377 - accuracy_test      = 0.95652173913
2017-12-03 00:25:48,378 - n_missamples_test  = 1
2017-12-03 00:25:48,378 - mis_indices_test   =
 (array([ 4,  5,  6,  7,  8,  9, 10], dtype=int64),)
2017-12-03 00:27:33,062 - --------------------------------------------------
2017-12-03 00:27:33,065 - classifer_names    = _1vsrest
2017-12-03 00:27:33,065 - c                  = 1000
2017-12-03 00:27:33,065 - kernel             = linear
2017-12-03 00:27:33,118 - time_fit           = 0.0527142510744
2017-12-03 00:27:33,121 - y_predit_train      =
 [1 1 1 1 2 2 2 2 2 2 2 3 3 3 3 3 4 4 4 4 4 4 4]
2017-12-03 00:27:33,121 - accuracy_train     = 0.95652173913
2017-12-03 00:27:33,121 - n_missamples_train = 1
2017-12-03 00:27:33,122 - mis_indices_train   =
 [(array([], dtype=int64),)]
2017-12-03 00:27:33,124 - y_predit_test      =
 [1 1 1 1 2 2 2 2 2 2 2 3 3 3 3 3 4 4 4 4 4 4 4]
2017-12-03 00:27:33,125 - accuracy_test      = 0.95652173913
2017-12-03 00:27:33,125 - n_missamples_test  = 1
2017-12-03 00:27:33,125 - mis_indices_test   =
 [(array([ 4,  5,  6,  7,  8,  9, 10], dtype=int64),)]
2017-12-03 00:32:26,349 - --------------------------------------------------
2017-12-03 00:32:26,351 - classifer_names    = _1vsrest
2017-12-03 00:32:26,351 - c                  = 1000
2017-12-03 00:32:26,351 - kernel             = linear
2017-12-03 00:32:26,480 - time_fit           = 0.128659482377
2017-12-03 00:32:26,482 - y_predit_train      =
 [1 1 1 1 2 2 2 2 2 2 2 3 3 3 3 3 4 4 4 4 4 4 4]
2017-12-03 00:32:26,483 - accuracy_train     = 1.0
2017-12-03 00:32:26,483 - n_missamples_train = 0
2017-12-03 00:32:26,483 - mis_indices_train   =
 []
2017-12-03 00:32:26,484 - y_predit_test      =
 [1 1 1 1 2 2 2 2 2 2 2 3 3 3 3 3 4 4 4 4 4 4 4]
2017-12-03 00:32:26,484 - accuracy_test      = 0.695652173913
2017-12-03 00:32:26,486 - n_missamples_test  = 7
2017-12-03 00:32:26,486 - mis_indices_test   =
 [ 4  5  6  7  8  9 10]
2017-12-03 00:34:20,180 - --------------------------------------------------
2017-12-03 00:34:20,180 - classifer_names    = _1vsrest
2017-12-03 00:34:20,181 - c                  = 1000
2017-12-03 00:34:20,183 - kernel             = linear
2017-12-03 00:34:20,240 - time_fit           = 0.058668467372
2017-12-03 00:34:20,243 - y_predit_train      =
 [1 1 1 1 2 2 2 2 2 2 2 3 3 3 3 3 4 4 4 4 4 4 4]
2017-12-03 00:34:20,243 - accuracy_train     = 1.0
2017-12-03 00:34:20,243 - n_missamples_train = 0
2017-12-03 00:34:20,244 - mis_indices_train  =
 []
2017-12-03 00:34:20,244 - y_predit_false     =
 []
2017-12-03 00:34:20,246 - y_predit_test      =
 [1 1 1 1 2 2 2 2 2 2 2 3 3 3 3 3 4 4 4 4 4 4 4]
2017-12-03 00:34:20,246 - accuracy_test      = 0.695652173913
2017-12-03 00:34:20,247 - n_missamples_test  = 7
2017-12-03 00:34:20,249 - mis_indices_test   =
 [ 4  5  6  7  8  9 10]
2017-12-03 00:34:20,249 - y_predit_false     =
 [2 2 2 2 2 2 2]
2017-12-03 00:35:46,426 - --------------------------------------------------
2017-12-03 00:35:46,426 - classifer_names    = _1vsrest
2017-12-03 00:35:46,427 - c                  = 1000
2017-12-03 00:35:46,427 - kernel             = linear
2017-12-03 00:35:46,476 - time_fit           = 0.0487507606882
2017-12-03 00:35:46,477 - y_predit_train      =
 [1 1 1 1 2 2 2 2 2 2 2 3 3 3 3 3 4 4 4 4 4 4 4]
2017-12-03 00:35:46,477 - accuracy_train     = 1.0
2017-12-03 00:35:46,479 - n_missamples_train = 0
2017-12-03 00:35:46,479 - mis_indices_train  =
 []
2017-12-03 00:35:46,480 - y_mis              =
 []
2017-12-03 00:35:46,480 - y_predit_false     =
 []
2017-12-03 00:35:46,480 - y_predit_test      =
 [1 1 1 1 2 2 2 2 2 2 2 3 3 3 3 3 4 4 4 4 4 4 4]
2017-12-03 00:35:46,482 - accuracy_test      = 0.695652173913
2017-12-03 00:35:46,482 - n_missamples_test  = 7
2017-12-03 00:35:46,483 - mis_indices_test   =
 [ 4  5  6  7  8  9 10]
2017-12-03 00:35:46,483 - y_mis              =
 []
2017-12-03 00:35:46,484 - y_predit_false     =
 [2 2 2 2 2 2 2]
2017-12-03 00:36:17,211 - --------------------------------------------------
2017-12-03 00:36:17,211 - classifer_names    = _1vsrest
2017-12-03 00:36:17,213 - c                  = 1000
2017-12-03 00:36:17,213 - kernel             = linear
2017-12-03 00:36:17,276 - time_fit           = 0.0632071513888
2017-12-03 00:36:17,278 - y_predit_train      =
 [1 1 1 1 2 2 2 2 2 2 2 3 3 3 3 3 4 4 4 4 4 4 4]
2017-12-03 00:36:17,279 - accuracy_train     = 1.0
2017-12-03 00:36:17,279 - n_missamples_train = 0
2017-12-03 00:36:17,279 - mis_indices_train  =
 []
2017-12-03 00:36:17,280 - y_mis              =
 []
2017-12-03 00:36:17,282 - y_predit_false     =
 []
2017-12-03 00:36:17,282 - y_predit_test      =
 [1 1 1 1 2 2 2 2 2 2 2 3 3 3 3 3 4 4 4 4 4 4 4]
2017-12-03 00:36:17,283 - accuracy_test      = 0.695652173913
2017-12-03 00:36:17,285 - n_missamples_test  = 7
2017-12-03 00:36:17,285 - mis_indices_test   =
 [ 4  5  6  7  8  9 10]
2017-12-03 00:36:17,288 - y_mis              =
 [-2 -2 -2 -2 -2 -2 -2]
2017-12-03 00:36:17,289 - y_predit_false     =
 [2 2 2 2 2 2 2]
2017-12-03 00:36:49,759 - --------------------------------------------------
2017-12-03 00:36:49,759 - classifer_names    = _1vsrest
2017-12-03 00:36:49,760 - c                  = 1000
2017-12-03 00:36:49,760 - kernel             = linear
2017-12-03 00:36:49,812 - time_fit           = 0.0501940904307
2017-12-03 00:36:49,812 - y_predit_train      =
 [1 1 1 1 2 2 2 2 2 2 2 3 3 3 3 3 4 4 4 4 4 4 4]
2017-12-03 00:36:49,813 - accuracy_train     = 1.0
2017-12-03 00:36:49,813 - n_missamples_train = 0
2017-12-03 00:36:49,815 - mis_indices_train  =
 []
2017-12-03 00:36:49,815 - y_mis              =
 []
2017-12-03 00:36:49,815 - y_predit_false     =
 []
2017-12-03 00:36:49,816 - ..................................................
2017-12-03 00:36:49,818 - y_predit_test      =
 [1 1 1 1 2 2 2 2 2 2 2 3 3 3 3 3 4 4 4 4 4 4 4]
2017-12-03 00:36:49,818 - accuracy_test      = 0.695652173913
2017-12-03 00:36:49,818 - n_missamples_test  = 7
2017-12-03 00:36:49,819 - mis_indices_test   =
 [ 4  5  6  7  8  9 10]
2017-12-03 00:36:49,819 - y_mis              =
 [-2 -2 -2 -2 -2 -2 -2]
2017-12-03 00:36:49,819 - y_predit_false     =
 [2 2 2 2 2 2 2]
2017-12-03 00:37:29,601 - ==================================================
2017-12-03 00:37:29,601 - classifer_names    = _1vsrest
2017-12-03 00:37:29,601 - c                  = 1000
2017-12-03 00:37:29,601 - kernel             = linear
2017-12-03 00:37:29,674 - time_fit           = 0.072255439001
2017-12-03 00:37:29,676 - y_predit_train      =
 [1 1 1 1 2 2 2 2 2 2 2 3 3 3 3 3 4 4 4 4 4 4 4]
2017-12-03 00:37:29,677 - accuracy_train     = 1.0
2017-12-03 00:37:29,677 - n_missamples_train = 0
2017-12-03 00:37:29,678 - mis_indices_train  =
 []
2017-12-03 00:37:29,680 - y_mis              =
 []
2017-12-03 00:37:29,680 - y_predit_false     =
 []
2017-12-03 00:37:29,680 - ##################################################
2017-12-03 00:37:29,681 - y_predit_test      =
 [1 1 1 1 2 2 2 2 2 2 2 3 3 3 3 3 4 4 4 4 4 4 4]
2017-12-03 00:37:29,681 - accuracy_test      = 0.695652173913
2017-12-03 00:37:29,681 - n_missamples_test  = 7
2017-12-03 00:37:29,683 - mis_indices_test   =
 [ 4  5  6  7  8  9 10]
2017-12-03 00:37:29,684 - y_mis              =
 [-2 -2 -2 -2 -2 -2 -2]
2017-12-03 00:37:29,686 - y_predit_false     =
 [2 2 2 2 2 2 2]
2017-12-03 00:40:16,927 - ==================================================
2017-12-03 00:40:16,927 - dataset name       = my dataset
2017-12-03 00:40:16,927 - classifer_names    = _1vsrest
2017-12-03 00:40:16,927 - c                  = 1000
2017-12-03 00:40:16,930 - kernel             = linear
2017-12-03 00:40:17,019 - time_fit           = 0.0886576520211
2017-12-03 00:40:17,020 - y_predit_train      =
 [1 1 1 1 2 2 2 2 2 2 2 3 3 3 3 3 4 4 4 4 4 4 4]
2017-12-03 00:40:17,022 - accuracy_train     = 1.0
2017-12-03 00:40:17,022 - n_missamples_train = 0
2017-12-03 00:40:17,022 - mis_indices_train  =
 []
2017-12-03 00:40:17,023 - y_mis              =
 []
2017-12-03 00:40:17,023 - y_predit_false     =
 []
2017-12-03 00:40:17,023 - ##################################################
2017-12-03 00:40:17,025 - y_predit_test      =
 [1 1 1 1 2 2 2 2 2 2 2 3 3 3 3 3 4 4 4 4 4 4 4]
2017-12-03 00:40:17,026 - accuracy_test      = 0.695652173913
2017-12-03 00:40:17,026 - n_missamples_test  = 7
2017-12-03 00:40:17,026 - mis_indices_test   =
 [ 4  5  6  7  8  9 10]
2017-12-03 00:40:17,029 - y_mis              =
 [-2 -2 -2 -2 -2 -2 -2]
2017-12-03 00:40:17,030 - y_predit_false     =
 [2 2 2 2 2 2 2]
2017-12-03 00:40:42,818 - ==================================================
2017-12-03 00:40:42,819 - dataset name       = my dataset
2017-12-03 00:40:42,819 - classifer_names    = _1vsrest
2017-12-03 00:40:42,819 - c                  = 1000
2017-12-03 00:40:42,819 - kernel             = linear
2017-12-03 00:40:42,822 - ##################################################
2017-12-03 00:40:42,884 - time_fit           = 0.0613566957457
2017-12-03 00:40:42,885 - y_predit_train      =
 [1 1 1 1 2 2 2 2 2 2 2 3 3 3 3 3 4 4 4 4 4 4 4]
2017-12-03 00:40:42,887 - accuracy_train     = 1.0
2017-12-03 00:40:42,888 - n_missamples_train = 0
2017-12-03 00:40:42,888 - mis_indices_train  =
 []
2017-12-03 00:40:42,888 - y_mis              =
 []
2017-12-03 00:40:42,890 - y_predit_false     =
 []
2017-12-03 00:40:42,891 - ##################################################
2017-12-03 00:40:42,891 - y_predit_test      =
 [1 1 1 1 2 2 2 2 2 2 2 3 3 3 3 3 4 4 4 4 4 4 4]
2017-12-03 00:40:42,891 - accuracy_test      = 0.695652173913
2017-12-03 00:40:42,892 - n_missamples_test  = 7
2017-12-03 00:40:42,894 - mis_indices_test   =
 [ 4  5  6  7  8  9 10]
2017-12-03 00:40:42,895 - y_mis              =
 [-2 -2 -2 -2 -2 -2 -2]
2017-12-03 00:40:42,895 - y_predit_false     =
 [2 2 2 2 2 2 2]
2017-12-03 00:40:58,851 - ==================================================
2017-12-03 00:40:58,852 - dataset name       = my dataset
2017-12-03 00:40:58,852 - classifer_names    = _1vsrest
2017-12-03 00:40:58,854 - c                  = 1000
2017-12-03 00:40:58,854 - kernel             = linear
2017-12-03 00:40:58,857 - ##################################################
2017-12-03 00:40:58,937 - time_fit           = 0.0806164878292
2017-12-03 00:40:58,940 - ##################################################
2017-12-03 00:40:58,940 - y_predit_train      =
 [1 1 1 1 2 2 2 2 2 2 2 3 3 3 3 3 4 4 4 4 4 4 4]
2017-12-03 00:40:58,940 - accuracy_train     = 1.0
2017-12-03 00:40:58,941 - n_missamples_train = 0
2017-12-03 00:40:58,943 - mis_indices_train  =
 []
2017-12-03 00:40:58,943 - y_mis              =
 []
2017-12-03 00:40:58,944 - y_predit_false     =
 []
2017-12-03 00:40:58,944 - ##################################################
2017-12-03 00:40:58,946 - y_predit_test      =
 [1 1 1 1 2 2 2 2 2 2 2 3 3 3 3 3 4 4 4 4 4 4 4]
2017-12-03 00:40:58,946 - accuracy_test      = 0.695652173913
2017-12-03 00:40:58,947 - n_missamples_test  = 7
2017-12-03 00:40:58,947 - mis_indices_test   =
 [ 4  5  6  7  8  9 10]
2017-12-03 00:40:58,950 - y_mis              =
 [-2 -2 -2 -2 -2 -2 -2]
2017-12-03 00:40:58,950 - y_predit_false     =
 [2 2 2 2 2 2 2]
2017-12-03 00:42:16,253 - ****************************************************************************************************
2017-12-03 00:42:16,255 - dataset name        my dataset
2017-12-03 00:42:16,256 - classifer_names     _1vsrest
2017-12-03 00:42:16,256 - c                   1000
2017-12-03 00:42:16,256 - kernel              linear
2017-12-03 00:42:16,256 - ##################################################
2017-12-03 00:42:16,312 - time_fit            0.055096279716
2017-12-03 00:42:16,313 - ##################################################
2017-12-03 00:42:16,315 - y_predit_train      
 [1 1 1 1 2 2 2 2 2 2 2 3 3 3 3 3 4 4 4 4 4 4 4]
2017-12-03 00:42:16,315 - accuracy_train      1.0
2017-12-03 00:42:16,315 - n_missamples_train  0
2017-12-03 00:42:16,316 - mis_indices_train  
 []
2017-12-03 00:42:16,318 - y_mis              
 []
2017-12-03 00:42:16,319 - y_predit_false     
 []
2017-12-03 00:42:16,319 - ##################################################
2017-12-03 00:42:16,321 - y_predit_test      
 [1 1 1 1 2 2 2 2 2 2 2 3 3 3 3 3 4 4 4 4 4 4 4]
2017-12-03 00:42:16,322 - accuracy_test       0.695652173913
2017-12-03 00:42:16,322 - n_missamples_test   7
2017-12-03 00:42:16,323 - mis_indices_test   
 [ 4  5  6  7  8  9 10]
2017-12-03 00:42:16,325 - y_mis              
 [-2 -2 -2 -2 -2 -2 -2]
2017-12-03 00:42:16,325 - y_predit_false     
 [2 2 2 2 2 2 2]
