2017-12-02 23:48:45,957 - ----------------------------------------------------------------------------------------------------
2017-12-02 23:48:45,960 - classifer_names    = _1vs1
2017-12-02 23:48:45,960 - c                  = 100
2017-12-02 23:48:45,960 - kernel             = linear
2017-12-02 23:48:45,970 - time_fit           = 0.00866040610809
2017-12-02 23:48:45,971 - accuracy_train     = 1.0
2017-12-02 23:48:45,973 - n_missamples_train = 0
2017-12-02 23:48:45,973 - missamples_train   =
 []
2017-12-02 23:48:45,974 - y_predit_train     =
 [1 1 1 1 2 2 2 2 2 2 2 3 3 3 3 3 4 4 4 4 4 4 4]
2017-12-02 23:48:45,976 - accuracy_test      = 0.695652173913
2017-12-02 23:48:45,976 - n_missamples_test  = 7
2017-12-02 23:48:45,977 - missamples_test    =
 [[4 2]
 [4 3]
 [5 1]
 [5 2]
 [5 3]
 [6 1]
 [6 2]]
2017-12-02 23:48:45,980 - y_predit_test      =
 [1 1 1 1 2 2 2 2 2 2 2 3 3 3 3 3 4 4 4 4 4 4 4]
2017-12-02 23:50:11,969 - --------------------------------------------------
2017-12-02 23:50:11,970 - classifer_names    = _1vs1
2017-12-02 23:50:11,971 - c                  = 100
2017-12-02 23:50:11,973 - kernel             = linear
2017-12-02 23:50:11,980 - time_fit           = 0.00792612546577
2017-12-02 23:50:11,982 - accuracy_train     = 1.0
2017-12-02 23:50:11,983 - n_missamples_train = 0
2017-12-02 23:50:11,983 - missamples_train   =
 []
2017-12-02 23:50:11,984 - y_predit_train     =
 [1 1 1 1 2 2 2 2 2 2 2 3 3 3 3 3 4 4 4 4 4 4 4]
2017-12-02 23:50:11,986 - accuracy_test      = 0.695652173913
2017-12-02 23:50:11,986 - n_missamples_test  = 7
2017-12-02 23:50:11,986 - missamples_test    =
 [[4 2]
 [4 3]
 [5 1]
 [5 2]
 [5 3]
 [6 1]
 [6 2]]
2017-12-02 23:50:11,987 - y_predit_test      =
 [1 1 1 1 2 2 2 2 2 2 2 3 3 3 3 3 4 4 4 4 4 4 4]
2017-12-03 00:19:37,319 - --------------------------------------------------
2017-12-03 00:19:37,319 - classifer_names    = _1vs1
2017-12-03 00:19:37,321 - c                  = 100
2017-12-03 00:19:37,321 - kernel             = linear
2017-12-03 00:19:37,331 - time_fit           = 0.0095011724114
2017-12-03 00:19:37,334 - accuracy_train     = 0.95652173913
2017-12-03 00:19:37,335 - n_missamples_train = 1
2017-12-03 00:19:37,335 - mis_samples X_train[[]]: [] 	 y = [] 	 y_predit = []
2017-12-03 00:19:37,338 - accuracy_test      = 0.95652173913
2017-12-03 00:19:37,338 - n_missamples_test  = 1
2017-12-03 00:19:37,342 - mis_samples X_test[[ 4  5  6  7  8  9 10]]: [[4 2]
 [4 3]
 [5 1]
 [5 2]
 [5 3]
 [6 1]
 [6 2]] 	 y = [-2 -2 -2 -2 -2 -2 -2] 	 y_predit = [2 2 2 2 2 2 2]
2017-12-03 00:23:18,854 - --------------------------------------------------
2017-12-03 00:23:18,854 - classifer_names    = _1vs1
2017-12-03 00:23:18,855 - c                  = 100
2017-12-03 00:23:18,857 - kernel             = linear
2017-12-03 00:23:18,867 - time_fit           = 0.00940708869486
2017-12-03 00:23:18,868 - y_predit_train      =
 [1 1 1 1 2 2 2 2 2 2 2 3 3 3 3 3 4 4 4 4 4 4 4]
2017-12-03 00:23:18,868 - accuracy_train     = 0.95652173913
2017-12-03 00:23:18,869 - n_missamples_train = 1
2017-12-03 00:23:18,871 - mis_indices_train   =
 []
2017-12-03 00:23:18,871 - y_predit_test      =
 [1 1 1 1 2 2 2 2 2 2 2 3 3 3 3 3 4 4 4 4 4 4 4]
2017-12-03 00:23:18,872 - accuracy_test      = 0.95652173913
2017-12-03 00:23:18,874 - n_missamples_test  = 1
2017-12-03 00:23:18,877 - mis_indices_test   =
 [[ 4  5  6  7  8  9 10]]
2017-12-03 00:24:17,069 - --------------------------------------------------
2017-12-03 00:24:17,069 - classifer_names    = _1vs1
2017-12-03 00:24:17,069 - c                  = 100
2017-12-03 00:24:17,072 - kernel             = linear
2017-12-03 00:24:17,082 - time_fit           = 0.0084452965198
2017-12-03 00:24:17,084 - y_predit_train      =
 [1 1 1 1 2 2 2 2 2 2 2 3 3 3 3 3 4 4 4 4 4 4 4]
2017-12-03 00:24:17,085 - accuracy_train     = 0.95652173913
2017-12-03 00:24:17,085 - n_missamples_train = 1
2017-12-03 00:24:17,085 - mis_indices_train   =
 []
2017-12-03 00:24:17,088 - y_predit_test      =
 [1 1 1 1 2 2 2 2 2 2 2 3 3 3 3 3 4 4 4 4 4 4 4]
2017-12-03 00:24:17,089 - accuracy_test      = 0.95652173913
2017-12-03 00:24:17,092 - n_missamples_test  = 1
2017-12-03 00:24:17,092 - mis_indices_test   =
 [[ 4  5  6  7  8  9 10]]
2017-12-03 00:25:47,585 - --------------------------------------------------
2017-12-03 00:25:47,585 - classifer_names    = _1vs1
2017-12-03 00:25:47,585 - c                  = 100
2017-12-03 00:25:47,586 - kernel             = linear
2017-12-03 00:25:47,605 - time_fit           = 0.0173819666319
2017-12-03 00:25:47,605 - y_predit_train      =
 [1 1 1 1 2 2 2 2 2 2 2 3 3 3 3 3 4 4 4 4 4 4 4]
2017-12-03 00:25:47,607 - accuracy_train     = 0.95652173913
2017-12-03 00:25:47,608 - n_missamples_train = 1
2017-12-03 00:25:47,608 - mis_indices_train   =
 (array([], dtype=int64),)
2017-12-03 00:25:47,609 - y_predit_test      =
 [1 1 1 1 2 2 2 2 2 2 2 3 3 3 3 3 4 4 4 4 4 4 4]
2017-12-03 00:25:47,611 - accuracy_test      = 0.95652173913
2017-12-03 00:25:47,611 - n_missamples_test  = 1
2017-12-03 00:25:47,611 - mis_indices_test   =
 (array([ 4,  5,  6,  7,  8,  9, 10], dtype=int64),)
2017-12-03 00:27:32,543 - --------------------------------------------------
2017-12-03 00:27:32,543 - classifer_names    = _1vs1
2017-12-03 00:27:32,543 - c                  = 100
2017-12-03 00:27:32,545 - kernel             = linear
2017-12-03 00:27:32,555 - time_fit           = 0.00998270997882
2017-12-03 00:27:32,556 - y_predit_train      =
 [1 1 1 1 2 2 2 2 2 2 2 3 3 3 3 3 4 4 4 4 4 4 4]
2017-12-03 00:27:32,556 - accuracy_train     = 0.95652173913
2017-12-03 00:27:32,558 - n_missamples_train = 1
2017-12-03 00:27:32,559 - mis_indices_train   =
 [(array([], dtype=int64),)]
2017-12-03 00:27:32,561 - y_predit_test      =
 [1 1 1 1 2 2 2 2 2 2 2 3 3 3 3 3 4 4 4 4 4 4 4]
2017-12-03 00:27:32,561 - accuracy_test      = 0.95652173913
2017-12-03 00:27:32,562 - n_missamples_test  = 1
2017-12-03 00:27:32,562 - mis_indices_test   =
 [(array([ 4,  5,  6,  7,  8,  9, 10], dtype=int64),)]
2017-12-03 00:32:25,713 - --------------------------------------------------
2017-12-03 00:32:25,716 - classifer_names    = _1vs1
2017-12-03 00:32:25,716 - c                  = 100
2017-12-03 00:32:25,719 - kernel             = linear
2017-12-03 00:32:25,736 - time_fit           = 0.0153976555193
2017-12-03 00:32:25,736 - y_predit_train      =
 [1 1 1 1 2 2 2 2 2 2 2 3 3 3 3 3 4 4 4 4 4 4 4]
2017-12-03 00:32:25,737 - accuracy_train     = 1.0
2017-12-03 00:32:25,737 - n_missamples_train = 0
2017-12-03 00:32:25,740 - mis_indices_train   =
 []
2017-12-03 00:32:25,740 - y_predit_test      =
 [1 1 1 1 2 2 2 2 2 2 2 3 3 3 3 3 4 4 4 4 4 4 4]
2017-12-03 00:32:25,742 - accuracy_test      = 0.695652173913
2017-12-03 00:32:25,743 - n_missamples_test  = 7
2017-12-03 00:32:25,743 - mis_indices_test   =
 [ 4  5  6  7  8  9 10]
2017-12-03 00:34:19,750 - --------------------------------------------------
2017-12-03 00:34:19,750 - classifer_names    = _1vs1
2017-12-03 00:34:19,753 - c                  = 100
2017-12-03 00:34:19,753 - kernel             = linear
2017-12-03 00:34:19,763 - time_fit           = 0.00886781793774
2017-12-03 00:34:19,765 - y_predit_train      =
 [1 1 1 1 2 2 2 2 2 2 2 3 3 3 3 3 4 4 4 4 4 4 4]
2017-12-03 00:34:19,766 - accuracy_train     = 1.0
2017-12-03 00:34:19,766 - n_missamples_train = 0
2017-12-03 00:34:19,766 - mis_indices_train  =
 []
2017-12-03 00:34:19,767 - y_predit_false     =
 []
2017-12-03 00:34:19,769 - y_predit_test      =
 [1 1 1 1 2 2 2 2 2 2 2 3 3 3 3 3 4 4 4 4 4 4 4]
2017-12-03 00:34:19,769 - accuracy_test      = 0.695652173913
2017-12-03 00:34:19,770 - n_missamples_test  = 7
2017-12-03 00:34:19,773 - mis_indices_test   =
 [ 4  5  6  7  8  9 10]
2017-12-03 00:34:19,773 - y_predit_false     =
 [2 2 2 2 2 2 2]
2017-12-03 00:35:45,848 - --------------------------------------------------
2017-12-03 00:35:45,851 - classifer_names    = _1vs1
2017-12-03 00:35:45,852 - c                  = 100
2017-12-03 00:35:45,852 - kernel             = linear
2017-12-03 00:35:45,862 - time_fit           = 0.00883531629021
2017-12-03 00:35:45,864 - y_predit_train      =
 [1 1 1 1 2 2 2 2 2 2 2 3 3 3 3 3 4 4 4 4 4 4 4]
2017-12-03 00:35:45,865 - accuracy_train     = 1.0
2017-12-03 00:35:45,865 - n_missamples_train = 0
2017-12-03 00:35:45,865 - mis_indices_train  =
 []
2017-12-03 00:35:45,867 - y_mis              =
 []
2017-12-03 00:35:45,868 - y_predit_false     =
 []
2017-12-03 00:35:45,871 - y_predit_test      =
 [1 1 1 1 2 2 2 2 2 2 2 3 3 3 3 3 4 4 4 4 4 4 4]
2017-12-03 00:35:45,871 - accuracy_test      = 0.695652173913
2017-12-03 00:35:45,872 - n_missamples_test  = 7
2017-12-03 00:35:45,874 - mis_indices_test   =
 [ 4  5  6  7  8  9 10]
2017-12-03 00:35:45,874 - y_mis              =
 []
2017-12-03 00:35:45,874 - y_predit_false     =
 [2 2 2 2 2 2 2]
2017-12-03 00:36:16,604 - --------------------------------------------------
2017-12-03 00:36:16,605 - classifer_names    = _1vs1
2017-12-03 00:36:16,605 - c                  = 100
2017-12-03 00:36:16,605 - kernel             = linear
2017-12-03 00:36:16,615 - time_fit           = 0.00880153168291
2017-12-03 00:36:16,617 - y_predit_train      =
 [1 1 1 1 2 2 2 2 2 2 2 3 3 3 3 3 4 4 4 4 4 4 4]
2017-12-03 00:36:16,617 - accuracy_train     = 1.0
2017-12-03 00:36:16,618 - n_missamples_train = 0
2017-12-03 00:36:16,619 - mis_indices_train  =
 []
2017-12-03 00:36:16,621 - y_mis              =
 []
2017-12-03 00:36:16,621 - y_predit_false     =
 []
2017-12-03 00:36:16,624 - y_predit_test      =
 [1 1 1 1 2 2 2 2 2 2 2 3 3 3 3 3 4 4 4 4 4 4 4]
2017-12-03 00:36:16,625 - accuracy_test      = 0.695652173913
2017-12-03 00:36:16,625 - n_missamples_test  = 7
2017-12-03 00:36:16,625 - mis_indices_test   =
 [ 4  5  6  7  8  9 10]
2017-12-03 00:36:16,627 - y_mis              =
 [-2 -2 -2 -2 -2 -2 -2]
2017-12-03 00:36:16,627 - y_predit_false     =
 [2 2 2 2 2 2 2]
2017-12-03 00:36:49,216 - --------------------------------------------------
2017-12-03 00:36:49,216 - classifer_names    = _1vs1
2017-12-03 00:36:49,217 - c                  = 100
2017-12-03 00:36:49,217 - kernel             = linear
2017-12-03 00:36:49,227 - time_fit           = 0.00897729717154
2017-12-03 00:36:49,230 - y_predit_train      =
 [1 1 1 1 2 2 2 2 2 2 2 3 3 3 3 3 4 4 4 4 4 4 4]
2017-12-03 00:36:49,230 - accuracy_train     = 1.0
2017-12-03 00:36:49,230 - n_missamples_train = 0
2017-12-03 00:36:49,230 - mis_indices_train  =
 []
2017-12-03 00:36:49,230 - y_mis              =
 []
2017-12-03 00:36:49,233 - y_predit_false     =
 []
2017-12-03 00:36:49,233 - ..................................................
2017-12-03 00:36:49,236 - y_predit_test      =
 [1 1 1 1 2 2 2 2 2 2 2 3 3 3 3 3 4 4 4 4 4 4 4]
2017-12-03 00:36:49,236 - accuracy_test      = 0.695652173913
2017-12-03 00:36:49,236 - n_missamples_test  = 7
2017-12-03 00:36:49,236 - mis_indices_test   =
 [ 4  5  6  7  8  9 10]
2017-12-03 00:36:49,237 - y_mis              =
 [-2 -2 -2 -2 -2 -2 -2]
2017-12-03 00:36:49,237 - y_predit_false     =
 [2 2 2 2 2 2 2]
2017-12-03 00:37:28,878 - ==================================================
2017-12-03 00:37:28,878 - classifer_names    = _1vs1
2017-12-03 00:37:28,878 - c                  = 100
2017-12-03 00:37:28,878 - kernel             = linear
2017-12-03 00:37:28,891 - time_fit           = 0.0112395829012
2017-12-03 00:37:28,892 - y_predit_train      =
 [1 1 1 1 2 2 2 2 2 2 2 3 3 3 3 3 4 4 4 4 4 4 4]
2017-12-03 00:37:28,894 - accuracy_train     = 1.0
2017-12-03 00:37:28,894 - n_missamples_train = 0
2017-12-03 00:37:28,895 - mis_indices_train  =
 []
2017-12-03 00:37:28,895 - y_mis              =
 []
2017-12-03 00:37:28,897 - y_predit_false     =
 []
2017-12-03 00:37:28,898 - ##################################################
2017-12-03 00:37:28,898 - y_predit_test      =
 [1 1 1 1 2 2 2 2 2 2 2 3 3 3 3 3 4 4 4 4 4 4 4]
2017-12-03 00:37:28,900 - accuracy_test      = 0.695652173913
2017-12-03 00:37:28,901 - n_missamples_test  = 7
2017-12-03 00:37:28,901 - mis_indices_test   =
 [ 4  5  6  7  8  9 10]
2017-12-03 00:37:28,901 - y_mis              =
 [-2 -2 -2 -2 -2 -2 -2]
2017-12-03 00:37:28,903 - y_predit_false     =
 [2 2 2 2 2 2 2]
2017-12-03 00:40:16,309 - ==================================================
2017-12-03 00:40:16,309 - dataset name       = my dataset
2017-12-03 00:40:16,311 - classifer_names    = _1vs1
2017-12-03 00:40:16,312 - c                  = 100
2017-12-03 00:40:16,312 - kernel             = linear
2017-12-03 00:40:16,322 - time_fit           = 0.00872156052384
2017-12-03 00:40:16,323 - y_predit_train      =
 [1 1 1 1 2 2 2 2 2 2 2 3 3 3 3 3 4 4 4 4 4 4 4]
2017-12-03 00:40:16,325 - accuracy_train     = 1.0
2017-12-03 00:40:16,325 - n_missamples_train = 0
2017-12-03 00:40:16,326 - mis_indices_train  =
 []
2017-12-03 00:40:16,328 - y_mis              =
 []
2017-12-03 00:40:16,328 - y_predit_false     =
 []
2017-12-03 00:40:16,329 - ##################################################
2017-12-03 00:40:16,331 - y_predit_test      =
 [1 1 1 1 2 2 2 2 2 2 2 3 3 3 3 3 4 4 4 4 4 4 4]
2017-12-03 00:40:16,332 - accuracy_test      = 0.695652173913
2017-12-03 00:40:16,332 - n_missamples_test  = 7
2017-12-03 00:40:16,334 - mis_indices_test   =
 [ 4  5  6  7  8  9 10]
2017-12-03 00:40:16,335 - y_mis              =
 [-2 -2 -2 -2 -2 -2 -2]
2017-12-03 00:40:16,335 - y_predit_false     =
 [2 2 2 2 2 2 2]
2017-12-03 00:40:42,213 - ==================================================
2017-12-03 00:40:42,214 - dataset name       = my dataset
2017-12-03 00:40:42,214 - classifer_names    = _1vs1
2017-12-03 00:40:42,216 - c                  = 100
2017-12-03 00:40:42,216 - kernel             = linear
2017-12-03 00:40:42,217 - ##################################################
2017-12-03 00:40:42,226 - time_fit           = 0.0085179975735
2017-12-03 00:40:42,227 - y_predit_train      =
 [1 1 1 1 2 2 2 2 2 2 2 3 3 3 3 3 4 4 4 4 4 4 4]
2017-12-03 00:40:42,229 - accuracy_train     = 1.0
2017-12-03 00:40:42,230 - n_missamples_train = 0
2017-12-03 00:40:42,230 - mis_indices_train  =
 []
2017-12-03 00:40:42,233 - y_mis              =
 []
2017-12-03 00:40:42,233 - y_predit_false     =
 []
2017-12-03 00:40:42,233 - ##################################################
2017-12-03 00:40:42,234 - y_predit_test      =
 [1 1 1 1 2 2 2 2 2 2 2 3 3 3 3 3 4 4 4 4 4 4 4]
2017-12-03 00:40:42,236 - accuracy_test      = 0.695652173913
2017-12-03 00:40:42,236 - n_missamples_test  = 7
2017-12-03 00:40:42,236 - mis_indices_test   =
 [ 4  5  6  7  8  9 10]
2017-12-03 00:40:42,236 - y_mis              =
 [-2 -2 -2 -2 -2 -2 -2]
2017-12-03 00:40:42,237 - y_predit_false     =
 [2 2 2 2 2 2 2]
2017-12-03 00:40:58,302 - ==================================================
2017-12-03 00:40:58,302 - dataset name       = my dataset
2017-12-03 00:40:58,302 - classifer_names    = _1vs1
2017-12-03 00:40:58,302 - c                  = 100
2017-12-03 00:40:58,303 - kernel             = linear
2017-12-03 00:40:58,303 - ##################################################
2017-12-03 00:40:58,313 - time_fit           = 0.00969147811078
2017-12-03 00:40:58,315 - ##################################################
2017-12-03 00:40:58,316 - y_predit_train      =
 [1 1 1 1 2 2 2 2 2 2 2 3 3 3 3 3 4 4 4 4 4 4 4]
2017-12-03 00:40:58,316 - accuracy_train     = 1.0
2017-12-03 00:40:58,318 - n_missamples_train = 0
2017-12-03 00:40:58,319 - mis_indices_train  =
 []
2017-12-03 00:40:58,319 - y_mis              =
 []
2017-12-03 00:40:58,321 - y_predit_false     =
 []
2017-12-03 00:40:58,322 - ##################################################
2017-12-03 00:40:58,322 - y_predit_test      =
 [1 1 1 1 2 2 2 2 2 2 2 3 3 3 3 3 4 4 4 4 4 4 4]
2017-12-03 00:40:58,323 - accuracy_test      = 0.695652173913
2017-12-03 00:40:58,323 - n_missamples_test  = 7
2017-12-03 00:40:58,325 - mis_indices_test   =
 [ 4  5  6  7  8  9 10]
2017-12-03 00:40:58,325 - y_mis              =
 [-2 -2 -2 -2 -2 -2 -2]
2017-12-03 00:40:58,326 - y_predit_false     =
 [2 2 2 2 2 2 2]
2017-12-03 00:42:15,707 - ****************************************************************************************************
2017-12-03 00:42:15,707 - dataset name        my dataset
2017-12-03 00:42:15,707 - classifer_names     _1vs1
2017-12-03 00:42:15,709 - c                   100
2017-12-03 00:42:15,710 - kernel              linear
2017-12-03 00:42:15,710 - ##################################################
2017-12-03 00:42:15,723 - time_fit            0.011941361896
2017-12-03 00:42:15,723 - ##################################################
2017-12-03 00:42:15,723 - y_predit_train      
 [1 1 1 1 2 2 2 2 2 2 2 3 3 3 3 3 4 4 4 4 4 4 4]
2017-12-03 00:42:15,724 - accuracy_train      1.0
2017-12-03 00:42:15,726 - n_missamples_train  0
2017-12-03 00:42:15,726 - mis_indices_train  
 []
2017-12-03 00:42:15,726 - y_mis              
 []
2017-12-03 00:42:15,727 - y_predit_false     
 []
2017-12-03 00:42:15,727 - ##################################################
2017-12-03 00:42:15,729 - y_predit_test      
 [1 1 1 1 2 2 2 2 2 2 2 3 3 3 3 3 4 4 4 4 4 4 4]
2017-12-03 00:42:15,730 - accuracy_test       0.695652173913
2017-12-03 00:42:15,730 - n_missamples_test   7
2017-12-03 00:42:15,730 - mis_indices_test   
 [ 4  5  6  7  8  9 10]
2017-12-03 00:42:15,732 - y_mis              
 [-2 -2 -2 -2 -2 -2 -2]
2017-12-03 00:42:15,732 - y_predit_false     
 [2 2 2 2 2 2 2]
