2017-12-02 23:48:45,982 - ----------------------------------------------------------------------------------------------------
2017-12-02 23:48:45,982 - classifer_names    = _1vsrest
2017-12-02 23:48:45,983 - c                  = 100
2017-12-02 23:48:45,983 - kernel             = linear
2017-12-02 23:48:46,043 - time_fit           = 0.0598680347579
2017-12-02 23:48:46,045 - accuracy_train     = 1.0
2017-12-02 23:48:46,045 - n_missamples_train = 0
2017-12-02 23:48:46,046 - missamples_train   =
 []
2017-12-02 23:48:46,046 - y_predit_train     =
 [1, 1, 1, 1, 2, 2, 2, 2, 2, 2, 2, 3, 3, 3, 3, 3, 4, 4, 4, 4, 4, 4, 4]
2017-12-02 23:48:46,048 - accuracy_test      = 0.695652173913
2017-12-02 23:48:46,049 - n_missamples_test  = 7
2017-12-02 23:48:46,051 - missamples_test    =
 [[4 2]
 [4 3]
 [5 1]
 [5 2]
 [5 3]
 [6 1]
 [6 2]]
2017-12-02 23:48:46,053 - y_predit_test      =
 [1, 1, 1, 1, 2, 2, 2, 2, 2, 2, 2, 3, 3, 3, 3, 3, 4, 4, 4, 4, 4, 4, 4]
2017-12-02 23:50:11,989 - --------------------------------------------------
2017-12-02 23:50:11,990 - classifer_names    = _1vsrest
2017-12-02 23:50:11,992 - c                  = 100
2017-12-02 23:50:11,992 - kernel             = linear
2017-12-02 23:50:12,049 - time_fit           = 0.0569715392481
2017-12-02 23:50:12,051 - accuracy_train     = 1.0
2017-12-02 23:50:12,052 - n_missamples_train = 0
2017-12-02 23:50:12,052 - missamples_train   =
 []
2017-12-02 23:50:12,053 - y_predit_train     =
 [1, 1, 1, 1, 2, 2, 2, 2, 2, 2, 2, 3, 3, 3, 3, 3, 4, 4, 4, 4, 4, 4, 4]
2017-12-02 23:50:12,055 - accuracy_test      = 0.695652173913
2017-12-02 23:50:12,055 - n_missamples_test  = 7
2017-12-02 23:50:12,056 - missamples_test    =
 [[4 2]
 [4 3]
 [5 1]
 [5 2]
 [5 3]
 [6 1]
 [6 2]]
2017-12-02 23:50:12,056 - y_predit_test      =
 [1, 1, 1, 1, 2, 2, 2, 2, 2, 2, 2, 3, 3, 3, 3, 3, 4, 4, 4, 4, 4, 4, 4]
2017-12-03 00:19:37,346 - --------------------------------------------------
2017-12-03 00:19:37,349 - classifer_names    = _1vsrest
2017-12-03 00:19:37,351 - c                  = 100
2017-12-03 00:19:37,351 - kernel             = linear
2017-12-03 00:19:37,456 - time_fit           = 0.103568638134
2017-12-03 00:19:37,457 - accuracy_train     = 0.95652173913
2017-12-03 00:19:37,459 - n_missamples_train = 1
2017-12-03 00:19:37,459 - mis_samples X_train[[]]: [] 	 y = [] 	 y_predit = []
2017-12-03 00:19:37,460 - accuracy_test      = 0.95652173913
2017-12-03 00:19:37,460 - n_missamples_test  = 1
2017-12-03 00:19:37,461 - mis_samples X_test[[ 4  5  6  7  8  9 10]]: [[4 2]
 [4 3]
 [5 1]
 [5 2]
 [5 3]
 [6 1]
 [6 2]] 	 y = [-2 -2 -2 -2 -2 -2 -2] 	 y_predit = [2 2 2 2 2 2 2]
2017-12-03 00:23:18,878 - --------------------------------------------------
2017-12-03 00:23:18,878 - classifer_names    = _1vsrest
2017-12-03 00:23:18,878 - c                  = 100
2017-12-03 00:23:18,878 - kernel             = linear
2017-12-03 00:23:18,982 - time_fit           = 0.102259163861
2017-12-03 00:23:18,983 - y_predit_train      =
 [1 1 1 1 2 2 2 2 2 2 2 3 3 3 3 3 4 4 4 4 4 4 4]
2017-12-03 00:23:18,983 - accuracy_train     = 0.95652173913
2017-12-03 00:23:18,984 - n_missamples_train = 1
2017-12-03 00:23:18,984 - mis_indices_train   =
 []
2017-12-03 00:23:18,986 - y_predit_test      =
 [1 1 1 1 2 2 2 2 2 2 2 3 3 3 3 3 4 4 4 4 4 4 4]
2017-12-03 00:23:18,987 - accuracy_test      = 0.95652173913
2017-12-03 00:23:18,989 - n_missamples_test  = 1
2017-12-03 00:23:18,989 - mis_indices_test   =
 [[ 4  5  6  7  8  9 10]]
2017-12-03 00:24:17,094 - --------------------------------------------------
2017-12-03 00:24:17,094 - classifer_names    = _1vsrest
2017-12-03 00:24:17,095 - c                  = 100
2017-12-03 00:24:17,095 - kernel             = linear
2017-12-03 00:24:17,188 - time_fit           = 0.0933806545917
2017-12-03 00:24:17,190 - y_predit_train      =
 [1 1 1 1 2 2 2 2 2 2 2 3 3 3 3 3 4 4 4 4 4 4 4]
2017-12-03 00:24:17,191 - accuracy_train     = 0.95652173913
2017-12-03 00:24:17,193 - n_missamples_train = 1
2017-12-03 00:24:17,193 - mis_indices_train   =
 []
2017-12-03 00:24:17,194 - y_predit_test      =
 [1 1 1 1 2 2 2 2 2 2 2 3 3 3 3 3 4 4 4 4 4 4 4]
2017-12-03 00:24:17,194 - accuracy_test      = 0.95652173913
2017-12-03 00:24:17,194 - n_missamples_test  = 1
2017-12-03 00:24:17,196 - mis_indices_test   =
 [[ 4  5  6  7  8  9 10]]
2017-12-03 00:25:47,612 - --------------------------------------------------
2017-12-03 00:25:47,614 - classifer_names    = _1vsrest
2017-12-03 00:25:47,615 - c                  = 100
2017-12-03 00:25:47,617 - kernel             = linear
2017-12-03 00:25:47,723 - time_fit           = 0.106195284439
2017-12-03 00:25:47,724 - y_predit_train      =
 [1 1 1 1 2 2 2 2 2 2 2 3 3 3 3 3 4 4 4 4 4 4 4]
2017-12-03 00:25:47,726 - accuracy_train     = 0.95652173913
2017-12-03 00:25:47,726 - n_missamples_train = 1
2017-12-03 00:25:47,726 - mis_indices_train   =
 (array([], dtype=int64),)
2017-12-03 00:25:47,727 - y_predit_test      =
 [1 1 1 1 2 2 2 2 2 2 2 3 3 3 3 3 4 4 4 4 4 4 4]
2017-12-03 00:25:47,727 - accuracy_test      = 0.95652173913
2017-12-03 00:25:47,729 - n_missamples_test  = 1
2017-12-03 00:25:47,729 - mis_indices_test   =
 (array([ 4,  5,  6,  7,  8,  9, 10], dtype=int64),)
2017-12-03 00:27:32,562 - --------------------------------------------------
2017-12-03 00:27:32,562 - classifer_names    = _1vsrest
2017-12-03 00:27:32,563 - c                  = 100
2017-12-03 00:27:32,563 - kernel             = linear
2017-12-03 00:27:32,644 - time_fit           = 0.0786625400978
2017-12-03 00:27:32,645 - y_predit_train      =
 [1 1 1 1 2 2 2 2 2 2 2 3 3 3 3 3 4 4 4 4 4 4 4]
2017-12-03 00:27:32,645 - accuracy_train     = 0.95652173913
2017-12-03 00:27:32,647 - n_missamples_train = 1
2017-12-03 00:27:32,647 - mis_indices_train   =
 [(array([], dtype=int64),)]
2017-12-03 00:27:32,648 - y_predit_test      =
 [1 1 1 1 2 2 2 2 2 2 2 3 3 3 3 3 4 4 4 4 4 4 4]
2017-12-03 00:27:32,648 - accuracy_test      = 0.95652173913
2017-12-03 00:27:32,648 - n_missamples_test  = 1
2017-12-03 00:27:32,650 - mis_indices_test   =
 [(array([ 4,  5,  6,  7,  8,  9, 10], dtype=int64),)]
2017-12-03 00:32:25,746 - --------------------------------------------------
2017-12-03 00:32:25,747 - classifer_names    = _1vsrest
2017-12-03 00:32:25,749 - c                  = 100
2017-12-03 00:32:25,750 - kernel             = linear
2017-12-03 00:32:25,848 - time_fit           = 0.0971384437612
2017-12-03 00:32:25,849 - y_predit_train      =
 [1 1 1 1 2 2 2 2 2 2 2 3 3 3 3 3 4 4 4 4 4 4 4]
2017-12-03 00:32:25,849 - accuracy_train     = 1.0
2017-12-03 00:32:25,851 - n_missamples_train = 0
2017-12-03 00:32:25,851 - mis_indices_train   =
 []
2017-12-03 00:32:25,851 - y_predit_test      =
 [1 1 1 1 2 2 2 2 2 2 2 3 3 3 3 3 4 4 4 4 4 4 4]
2017-12-03 00:32:25,851 - accuracy_test      = 0.695652173913
2017-12-03 00:32:25,852 - n_missamples_test  = 7
2017-12-03 00:32:25,854 - mis_indices_test   =
 [ 4  5  6  7  8  9 10]
2017-12-03 00:34:19,775 - --------------------------------------------------
2017-12-03 00:34:19,776 - classifer_names    = _1vsrest
2017-12-03 00:34:19,776 - c                  = 100
2017-12-03 00:34:19,778 - kernel             = linear
2017-12-03 00:34:19,839 - time_fit           = 0.0614982489737
2017-12-03 00:34:19,841 - y_predit_train      =
 [1 1 1 1 2 2 2 2 2 2 2 3 3 3 3 3 4 4 4 4 4 4 4]
2017-12-03 00:34:19,842 - accuracy_train     = 1.0
2017-12-03 00:34:19,842 - n_missamples_train = 0
2017-12-03 00:34:19,842 - mis_indices_train  =
 []
2017-12-03 00:34:19,844 - y_predit_false     =
 []
2017-12-03 00:34:19,845 - y_predit_test      =
 [1 1 1 1 2 2 2 2 2 2 2 3 3 3 3 3 4 4 4 4 4 4 4]
2017-12-03 00:34:19,845 - accuracy_test      = 0.695652173913
2017-12-03 00:34:19,845 - n_missamples_test  = 7
2017-12-03 00:34:19,846 - mis_indices_test   =
 [ 4  5  6  7  8  9 10]
2017-12-03 00:34:19,848 - y_predit_false     =
 [2 2 2 2 2 2 2]
2017-12-03 00:35:45,875 - --------------------------------------------------
2017-12-03 00:35:45,875 - classifer_names    = _1vsrest
2017-12-03 00:35:45,875 - c                  = 100
2017-12-03 00:35:45,877 - kernel             = linear
2017-12-03 00:35:45,908 - time_fit           = 0.0304151272931
2017-12-03 00:35:45,908 - y_predit_train      =
 [1 1 1 1 2 2 2 2 2 2 2 3 3 3 3 3 4 4 4 4 4 4 4]
2017-12-03 00:35:45,911 - accuracy_train     = 1.0
2017-12-03 00:35:45,911 - n_missamples_train = 0
2017-12-03 00:35:45,911 - mis_indices_train  =
 []
2017-12-03 00:35:45,913 - y_mis              =
 []
2017-12-03 00:35:45,913 - y_predit_false     =
 []
2017-12-03 00:35:45,914 - y_predit_test      =
 [1 1 1 1 2 2 2 2 2 2 2 3 3 3 3 3 4 4 4 4 4 4 4]
2017-12-03 00:35:45,914 - accuracy_test      = 0.695652173913
2017-12-03 00:35:45,914 - n_missamples_test  = 7
2017-12-03 00:35:45,915 - mis_indices_test   =
 [ 4  5  6  7  8  9 10]
2017-12-03 00:35:45,917 - y_mis              =
 []
2017-12-03 00:35:45,917 - y_predit_false     =
 [2 2 2 2 2 2 2]
2017-12-03 00:36:16,628 - --------------------------------------------------
2017-12-03 00:36:16,628 - classifer_names    = _1vsrest
2017-12-03 00:36:16,628 - c                  = 100
2017-12-03 00:36:16,630 - kernel             = linear
2017-12-03 00:36:16,729 - time_fit           = 0.0988007319713
2017-12-03 00:36:16,730 - y_predit_train      =
 [1 1 1 1 2 2 2 2 2 2 2 3 3 3 3 3 4 4 4 4 4 4 4]
2017-12-03 00:36:16,730 - accuracy_train     = 1.0
2017-12-03 00:36:16,730 - n_missamples_train = 0
2017-12-03 00:36:16,732 - mis_indices_train  =
 []
2017-12-03 00:36:16,733 - y_mis              =
 []
2017-12-03 00:36:16,733 - y_predit_false     =
 []
2017-12-03 00:36:16,733 - y_predit_test      =
 [1 1 1 1 2 2 2 2 2 2 2 3 3 3 3 3 4 4 4 4 4 4 4]
2017-12-03 00:36:16,734 - accuracy_test      = 0.695652173913
2017-12-03 00:36:16,734 - n_missamples_test  = 7
2017-12-03 00:36:16,736 - mis_indices_test   =
 [ 4  5  6  7  8  9 10]
2017-12-03 00:36:16,736 - y_mis              =
 [-2 -2 -2 -2 -2 -2 -2]
2017-12-03 00:36:16,736 - y_predit_false     =
 [2 2 2 2 2 2 2]
2017-12-03 00:36:49,239 - --------------------------------------------------
2017-12-03 00:36:49,240 - classifer_names    = _1vsrest
2017-12-03 00:36:49,240 - c                  = 100
2017-12-03 00:36:49,240 - kernel             = linear
2017-12-03 00:36:49,285 - time_fit           = 0.0431523519005
2017-12-03 00:36:49,286 - y_predit_train      =
 [1 1 1 1 2 2 2 2 2 2 2 3 3 3 3 3 4 4 4 4 4 4 4]
2017-12-03 00:36:49,286 - accuracy_train     = 1.0
2017-12-03 00:36:49,286 - n_missamples_train = 0
2017-12-03 00:36:49,286 - mis_indices_train  =
 []
2017-12-03 00:36:49,288 - y_mis              =
 []
2017-12-03 00:36:49,288 - y_predit_false     =
 []
2017-12-03 00:36:49,289 - ..................................................
2017-12-03 00:36:49,289 - y_predit_test      =
 [1 1 1 1 2 2 2 2 2 2 2 3 3 3 3 3 4 4 4 4 4 4 4]
2017-12-03 00:36:49,289 - accuracy_test      = 0.695652173913
2017-12-03 00:36:49,290 - n_missamples_test  = 7
2017-12-03 00:36:49,290 - mis_indices_test   =
 [ 4  5  6  7  8  9 10]
2017-12-03 00:36:49,292 - y_mis              =
 [-2 -2 -2 -2 -2 -2 -2]
2017-12-03 00:36:49,292 - y_predit_false     =
 [2 2 2 2 2 2 2]
2017-12-03 00:37:28,903 - ==================================================
2017-12-03 00:37:28,904 - classifer_names    = _1vsrest
2017-12-03 00:37:28,905 - c                  = 100
2017-12-03 00:37:28,907 - kernel             = linear
2017-12-03 00:37:28,963 - time_fit           = 0.0573299126775
2017-12-03 00:37:28,964 - y_predit_train      =
 [1 1 1 1 2 2 2 2 2 2 2 3 3 3 3 3 4 4 4 4 4 4 4]
2017-12-03 00:37:28,966 - accuracy_train     = 1.0
2017-12-03 00:37:28,966 - n_missamples_train = 0
2017-12-03 00:37:28,967 - mis_indices_train  =
 []
2017-12-03 00:37:28,967 - y_mis              =
 []
2017-12-03 00:37:28,967 - y_predit_false     =
 []
2017-12-03 00:37:28,969 - ##################################################
2017-12-03 00:37:28,970 - y_predit_test      =
 [1 1 1 1 2 2 2 2 2 2 2 3 3 3 3 3 4 4 4 4 4 4 4]
2017-12-03 00:37:28,970 - accuracy_test      = 0.695652173913
2017-12-03 00:37:28,970 - n_missamples_test  = 7
2017-12-03 00:37:28,971 - mis_indices_test   =
 [ 4  5  6  7  8  9 10]
2017-12-03 00:37:28,971 - y_mis              =
 [-2 -2 -2 -2 -2 -2 -2]
2017-12-03 00:37:28,973 - y_predit_false     =
 [2 2 2 2 2 2 2]
2017-12-03 00:40:16,336 - ==================================================
2017-12-03 00:40:16,338 - dataset name       = my dataset
2017-12-03 00:40:16,338 - classifer_names    = _1vsrest
2017-12-03 00:40:16,339 - c                  = 100
2017-12-03 00:40:16,339 - kernel             = linear
2017-12-03 00:40:16,404 - time_fit           = 0.063874718123
2017-12-03 00:40:16,405 - y_predit_train      =
 [1 1 1 1 2 2 2 2 2 2 2 3 3 3 3 3 4 4 4 4 4 4 4]
2017-12-03 00:40:16,405 - accuracy_train     = 1.0
2017-12-03 00:40:16,407 - n_missamples_train = 0
2017-12-03 00:40:16,407 - mis_indices_train  =
 []
2017-12-03 00:40:16,408 - y_mis              =
 []
2017-12-03 00:40:16,408 - y_predit_false     =
 []
2017-12-03 00:40:16,410 - ##################################################
2017-12-03 00:40:16,411 - y_predit_test      =
 [1 1 1 1 2 2 2 2 2 2 2 3 3 3 3 3 4 4 4 4 4 4 4]
2017-12-03 00:40:16,411 - accuracy_test      = 0.695652173913
2017-12-03 00:40:16,413 - n_missamples_test  = 7
2017-12-03 00:40:16,414 - mis_indices_test   =
 [ 4  5  6  7  8  9 10]
2017-12-03 00:40:16,415 - y_mis              =
 [-2 -2 -2 -2 -2 -2 -2]
2017-12-03 00:40:16,417 - y_predit_false     =
 [2 2 2 2 2 2 2]
2017-12-03 00:40:42,239 - ==================================================
2017-12-03 00:40:42,239 - dataset name       = my dataset
2017-12-03 00:40:42,239 - classifer_names    = _1vsrest
2017-12-03 00:40:42,240 - c                  = 100
2017-12-03 00:40:42,240 - kernel             = linear
2017-12-03 00:40:42,243 - ##################################################
2017-12-03 00:40:42,339 - time_fit           = 0.0957566960878
2017-12-03 00:40:42,341 - y_predit_train      =
 [1 1 1 1 2 2 2 2 2 2 2 3 3 3 3 3 4 4 4 4 4 4 4]
2017-12-03 00:40:42,342 - accuracy_train     = 1.0
2017-12-03 00:40:42,342 - n_missamples_train = 0
2017-12-03 00:40:42,342 - mis_indices_train  =
 []
2017-12-03 00:40:42,344 - y_mis              =
 []
2017-12-03 00:40:42,345 - y_predit_false     =
 []
2017-12-03 00:40:42,345 - ##################################################
2017-12-03 00:40:42,346 - y_predit_test      =
 [1 1 1 1 2 2 2 2 2 2 2 3 3 3 3 3 4 4 4 4 4 4 4]
2017-12-03 00:40:42,346 - accuracy_test      = 0.695652173913
2017-12-03 00:40:42,348 - n_missamples_test  = 7
2017-12-03 00:40:42,348 - mis_indices_test   =
 [ 4  5  6  7  8  9 10]
2017-12-03 00:40:42,349 - y_mis              =
 [-2 -2 -2 -2 -2 -2 -2]
2017-12-03 00:40:42,351 - y_predit_false     =
 [2 2 2 2 2 2 2]
2017-12-03 00:40:58,328 - ==================================================
2017-12-03 00:40:58,329 - dataset name       = my dataset
2017-12-03 00:40:58,329 - classifer_names    = _1vsrest
2017-12-03 00:40:58,331 - c                  = 100
2017-12-03 00:40:58,331 - kernel             = linear
2017-12-03 00:40:58,331 - ##################################################
2017-12-03 00:40:58,365 - time_fit           = 0.0338218131386
2017-12-03 00:40:58,365 - ##################################################
2017-12-03 00:40:58,368 - y_predit_train      =
 [1 1 1 1 2 2 2 2 2 2 2 3 3 3 3 3 4 4 4 4 4 4 4]
2017-12-03 00:40:58,368 - accuracy_train     = 1.0
2017-12-03 00:40:58,368 - n_missamples_train = 0
2017-12-03 00:40:58,371 - mis_indices_train  =
 []
2017-12-03 00:40:58,371 - y_mis              =
 []
2017-12-03 00:40:58,371 - y_predit_false     =
 []
2017-12-03 00:40:58,372 - ##################################################
2017-12-03 00:40:58,374 - y_predit_test      =
 [1 1 1 1 2 2 2 2 2 2 2 3 3 3 3 3 4 4 4 4 4 4 4]
2017-12-03 00:40:58,375 - accuracy_test      = 0.695652173913
2017-12-03 00:40:58,377 - n_missamples_test  = 7
2017-12-03 00:40:58,378 - mis_indices_test   =
 [ 4  5  6  7  8  9 10]
2017-12-03 00:40:58,378 - y_mis              =
 [-2 -2 -2 -2 -2 -2 -2]
2017-12-03 00:40:58,378 - y_predit_false     =
 [2 2 2 2 2 2 2]
2017-12-03 00:42:15,733 - ****************************************************************************************************
2017-12-03 00:42:15,733 - dataset name        my dataset
2017-12-03 00:42:15,736 - classifer_names     _1vsrest
2017-12-03 00:42:15,736 - c                   100
2017-12-03 00:42:15,736 - kernel              linear
2017-12-03 00:42:15,737 - ##################################################
2017-12-03 00:42:15,778 - time_fit            0.039429630298
2017-12-03 00:42:15,778 - ##################################################
2017-12-03 00:42:15,779 - y_predit_train      
 [1 1 1 1 2 2 2 2 2 2 2 3 3 3 3 3 4 4 4 4 4 4 4]
2017-12-03 00:42:15,779 - accuracy_train      1.0
2017-12-03 00:42:15,779 - n_missamples_train  0
2017-12-03 00:42:15,779 - mis_indices_train  
 []
2017-12-03 00:42:15,780 - y_mis              
 []
2017-12-03 00:42:15,782 - y_predit_false     
 []
2017-12-03 00:42:15,782 - ##################################################
2017-12-03 00:42:15,783 - y_predit_test      
 [1 1 1 1 2 2 2 2 2 2 2 3 3 3 3 3 4 4 4 4 4 4 4]
2017-12-03 00:42:15,783 - accuracy_test       0.695652173913
2017-12-03 00:42:15,783 - n_missamples_test   7
2017-12-03 00:42:15,785 - mis_indices_test   
 [ 4  5  6  7  8  9 10]
2017-12-03 00:42:15,786 - y_mis              
 [-2 -2 -2 -2 -2 -2 -2]
2017-12-03 00:42:15,786 - y_predit_false     
 [2 2 2 2 2 2 2]
