2017-12-02 23:48:45,723 - ----------------------------------------------------------------------------------------------------
2017-12-02 23:48:45,726 - classifer_names    = _1vs1
2017-12-02 23:48:45,726 - c                  = 10
2017-12-02 23:48:45,726 - kernel             = linear
2017-12-02 23:48:45,736 - time_fit           = 0.00889390478642
2017-12-02 23:48:45,737 - accuracy_train     = 1.0
2017-12-02 23:48:45,737 - n_missamples_train = 0
2017-12-02 23:48:45,739 - missamples_train   =
 []
2017-12-02 23:48:45,740 - y_predit_train     =
 [1 1 1 1 2 2 2 2 2 2 2 3 3 3 3 3 4 4 4 4 4 4 4]
2017-12-02 23:48:45,742 - accuracy_test      = 0.695652173913
2017-12-02 23:48:45,743 - n_missamples_test  = 7
2017-12-02 23:48:45,743 - missamples_test    =
 [[4 2]
 [4 3]
 [5 1]
 [5 2]
 [5 3]
 [6 1]
 [6 2]]
2017-12-02 23:48:45,744 - y_predit_test      =
 [1 1 1 1 2 2 2 2 2 2 2 3 3 3 3 3 4 4 4 4 4 4 4]
2017-12-02 23:50:11,780 - --------------------------------------------------
2017-12-02 23:50:11,780 - classifer_names    = _1vs1
2017-12-02 23:50:11,782 - c                  = 10
2017-12-02 23:50:11,782 - kernel             = linear
2017-12-02 23:50:11,793 - time_fit           = 0.00872583705641
2017-12-02 23:50:11,795 - accuracy_train     = 1.0
2017-12-02 23:50:11,796 - n_missamples_train = 0
2017-12-02 23:50:11,796 - missamples_train   =
 []
2017-12-02 23:50:11,798 - y_predit_train     =
 [1 1 1 1 2 2 2 2 2 2 2 3 3 3 3 3 4 4 4 4 4 4 4]
2017-12-02 23:50:11,799 - accuracy_test      = 0.695652173913
2017-12-02 23:50:11,799 - n_missamples_test  = 7
2017-12-02 23:50:11,801 - missamples_test    =
 [[4 2]
 [4 3]
 [5 1]
 [5 2]
 [5 3]
 [6 1]
 [6 2]]
2017-12-02 23:50:11,802 - y_predit_test      =
 [1 1 1 1 2 2 2 2 2 2 2 3 3 3 3 3 4 4 4 4 4 4 4]
2017-12-03 00:19:37,148 - --------------------------------------------------
2017-12-03 00:19:37,150 - classifer_names    = _1vs1
2017-12-03 00:19:37,150 - c                  = 10
2017-12-03 00:19:37,151 - kernel             = linear
2017-12-03 00:19:37,161 - time_fit           = 0.0099360957738
2017-12-03 00:19:37,164 - accuracy_train     = 0.95652173913
2017-12-03 00:19:37,164 - n_missamples_train = 1
2017-12-03 00:19:37,167 - mis_samples X_train[[]]: [] 	 y = [] 	 y_predit = []
2017-12-03 00:19:37,168 - accuracy_test      = 0.95652173913
2017-12-03 00:19:37,168 - n_missamples_test  = 1
2017-12-03 00:19:37,170 - mis_samples X_test[[ 4  5  6  7  8  9 10]]: [[4 2]
 [4 3]
 [5 1]
 [5 2]
 [5 3]
 [6 1]
 [6 2]] 	 y = [-2 -2 -2 -2 -2 -2 -2] 	 y_predit = [2 2 2 2 2 2 2]
2017-12-03 00:23:18,640 - --------------------------------------------------
2017-12-03 00:23:18,640 - classifer_names    = _1vs1
2017-12-03 00:23:18,641 - c                  = 10
2017-12-03 00:23:18,641 - kernel             = linear
2017-12-03 00:23:18,653 - time_fit           = 0.00902989852216
2017-12-03 00:23:18,654 - y_predit_train      =
 [1 1 1 1 2 2 2 2 2 2 2 3 3 3 3 3 4 4 4 4 4 4 4]
2017-12-03 00:23:18,654 - accuracy_train     = 0.95652173913
2017-12-03 00:23:18,655 - n_missamples_train = 1
2017-12-03 00:23:18,657 - mis_indices_train   =
 []
2017-12-03 00:23:18,657 - y_predit_test      =
 [1 1 1 1 2 2 2 2 2 2 2 3 3 3 3 3 4 4 4 4 4 4 4]
2017-12-03 00:23:18,658 - accuracy_test      = 0.95652173913
2017-12-03 00:23:18,660 - n_missamples_test  = 1
2017-12-03 00:23:18,661 - mis_indices_test   =
 [[ 4  5  6  7  8  9 10]]
2017-12-03 00:24:16,877 - --------------------------------------------------
2017-12-03 00:24:16,878 - classifer_names    = _1vs1
2017-12-03 00:24:16,878 - c                  = 10
2017-12-03 00:24:16,878 - kernel             = linear
2017-12-03 00:24:16,890 - time_fit           = 0.0100365942892
2017-12-03 00:24:16,891 - y_predit_train      =
 [1 1 1 1 2 2 2 2 2 2 2 3 3 3 3 3 4 4 4 4 4 4 4]
2017-12-03 00:24:16,891 - accuracy_train     = 0.95652173913
2017-12-03 00:24:16,892 - n_missamples_train = 1
2017-12-03 00:24:16,894 - mis_indices_train   =
 []
2017-12-03 00:24:16,894 - y_predit_test      =
 [1 1 1 1 2 2 2 2 2 2 2 3 3 3 3 3 4 4 4 4 4 4 4]
2017-12-03 00:24:16,894 - accuracy_test      = 0.95652173913
2017-12-03 00:24:16,895 - n_missamples_test  = 1
2017-12-03 00:24:16,895 - mis_indices_test   =
 [[ 4  5  6  7  8  9 10]]
2017-12-03 00:25:47,301 - --------------------------------------------------
2017-12-03 00:25:47,301 - classifer_names    = _1vs1
2017-12-03 00:25:47,302 - c                  = 10
2017-12-03 00:25:47,302 - kernel             = linear
2017-12-03 00:25:47,312 - time_fit           = 0.0106310323165
2017-12-03 00:25:47,315 - y_predit_train      =
 [1 1 1 1 2 2 2 2 2 2 2 3 3 3 3 3 4 4 4 4 4 4 4]
2017-12-03 00:25:47,315 - accuracy_train     = 0.95652173913
2017-12-03 00:25:47,316 - n_missamples_train = 1
2017-12-03 00:25:47,318 - mis_indices_train   =
 (array([], dtype=int64),)
2017-12-03 00:25:47,319 - y_predit_test      =
 [1 1 1 1 2 2 2 2 2 2 2 3 3 3 3 3 4 4 4 4 4 4 4]
2017-12-03 00:25:47,319 - accuracy_test      = 0.95652173913
2017-12-03 00:25:47,321 - n_missamples_test  = 1
2017-12-03 00:25:47,321 - mis_indices_test   =
 (array([ 4,  5,  6,  7,  8,  9, 10], dtype=int64),)
2017-12-03 00:27:32,315 - --------------------------------------------------
2017-12-03 00:27:32,315 - classifer_names    = _1vs1
2017-12-03 00:27:32,315 - c                  = 10
2017-12-03 00:27:32,315 - kernel             = linear
2017-12-03 00:27:32,328 - time_fit           = 0.0112318851426
2017-12-03 00:27:32,328 - y_predit_train      =
 [1 1 1 1 2 2 2 2 2 2 2 3 3 3 3 3 4 4 4 4 4 4 4]
2017-12-03 00:27:32,329 - accuracy_train     = 0.95652173913
2017-12-03 00:27:32,331 - n_missamples_train = 1
2017-12-03 00:27:32,332 - mis_indices_train   =
 [(array([], dtype=int64),)]
2017-12-03 00:27:32,332 - y_predit_test      =
 [1 1 1 1 2 2 2 2 2 2 2 3 3 3 3 3 4 4 4 4 4 4 4]
2017-12-03 00:27:32,334 - accuracy_test      = 0.95652173913
2017-12-03 00:27:32,334 - n_missamples_test  = 1
2017-12-03 00:27:32,335 - mis_indices_test   =
 [(array([ 4,  5,  6,  7,  8,  9, 10], dtype=int64),)]
2017-12-03 00:32:25,503 - --------------------------------------------------
2017-12-03 00:32:25,503 - classifer_names    = _1vs1
2017-12-03 00:32:25,503 - c                  = 10
2017-12-03 00:32:25,503 - kernel             = linear
2017-12-03 00:32:25,513 - time_fit           = 0.00808692309041
2017-12-03 00:32:25,513 - y_predit_train      =
 [1 1 1 1 2 2 2 2 2 2 2 3 3 3 3 3 4 4 4 4 4 4 4]
2017-12-03 00:32:25,516 - accuracy_train     = 1.0
2017-12-03 00:32:25,516 - n_missamples_train = 0
2017-12-03 00:32:25,517 - mis_indices_train   =
 []
2017-12-03 00:32:25,519 - y_predit_test      =
 [1 1 1 1 2 2 2 2 2 2 2 3 3 3 3 3 4 4 4 4 4 4 4]
2017-12-03 00:32:25,519 - accuracy_test      = 0.695652173913
2017-12-03 00:32:25,520 - n_missamples_test  = 7
2017-12-03 00:32:25,522 - mis_indices_test   =
 [ 4  5  6  7  8  9 10]
2017-12-03 00:34:19,582 - --------------------------------------------------
2017-12-03 00:34:19,582 - classifer_names    = _1vs1
2017-12-03 00:34:19,582 - c                  = 10
2017-12-03 00:34:19,585 - kernel             = linear
2017-12-03 00:34:19,595 - time_fit           = 0.00958114357047
2017-12-03 00:34:19,596 - y_predit_train      =
 [1 1 1 1 2 2 2 2 2 2 2 3 3 3 3 3 4 4 4 4 4 4 4]
2017-12-03 00:34:19,598 - accuracy_train     = 1.0
2017-12-03 00:34:19,598 - n_missamples_train = 0
2017-12-03 00:34:19,599 - mis_indices_train  =
 []
2017-12-03 00:34:19,601 - y_predit_false     =
 []
2017-12-03 00:34:19,601 - y_predit_test      =
 [1 1 1 1 2 2 2 2 2 2 2 3 3 3 3 3 4 4 4 4 4 4 4]
2017-12-03 00:34:19,601 - accuracy_test      = 0.695652173913
2017-12-03 00:34:19,601 - n_missamples_test  = 7
2017-12-03 00:34:19,605 - mis_indices_test   =
 [ 4  5  6  7  8  9 10]
2017-12-03 00:34:19,605 - y_predit_false     =
 [2 2 2 2 2 2 2]
2017-12-03 00:35:45,698 - --------------------------------------------------
2017-12-03 00:35:45,700 - classifer_names    = _1vs1
2017-12-03 00:35:45,700 - c                  = 10
2017-12-03 00:35:45,700 - kernel             = linear
2017-12-03 00:35:45,710 - time_fit           = 0.00846111969031
2017-12-03 00:35:45,710 - y_predit_train      =
 [1 1 1 1 2 2 2 2 2 2 2 3 3 3 3 3 4 4 4 4 4 4 4]
2017-12-03 00:35:45,711 - accuracy_train     = 1.0
2017-12-03 00:35:45,713 - n_missamples_train = 0
2017-12-03 00:35:45,713 - mis_indices_train  =
 []
2017-12-03 00:35:45,714 - y_mis              =
 []
2017-12-03 00:35:45,716 - y_predit_false     =
 []
2017-12-03 00:35:45,717 - y_predit_test      =
 [1 1 1 1 2 2 2 2 2 2 2 3 3 3 3 3 4 4 4 4 4 4 4]
2017-12-03 00:35:45,719 - accuracy_test      = 0.695652173913
2017-12-03 00:35:45,720 - n_missamples_test  = 7
2017-12-03 00:35:45,721 - mis_indices_test   =
 [ 4  5  6  7  8  9 10]
2017-12-03 00:35:45,721 - y_mis              =
 []
2017-12-03 00:35:45,723 - y_predit_false     =
 [2 2 2 2 2 2 2]
2017-12-03 00:36:16,403 - --------------------------------------------------
2017-12-03 00:36:16,403 - classifer_names    = _1vs1
2017-12-03 00:36:16,404 - c                  = 10
2017-12-03 00:36:16,404 - kernel             = linear
2017-12-03 00:36:16,413 - time_fit           = 0.0086005346521
2017-12-03 00:36:16,414 - y_predit_train      =
 [1 1 1 1 2 2 2 2 2 2 2 3 3 3 3 3 4 4 4 4 4 4 4]
2017-12-03 00:36:16,415 - accuracy_train     = 1.0
2017-12-03 00:36:16,415 - n_missamples_train = 0
2017-12-03 00:36:16,417 - mis_indices_train  =
 []
2017-12-03 00:36:16,417 - y_mis              =
 []
2017-12-03 00:36:16,418 - y_predit_false     =
 []
2017-12-03 00:36:16,421 - y_predit_test      =
 [1 1 1 1 2 2 2 2 2 2 2 3 3 3 3 3 4 4 4 4 4 4 4]
2017-12-03 00:36:16,423 - accuracy_test      = 0.695652173913
2017-12-03 00:36:16,424 - n_missamples_test  = 7
2017-12-03 00:36:16,424 - mis_indices_test   =
 [ 4  5  6  7  8  9 10]
2017-12-03 00:36:16,424 - y_mis              =
 [-2 -2 -2 -2 -2 -2 -2]
2017-12-03 00:36:16,426 - y_predit_false     =
 [2 2 2 2 2 2 2]
2017-12-03 00:36:49,039 - --------------------------------------------------
2017-12-03 00:36:49,039 - classifer_names    = _1vs1
2017-12-03 00:36:49,039 - c                  = 10
2017-12-03 00:36:49,039 - kernel             = linear
2017-12-03 00:36:49,051 - time_fit           = 0.00985911818754
2017-12-03 00:36:49,052 - y_predit_train      =
 [1 1 1 1 2 2 2 2 2 2 2 3 3 3 3 3 4 4 4 4 4 4 4]
2017-12-03 00:36:49,052 - accuracy_train     = 1.0
2017-12-03 00:36:49,053 - n_missamples_train = 0
2017-12-03 00:36:49,055 - mis_indices_train  =
 []
2017-12-03 00:36:49,056 - y_mis              =
 []
2017-12-03 00:36:49,058 - y_predit_false     =
 []
2017-12-03 00:36:49,059 - ..................................................
2017-12-03 00:36:49,059 - y_predit_test      =
 [1 1 1 1 2 2 2 2 2 2 2 3 3 3 3 3 4 4 4 4 4 4 4]
2017-12-03 00:36:49,061 - accuracy_test      = 0.695652173913
2017-12-03 00:36:49,061 - n_missamples_test  = 7
2017-12-03 00:36:49,062 - mis_indices_test   =
 [ 4  5  6  7  8  9 10]
2017-12-03 00:36:49,063 - y_mis              =
 [-2 -2 -2 -2 -2 -2 -2]
2017-12-03 00:36:49,065 - y_predit_false     =
 [2 2 2 2 2 2 2]
2017-12-03 00:37:28,664 - ==================================================
2017-12-03 00:37:28,664 - classifer_names    = _1vs1
2017-12-03 00:37:28,664 - c                  = 10
2017-12-03 00:37:28,665 - kernel             = linear
2017-12-03 00:37:28,677 - time_fit           = 0.0117087185242
2017-12-03 00:37:28,678 - y_predit_train      =
 [1 1 1 1 2 2 2 2 2 2 2 3 3 3 3 3 4 4 4 4 4 4 4]
2017-12-03 00:37:28,680 - accuracy_train     = 1.0
2017-12-03 00:37:28,680 - n_missamples_train = 0
2017-12-03 00:37:28,681 - mis_indices_train  =
 []
2017-12-03 00:37:28,683 - y_mis              =
 []
2017-12-03 00:37:28,683 - y_predit_false     =
 []
2017-12-03 00:37:28,684 - ##################################################
2017-12-03 00:37:28,686 - y_predit_test      =
 [1 1 1 1 2 2 2 2 2 2 2 3 3 3 3 3 4 4 4 4 4 4 4]
2017-12-03 00:37:28,686 - accuracy_test      = 0.695652173913
2017-12-03 00:37:28,686 - n_missamples_test  = 7
2017-12-03 00:37:28,687 - mis_indices_test   =
 [ 4  5  6  7  8  9 10]
2017-12-03 00:37:28,687 - y_mis              =
 [-2 -2 -2 -2 -2 -2 -2]
2017-12-03 00:37:28,687 - y_predit_false     =
 [2 2 2 2 2 2 2]
2017-12-03 00:40:16,069 - ==================================================
2017-12-03 00:40:16,069 - dataset name       = my dataset
2017-12-03 00:40:16,071 - classifer_names    = _1vs1
2017-12-03 00:40:16,071 - c                  = 10
2017-12-03 00:40:16,072 - kernel             = linear
2017-12-03 00:40:16,081 - time_fit           = 0.00847394928802
2017-12-03 00:40:16,082 - y_predit_train      =
 [1 1 1 1 2 2 2 2 2 2 2 3 3 3 3 3 4 4 4 4 4 4 4]
2017-12-03 00:40:16,082 - accuracy_train     = 1.0
2017-12-03 00:40:16,085 - n_missamples_train = 0
2017-12-03 00:40:16,085 - mis_indices_train  =
 []
2017-12-03 00:40:16,085 - y_mis              =
 []
2017-12-03 00:40:16,086 - y_predit_false     =
 []
2017-12-03 00:40:16,088 - ##################################################
2017-12-03 00:40:16,088 - y_predit_test      =
 [1 1 1 1 2 2 2 2 2 2 2 3 3 3 3 3 4 4 4 4 4 4 4]
2017-12-03 00:40:16,089 - accuracy_test      = 0.695652173913
2017-12-03 00:40:16,089 - n_missamples_test  = 7
2017-12-03 00:40:16,091 - mis_indices_test   =
 [ 4  5  6  7  8  9 10]
2017-12-03 00:40:16,092 - y_mis              =
 [-2 -2 -2 -2 -2 -2 -2]
2017-12-03 00:40:16,095 - y_predit_false     =
 [2 2 2 2 2 2 2]
2017-12-03 00:40:41,956 - ==================================================
2017-12-03 00:40:41,956 - dataset name       = my dataset
2017-12-03 00:40:41,957 - classifer_names    = _1vs1
2017-12-03 00:40:41,957 - c                  = 10
2017-12-03 00:40:41,957 - kernel             = linear
2017-12-03 00:40:41,957 - ##################################################
2017-12-03 00:40:41,969 - time_fit           = 0.0102106491648
2017-12-03 00:40:41,970 - y_predit_train      =
 [1 1 1 1 2 2 2 2 2 2 2 3 3 3 3 3 4 4 4 4 4 4 4]
2017-12-03 00:40:41,970 - accuracy_train     = 1.0
2017-12-03 00:40:41,971 - n_missamples_train = 0
2017-12-03 00:40:41,973 - mis_indices_train  =
 []
2017-12-03 00:40:41,974 - y_mis              =
 []
2017-12-03 00:40:41,976 - y_predit_false     =
 []
2017-12-03 00:40:41,976 - ##################################################
2017-12-03 00:40:41,979 - y_predit_test      =
 [1 1 1 1 2 2 2 2 2 2 2 3 3 3 3 3 4 4 4 4 4 4 4]
2017-12-03 00:40:41,979 - accuracy_test      = 0.695652173913
2017-12-03 00:40:41,979 - n_missamples_test  = 7
2017-12-03 00:40:41,980 - mis_indices_test   =
 [ 4  5  6  7  8  9 10]
2017-12-03 00:40:41,982 - y_mis              =
 [-2 -2 -2 -2 -2 -2 -2]
2017-12-03 00:40:41,983 - y_predit_false     =
 [2 2 2 2 2 2 2]
2017-12-03 00:40:58,071 - ==================================================
2017-12-03 00:40:58,071 - dataset name       = my dataset
2017-12-03 00:40:58,072 - classifer_names    = _1vs1
2017-12-03 00:40:58,072 - c                  = 10
2017-12-03 00:40:58,072 - kernel             = linear
2017-12-03 00:40:58,073 - ##################################################
2017-12-03 00:40:58,082 - time_fit           = 0.00838499741056
2017-12-03 00:40:58,084 - ##################################################
2017-12-03 00:40:58,085 - y_predit_train      =
 [1 1 1 1 2 2 2 2 2 2 2 3 3 3 3 3 4 4 4 4 4 4 4]
2017-12-03 00:40:58,085 - accuracy_train     = 1.0
2017-12-03 00:40:58,086 - n_missamples_train = 0
2017-12-03 00:40:58,088 - mis_indices_train  =
 []
2017-12-03 00:40:58,088 - y_mis              =
 []
2017-12-03 00:40:58,091 - y_predit_false     =
 []
2017-12-03 00:40:58,092 - ##################################################
2017-12-03 00:40:58,094 - y_predit_test      =
 [1 1 1 1 2 2 2 2 2 2 2 3 3 3 3 3 4 4 4 4 4 4 4]
2017-12-03 00:40:58,094 - accuracy_test      = 0.695652173913
2017-12-03 00:40:58,095 - n_missamples_test  = 7
2017-12-03 00:40:58,095 - mis_indices_test   =
 [ 4  5  6  7  8  9 10]
2017-12-03 00:40:58,095 - y_mis              =
 [-2 -2 -2 -2 -2 -2 -2]
2017-12-03 00:40:58,096 - y_predit_false     =
 [2 2 2 2 2 2 2]
2017-12-03 00:42:15,444 - ****************************************************************************************************
2017-12-03 00:42:15,444 - dataset name        my dataset
2017-12-03 00:42:15,444 - classifer_names     _1vs1
2017-12-03 00:42:15,444 - c                   10
2017-12-03 00:42:15,446 - kernel              linear
2017-12-03 00:42:15,447 - ##################################################
2017-12-03 00:42:15,463 - time_fit            0.0163697113725
2017-12-03 00:42:15,463 - ##################################################
2017-12-03 00:42:15,466 - y_predit_train      
 [1 1 1 1 2 2 2 2 2 2 2 3 3 3 3 3 4 4 4 4 4 4 4]
2017-12-03 00:42:15,467 - accuracy_train      1.0
2017-12-03 00:42:15,467 - n_missamples_train  0
2017-12-03 00:42:15,467 - mis_indices_train  
 []
2017-12-03 00:42:15,469 - y_mis              
 []
2017-12-03 00:42:15,469 - y_predit_false     
 []
2017-12-03 00:42:15,470 - ##################################################
2017-12-03 00:42:15,471 - y_predit_test      
 [1 1 1 1 2 2 2 2 2 2 2 3 3 3 3 3 4 4 4 4 4 4 4]
2017-12-03 00:42:15,473 - accuracy_test       0.695652173913
2017-12-03 00:42:15,473 - n_missamples_test   7
2017-12-03 00:42:15,474 - mis_indices_test   
 [ 4  5  6  7  8  9 10]
2017-12-03 00:42:15,476 - y_mis              
 [-2 -2 -2 -2 -2 -2 -2]
2017-12-03 00:42:15,476 - y_predit_false     
 [2 2 2 2 2 2 2]
