2017-12-02 23:48:45,746 - ----------------------------------------------------------------------------------------------------
2017-12-02 23:48:45,746 - classifer_names    = _1vsrest
2017-12-02 23:48:45,746 - c                  = 10
2017-12-02 23:48:45,749 - kernel             = linear
2017-12-02 23:48:45,813 - time_fit           = 0.0642023005179
2017-12-02 23:48:45,815 - accuracy_train     = 1.0
2017-12-02 23:48:45,815 - n_missamples_train = 0
2017-12-02 23:48:45,815 - missamples_train   =
 []
2017-12-02 23:48:45,816 - y_predit_train     =
 [1, 1, 1, 1, 2, 2, 2, 2, 2, 2, 2, 3, 3, 3, 3, 3, 4, 4, 4, 4, 4, 4, 4]
2017-12-02 23:48:45,816 - accuracy_test      = 0.695652173913
2017-12-02 23:48:45,818 - n_missamples_test  = 7
2017-12-02 23:48:45,819 - missamples_test    =
 [[4 2]
 [4 3]
 [5 1]
 [5 2]
 [5 3]
 [6 1]
 [6 2]]
2017-12-02 23:48:45,819 - y_predit_test      =
 [1, 1, 1, 1, 2, 2, 2, 2, 2, 2, 2, 3, 3, 3, 3, 3, 4, 4, 4, 4, 4, 4, 4]
2017-12-02 23:50:11,803 - --------------------------------------------------
2017-12-02 23:50:11,805 - classifer_names    = _1vsrest
2017-12-02 23:50:11,805 - c                  = 10
2017-12-02 23:50:11,805 - kernel             = linear
2017-12-02 23:50:11,838 - time_fit           = 0.0308166937015
2017-12-02 23:50:11,838 - accuracy_train     = 1.0
2017-12-02 23:50:11,839 - n_missamples_train = 0
2017-12-02 23:50:11,841 - missamples_train   =
 []
2017-12-02 23:50:11,842 - y_predit_train     =
 [1, 1, 1, 1, 2, 2, 2, 2, 2, 2, 2, 3, 3, 3, 3, 3, 4, 4, 4, 4, 4, 4, 4]
2017-12-02 23:50:11,842 - accuracy_test      = 0.695652173913
2017-12-02 23:50:11,842 - n_missamples_test  = 7
2017-12-02 23:50:11,844 - missamples_test    =
 [[4 2]
 [4 3]
 [5 1]
 [5 2]
 [5 3]
 [6 1]
 [6 2]]
2017-12-02 23:50:11,844 - y_predit_test      =
 [1, 1, 1, 1, 2, 2, 2, 2, 2, 2, 2, 3, 3, 3, 3, 3, 4, 4, 4, 4, 4, 4, 4]
2017-12-03 00:19:37,170 - --------------------------------------------------
2017-12-03 00:19:37,171 - classifer_names    = _1vsrest
2017-12-03 00:19:37,171 - c                  = 10
2017-12-03 00:19:37,171 - kernel             = linear
2017-12-03 00:19:37,203 - time_fit           = 0.0286343791309
2017-12-03 00:19:37,203 - accuracy_train     = 0.95652173913
2017-12-03 00:19:37,204 - n_missamples_train = 1
2017-12-03 00:19:37,206 - mis_samples X_train[[]]: [] 	 y = [] 	 y_predit = []
2017-12-03 00:19:37,207 - accuracy_test      = 0.95652173913
2017-12-03 00:19:37,207 - n_missamples_test  = 1
2017-12-03 00:19:37,209 - mis_samples X_test[[ 4  5  6  7  8  9 10]]: [[4 2]
 [4 3]
 [5 1]
 [5 2]
 [5 3]
 [6 1]
 [6 2]] 	 y = [-2 -2 -2 -2 -2 -2 -2] 	 y_predit = [2 2 2 2 2 2 2]
2017-12-03 00:23:18,663 - --------------------------------------------------
2017-12-03 00:23:18,664 - classifer_names    = _1vsrest
2017-12-03 00:23:18,664 - c                  = 10
2017-12-03 00:23:18,665 - kernel             = linear
2017-12-03 00:23:18,724 - time_fit           = 0.0586286956191
2017-12-03 00:23:18,726 - y_predit_train      =
 [1 1 1 1 2 2 2 2 2 2 2 3 3 3 3 3 4 4 4 4 4 4 4]
2017-12-03 00:23:18,726 - accuracy_train     = 0.95652173913
2017-12-03 00:23:18,727 - n_missamples_train = 1
2017-12-03 00:23:18,730 - mis_indices_train   =
 []
2017-12-03 00:23:18,730 - y_predit_test      =
 [1 1 1 1 2 2 2 2 2 2 2 3 3 3 3 3 4 4 4 4 4 4 4]
2017-12-03 00:23:18,732 - accuracy_test      = 0.95652173913
2017-12-03 00:23:18,733 - n_missamples_test  = 1
2017-12-03 00:23:18,733 - mis_indices_test   =
 [[ 4  5  6  7  8  9 10]]
2017-12-03 00:24:16,897 - --------------------------------------------------
2017-12-03 00:24:16,897 - classifer_names    = _1vsrest
2017-12-03 00:24:16,898 - c                  = 10
2017-12-03 00:24:16,898 - kernel             = linear
2017-12-03 00:24:16,944 - time_fit           = 0.044233031681
2017-12-03 00:24:16,946 - y_predit_train      =
 [1 1 1 1 2 2 2 2 2 2 2 3 3 3 3 3 4 4 4 4 4 4 4]
2017-12-03 00:24:16,947 - accuracy_train     = 0.95652173913
2017-12-03 00:24:16,947 - n_missamples_train = 1
2017-12-03 00:24:16,948 - mis_indices_train   =
 []
2017-12-03 00:24:16,950 - y_predit_test      =
 [1 1 1 1 2 2 2 2 2 2 2 3 3 3 3 3 4 4 4 4 4 4 4]
2017-12-03 00:24:16,950 - accuracy_test      = 0.95652173913
2017-12-03 00:24:16,951 - n_missamples_test  = 1
2017-12-03 00:24:16,951 - mis_indices_test   =
 [[ 4  5  6  7  8  9 10]]
2017-12-03 00:25:47,322 - --------------------------------------------------
2017-12-03 00:25:47,322 - classifer_names    = _1vsrest
2017-12-03 00:25:47,322 - c                  = 10
2017-12-03 00:25:47,322 - kernel             = linear
2017-12-03 00:25:47,428 - time_fit           = 0.105458437877
2017-12-03 00:25:47,430 - y_predit_train      =
 [1 1 1 1 2 2 2 2 2 2 2 3 3 3 3 3 4 4 4 4 4 4 4]
2017-12-03 00:25:47,431 - accuracy_train     = 0.95652173913
2017-12-03 00:25:47,433 - n_missamples_train = 1
2017-12-03 00:25:47,434 - mis_indices_train   =
 (array([], dtype=int64),)
2017-12-03 00:25:47,434 - y_predit_test      =
 [1 1 1 1 2 2 2 2 2 2 2 3 3 3 3 3 4 4 4 4 4 4 4]
2017-12-03 00:25:47,436 - accuracy_test      = 0.95652173913
2017-12-03 00:25:47,436 - n_missamples_test  = 1
2017-12-03 00:25:47,437 - mis_indices_test   =
 (array([ 4,  5,  6,  7,  8,  9, 10], dtype=int64),)
2017-12-03 00:27:32,335 - --------------------------------------------------
2017-12-03 00:27:32,335 - classifer_names    = _1vsrest
2017-12-03 00:27:32,336 - c                  = 10
2017-12-03 00:27:32,338 - kernel             = linear
2017-12-03 00:27:32,454 - time_fit           = 0.115232453066
2017-12-03 00:27:32,457 - y_predit_train      =
 [1 1 1 1 2 2 2 2 2 2 2 3 3 3 3 3 4 4 4 4 4 4 4]
2017-12-03 00:27:32,457 - accuracy_train     = 0.95652173913
2017-12-03 00:27:32,457 - n_missamples_train = 1
2017-12-03 00:27:32,459 - mis_indices_train   =
 [(array([], dtype=int64),)]
2017-12-03 00:27:32,460 - y_predit_test      =
 [1 1 1 1 2 2 2 2 2 2 2 3 3 3 3 3 4 4 4 4 4 4 4]
2017-12-03 00:27:32,460 - accuracy_test      = 0.95652173913
2017-12-03 00:27:32,461 - n_missamples_test  = 1
2017-12-03 00:27:32,461 - mis_indices_test   =
 [(array([ 4,  5,  6,  7,  8,  9, 10], dtype=int64),)]
2017-12-03 00:32:25,523 - --------------------------------------------------
2017-12-03 00:32:25,523 - classifer_names    = _1vsrest
2017-12-03 00:32:25,526 - c                  = 10
2017-12-03 00:32:25,526 - kernel             = linear
2017-12-03 00:32:25,631 - time_fit           = 0.103288097597
2017-12-03 00:32:25,631 - y_predit_train      =
 [1 1 1 1 2 2 2 2 2 2 2 3 3 3 3 3 4 4 4 4 4 4 4]
2017-12-03 00:32:25,631 - accuracy_train     = 1.0
2017-12-03 00:32:25,632 - n_missamples_train = 0
2017-12-03 00:32:25,634 - mis_indices_train   =
 []
2017-12-03 00:32:25,634 - y_predit_test      =
 [1 1 1 1 2 2 2 2 2 2 2 3 3 3 3 3 4 4 4 4 4 4 4]
2017-12-03 00:32:25,634 - accuracy_test      = 0.695652173913
2017-12-03 00:32:25,634 - n_missamples_test  = 7
2017-12-03 00:32:25,637 - mis_indices_test   =
 [ 4  5  6  7  8  9 10]
2017-12-03 00:34:19,607 - --------------------------------------------------
2017-12-03 00:34:19,608 - classifer_names    = _1vsrest
2017-12-03 00:34:19,608 - c                  = 10
2017-12-03 00:34:19,609 - kernel             = linear
2017-12-03 00:34:19,650 - time_fit           = 0.0387000538415
2017-12-03 00:34:19,651 - y_predit_train      =
 [1 1 1 1 2 2 2 2 2 2 2 3 3 3 3 3 4 4 4 4 4 4 4]
2017-12-03 00:34:19,651 - accuracy_train     = 1.0
2017-12-03 00:34:19,653 - n_missamples_train = 0
2017-12-03 00:34:19,653 - mis_indices_train  =
 []
2017-12-03 00:34:19,654 - y_predit_false     =
 []
2017-12-03 00:34:19,655 - y_predit_test      =
 [1 1 1 1 2 2 2 2 2 2 2 3 3 3 3 3 4 4 4 4 4 4 4]
2017-12-03 00:34:19,655 - accuracy_test      = 0.695652173913
2017-12-03 00:34:19,655 - n_missamples_test  = 7
2017-12-03 00:34:19,657 - mis_indices_test   =
 [ 4  5  6  7  8  9 10]
2017-12-03 00:34:19,657 - y_predit_false     =
 [2 2 2 2 2 2 2]
2017-12-03 00:35:45,723 - --------------------------------------------------
2017-12-03 00:35:45,723 - classifer_names    = _1vsrest
2017-12-03 00:35:45,723 - c                  = 10
2017-12-03 00:35:45,724 - kernel             = linear
2017-12-03 00:35:45,769 - time_fit           = 0.0444400158574
2017-12-03 00:35:45,770 - y_predit_train      =
 [1 1 1 1 2 2 2 2 2 2 2 3 3 3 3 3 4 4 4 4 4 4 4]
2017-12-03 00:35:45,772 - accuracy_train     = 1.0
2017-12-03 00:35:45,773 - n_missamples_train = 0
2017-12-03 00:35:45,773 - mis_indices_train  =
 []
2017-12-03 00:35:45,773 - y_mis              =
 []
2017-12-03 00:35:45,775 - y_predit_false     =
 []
2017-12-03 00:35:45,776 - y_predit_test      =
 [1 1 1 1 2 2 2 2 2 2 2 3 3 3 3 3 4 4 4 4 4 4 4]
2017-12-03 00:35:45,776 - accuracy_test      = 0.695652173913
2017-12-03 00:35:45,776 - n_missamples_test  = 7
2017-12-03 00:35:45,778 - mis_indices_test   =
 [ 4  5  6  7  8  9 10]
2017-12-03 00:35:45,779 - y_mis              =
 []
2017-12-03 00:35:45,780 - y_predit_false     =
 [2 2 2 2 2 2 2]
2017-12-03 00:36:16,427 - --------------------------------------------------
2017-12-03 00:36:16,427 - classifer_names    = _1vsrest
2017-12-03 00:36:16,427 - c                  = 10
2017-12-03 00:36:16,427 - kernel             = linear
2017-12-03 00:36:16,499 - time_fit           = 0.0702347773616
2017-12-03 00:36:16,500 - y_predit_train      =
 [1 1 1 1 2 2 2 2 2 2 2 3 3 3 3 3 4 4 4 4 4 4 4]
2017-12-03 00:36:16,500 - accuracy_train     = 1.0
2017-12-03 00:36:16,502 - n_missamples_train = 0
2017-12-03 00:36:16,502 - mis_indices_train  =
 []
2017-12-03 00:36:16,503 - y_mis              =
 []
2017-12-03 00:36:16,503 - y_predit_false     =
 []
2017-12-03 00:36:16,503 - y_predit_test      =
 [1 1 1 1 2 2 2 2 2 2 2 3 3 3 3 3 4 4 4 4 4 4 4]
2017-12-03 00:36:16,505 - accuracy_test      = 0.695652173913
2017-12-03 00:36:16,505 - n_missamples_test  = 7
2017-12-03 00:36:16,506 - mis_indices_test   =
 [ 4  5  6  7  8  9 10]
2017-12-03 00:36:16,506 - y_mis              =
 [-2 -2 -2 -2 -2 -2 -2]
2017-12-03 00:36:16,506 - y_predit_false     =
 [2 2 2 2 2 2 2]
2017-12-03 00:36:49,065 - --------------------------------------------------
2017-12-03 00:36:49,066 - classifer_names    = _1vsrest
2017-12-03 00:36:49,066 - c                  = 10
2017-12-03 00:36:49,068 - kernel             = linear
2017-12-03 00:36:49,127 - time_fit           = 0.0583336148717
2017-12-03 00:36:49,128 - y_predit_train      =
 [1 1 1 1 2 2 2 2 2 2 2 3 3 3 3 3 4 4 4 4 4 4 4]
2017-12-03 00:36:49,128 - accuracy_train     = 1.0
2017-12-03 00:36:49,128 - n_missamples_train = 0
2017-12-03 00:36:49,130 - mis_indices_train  =
 []
2017-12-03 00:36:49,131 - y_mis              =
 []
2017-12-03 00:36:49,131 - y_predit_false     =
 []
2017-12-03 00:36:49,131 - ..................................................
2017-12-03 00:36:49,134 - y_predit_test      =
 [1 1 1 1 2 2 2 2 2 2 2 3 3 3 3 3 4 4 4 4 4 4 4]
2017-12-03 00:36:49,134 - accuracy_test      = 0.695652173913
2017-12-03 00:36:49,134 - n_missamples_test  = 7
2017-12-03 00:36:49,134 - mis_indices_test   =
 [ 4  5  6  7  8  9 10]
2017-12-03 00:36:49,137 - y_mis              =
 [-2 -2 -2 -2 -2 -2 -2]
2017-12-03 00:36:49,138 - y_predit_false     =
 [2 2 2 2 2 2 2]
2017-12-03 00:37:28,690 - ==================================================
2017-12-03 00:37:28,690 - classifer_names    = _1vsrest
2017-12-03 00:37:28,691 - c                  = 10
2017-12-03 00:37:28,693 - kernel             = linear
2017-12-03 00:37:28,792 - time_fit           = 0.0985193361282
2017-12-03 00:37:28,793 - y_predit_train      =
 [1 1 1 1 2 2 2 2 2 2 2 3 3 3 3 3 4 4 4 4 4 4 4]
2017-12-03 00:37:28,793 - accuracy_train     = 1.0
2017-12-03 00:37:28,795 - n_missamples_train = 0
2017-12-03 00:37:28,795 - mis_indices_train  =
 []
2017-12-03 00:37:28,796 - y_mis              =
 []
2017-12-03 00:37:28,796 - y_predit_false     =
 []
2017-12-03 00:37:28,796 - ##################################################
2017-12-03 00:37:28,798 - y_predit_test      =
 [1 1 1 1 2 2 2 2 2 2 2 3 3 3 3 3 4 4 4 4 4 4 4]
2017-12-03 00:37:28,798 - accuracy_test      = 0.695652173913
2017-12-03 00:37:28,799 - n_missamples_test  = 7
2017-12-03 00:37:28,799 - mis_indices_test   =
 [ 4  5  6  7  8  9 10]
2017-12-03 00:37:28,799 - y_mis              =
 [-2 -2 -2 -2 -2 -2 -2]
2017-12-03 00:37:28,801 - y_predit_false     =
 [2 2 2 2 2 2 2]
2017-12-03 00:40:16,095 - ==================================================
2017-12-03 00:40:16,096 - dataset name       = my dataset
2017-12-03 00:40:16,098 - classifer_names    = _1vsrest
2017-12-03 00:40:16,098 - c                  = 10
2017-12-03 00:40:16,098 - kernel             = linear
2017-12-03 00:40:16,203 - time_fit           = 0.103630220203
2017-12-03 00:40:16,203 - y_predit_train      =
 [1 1 1 1 2 2 2 2 2 2 2 3 3 3 3 3 4 4 4 4 4 4 4]
2017-12-03 00:40:16,204 - accuracy_train     = 1.0
2017-12-03 00:40:16,206 - n_missamples_train = 0
2017-12-03 00:40:16,207 - mis_indices_train  =
 []
2017-12-03 00:40:16,207 - y_mis              =
 []
2017-12-03 00:40:16,207 - y_predit_false     =
 []
2017-12-03 00:40:16,209 - ##################################################
2017-12-03 00:40:16,210 - y_predit_test      =
 [1 1 1 1 2 2 2 2 2 2 2 3 3 3 3 3 4 4 4 4 4 4 4]
2017-12-03 00:40:16,210 - accuracy_test      = 0.695652173913
2017-12-03 00:40:16,210 - n_missamples_test  = 7
2017-12-03 00:40:16,211 - mis_indices_test   =
 [ 4  5  6  7  8  9 10]
2017-12-03 00:40:16,213 - y_mis              =
 [-2 -2 -2 -2 -2 -2 -2]
2017-12-03 00:40:16,214 - y_predit_false     =
 [2 2 2 2 2 2 2]
2017-12-03 00:40:41,983 - ==================================================
2017-12-03 00:40:41,984 - dataset name       = my dataset
2017-12-03 00:40:41,984 - classifer_names    = _1vsrest
2017-12-03 00:40:41,986 - c                  = 10
2017-12-03 00:40:41,986 - kernel             = linear
2017-12-03 00:40:41,986 - ##################################################
2017-12-03 00:40:42,062 - time_fit           = 0.0742953450371
2017-12-03 00:40:42,062 - y_predit_train      =
 [1 1 1 1 2 2 2 2 2 2 2 3 3 3 3 3 4 4 4 4 4 4 4]
2017-12-03 00:40:42,062 - accuracy_train     = 1.0
2017-12-03 00:40:42,063 - n_missamples_train = 0
2017-12-03 00:40:42,065 - mis_indices_train  =
 []
2017-12-03 00:40:42,065 - y_mis              =
 []
2017-12-03 00:40:42,066 - y_predit_false     =
 []
2017-12-03 00:40:42,066 - ##################################################
2017-12-03 00:40:42,069 - y_predit_test      =
 [1 1 1 1 2 2 2 2 2 2 2 3 3 3 3 3 4 4 4 4 4 4 4]
2017-12-03 00:40:42,069 - accuracy_test      = 0.695652173913
2017-12-03 00:40:42,069 - n_missamples_test  = 7
2017-12-03 00:40:42,071 - mis_indices_test   =
 [ 4  5  6  7  8  9 10]
2017-12-03 00:40:42,072 - y_mis              =
 [-2 -2 -2 -2 -2 -2 -2]
2017-12-03 00:40:42,073 - y_predit_false     =
 [2 2 2 2 2 2 2]
2017-12-03 00:40:58,098 - ==================================================
2017-12-03 00:40:58,099 - dataset name       = my dataset
2017-12-03 00:40:58,101 - classifer_names    = _1vsrest
2017-12-03 00:40:58,101 - c                  = 10
2017-12-03 00:40:58,101 - kernel             = linear
2017-12-03 00:40:58,102 - ##################################################
2017-12-03 00:40:58,197 - time_fit           = 0.0946234149567
2017-12-03 00:40:58,198 - ##################################################
2017-12-03 00:40:58,200 - y_predit_train      =
 [1 1 1 1 2 2 2 2 2 2 2 3 3 3 3 3 4 4 4 4 4 4 4]
2017-12-03 00:40:58,200 - accuracy_train     = 1.0
2017-12-03 00:40:58,200 - n_missamples_train = 0
2017-12-03 00:40:58,203 - mis_indices_train  =
 []
2017-12-03 00:40:58,203 - y_mis              =
 []
2017-12-03 00:40:58,203 - y_predit_false     =
 []
2017-12-03 00:40:58,204 - ##################################################
2017-12-03 00:40:58,206 - y_predit_test      =
 [1 1 1 1 2 2 2 2 2 2 2 3 3 3 3 3 4 4 4 4 4 4 4]
2017-12-03 00:40:58,206 - accuracy_test      = 0.695652173913
2017-12-03 00:40:58,207 - n_missamples_test  = 7
2017-12-03 00:40:58,210 - mis_indices_test   =
 [ 4  5  6  7  8  9 10]
2017-12-03 00:40:58,210 - y_mis              =
 [-2 -2 -2 -2 -2 -2 -2]
2017-12-03 00:40:58,211 - y_predit_false     =
 [2 2 2 2 2 2 2]
2017-12-03 00:42:15,476 - ****************************************************************************************************
2017-12-03 00:42:15,477 - dataset name        my dataset
2017-12-03 00:42:15,477 - classifer_names     _1vsrest
2017-12-03 00:42:15,479 - c                   10
2017-12-03 00:42:15,479 - kernel              linear
2017-12-03 00:42:15,480 - ##################################################
2017-12-03 00:42:15,596 - time_fit            0.116365306544
2017-12-03 00:42:15,596 - ##################################################
2017-12-03 00:42:15,598 - y_predit_train      
 [1 1 1 1 2 2 2 2 2 2 2 3 3 3 3 3 4 4 4 4 4 4 4]
2017-12-03 00:42:15,598 - accuracy_train      1.0
2017-12-03 00:42:15,599 - n_missamples_train  0
2017-12-03 00:42:15,599 - mis_indices_train  
 []
2017-12-03 00:42:15,601 - y_mis              
 []
2017-12-03 00:42:15,601 - y_predit_false     
 []
2017-12-03 00:42:15,601 - ##################################################
2017-12-03 00:42:15,604 - y_predit_test      
 [1 1 1 1 2 2 2 2 2 2 2 3 3 3 3 3 4 4 4 4 4 4 4]
2017-12-03 00:42:15,605 - accuracy_test       0.695652173913
2017-12-03 00:42:15,607 - n_missamples_test   7
2017-12-03 00:42:15,608 - mis_indices_test   
 [ 4  5  6  7  8  9 10]
2017-12-03 00:42:15,608 - y_mis              
 [-2 -2 -2 -2 -2 -2 -2]
2017-12-03 00:42:15,608 - y_predit_false     
 [2 2 2 2 2 2 2]
