2017-12-02 23:48:45,546 - ----------------------------------------------------------------------------------------------------
2017-12-02 23:48:45,546 - classifer_names    = _1vs1
2017-12-02 23:48:45,548 - c                  = 1
2017-12-02 23:48:45,549 - kernel             = linear
2017-12-02 23:48:45,575 - time_fit           = 0.0238784472594
2017-12-02 23:48:45,576 - accuracy_train     = 1.0
2017-12-02 23:48:45,578 - n_missamples_train = 0
2017-12-02 23:48:45,578 - missamples_train   =
 []
2017-12-02 23:48:45,578 - y_predit_train     =
 [1 1 1 1 2 2 2 2 2 2 2 3 3 3 3 3 4 4 4 4 4 4 4]
2017-12-02 23:48:45,578 - accuracy_test      = 0.695652173913
2017-12-02 23:48:45,579 - n_missamples_test  = 7
2017-12-02 23:48:45,579 - missamples_test    =
 [[4 2]
 [4 3]
 [5 1]
 [5 2]
 [5 3]
 [6 1]
 [6 2]]
2017-12-02 23:48:45,581 - y_predit_test      =
 [1 1 1 1 2 2 2 2 2 2 2 3 3 3 3 3 4 4 4 4 4 4 4]
2017-12-02 23:50:11,717 - --------------------------------------------------
2017-12-02 23:50:11,719 - classifer_names    = _1vs1
2017-12-02 23:50:11,719 - c                  = 1
2017-12-02 23:50:11,720 - kernel             = linear
2017-12-02 23:50:11,729 - time_fit           = 0.00835249576303
2017-12-02 23:50:11,730 - accuracy_train     = 1.0
2017-12-02 23:50:11,730 - n_missamples_train = 0
2017-12-02 23:50:11,730 - missamples_train   =
 []
2017-12-02 23:50:11,732 - y_predit_train     =
 [1 1 1 1 2 2 2 2 2 2 2 3 3 3 3 3 4 4 4 4 4 4 4]
2017-12-02 23:50:11,732 - accuracy_test      = 0.695652173913
2017-12-02 23:50:11,732 - n_missamples_test  = 7
2017-12-02 23:50:11,733 - missamples_test    =
 [[4 2]
 [4 3]
 [5 1]
 [5 2]
 [5 3]
 [6 1]
 [6 2]]
2017-12-02 23:50:11,733 - y_predit_test      =
 [1 1 1 1 2 2 2 2 2 2 2 3 3 3 3 3 4 4 4 4 4 4 4]
2017-12-03 00:10:19,569 - --------------------------------------------------
2017-12-03 00:10:19,571 - classifer_names    = _1vs1
2017-12-03 00:10:19,571 - c                  = 1
2017-12-03 00:10:19,571 - kernel             = linear
2017-12-03 00:10:19,579 - time_fit           = 0.00876432584954
2017-12-03 00:10:52,095 - --------------------------------------------------
2017-12-03 00:10:52,095 - classifer_names    = _1vs1
2017-12-03 00:10:52,096 - c                  = 1
2017-12-03 00:10:52,096 - kernel             = linear
2017-12-03 00:10:52,105 - time_fit           = 0.00886567967146
2017-12-03 00:12:15,815 - --------------------------------------------------
2017-12-03 00:12:15,815 - classifer_names    = _1vs1
2017-12-03 00:12:15,815 - c                  = 1
2017-12-03 00:12:15,815 - kernel             = linear
2017-12-03 00:12:15,825 - time_fit           = 0.00877929371354
2017-12-03 00:12:48,446 - --------------------------------------------------
2017-12-03 00:12:48,447 - classifer_names    = _1vs1
2017-12-03 00:12:48,447 - c                  = 1
2017-12-03 00:12:48,447 - kernel             = linear
2017-12-03 00:12:48,459 - time_fit           = 0.0113580428534
2017-12-03 00:12:58,484 - --------------------------------------------------
2017-12-03 00:12:58,523 - classifer_names    = _1vs1
2017-12-03 00:12:58,523 - c                  = 1
2017-12-03 00:12:58,523 - kernel             = linear
2017-12-03 00:12:58,532 - time_fit           = 0.0090534194513
2017-12-03 00:13:17,032 - --------------------------------------------------
2017-12-03 00:13:17,033 - classifer_names    = _1vs1
2017-12-03 00:13:17,035 - c                  = 1
2017-12-03 00:13:17,035 - kernel             = linear
2017-12-03 00:13:17,043 - time_fit           = 0.00847480459454
2017-12-03 00:15:12,042 - --------------------------------------------------
2017-12-03 00:15:12,042 - classifer_names    = _1vs1
2017-12-03 00:15:12,042 - c                  = 1
2017-12-03 00:15:12,043 - kernel             = linear
2017-12-03 00:15:12,052 - time_fit           = 0.00786154982396
2017-12-03 00:15:35,444 - --------------------------------------------------
2017-12-03 00:15:35,444 - classifer_names    = _1vs1
2017-12-03 00:15:35,444 - c                  = 1
2017-12-03 00:15:35,444 - kernel             = linear
2017-12-03 00:15:35,454 - time_fit           = 0.0101345268851
2017-12-03 00:16:14,009 - --------------------------------------------------
2017-12-03 00:16:14,010 - classifer_names    = _1vs1
2017-12-03 00:16:14,012 - c                  = 1
2017-12-03 00:16:14,013 - kernel             = linear
2017-12-03 00:16:14,039 - time_fit           = 0.0268566245414
2017-12-03 00:16:40,292 - --------------------------------------------------
2017-12-03 00:16:40,292 - classifer_names    = _1vs1
2017-12-03 00:16:40,292 - c                  = 1
2017-12-03 00:16:40,292 - kernel             = linear
2017-12-03 00:16:40,302 - time_fit           = 0.00984928216263
2017-12-03 00:17:36,973 - --------------------------------------------------
2017-12-03 00:17:36,973 - classifer_names    = _1vs1
2017-12-03 00:17:36,973 - c                  = 1
2017-12-03 00:17:36,974 - kernel             = linear
2017-12-03 00:17:36,983 - time_fit           = 0.00869504602191
2017-12-03 00:18:49,720 - --------------------------------------------------
2017-12-03 00:18:49,720 - classifer_names    = _1vs1
2017-12-03 00:18:49,720 - c                  = 1
2017-12-03 00:18:49,720 - kernel             = linear
2017-12-03 00:18:49,732 - time_fit           = 0.0100126457068
2017-12-03 00:19:36,987 - --------------------------------------------------
2017-12-03 00:19:36,989 - classifer_names    = _1vs1
2017-12-03 00:19:36,989 - c                  = 1
2017-12-03 00:19:36,989 - kernel             = linear
2017-12-03 00:19:37,000 - time_fit           = 0.0101392310709
2017-12-03 00:19:37,000 - accuracy_train     = 0.95652173913
2017-12-03 00:19:37,002 - n_missamples_train = 1
2017-12-03 00:19:37,002 - mis_samples X_train[[]]: [] 	 y = [] 	 y_predit = []
2017-12-03 00:19:37,003 - accuracy_test      = 0.95652173913
2017-12-03 00:19:37,003 - n_missamples_test  = 1
2017-12-03 00:19:37,003 - mis_samples X_test[[ 4  5  6  7  8  9 10]]: [[4 2]
 [4 3]
 [5 1]
 [5 2]
 [5 3]
 [6 1]
 [6 2]] 	 y = [-2 -2 -2 -2 -2 -2 -2] 	 y_predit = [2 2 2 2 2 2 2]
2017-12-03 00:23:18,509 - --------------------------------------------------
2017-12-03 00:23:18,510 - classifer_names    = _1vs1
2017-12-03 00:23:18,510 - c                  = 1
2017-12-03 00:23:18,510 - kernel             = linear
2017-12-03 00:23:18,519 - time_fit           = 0.00811514820537
2017-12-03 00:23:18,520 - y_predit_train      =
 [1 1 1 1 2 2 2 2 2 2 2 3 3 3 3 3 4 4 4 4 4 4 4]
2017-12-03 00:23:18,522 - accuracy_train     = 0.95652173913
2017-12-03 00:23:18,523 - n_missamples_train = 1
2017-12-03 00:23:18,523 - mis_indices_train   =
 []
2017-12-03 00:23:18,523 - y_predit_test      =
 [1 1 1 1 2 2 2 2 2 2 2 3 3 3 3 3 4 4 4 4 4 4 4]
2017-12-03 00:23:18,523 - accuracy_test      = 0.95652173913
2017-12-03 00:23:18,525 - n_missamples_test  = 1
2017-12-03 00:23:18,525 - mis_indices_test   =
 [[ 4  5  6  7  8  9 10]]
2017-12-03 00:24:16,760 - --------------------------------------------------
2017-12-03 00:24:16,760 - classifer_names    = _1vs1
2017-12-03 00:24:16,760 - c                  = 1
2017-12-03 00:24:16,762 - kernel             = linear
2017-12-03 00:24:16,772 - time_fit           = 0.00988563268947
2017-12-03 00:24:16,773 - y_predit_train      =
 [1 1 1 1 2 2 2 2 2 2 2 3 3 3 3 3 4 4 4 4 4 4 4]
2017-12-03 00:24:16,773 - accuracy_train     = 0.95652173913
2017-12-03 00:24:16,773 - n_missamples_train = 1
2017-12-03 00:24:16,773 - mis_indices_train   =
 []
2017-12-03 00:24:16,775 - y_predit_test      =
 [1 1 1 1 2 2 2 2 2 2 2 3 3 3 3 3 4 4 4 4 4 4 4]
2017-12-03 00:24:16,775 - accuracy_test      = 0.95652173913
2017-12-03 00:24:16,776 - n_missamples_test  = 1
2017-12-03 00:24:16,776 - mis_indices_test   =
 [[ 4  5  6  7  8  9 10]]
2017-12-03 00:24:54,496 - --------------------------------------------------
2017-12-03 00:24:54,496 - classifer_names    = _1vs1
2017-12-03 00:24:54,496 - c                  = 1
2017-12-03 00:24:54,496 - kernel             = linear
2017-12-03 00:24:54,506 - time_fit           = 0.00934807254539
2017-12-03 00:24:54,507 - y_predit_train      =
 [1 1 1 1 2 2 2 2 2 2 2 3 3 3 3 3 4 4 4 4 4 4 4]
2017-12-03 00:24:54,507 - accuracy_train     = 0.95652173913
2017-12-03 00:25:47,178 - --------------------------------------------------
2017-12-03 00:25:47,180 - classifer_names    = _1vs1
2017-12-03 00:25:47,180 - c                  = 1
2017-12-03 00:25:47,180 - kernel             = linear
2017-12-03 00:25:47,197 - time_fit           = 0.0161930905774
2017-12-03 00:25:47,200 - y_predit_train      =
 [1 1 1 1 2 2 2 2 2 2 2 3 3 3 3 3 4 4 4 4 4 4 4]
2017-12-03 00:25:47,200 - accuracy_train     = 0.95652173913
2017-12-03 00:25:47,200 - n_missamples_train = 1
2017-12-03 00:25:47,200 - mis_indices_train   =
 (array([], dtype=int64),)
2017-12-03 00:25:47,203 - y_predit_test      =
 [1 1 1 1 2 2 2 2 2 2 2 3 3 3 3 3 4 4 4 4 4 4 4]
2017-12-03 00:25:47,203 - accuracy_test      = 0.95652173913
2017-12-03 00:25:47,203 - n_missamples_test  = 1
2017-12-03 00:25:47,203 - mis_indices_test   =
 (array([ 4,  5,  6,  7,  8,  9, 10], dtype=int64),)
2017-12-03 00:27:32,256 - --------------------------------------------------
2017-12-03 00:27:32,256 - classifer_names    = _1vs1
2017-12-03 00:27:32,256 - c                  = 1
2017-12-03 00:27:32,257 - kernel             = linear
2017-12-03 00:27:32,269 - time_fit           = 0.010999669424
2017-12-03 00:27:32,269 - y_predit_train      =
 [1 1 1 1 2 2 2 2 2 2 2 3 3 3 3 3 4 4 4 4 4 4 4]
2017-12-03 00:27:32,270 - accuracy_train     = 0.95652173913
2017-12-03 00:27:32,272 - n_missamples_train = 1
2017-12-03 00:27:32,272 - mis_indices_train   =
 [(array([], dtype=int64),)]
2017-12-03 00:27:32,273 - y_predit_test      =
 [1 1 1 1 2 2 2 2 2 2 2 3 3 3 3 3 4 4 4 4 4 4 4]
2017-12-03 00:27:32,273 - accuracy_test      = 0.95652173913
2017-12-03 00:27:32,273 - n_missamples_test  = 1
2017-12-03 00:27:32,273 - mis_indices_test   =
 [(array([ 4,  5,  6,  7,  8,  9, 10], dtype=int64),)]
2017-12-03 00:32:25,401 - --------------------------------------------------
2017-12-03 00:32:25,401 - classifer_names    = _1vs1
2017-12-03 00:32:25,401 - c                  = 1
2017-12-03 00:32:25,401 - kernel             = linear
2017-12-03 00:32:25,411 - time_fit           = 0.00902220076353
2017-12-03 00:32:25,411 - y_predit_train      =
 [1 1 1 1 2 2 2 2 2 2 2 3 3 3 3 3 4 4 4 4 4 4 4]
2017-12-03 00:32:25,413 - accuracy_train     = 1.0
2017-12-03 00:32:25,414 - n_missamples_train = 0
2017-12-03 00:32:25,414 - mis_indices_train   =
 []
2017-12-03 00:32:25,414 - y_predit_test      =
 [1 1 1 1 2 2 2 2 2 2 2 3 3 3 3 3 4 4 4 4 4 4 4]
2017-12-03 00:32:25,415 - accuracy_test      = 0.695652173913
2017-12-03 00:32:25,415 - n_missamples_test  = 7
2017-12-03 00:32:25,415 - mis_indices_test   =
 [ 4  5  6  7  8  9 10]
2017-12-03 00:34:19,526 - --------------------------------------------------
2017-12-03 00:34:19,526 - classifer_names    = _1vs1
2017-12-03 00:34:19,526 - c                  = 1
2017-12-03 00:34:19,528 - kernel             = linear
2017-12-03 00:34:19,536 - time_fit           = 0.00830844747755
2017-12-03 00:34:19,538 - y_predit_train      =
 [1 1 1 1 2 2 2 2 2 2 2 3 3 3 3 3 4 4 4 4 4 4 4]
2017-12-03 00:34:19,538 - accuracy_train     = 1.0
2017-12-03 00:34:19,539 - n_missamples_train = 0
2017-12-03 00:34:19,539 - mis_indices_train  =
 []
2017-12-03 00:34:19,539 - y_predit_false     =
 []
2017-12-03 00:34:19,540 - y_predit_test      =
 [1 1 1 1 2 2 2 2 2 2 2 3 3 3 3 3 4 4 4 4 4 4 4]
2017-12-03 00:34:19,540 - accuracy_test      = 0.695652173913
2017-12-03 00:34:19,542 - n_missamples_test  = 7
2017-12-03 00:34:19,542 - mis_indices_test   =
 [ 4  5  6  7  8  9 10]
2017-12-03 00:34:19,542 - y_predit_false     =
 [2 2 2 2 2 2 2]
2017-12-03 00:35:45,592 - --------------------------------------------------
2017-12-03 00:35:45,592 - classifer_names    = _1vs1
2017-12-03 00:35:45,592 - c                  = 1
2017-12-03 00:35:45,592 - kernel             = linear
2017-12-03 00:35:45,601 - time_fit           = 0.00842904569603
2017-12-03 00:35:45,602 - y_predit_train      =
 [1 1 1 1 2 2 2 2 2 2 2 3 3 3 3 3 4 4 4 4 4 4 4]
2017-12-03 00:35:45,602 - accuracy_train     = 1.0
2017-12-03 00:35:45,602 - n_missamples_train = 0
2017-12-03 00:35:45,604 - mis_indices_train  =
 []
2017-12-03 00:35:45,604 - y_mis              =
 []
2017-12-03 00:35:45,604 - y_predit_false     =
 []
2017-12-03 00:35:45,605 - y_predit_test      =
 [1 1 1 1 2 2 2 2 2 2 2 3 3 3 3 3 4 4 4 4 4 4 4]
2017-12-03 00:35:45,605 - accuracy_test      = 0.695652173913
2017-12-03 00:35:45,605 - n_missamples_test  = 7
2017-12-03 00:35:45,605 - mis_indices_test   =
 [ 4  5  6  7  8  9 10]
2017-12-03 00:35:45,605 - y_mis              =
 []
2017-12-03 00:35:45,605 - y_predit_false     =
 [2 2 2 2 2 2 2]
2017-12-03 00:36:16,219 - --------------------------------------------------
2017-12-03 00:36:16,219 - classifer_names    = _1vs1
2017-12-03 00:36:16,220 - c                  = 1
2017-12-03 00:36:16,220 - kernel             = linear
2017-12-03 00:36:16,230 - time_fit           = 0.0105061575654
2017-12-03 00:36:16,233 - y_predit_train      =
 [1 1 1 1 2 2 2 2 2 2 2 3 3 3 3 3 4 4 4 4 4 4 4]
2017-12-03 00:36:16,233 - accuracy_train     = 1.0
2017-12-03 00:36:16,233 - n_missamples_train = 0
2017-12-03 00:36:16,233 - mis_indices_train  =
 []
2017-12-03 00:36:16,234 - y_mis              =
 []
2017-12-03 00:36:16,234 - y_predit_false     =
 []
2017-12-03 00:36:16,236 - y_predit_test      =
 [1 1 1 1 2 2 2 2 2 2 2 3 3 3 3 3 4 4 4 4 4 4 4]
2017-12-03 00:36:16,236 - accuracy_test      = 0.695652173913
2017-12-03 00:36:16,236 - n_missamples_test  = 7
2017-12-03 00:36:16,236 - mis_indices_test   =
 [ 4  5  6  7  8  9 10]
2017-12-03 00:36:16,236 - y_mis              =
 [-2 -2 -2 -2 -2 -2 -2]
2017-12-03 00:36:16,237 - y_predit_false     =
 [2 2 2 2 2 2 2]
2017-12-03 00:36:48,950 - --------------------------------------------------
2017-12-03 00:36:48,950 - classifer_names    = _1vs1
2017-12-03 00:36:48,951 - c                  = 1
2017-12-03 00:36:48,953 - kernel             = linear
2017-12-03 00:36:48,963 - time_fit           = 0.0103966783316
2017-12-03 00:36:48,964 - y_predit_train      =
 [1 1 1 1 2 2 2 2 2 2 2 3 3 3 3 3 4 4 4 4 4 4 4]
2017-12-03 00:36:48,964 - accuracy_train     = 1.0
2017-12-03 00:36:48,964 - n_missamples_train = 0
2017-12-03 00:36:48,966 - mis_indices_train  =
 []
2017-12-03 00:36:48,966 - y_mis              =
 []
2017-12-03 00:36:48,967 - y_predit_false     =
 []
2017-12-03 00:36:48,967 - ..................................................
2017-12-03 00:36:48,967 - y_predit_test      =
 [1 1 1 1 2 2 2 2 2 2 2 3 3 3 3 3 4 4 4 4 4 4 4]
2017-12-03 00:36:48,969 - accuracy_test      = 0.695652173913
2017-12-03 00:36:48,970 - n_missamples_test  = 7
2017-12-03 00:36:48,970 - mis_indices_test   =
 [ 4  5  6  7  8  9 10]
2017-12-03 00:36:48,970 - y_mis              =
 [-2 -2 -2 -2 -2 -2 -2]
2017-12-03 00:36:48,970 - y_predit_false     =
 [2 2 2 2 2 2 2]
2017-12-03 00:37:28,565 - ==================================================
2017-12-03 00:37:28,565 - classifer_names    = _1vs1
2017-12-03 00:37:28,566 - c                  = 1
2017-12-03 00:37:28,566 - kernel             = linear
2017-12-03 00:37:28,575 - time_fit           = 0.00898756084971
2017-12-03 00:37:28,576 - y_predit_train      =
 [1 1 1 1 2 2 2 2 2 2 2 3 3 3 3 3 4 4 4 4 4 4 4]
2017-12-03 00:37:28,578 - accuracy_train     = 1.0
2017-12-03 00:37:28,578 - n_missamples_train = 0
2017-12-03 00:37:28,578 - mis_indices_train  =
 []
2017-12-03 00:37:28,578 - y_mis              =
 []
2017-12-03 00:37:28,579 - y_predit_false     =
 []
2017-12-03 00:37:28,579 - ##################################################
2017-12-03 00:37:28,579 - y_predit_test      =
 [1 1 1 1 2 2 2 2 2 2 2 3 3 3 3 3 4 4 4 4 4 4 4]
2017-12-03 00:37:28,581 - accuracy_test      = 0.695652173913
2017-12-03 00:37:28,581 - n_missamples_test  = 7
2017-12-03 00:37:28,581 - mis_indices_test   =
 [ 4  5  6  7  8  9 10]
2017-12-03 00:37:28,581 - y_mis              =
 [-2 -2 -2 -2 -2 -2 -2]
2017-12-03 00:37:28,582 - y_predit_false     =
 [2 2 2 2 2 2 2]
2017-12-03 00:40:15,970 - ==================================================
2017-12-03 00:40:15,970 - dataset name       = my dataset
2017-12-03 00:40:15,971 - classifer_names    = _1vs1
2017-12-03 00:40:15,971 - c                  = 1
2017-12-03 00:40:15,973 - kernel             = linear
2017-12-03 00:40:15,980 - time_fit           = 0.00799839886621
2017-12-03 00:40:15,982 - y_predit_train      =
 [1 1 1 1 2 2 2 2 2 2 2 3 3 3 3 3 4 4 4 4 4 4 4]
2017-12-03 00:40:15,983 - accuracy_train     = 1.0
2017-12-03 00:40:15,983 - n_missamples_train = 0
2017-12-03 00:40:15,984 - mis_indices_train  =
 []
2017-12-03 00:40:15,984 - y_mis              =
 []
2017-12-03 00:40:15,984 - y_predit_false     =
 []
2017-12-03 00:40:15,984 - ##################################################
2017-12-03 00:40:15,986 - y_predit_test      =
 [1 1 1 1 2 2 2 2 2 2 2 3 3 3 3 3 4 4 4 4 4 4 4]
2017-12-03 00:40:15,986 - accuracy_test      = 0.695652173913
2017-12-03 00:40:15,986 - n_missamples_test  = 7
2017-12-03 00:40:15,986 - mis_indices_test   =
 [ 4  5  6  7  8  9 10]
2017-12-03 00:40:15,986 - y_mis              =
 [-2 -2 -2 -2 -2 -2 -2]
2017-12-03 00:40:15,986 - y_predit_false     =
 [2 2 2 2 2 2 2]
2017-12-03 00:40:41,891 - ==================================================
2017-12-03 00:40:41,892 - dataset name       = my dataset
2017-12-03 00:40:41,892 - classifer_names    = _1vs1
2017-12-03 00:40:41,894 - c                  = 1
2017-12-03 00:40:41,894 - kernel             = linear
2017-12-03 00:40:41,894 - ##################################################
2017-12-03 00:40:41,903 - time_fit           = 0.00784957553276
2017-12-03 00:40:41,904 - y_predit_train      =
 [1 1 1 1 2 2 2 2 2 2 2 3 3 3 3 3 4 4 4 4 4 4 4]
2017-12-03 00:40:41,904 - accuracy_train     = 1.0
2017-12-03 00:40:41,904 - n_missamples_train = 0
2017-12-03 00:40:41,904 - mis_indices_train  =
 []
2017-12-03 00:40:41,905 - y_mis              =
 []
2017-12-03 00:40:41,905 - y_predit_false     =
 []
2017-12-03 00:40:41,905 - ##################################################
2017-12-03 00:40:41,907 - y_predit_test      =
 [1 1 1 1 2 2 2 2 2 2 2 3 3 3 3 3 4 4 4 4 4 4 4]
2017-12-03 00:40:41,907 - accuracy_test      = 0.695652173913
2017-12-03 00:40:41,907 - n_missamples_test  = 7
2017-12-03 00:40:41,907 - mis_indices_test   =
 [ 4  5  6  7  8  9 10]
2017-12-03 00:40:41,907 - y_mis              =
 [-2 -2 -2 -2 -2 -2 -2]
2017-12-03 00:40:41,908 - y_predit_false     =
 [2 2 2 2 2 2 2]
2017-12-03 00:40:57,986 - ==================================================
2017-12-03 00:40:57,986 - dataset name       = my dataset
2017-12-03 00:40:57,987 - classifer_names    = _1vs1
2017-12-03 00:40:57,989 - c                  = 1
2017-12-03 00:40:57,989 - kernel             = linear
2017-12-03 00:40:57,989 - ##################################################
2017-12-03 00:40:57,997 - time_fit           = 0.00851286573441
2017-12-03 00:40:57,999 - ##################################################
2017-12-03 00:40:58,000 - y_predit_train      =
 [1 1 1 1 2 2 2 2 2 2 2 3 3 3 3 3 4 4 4 4 4 4 4]
2017-12-03 00:40:58,000 - accuracy_train     = 1.0
2017-12-03 00:40:58,000 - n_missamples_train = 0
2017-12-03 00:40:58,002 - mis_indices_train  =
 []
2017-12-03 00:40:58,002 - y_mis              =
 []
2017-12-03 00:40:58,002 - y_predit_false     =
 []
2017-12-03 00:40:58,003 - ##################################################
2017-12-03 00:40:58,003 - y_predit_test      =
 [1 1 1 1 2 2 2 2 2 2 2 3 3 3 3 3 4 4 4 4 4 4 4]
2017-12-03 00:40:58,003 - accuracy_test      = 0.695652173913
2017-12-03 00:40:58,003 - n_missamples_test  = 7
2017-12-03 00:40:58,005 - mis_indices_test   =
 [ 4  5  6  7  8  9 10]
2017-12-03 00:40:58,006 - y_mis              =
 [-2 -2 -2 -2 -2 -2 -2]
2017-12-03 00:40:58,006 - y_predit_false     =
 [2 2 2 2 2 2 2]
2017-12-03 00:42:15,279 - ****************************************************************************************************
2017-12-03 00:42:15,279 - dataset name        my dataset
2017-12-03 00:42:15,280 - classifer_names     _1vs1
2017-12-03 00:42:15,280 - c                   1
2017-12-03 00:42:15,282 - kernel              linear
2017-12-03 00:42:15,282 - ##################################################
2017-12-03 00:42:15,292 - time_fit            0.0100203434654
2017-12-03 00:42:15,292 - ##################################################
2017-12-03 00:42:15,293 - y_predit_train      
 [1 1 1 1 2 2 2 2 2 2 2 3 3 3 3 3 4 4 4 4 4 4 4]
2017-12-03 00:42:15,295 - accuracy_train      1.0
2017-12-03 00:42:15,295 - n_missamples_train  0
2017-12-03 00:42:15,296 - mis_indices_train  
 []
2017-12-03 00:42:15,296 - y_mis              
 []
2017-12-03 00:42:15,296 - y_predit_false     
 []
2017-12-03 00:42:15,296 - ##################################################
2017-12-03 00:42:15,296 - y_predit_test      
 [1 1 1 1 2 2 2 2 2 2 2 3 3 3 3 3 4 4 4 4 4 4 4]
2017-12-03 00:42:15,296 - accuracy_test       0.695652173913
2017-12-03 00:42:15,299 - n_missamples_test   7
2017-12-03 00:42:15,299 - mis_indices_test   
 [ 4  5  6  7  8  9 10]
2017-12-03 00:42:15,299 - y_mis              
 [-2 -2 -2 -2 -2 -2 -2]
2017-12-03 00:42:15,299 - y_predit_false     
 [2 2 2 2 2 2 2]
