2017-12-02 23:48:45,582 - ----------------------------------------------------------------------------------------------------
2017-12-02 23:48:45,582 - classifer_names    = _1vsrest
2017-12-02 23:48:45,582 - c                  = 1
2017-12-02 23:48:45,582 - kernel             = linear
2017-12-02 23:48:45,719 - time_fit           = 0.135660593848
2017-12-02 23:48:45,720 - accuracy_train     = 1.0
2017-12-02 23:48:45,720 - n_missamples_train = 0
2017-12-02 23:48:45,720 - missamples_train   =
 []
2017-12-02 23:48:45,720 - y_predit_train     =
 [1, 1, 1, 1, 2, 2, 2, 2, 2, 2, 2, 3, 3, 3, 3, 3, 4, 4, 4, 4, 4, 4, 4]
2017-12-02 23:48:45,721 - accuracy_test      = 0.695652173913
2017-12-02 23:48:45,721 - n_missamples_test  = 7
2017-12-02 23:48:45,723 - missamples_test    =
 [[4 2]
 [4 3]
 [5 1]
 [5 2]
 [5 3]
 [6 1]
 [6 2]]
2017-12-02 23:48:45,723 - y_predit_test      =
 [1, 1, 1, 1, 2, 2, 2, 2, 2, 2, 2, 3, 3, 3, 3, 3, 4, 4, 4, 4, 4, 4, 4]
2017-12-02 23:50:11,733 - --------------------------------------------------
2017-12-02 23:50:11,734 - classifer_names    = _1vsrest
2017-12-02 23:50:11,734 - c                  = 1
2017-12-02 23:50:11,734 - kernel             = linear
2017-12-02 23:50:11,773 - time_fit           = 0.0374500233713
2017-12-02 23:50:11,775 - accuracy_train     = 1.0
2017-12-02 23:50:11,775 - n_missamples_train = 0
2017-12-02 23:50:11,776 - missamples_train   =
 []
2017-12-02 23:50:11,776 - y_predit_train     =
 [1, 1, 1, 1, 2, 2, 2, 2, 2, 2, 2, 3, 3, 3, 3, 3, 4, 4, 4, 4, 4, 4, 4]
2017-12-02 23:50:11,778 - accuracy_test      = 0.695652173913
2017-12-02 23:50:11,778 - n_missamples_test  = 7
2017-12-02 23:50:11,779 - missamples_test    =
 [[4 2]
 [4 3]
 [5 1]
 [5 2]
 [5 3]
 [6 1]
 [6 2]]
2017-12-02 23:50:11,779 - y_predit_test      =
 [1, 1, 1, 1, 2, 2, 2, 2, 2, 2, 2, 3, 3, 3, 3, 3, 4, 4, 4, 4, 4, 4, 4]
2017-12-03 00:19:37,005 - --------------------------------------------------
2017-12-03 00:19:37,005 - classifer_names    = _1vsrest
2017-12-03 00:19:37,006 - c                  = 1
2017-12-03 00:19:37,006 - kernel             = linear
2017-12-03 00:19:37,144 - time_fit           = 0.137393872499
2017-12-03 00:19:37,145 - accuracy_train     = 0.95652173913
2017-12-03 00:19:37,145 - n_missamples_train = 1
2017-12-03 00:19:37,147 - mis_samples X_train[[]]: [] 	 y = [] 	 y_predit = []
2017-12-03 00:19:37,147 - accuracy_test      = 0.95652173913
2017-12-03 00:19:37,148 - n_missamples_test  = 1
2017-12-03 00:19:37,148 - mis_samples X_test[[ 4  5  6  7  8  9 10]]: [[4 2]
 [4 3]
 [5 1]
 [5 2]
 [5 3]
 [6 1]
 [6 2]] 	 y = [-2 -2 -2 -2 -2 -2 -2] 	 y_predit = [2 2 2 2 2 2 2]
2017-12-03 00:23:18,525 - --------------------------------------------------
2017-12-03 00:23:18,526 - classifer_names    = _1vsrest
2017-12-03 00:23:18,526 - c                  = 1
2017-12-03 00:23:18,526 - kernel             = linear
2017-12-03 00:23:18,632 - time_fit           = 0.106544249496
2017-12-03 00:23:18,634 - y_predit_train      =
 [1 1 1 1 2 2 2 2 2 2 2 3 3 3 3 3 4 4 4 4 4 4 4]
2017-12-03 00:23:18,634 - accuracy_train     = 0.95652173913
2017-12-03 00:23:18,634 - n_missamples_train = 1
2017-12-03 00:23:18,635 - mis_indices_train   =
 []
2017-12-03 00:23:18,635 - y_predit_test      =
 [1 1 1 1 2 2 2 2 2 2 2 3 3 3 3 3 4 4 4 4 4 4 4]
2017-12-03 00:23:18,637 - accuracy_test      = 0.95652173913
2017-12-03 00:23:18,638 - n_missamples_test  = 1
2017-12-03 00:23:18,640 - mis_indices_test   =
 [[ 4  5  6  7  8  9 10]]
2017-12-03 00:24:16,776 - --------------------------------------------------
2017-12-03 00:24:16,776 - classifer_names    = _1vsrest
2017-12-03 00:24:16,776 - c                  = 1
2017-12-03 00:24:16,778 - kernel             = linear
2017-12-03 00:24:16,869 - time_fit           = 0.092775525233
2017-12-03 00:24:16,871 - y_predit_train      =
 [1 1 1 1 2 2 2 2 2 2 2 3 3 3 3 3 4 4 4 4 4 4 4]
2017-12-03 00:24:16,871 - accuracy_train     = 0.95652173913
2017-12-03 00:24:16,872 - n_missamples_train = 1
2017-12-03 00:24:16,872 - mis_indices_train   =
 []
2017-12-03 00:24:16,874 - y_predit_test      =
 [1 1 1 1 2 2 2 2 2 2 2 3 3 3 3 3 4 4 4 4 4 4 4]
2017-12-03 00:24:16,875 - accuracy_test      = 0.95652173913
2017-12-03 00:24:16,875 - n_missamples_test  = 1
2017-12-03 00:24:16,875 - mis_indices_test   =
 [[ 4  5  6  7  8  9 10]]
2017-12-03 00:25:47,203 - --------------------------------------------------
2017-12-03 00:25:47,203 - classifer_names    = _1vsrest
2017-12-03 00:25:47,203 - c                  = 1
2017-12-03 00:25:47,204 - kernel             = linear
2017-12-03 00:25:47,296 - time_fit           = 0.0909374715343
2017-12-03 00:25:47,296 - y_predit_train      =
 [1 1 1 4 2 2 2 2 2 2 2 3 3 3 3 3 4 4 4 4 4 4 4]
2017-12-03 00:25:47,296 - accuracy_train     = 0.95652173913
2017-12-03 00:25:47,296 - n_missamples_train = 1
2017-12-03 00:25:47,296 - mis_indices_train   =
 (array([3], dtype=int64),)
2017-12-03 00:25:47,298 - y_predit_test      =
 [1 1 1 4 2 2 2 2 2 2 2 3 3 3 3 3 4 4 4 4 4 4 4]
2017-12-03 00:25:47,299 - accuracy_test      = 0.95652173913
2017-12-03 00:25:47,299 - n_missamples_test  = 1
2017-12-03 00:25:47,299 - mis_indices_test   =
 (array([ 3,  4,  5,  6,  7,  8,  9, 10], dtype=int64),)
2017-12-03 00:27:32,273 - --------------------------------------------------
2017-12-03 00:27:32,273 - classifer_names    = _1vsrest
2017-12-03 00:27:32,276 - c                  = 1
2017-12-03 00:27:32,276 - kernel             = linear
2017-12-03 00:27:32,309 - time_fit           = 0.0316989423707
2017-12-03 00:27:32,309 - y_predit_train      =
 [1 1 1 1 2 2 2 2 2 2 2 3 3 3 3 3 4 4 4 4 4 4 4]
2017-12-03 00:27:32,311 - accuracy_train     = 0.95652173913
2017-12-03 00:27:32,311 - n_missamples_train = 1
2017-12-03 00:27:32,312 - mis_indices_train   =
 [(array([], dtype=int64),)]
2017-12-03 00:27:32,312 - y_predit_test      =
 [1 1 1 1 2 2 2 2 2 2 2 3 3 3 3 3 4 4 4 4 4 4 4]
2017-12-03 00:27:32,312 - accuracy_test      = 0.95652173913
2017-12-03 00:27:32,313 - n_missamples_test  = 1
2017-12-03 00:27:32,313 - mis_indices_test   =
 [(array([ 4,  5,  6,  7,  8,  9, 10], dtype=int64),)]
2017-12-03 00:32:25,417 - --------------------------------------------------
2017-12-03 00:32:25,417 - classifer_names    = _1vsrest
2017-12-03 00:32:25,417 - c                  = 1
2017-12-03 00:32:25,417 - kernel             = linear
2017-12-03 00:32:25,496 - time_fit           = 0.0787142861419
2017-12-03 00:32:25,496 - y_predit_train      =
 [1 1 1 1 2 2 2 2 2 2 2 3 3 3 3 3 4 4 4 4 4 4 4]
2017-12-03 00:32:25,497 - accuracy_train     = 1.0
2017-12-03 00:32:25,499 - n_missamples_train = 0
2017-12-03 00:32:25,499 - mis_indices_train   =
 []
2017-12-03 00:32:25,500 - y_predit_test      =
 [1 1 1 1 2 2 2 2 2 2 2 3 3 3 3 3 4 4 4 4 4 4 4]
2017-12-03 00:32:25,500 - accuracy_test      = 0.695652173913
2017-12-03 00:32:25,500 - n_missamples_test  = 7
2017-12-03 00:32:25,502 - mis_indices_test   =
 [ 4  5  6  7  8  9 10]
2017-12-03 00:34:19,542 - --------------------------------------------------
2017-12-03 00:34:19,542 - classifer_names    = _1vsrest
2017-12-03 00:34:19,545 - c                  = 1
2017-12-03 00:34:19,545 - kernel             = linear
2017-12-03 00:34:19,575 - time_fit           = 0.0296500556163
2017-12-03 00:34:19,575 - y_predit_train      =
 [1 1 1 1 2 2 2 2 2 2 2 3 3 3 3 3 4 4 4 4 4 4 4]
2017-12-03 00:34:19,575 - accuracy_train     = 1.0
2017-12-03 00:34:19,576 - n_missamples_train = 0
2017-12-03 00:34:19,576 - mis_indices_train  =
 []
2017-12-03 00:34:19,578 - y_predit_false     =
 []
2017-12-03 00:34:19,578 - y_predit_test      =
 [1 1 1 1 2 2 2 2 2 2 2 3 3 3 3 3 4 4 4 4 4 4 4]
2017-12-03 00:34:19,578 - accuracy_test      = 0.695652173913
2017-12-03 00:34:19,579 - n_missamples_test  = 7
2017-12-03 00:34:19,581 - mis_indices_test   =
 [ 4  5  6  7  8  9 10]
2017-12-03 00:34:19,582 - y_predit_false     =
 [2 2 2 2 2 2 2]
2017-12-03 00:35:45,607 - --------------------------------------------------
2017-12-03 00:35:45,607 - classifer_names    = _1vsrest
2017-12-03 00:35:45,607 - c                  = 1
2017-12-03 00:35:45,607 - kernel             = linear
2017-12-03 00:35:45,687 - time_fit           = 0.0796756506637
2017-12-03 00:35:45,687 - y_predit_train      =
 [1 1 1 1 2 2 2 2 2 2 2 3 3 3 3 3 4 4 4 4 4 4 4]
2017-12-03 00:35:45,688 - accuracy_train     = 1.0
2017-12-03 00:35:45,690 - n_missamples_train = 0
2017-12-03 00:35:45,690 - mis_indices_train  =
 []
2017-12-03 00:35:45,690 - y_mis              =
 []
2017-12-03 00:35:45,691 - y_predit_false     =
 []
2017-12-03 00:35:45,693 - y_predit_test      =
 [1 1 1 1 2 2 2 2 2 2 2 3 3 3 3 3 4 4 4 4 4 4 4]
2017-12-03 00:35:45,694 - accuracy_test      = 0.695652173913
2017-12-03 00:35:45,694 - n_missamples_test  = 7
2017-12-03 00:35:45,694 - mis_indices_test   =
 [ 4  5  6  7  8  9 10]
2017-12-03 00:35:45,696 - y_mis              =
 []
2017-12-03 00:35:45,697 - y_predit_false     =
 [2 2 2 2 2 2 2]
2017-12-03 00:36:16,237 - --------------------------------------------------
2017-12-03 00:36:16,237 - classifer_names    = _1vsrest
2017-12-03 00:36:16,237 - c                  = 1
2017-12-03 00:36:16,239 - kernel             = linear
2017-12-03 00:36:16,391 - time_fit           = 0.151565018477
2017-12-03 00:36:16,391 - y_predit_train      =
 [1 1 1 1 2 2 2 2 2 2 2 3 3 3 3 3 4 4 4 4 4 4 4]
2017-12-03 00:36:16,392 - accuracy_train     = 1.0
2017-12-03 00:36:16,394 - n_missamples_train = 0
2017-12-03 00:36:16,394 - mis_indices_train  =
 []
2017-12-03 00:36:16,394 - y_mis              =
 []
2017-12-03 00:36:16,395 - y_predit_false     =
 []
2017-12-03 00:36:16,397 - y_predit_test      =
 [1 1 1 1 2 2 2 2 2 2 2 3 3 3 3 3 4 4 4 4 4 4 4]
2017-12-03 00:36:16,397 - accuracy_test      = 0.695652173913
2017-12-03 00:36:16,398 - n_missamples_test  = 7
2017-12-03 00:36:16,398 - mis_indices_test   =
 [ 4  5  6  7  8  9 10]
2017-12-03 00:36:16,400 - y_mis              =
 [-2 -2 -2 -2 -2 -2 -2]
2017-12-03 00:36:16,401 - y_predit_false     =
 [2 2 2 2 2 2 2]
2017-12-03 00:36:48,970 - --------------------------------------------------
2017-12-03 00:36:48,970 - classifer_names    = _1vsrest
2017-12-03 00:36:48,970 - c                  = 1
2017-12-03 00:36:48,970 - kernel             = linear
2017-12-03 00:36:49,023 - time_fit           = 0.0532466793794
2017-12-03 00:36:49,026 - y_predit_train      =
 [1 1 1 4 2 2 2 2 2 2 2 3 3 3 3 3 4 4 4 4 4 4 4]
2017-12-03 00:36:49,026 - accuracy_train     = 0.95652173913
2017-12-03 00:36:49,026 - n_missamples_train = 1
2017-12-03 00:36:49,029 - mis_indices_train  =
 [3]
2017-12-03 00:36:49,029 - y_mis              =
 [1]
2017-12-03 00:36:49,030 - y_predit_false     =
 [4]
2017-12-03 00:36:49,030 - ..................................................
2017-12-03 00:36:49,032 - y_predit_test      =
 [1 1 1 4 2 2 2 2 2 2 2 3 3 3 3 3 4 4 4 4 4 4 4]
2017-12-03 00:36:49,032 - accuracy_test      = 0.652173913043
2017-12-03 00:36:49,032 - n_missamples_test  = 8
2017-12-03 00:36:49,036 - mis_indices_test   =
 [ 3  4  5  6  7  8  9 10]
2017-12-03 00:36:49,036 - y_mis              =
 [ 1 -2 -2 -2 -2 -2 -2 -2]
2017-12-03 00:36:49,038 - y_predit_false     =
 [4 2 2 2 2 2 2 2]
2017-12-03 00:37:28,582 - ==================================================
2017-12-03 00:37:28,582 - classifer_names    = _1vsrest
2017-12-03 00:37:28,582 - c                  = 1
2017-12-03 00:37:28,584 - kernel             = linear
2017-12-03 00:37:28,650 - time_fit           = 0.0654578904806
2017-12-03 00:37:28,651 - y_predit_train      =
 [1 1 1 1 2 2 2 2 2 2 2 3 3 3 3 3 4 4 4 4 4 4 4]
2017-12-03 00:37:28,651 - accuracy_train     = 1.0
2017-12-03 00:37:28,651 - n_missamples_train = 0
2017-12-03 00:37:28,653 - mis_indices_train  =
 []
2017-12-03 00:37:28,654 - y_mis              =
 []
2017-12-03 00:37:28,654 - y_predit_false     =
 []
2017-12-03 00:37:28,655 - ##################################################
2017-12-03 00:37:28,657 - y_predit_test      =
 [1 1 1 1 2 2 2 2 2 2 2 3 3 3 3 3 4 4 4 4 4 4 4]
2017-12-03 00:37:28,657 - accuracy_test      = 0.695652173913
2017-12-03 00:37:28,661 - n_missamples_test  = 7
2017-12-03 00:37:28,661 - mis_indices_test   =
 [ 4  5  6  7  8  9 10]
2017-12-03 00:37:28,663 - y_mis              =
 [-2 -2 -2 -2 -2 -2 -2]
2017-12-03 00:37:28,663 - y_predit_false     =
 [2 2 2 2 2 2 2]
2017-12-03 00:40:15,986 - ==================================================
2017-12-03 00:40:15,987 - dataset name       = my dataset
2017-12-03 00:40:15,987 - classifer_names    = _1vsrest
2017-12-03 00:40:15,987 - c                  = 1
2017-12-03 00:40:15,987 - kernel             = linear
2017-12-03 00:40:16,055 - time_fit           = 0.0642271044068
2017-12-03 00:40:16,056 - y_predit_train      =
 [1 1 1 1 2 2 2 2 2 2 2 3 3 3 3 3 4 4 4 4 4 4 4]
2017-12-03 00:40:16,058 - accuracy_train     = 1.0
2017-12-03 00:40:16,059 - n_missamples_train = 0
2017-12-03 00:40:16,059 - mis_indices_train  =
 []
2017-12-03 00:40:16,061 - y_mis              =
 []
2017-12-03 00:40:16,061 - y_predit_false     =
 []
2017-12-03 00:40:16,062 - ##################################################
2017-12-03 00:40:16,063 - y_predit_test      =
 [1 1 1 1 2 2 2 2 2 2 2 3 3 3 3 3 4 4 4 4 4 4 4]
2017-12-03 00:40:16,065 - accuracy_test      = 0.695652173913
2017-12-03 00:40:16,065 - n_missamples_test  = 7
2017-12-03 00:40:16,068 - mis_indices_test   =
 [ 4  5  6  7  8  9 10]
2017-12-03 00:40:16,068 - y_mis              =
 [-2 -2 -2 -2 -2 -2 -2]
2017-12-03 00:40:16,069 - y_predit_false     =
 [2 2 2 2 2 2 2]
2017-12-03 00:40:41,908 - ==================================================
2017-12-03 00:40:41,910 - dataset name       = my dataset
2017-12-03 00:40:41,911 - classifer_names    = _1vsrest
2017-12-03 00:40:41,911 - c                  = 1
2017-12-03 00:40:41,911 - kernel             = linear
2017-12-03 00:40:41,913 - ##################################################
2017-12-03 00:40:41,943 - time_fit           = 0.0296962421681
2017-12-03 00:40:41,944 - y_predit_train      =
 [1 1 1 1 2 2 2 2 2 2 2 3 3 3 3 3 4 4 4 4 4 4 4]
2017-12-03 00:40:41,946 - accuracy_train     = 1.0
2017-12-03 00:40:41,946 - n_missamples_train = 0
2017-12-03 00:40:41,947 - mis_indices_train  =
 []
2017-12-03 00:40:41,947 - y_mis              =
 []
2017-12-03 00:40:41,948 - y_predit_false     =
 []
2017-12-03 00:40:41,950 - ##################################################
2017-12-03 00:40:41,950 - y_predit_test      =
 [1 1 1 1 2 2 2 2 2 2 2 3 3 3 3 3 4 4 4 4 4 4 4]
2017-12-03 00:40:41,950 - accuracy_test      = 0.695652173913
2017-12-03 00:40:41,951 - n_missamples_test  = 7
2017-12-03 00:40:41,951 - mis_indices_test   =
 [ 4  5  6  7  8  9 10]
2017-12-03 00:40:41,953 - y_mis              =
 [-2 -2 -2 -2 -2 -2 -2]
2017-12-03 00:40:41,954 - y_predit_false     =
 [2 2 2 2 2 2 2]
2017-12-03 00:40:58,006 - ==================================================
2017-12-03 00:40:58,006 - dataset name       = my dataset
2017-12-03 00:40:58,006 - classifer_names    = _1vsrest
2017-12-03 00:40:58,007 - c                  = 1
2017-12-03 00:40:58,009 - kernel             = linear
2017-12-03 00:40:58,009 - ##################################################
2017-12-03 00:40:58,059 - time_fit           = 0.0478993030535
2017-12-03 00:40:58,059 - ##################################################
2017-12-03 00:40:58,061 - y_predit_train      =
 [1 1 1 1 2 2 2 2 2 2 2 3 3 3 3 3 4 4 4 4 4 4 4]
2017-12-03 00:40:58,062 - accuracy_train     = 1.0
2017-12-03 00:40:58,062 - n_missamples_train = 0
2017-12-03 00:40:58,062 - mis_indices_train  =
 []
2017-12-03 00:40:58,063 - y_mis              =
 []
2017-12-03 00:40:58,065 - y_predit_false     =
 []
2017-12-03 00:40:58,065 - ##################################################
2017-12-03 00:40:58,065 - y_predit_test      =
 [1 1 1 1 2 2 2 2 2 2 2 3 3 3 3 3 4 4 4 4 4 4 4]
2017-12-03 00:40:58,065 - accuracy_test      = 0.695652173913
2017-12-03 00:40:58,065 - n_missamples_test  = 7
2017-12-03 00:40:58,066 - mis_indices_test   =
 [ 4  5  6  7  8  9 10]
2017-12-03 00:40:58,068 - y_mis              =
 [-2 -2 -2 -2 -2 -2 -2]
2017-12-03 00:40:58,069 - y_predit_false     =
 [2 2 2 2 2 2 2]
2017-12-03 00:42:15,299 - ****************************************************************************************************
2017-12-03 00:42:15,301 - dataset name        my dataset
2017-12-03 00:42:15,301 - classifer_names     _1vsrest
2017-12-03 00:42:15,302 - c                   1
2017-12-03 00:42:15,302 - kernel              linear
2017-12-03 00:42:15,302 - ##################################################
2017-12-03 00:42:15,431 - time_fit            0.1280060282
2017-12-03 00:42:15,433 - ##################################################
2017-12-03 00:42:15,434 - y_predit_train      
 [1 1 1 1 2 2 2 2 2 2 2 3 3 3 3 3 4 4 4 4 4 4 4]
2017-12-03 00:42:15,434 - accuracy_train      1.0
2017-12-03 00:42:15,434 - n_missamples_train  0
2017-12-03 00:42:15,434 - mis_indices_train  
 []
2017-12-03 00:42:15,436 - y_mis              
 []
2017-12-03 00:42:15,437 - y_predit_false     
 []
2017-12-03 00:42:15,437 - ##################################################
2017-12-03 00:42:15,437 - y_predit_test      
 [1 1 1 1 2 2 2 2 2 2 2 3 3 3 3 3 4 4 4 4 4 4 4]
2017-12-03 00:42:15,438 - accuracy_test       0.695652173913
2017-12-03 00:42:15,438 - n_missamples_test   7
2017-12-03 00:42:15,440 - mis_indices_test   
 [ 4  5  6  7  8  9 10]
2017-12-03 00:42:15,440 - y_mis              
 [-2 -2 -2 -2 -2 -2 -2]
2017-12-03 00:42:15,443 - y_predit_false     
 [2 2 2 2 2 2 2]
