2017-12-02 23:48:46,657 - ----------------------------------------------------------------------------------------------------
2017-12-02 23:48:46,658 - classifer_names    = _1vs1
2017-12-02 23:48:46,661 - c                  = 2000
2017-12-02 23:48:46,661 - kernel             = linear
2017-12-02 23:48:46,677 - time_fit           = 0.0146642301835
2017-12-02 23:48:46,677 - accuracy_train     = 1.0
2017-12-02 23:48:46,677 - n_missamples_train = 0
2017-12-02 23:48:46,680 - missamples_train   =
 []
2017-12-02 23:48:46,680 - y_predit_train     =
 [1 1 1 1 2 2 2 2 2 2 2 3 3 3 3 3 4 4 4 4 4 4 4]
2017-12-02 23:48:46,683 - accuracy_test      = 0.695652173913
2017-12-02 23:48:46,683 - n_missamples_test  = 7
2017-12-02 23:48:46,684 - missamples_test    =
 [[4 2]
 [4 3]
 [5 1]
 [5 2]
 [5 3]
 [6 1]
 [6 2]]
2017-12-02 23:48:46,684 - y_predit_test      =
 [1 1 1 1 2 2 2 2 2 2 2 3 3 3 3 3 4 4 4 4 4 4 4]
2017-12-02 23:50:12,851 - --------------------------------------------------
2017-12-02 23:50:12,851 - classifer_names    = _1vs1
2017-12-02 23:50:12,851 - c                  = 2000
2017-12-02 23:50:12,852 - kernel             = linear
2017-12-02 23:50:12,864 - time_fit           = 0.0108354505733
2017-12-02 23:50:12,865 - accuracy_train     = 1.0
2017-12-02 23:50:12,865 - n_missamples_train = 0
2017-12-02 23:50:12,867 - missamples_train   =
 []
2017-12-02 23:50:12,868 - y_predit_train     =
 [1 1 1 1 2 2 2 2 2 2 2 3 3 3 3 3 4 4 4 4 4 4 4]
2017-12-02 23:50:12,868 - accuracy_test      = 0.695652173913
2017-12-02 23:50:12,868 - n_missamples_test  = 7
2017-12-02 23:50:12,869 - missamples_test    =
 [[4 2]
 [4 3]
 [5 1]
 [5 2]
 [5 3]
 [6 1]
 [6 2]]
2017-12-02 23:50:12,871 - y_predit_test      =
 [1 1 1 1 2 2 2 2 2 2 2 3 3 3 3 3 4 4 4 4 4 4 4]
2017-12-03 00:19:38,019 - --------------------------------------------------
2017-12-03 00:19:38,019 - classifer_names    = _1vs1
2017-12-03 00:19:38,020 - c                  = 2000
2017-12-03 00:19:38,020 - kernel             = linear
2017-12-03 00:19:38,032 - time_fit           = 0.00887979222894
2017-12-03 00:19:38,035 - accuracy_train     = 0.95652173913
2017-12-03 00:19:38,036 - n_missamples_train = 1
2017-12-03 00:19:38,036 - mis_samples X_train[[]]: [] 	 y = [] 	 y_predit = []
2017-12-03 00:19:38,038 - accuracy_test      = 0.95652173913
2017-12-03 00:19:38,038 - n_missamples_test  = 1
2017-12-03 00:19:38,039 - mis_samples X_test[[ 4  5  6  7  8  9 10]]: [[4 2]
 [4 3]
 [5 1]
 [5 2]
 [5 3]
 [6 1]
 [6 2]] 	 y = [-2 -2 -2 -2 -2 -2 -2] 	 y_predit = [2 2 2 2 2 2 2]
2017-12-03 00:23:19,582 - --------------------------------------------------
2017-12-03 00:23:19,584 - classifer_names    = _1vs1
2017-12-03 00:23:19,584 - c                  = 2000
2017-12-03 00:23:19,585 - kernel             = linear
2017-12-03 00:23:19,595 - time_fit           = 0.00889689835922
2017-12-03 00:23:19,596 - y_predit_train      =
 [1 1 1 1 2 2 2 2 2 2 2 3 3 3 3 3 4 4 4 4 4 4 4]
2017-12-03 00:23:19,598 - accuracy_train     = 0.95652173913
2017-12-03 00:23:19,598 - n_missamples_train = 1
2017-12-03 00:23:19,599 - mis_indices_train   =
 []
2017-12-03 00:23:19,601 - y_predit_test      =
 [1 1 1 1 2 2 2 2 2 2 2 3 3 3 3 3 4 4 4 4 4 4 4]
2017-12-03 00:23:19,601 - accuracy_test      = 0.95652173913
2017-12-03 00:23:19,601 - n_missamples_test  = 1
2017-12-03 00:23:19,605 - mis_indices_test   =
 [[ 4  5  6  7  8  9 10]]
2017-12-03 00:24:17,691 - --------------------------------------------------
2017-12-03 00:24:17,691 - classifer_names    = _1vs1
2017-12-03 00:24:17,694 - c                  = 2000
2017-12-03 00:24:17,694 - kernel             = linear
2017-12-03 00:24:17,704 - time_fit           = 0.0100053756014
2017-12-03 00:24:17,707 - y_predit_train      =
 [1 1 1 1 2 2 2 2 2 2 2 3 3 3 3 3 4 4 4 4 4 4 4]
2017-12-03 00:24:17,707 - accuracy_train     = 0.95652173913
2017-12-03 00:24:17,709 - n_missamples_train = 1
2017-12-03 00:24:17,710 - mis_indices_train   =
 []
2017-12-03 00:24:17,710 - y_predit_test      =
 [1 1 1 1 2 2 2 2 2 2 2 3 3 3 3 3 4 4 4 4 4 4 4]
2017-12-03 00:24:17,711 - accuracy_test      = 0.95652173913
2017-12-03 00:24:17,713 - n_missamples_test  = 1
2017-12-03 00:24:17,713 - mis_indices_test   =
 [[ 4  5  6  7  8  9 10]]
2017-12-03 00:25:48,378 - --------------------------------------------------
2017-12-03 00:25:48,378 - classifer_names    = _1vs1
2017-12-03 00:25:48,380 - c                  = 2000
2017-12-03 00:25:48,382 - kernel             = linear
2017-12-03 00:25:48,391 - time_fit           = 0.008229331625
2017-12-03 00:25:48,392 - y_predit_train      =
 [1 1 1 1 2 2 2 2 2 2 2 3 3 3 3 3 4 4 4 4 4 4 4]
2017-12-03 00:25:48,394 - accuracy_train     = 0.95652173913
2017-12-03 00:25:48,394 - n_missamples_train = 1
2017-12-03 00:25:48,394 - mis_indices_train   =
 (array([], dtype=int64),)
2017-12-03 00:25:48,397 - y_predit_test      =
 [1 1 1 1 2 2 2 2 2 2 2 3 3 3 3 3 4 4 4 4 4 4 4]
2017-12-03 00:25:48,398 - accuracy_test      = 0.95652173913
2017-12-03 00:25:48,398 - n_missamples_test  = 1
2017-12-03 00:25:48,398 - mis_indices_test   =
 (array([ 4,  5,  6,  7,  8,  9, 10], dtype=int64),)
2017-12-03 00:27:33,127 - --------------------------------------------------
2017-12-03 00:27:33,127 - classifer_names    = _1vs1
2017-12-03 00:27:33,128 - c                  = 2000
2017-12-03 00:27:33,128 - kernel             = linear
2017-12-03 00:27:33,140 - time_fit           = 0.00970003117592
2017-12-03 00:27:33,141 - y_predit_train      =
 [1 1 1 1 2 2 2 2 2 2 2 3 3 3 3 3 4 4 4 4 4 4 4]
2017-12-03 00:27:33,142 - accuracy_train     = 0.95652173913
2017-12-03 00:27:33,144 - n_missamples_train = 1
2017-12-03 00:27:33,144 - mis_indices_train   =
 [(array([], dtype=int64),)]
2017-12-03 00:27:33,145 - y_predit_test      =
 [1 1 1 1 2 2 2 2 2 2 2 3 3 3 3 3 4 4 4 4 4 4 4]
2017-12-03 00:27:33,147 - accuracy_test      = 0.95652173913
2017-12-03 00:27:33,147 - n_missamples_test  = 1
2017-12-03 00:27:33,148 - mis_indices_test   =
 [(array([ 4,  5,  6,  7,  8,  9, 10], dtype=int64),)]
2017-12-03 00:32:26,486 - --------------------------------------------------
2017-12-03 00:32:26,487 - classifer_names    = _1vs1
2017-12-03 00:32:26,487 - c                  = 2000
2017-12-03 00:32:26,489 - kernel             = linear
2017-12-03 00:32:26,500 - time_fit           = 0.0105673119812
2017-12-03 00:32:26,500 - y_predit_train      =
 [1 1 1 1 2 2 2 2 2 2 2 3 3 3 3 3 4 4 4 4 4 4 4]
2017-12-03 00:32:26,502 - accuracy_train     = 1.0
2017-12-03 00:32:26,502 - n_missamples_train = 0
2017-12-03 00:32:26,503 - mis_indices_train   =
 []
2017-12-03 00:32:26,505 - y_predit_test      =
 [1 1 1 1 2 2 2 2 2 2 2 3 3 3 3 3 4 4 4 4 4 4 4]
2017-12-03 00:32:26,505 - accuracy_test      = 0.695652173913
2017-12-03 00:32:26,506 - n_missamples_test  = 7
2017-12-03 00:32:26,506 - mis_indices_test   =
 [ 4  5  6  7  8  9 10]
2017-12-03 00:34:20,250 - --------------------------------------------------
2017-12-03 00:34:20,250 - classifer_names    = _1vs1
2017-12-03 00:34:20,253 - c                  = 2000
2017-12-03 00:34:20,253 - kernel             = linear
2017-12-03 00:34:20,263 - time_fit           = 0.00858599444136
2017-12-03 00:34:20,265 - y_predit_train      =
 [1 1 1 1 2 2 2 2 2 2 2 3 3 3 3 3 4 4 4 4 4 4 4]
2017-12-03 00:34:20,265 - accuracy_train     = 1.0
2017-12-03 00:34:20,266 - n_missamples_train = 0
2017-12-03 00:34:20,266 - mis_indices_train  =
 []
2017-12-03 00:34:20,266 - y_predit_false     =
 []
2017-12-03 00:34:20,269 - y_predit_test      =
 [1 1 1 1 2 2 2 2 2 2 2 3 3 3 3 3 4 4 4 4 4 4 4]
2017-12-03 00:34:20,269 - accuracy_test      = 0.695652173913
2017-12-03 00:34:20,272 - n_missamples_test  = 7
2017-12-03 00:34:20,273 - mis_indices_test   =
 [ 4  5  6  7  8  9 10]
2017-12-03 00:34:20,273 - y_predit_false     =
 [2 2 2 2 2 2 2]
2017-12-03 00:35:46,484 - --------------------------------------------------
2017-12-03 00:35:46,486 - classifer_names    = _1vs1
2017-12-03 00:35:46,489 - c                  = 2000
2017-12-03 00:35:46,490 - kernel             = linear
2017-12-03 00:35:46,503 - time_fit           = 0.0140103483535
2017-12-03 00:35:46,506 - y_predit_train      =
 [1 1 1 1 2 2 2 2 2 2 2 3 3 3 3 3 4 4 4 4 4 4 4]
2017-12-03 00:35:46,506 - accuracy_train     = 1.0
2017-12-03 00:35:46,506 - n_missamples_train = 0
2017-12-03 00:35:46,507 - mis_indices_train  =
 []
2017-12-03 00:35:46,509 - y_mis              =
 []
2017-12-03 00:35:46,509 - y_predit_false     =
 []
2017-12-03 00:35:46,510 - y_predit_test      =
 [1 1 1 1 2 2 2 2 2 2 2 3 3 3 3 3 4 4 4 4 4 4 4]
2017-12-03 00:35:46,510 - accuracy_test      = 0.695652173913
2017-12-03 00:35:46,512 - n_missamples_test  = 7
2017-12-03 00:35:46,512 - mis_indices_test   =
 [ 4  5  6  7  8  9 10]
2017-12-03 00:35:46,513 - y_mis              =
 []
2017-12-03 00:35:46,513 - y_predit_false     =
 [2 2 2 2 2 2 2]
2017-12-03 00:36:17,289 - --------------------------------------------------
2017-12-03 00:36:17,289 - classifer_names    = _1vs1
2017-12-03 00:36:17,290 - c                  = 2000
2017-12-03 00:36:17,290 - kernel             = linear
2017-12-03 00:36:17,301 - time_fit           = 0.00916247103184
2017-12-03 00:36:17,302 - y_predit_train      =
 [1 1 1 1 2 2 2 2 2 2 2 3 3 3 3 3 4 4 4 4 4 4 4]
2017-12-03 00:36:17,302 - accuracy_train     = 1.0
2017-12-03 00:36:17,303 - n_missamples_train = 0
2017-12-03 00:36:17,305 - mis_indices_train  =
 []
2017-12-03 00:36:17,305 - y_mis              =
 []
2017-12-03 00:36:17,305 - y_predit_false     =
 []
2017-12-03 00:36:17,309 - y_predit_test      =
 [1 1 1 1 2 2 2 2 2 2 2 3 3 3 3 3 4 4 4 4 4 4 4]
2017-12-03 00:36:17,309 - accuracy_test      = 0.695652173913
2017-12-03 00:36:17,309 - n_missamples_test  = 7
2017-12-03 00:36:17,311 - mis_indices_test   =
 [ 4  5  6  7  8  9 10]
2017-12-03 00:36:17,311 - y_mis              =
 [-2 -2 -2 -2 -2 -2 -2]
2017-12-03 00:36:17,312 - y_predit_false     =
 [2 2 2 2 2 2 2]
2017-12-03 00:36:49,821 - --------------------------------------------------
2017-12-03 00:36:49,821 - classifer_names    = _1vs1
2017-12-03 00:36:49,822 - c                  = 2000
2017-12-03 00:36:49,823 - kernel             = linear
2017-12-03 00:36:49,834 - time_fit           = 0.00955505672179
2017-12-03 00:36:49,835 - y_predit_train      =
 [1 1 1 1 2 2 2 2 2 2 2 3 3 3 3 3 4 4 4 4 4 4 4]
2017-12-03 00:36:49,835 - accuracy_train     = 1.0
2017-12-03 00:36:49,836 - n_missamples_train = 0
2017-12-03 00:36:49,836 - mis_indices_train  =
 []
2017-12-03 00:36:49,838 - y_mis              =
 []
2017-12-03 00:36:49,838 - y_predit_false     =
 []
2017-12-03 00:36:49,838 - ..................................................
2017-12-03 00:36:49,839 - y_predit_test      =
 [1 1 1 1 2 2 2 2 2 2 2 3 3 3 3 3 4 4 4 4 4 4 4]
2017-12-03 00:36:49,841 - accuracy_test      = 0.695652173913
2017-12-03 00:36:49,842 - n_missamples_test  = 7
2017-12-03 00:36:49,842 - mis_indices_test   =
 [ 4  5  6  7  8  9 10]
2017-12-03 00:36:49,844 - y_mis              =
 [-2 -2 -2 -2 -2 -2 -2]
2017-12-03 00:36:49,845 - y_predit_false     =
 [2 2 2 2 2 2 2]
2017-12-03 00:37:29,686 - ==================================================
2017-12-03 00:37:29,687 - classifer_names    = _1vs1
2017-12-03 00:37:29,687 - c                  = 2000
2017-12-03 00:37:29,687 - kernel             = linear
2017-12-03 00:37:29,697 - time_fit           = 0.00955976090762
2017-12-03 00:37:29,698 - y_predit_train      =
 [1 1 1 1 2 2 2 2 2 2 2 3 3 3 3 3 4 4 4 4 4 4 4]
2017-12-03 00:37:29,700 - accuracy_train     = 1.0
2017-12-03 00:37:29,700 - n_missamples_train = 0
2017-12-03 00:37:29,701 - mis_indices_train  =
 []
2017-12-03 00:37:29,703 - y_mis              =
 []
2017-12-03 00:37:29,703 - y_predit_false     =
 []
2017-12-03 00:37:29,704 - ##################################################
2017-12-03 00:37:29,707 - y_predit_test      =
 [1 1 1 1 2 2 2 2 2 2 2 3 3 3 3 3 4 4 4 4 4 4 4]
2017-12-03 00:37:29,707 - accuracy_test      = 0.695652173913
2017-12-03 00:37:29,709 - n_missamples_test  = 7
2017-12-03 00:37:29,710 - mis_indices_test   =
 [ 4  5  6  7  8  9 10]
2017-12-03 00:37:29,710 - y_mis              =
 [-2 -2 -2 -2 -2 -2 -2]
2017-12-03 00:37:29,710 - y_predit_false     =
 [2 2 2 2 2 2 2]
2017-12-03 00:40:17,030 - ==================================================
2017-12-03 00:40:17,032 - dataset name       = my dataset
2017-12-03 00:40:17,032 - classifer_names    = _1vs1
2017-12-03 00:40:17,033 - c                  = 2000
2017-12-03 00:40:17,033 - kernel             = linear
2017-12-03 00:40:17,042 - time_fit           = 0.00820581069586
2017-12-03 00:40:17,043 - y_predit_train      =
 [1 1 1 1 2 2 2 2 2 2 2 3 3 3 3 3 4 4 4 4 4 4 4]
2017-12-03 00:40:17,045 - accuracy_train     = 1.0
2017-12-03 00:40:17,046 - n_missamples_train = 0
2017-12-03 00:40:17,046 - mis_indices_train  =
 []
2017-12-03 00:40:17,048 - y_mis              =
 []
2017-12-03 00:40:17,049 - y_predit_false     =
 []
2017-12-03 00:40:17,049 - ##################################################
2017-12-03 00:40:17,052 - y_predit_test      =
 [1 1 1 1 2 2 2 2 2 2 2 3 3 3 3 3 4 4 4 4 4 4 4]
2017-12-03 00:40:17,052 - accuracy_test      = 0.695652173913
2017-12-03 00:40:17,052 - n_missamples_test  = 7
2017-12-03 00:40:17,053 - mis_indices_test   =
 [ 4  5  6  7  8  9 10]
2017-12-03 00:40:17,053 - y_mis              =
 [-2 -2 -2 -2 -2 -2 -2]
2017-12-03 00:40:17,055 - y_predit_false     =
 [2 2 2 2 2 2 2]
2017-12-03 00:40:42,897 - ==================================================
2017-12-03 00:40:42,898 - dataset name       = my dataset
2017-12-03 00:40:42,898 - classifer_names    = _1vs1
2017-12-03 00:40:42,898 - c                  = 2000
2017-12-03 00:40:42,898 - kernel             = linear
2017-12-03 00:40:42,900 - ##################################################
2017-12-03 00:40:42,908 - time_fit           = 0.00863774048546
2017-12-03 00:40:42,911 - y_predit_train      =
 [1 1 1 1 2 2 2 2 2 2 2 3 3 3 3 3 4 4 4 4 4 4 4]
2017-12-03 00:40:42,911 - accuracy_train     = 1.0
2017-12-03 00:40:42,911 - n_missamples_train = 0
2017-12-03 00:40:42,913 - mis_indices_train  =
 []
2017-12-03 00:40:42,914 - y_mis              =
 []
2017-12-03 00:40:42,915 - y_predit_false     =
 []
2017-12-03 00:40:42,917 - ##################################################
2017-12-03 00:40:42,917 - y_predit_test      =
 [1 1 1 1 2 2 2 2 2 2 2 3 3 3 3 3 4 4 4 4 4 4 4]
2017-12-03 00:40:42,918 - accuracy_test      = 0.695652173913
2017-12-03 00:40:42,918 - n_missamples_test  = 7
2017-12-03 00:40:42,920 - mis_indices_test   =
 [ 4  5  6  7  8  9 10]
2017-12-03 00:40:42,921 - y_mis              =
 [-2 -2 -2 -2 -2 -2 -2]
2017-12-03 00:40:42,921 - y_predit_false     =
 [2 2 2 2 2 2 2]
2017-12-03 00:40:58,950 - ==================================================
2017-12-03 00:40:58,951 - dataset name       = my dataset
2017-12-03 00:40:58,951 - classifer_names    = _1vs1
2017-12-03 00:40:58,953 - c                  = 2000
2017-12-03 00:40:58,953 - kernel             = linear
2017-12-03 00:40:58,953 - ##################################################
2017-12-03 00:40:58,964 - time_fit           = 0.0105155659371
2017-12-03 00:40:58,964 - ##################################################
2017-12-03 00:40:58,967 - y_predit_train      =
 [1 1 1 1 2 2 2 2 2 2 2 3 3 3 3 3 4 4 4 4 4 4 4]
2017-12-03 00:40:58,967 - accuracy_train     = 1.0
2017-12-03 00:40:58,970 - n_missamples_train = 0
2017-12-03 00:40:58,970 - mis_indices_train  =
 []
2017-12-03 00:40:58,971 - y_mis              =
 []
2017-12-03 00:40:58,971 - y_predit_false     =
 []
2017-12-03 00:40:58,973 - ##################################################
2017-12-03 00:40:58,973 - y_predit_test      =
 [1 1 1 1 2 2 2 2 2 2 2 3 3 3 3 3 4 4 4 4 4 4 4]
2017-12-03 00:40:58,974 - accuracy_test      = 0.695652173913
2017-12-03 00:40:58,976 - n_missamples_test  = 7
2017-12-03 00:40:58,976 - mis_indices_test   =
 [ 4  5  6  7  8  9 10]
2017-12-03 00:40:58,976 - y_mis              =
 [-2 -2 -2 -2 -2 -2 -2]
2017-12-03 00:40:58,979 - y_predit_false     =
 [2 2 2 2 2 2 2]
2017-12-03 00:42:16,326 - ****************************************************************************************************
2017-12-03 00:42:16,326 - dataset name        my dataset
2017-12-03 00:42:16,328 - classifer_names     _1vs1
2017-12-03 00:42:16,328 - c                   2000
2017-12-03 00:42:16,328 - kernel              linear
2017-12-03 00:42:16,328 - ##################################################
2017-12-03 00:42:16,338 - time_fit            0.00969447168358
2017-12-03 00:42:16,339 - ##################################################
2017-12-03 00:42:16,341 - y_predit_train      
 [1 1 1 1 2 2 2 2 2 2 2 3 3 3 3 3 4 4 4 4 4 4 4]
2017-12-03 00:42:16,342 - accuracy_train      1.0
2017-12-03 00:42:16,342 - n_missamples_train  0
2017-12-03 00:42:16,344 - mis_indices_train  
 []
2017-12-03 00:42:16,345 - y_mis              
 []
2017-12-03 00:42:16,346 - y_predit_false     
 []
2017-12-03 00:42:16,348 - ##################################################
2017-12-03 00:42:16,348 - y_predit_test      
 [1 1 1 1 2 2 2 2 2 2 2 3 3 3 3 3 4 4 4 4 4 4 4]
2017-12-03 00:42:16,348 - accuracy_test       0.695652173913
2017-12-03 00:42:16,349 - n_missamples_test   7
2017-12-03 00:42:16,351 - mis_indices_test   
 [ 4  5  6  7  8  9 10]
2017-12-03 00:42:16,351 - y_mis              
 [-2 -2 -2 -2 -2 -2 -2]
2017-12-03 00:42:16,351 - y_predit_false     
 [2 2 2 2 2 2 2]
