2017-12-02 23:48:46,686 - ----------------------------------------------------------------------------------------------------
2017-12-02 23:48:46,687 - classifer_names    = _1vsrest
2017-12-02 23:48:46,687 - c                  = 2000
2017-12-02 23:48:46,687 - kernel             = linear
2017-12-02 23:48:46,743 - time_fit           = 0.0523845304132
2017-12-02 23:48:46,744 - accuracy_train     = 1.0
2017-12-02 23:48:46,744 - n_missamples_train = 0
2017-12-02 23:48:46,746 - missamples_train   =
 []
2017-12-02 23:48:46,746 - y_predit_train     =
 [1, 1, 1, 1, 2, 2, 2, 2, 2, 2, 2, 3, 3, 3, 3, 3, 4, 4, 4, 4, 4, 4, 4]
2017-12-02 23:48:46,747 - accuracy_test      = 0.695652173913
2017-12-02 23:48:46,747 - n_missamples_test  = 7
2017-12-02 23:48:46,750 - missamples_test    =
 [[4 2]
 [4 3]
 [5 1]
 [5 2]
 [5 3]
 [6 1]
 [6 2]]
2017-12-02 23:48:46,750 - y_predit_test      =
 [1, 1, 1, 1, 2, 2, 2, 2, 2, 2, 2, 3, 3, 3, 3, 3, 4, 4, 4, 4, 4, 4, 4]
2017-12-02 23:50:12,871 - --------------------------------------------------
2017-12-02 23:50:12,871 - classifer_names    = _1vsrest
2017-12-02 23:50:12,871 - c                  = 2000
2017-12-02 23:50:12,872 - kernel             = linear
2017-12-02 23:50:12,971 - time_fit           = 0.0982939628617
2017-12-02 23:50:12,973 - accuracy_train     = 1.0
2017-12-02 23:50:12,973 - n_missamples_train = 0
2017-12-02 23:50:12,974 - missamples_train   =
 []
2017-12-02 23:50:12,974 - y_predit_train     =
 [1, 1, 1, 1, 2, 2, 2, 2, 2, 2, 2, 3, 3, 3, 3, 3, 4, 4, 4, 4, 4, 4, 4]
2017-12-02 23:50:12,976 - accuracy_test      = 0.695652173913
2017-12-02 23:50:12,976 - n_missamples_test  = 7
2017-12-02 23:50:12,976 - missamples_test    =
 [[4 2]
 [4 3]
 [5 1]
 [5 2]
 [5 3]
 [6 1]
 [6 2]]
2017-12-02 23:50:12,977 - y_predit_test      =
 [1, 1, 1, 1, 2, 2, 2, 2, 2, 2, 2, 3, 3, 3, 3, 3, 4, 4, 4, 4, 4, 4, 4]
2017-12-03 00:19:38,039 - --------------------------------------------------
2017-12-03 00:19:38,039 - classifer_names    = _1vsrest
2017-12-03 00:19:38,042 - c                  = 2000
2017-12-03 00:19:38,042 - kernel             = linear
2017-12-03 00:19:38,075 - time_fit           = 0.0314774179836
2017-12-03 00:19:38,076 - accuracy_train     = 0.95652173913
2017-12-03 00:19:38,078 - n_missamples_train = 1
2017-12-03 00:19:38,078 - mis_samples X_train[[]]: [] 	 y = [] 	 y_predit = []
2017-12-03 00:19:38,079 - accuracy_test      = 0.95652173913
2017-12-03 00:19:38,081 - n_missamples_test  = 1
2017-12-03 00:19:38,082 - mis_samples X_test[[ 4  5  6  7  8  9 10]]: [[4 2]
 [4 3]
 [5 1]
 [5 2]
 [5 3]
 [6 1]
 [6 2]] 	 y = [-2 -2 -2 -2 -2 -2 -2] 	 y_predit = [2 2 2 2 2 2 2]
2017-12-03 00:23:19,605 - --------------------------------------------------
2017-12-03 00:23:19,607 - classifer_names    = _1vsrest
2017-12-03 00:23:19,608 - c                  = 2000
2017-12-03 00:23:19,608 - kernel             = linear
2017-12-03 00:23:19,704 - time_fit           = 0.0967343114334
2017-12-03 00:23:19,707 - y_predit_train      =
 [1 1 1 1 2 2 2 2 2 2 2 3 3 3 3 3 4 4 4 4 4 4 4]
2017-12-03 00:23:19,707 - accuracy_train     = 0.95652173913
2017-12-03 00:23:19,707 - n_missamples_train = 1
2017-12-03 00:23:19,709 - mis_indices_train   =
 []
2017-12-03 00:23:19,710 - y_predit_test      =
 [1 1 1 1 2 2 2 2 2 2 2 3 3 3 3 3 4 4 4 4 4 4 4]
2017-12-03 00:23:19,710 - accuracy_test      = 0.95652173913
2017-12-03 00:23:19,710 - n_missamples_test  = 1
2017-12-03 00:23:19,713 - mis_indices_test   =
 [[ 4  5  6  7  8  9 10]]
2017-12-03 00:24:17,714 - --------------------------------------------------
2017-12-03 00:24:17,716 - classifer_names    = _1vsrest
2017-12-03 00:24:17,716 - c                  = 2000
2017-12-03 00:24:17,717 - kernel             = linear
2017-12-03 00:24:17,765 - time_fit           = 0.0472980225741
2017-12-03 00:24:17,766 - y_predit_train      =
 [1 1 1 1 2 2 2 2 2 2 2 3 3 3 3 3 4 4 4 4 4 4 4]
2017-12-03 00:24:17,766 - accuracy_train     = 0.95652173913
2017-12-03 00:24:17,767 - n_missamples_train = 1
2017-12-03 00:24:17,767 - mis_indices_train   =
 []
2017-12-03 00:24:17,769 - y_predit_test      =
 [1 1 1 1 2 2 2 2 2 2 2 3 3 3 3 3 4 4 4 4 4 4 4]
2017-12-03 00:24:17,769 - accuracy_test      = 0.95652173913
2017-12-03 00:24:17,770 - n_missamples_test  = 1
2017-12-03 00:24:17,772 - mis_indices_test   =
 [[ 4  5  6  7  8  9 10]]
2017-12-03 00:25:48,401 - --------------------------------------------------
2017-12-03 00:25:48,401 - classifer_names    = _1vsrest
2017-12-03 00:25:48,403 - c                  = 2000
2017-12-03 00:25:48,404 - kernel             = linear
2017-12-03 00:25:48,431 - time_fit           = 0.0277636770996
2017-12-03 00:25:48,433 - y_predit_train      =
 [1 1 1 1 2 2 2 2 2 2 2 3 3 3 3 3 4 4 4 4 4 4 4]
2017-12-03 00:25:48,434 - accuracy_train     = 0.95652173913
2017-12-03 00:25:48,434 - n_missamples_train = 1
2017-12-03 00:25:48,434 - mis_indices_train   =
 (array([], dtype=int64),)
2017-12-03 00:25:48,437 - y_predit_test      =
 [1 1 1 1 2 2 2 2 2 2 2 3 3 3 3 3 4 4 4 4 4 4 4]
2017-12-03 00:25:48,437 - accuracy_test      = 0.95652173913
2017-12-03 00:25:48,437 - n_missamples_test  = 1
2017-12-03 00:25:48,438 - mis_indices_test   =
 (array([ 4,  5,  6,  7,  8,  9, 10], dtype=int64),)
2017-12-03 00:27:33,150 - --------------------------------------------------
2017-12-03 00:27:33,150 - classifer_names    = _1vsrest
2017-12-03 00:27:33,151 - c                  = 2000
2017-12-03 00:27:33,151 - kernel             = linear
2017-12-03 00:27:33,213 - time_fit           = 0.0613246217514
2017-12-03 00:27:33,213 - y_predit_train      =
 [1 1 1 1 2 2 2 2 2 2 2 3 3 3 3 3 4 4 4 4 4 4 4]
2017-12-03 00:27:33,216 - accuracy_train     = 0.95652173913
2017-12-03 00:27:33,217 - n_missamples_train = 1
2017-12-03 00:27:33,217 - mis_indices_train   =
 [(array([], dtype=int64),)]
2017-12-03 00:27:33,220 - y_predit_test      =
 [1 1 1 1 2 2 2 2 2 2 2 3 3 3 3 3 4 4 4 4 4 4 4]
2017-12-03 00:27:33,220 - accuracy_test      = 0.95652173913
2017-12-03 00:27:33,220 - n_missamples_test  = 1
2017-12-03 00:27:33,220 - mis_indices_test   =
 [(array([ 4,  5,  6,  7,  8,  9, 10], dtype=int64),)]
2017-12-03 00:32:26,506 - --------------------------------------------------
2017-12-03 00:32:26,506 - classifer_names    = _1vsrest
2017-12-03 00:32:26,507 - c                  = 2000
2017-12-03 00:32:26,509 - kernel             = linear
2017-12-03 00:32:26,579 - time_fit           = 0.0710327783392
2017-12-03 00:32:26,581 - y_predit_train      =
 [1 1 1 1 2 2 2 2 2 2 2 3 3 3 3 3 4 4 4 4 4 4 4]
2017-12-03 00:32:26,582 - accuracy_train     = 1.0
2017-12-03 00:32:26,582 - n_missamples_train = 0
2017-12-03 00:32:26,582 - mis_indices_train   =
 []
2017-12-03 00:32:26,584 - y_predit_test      =
 [1 1 1 1 2 2 2 2 2 2 2 3 3 3 3 3 4 4 4 4 4 4 4]
2017-12-03 00:32:26,585 - accuracy_test      = 0.695652173913
2017-12-03 00:32:26,585 - n_missamples_test  = 7
2017-12-03 00:32:26,585 - mis_indices_test   =
 [ 4  5  6  7  8  9 10]
2017-12-03 00:34:20,275 - --------------------------------------------------
2017-12-03 00:34:20,276 - classifer_names    = _1vsrest
2017-12-03 00:34:20,276 - c                  = 2000
2017-12-03 00:34:20,276 - kernel             = linear
2017-12-03 00:34:20,308 - time_fit           = 0.0298946732793
2017-12-03 00:34:20,309 - y_predit_train      =
 [1 1 1 1 2 2 2 2 2 2 2 3 3 3 3 3 4 4 4 4 4 4 4]
2017-12-03 00:34:20,309 - accuracy_train     = 1.0
2017-12-03 00:34:20,311 - n_missamples_train = 0
2017-12-03 00:34:20,312 - mis_indices_train  =
 []
2017-12-03 00:34:20,312 - y_predit_false     =
 []
2017-12-03 00:34:20,313 - y_predit_test      =
 [1 1 1 1 2 2 2 2 2 2 2 3 3 3 3 3 4 4 4 4 4 4 4]
2017-12-03 00:34:20,313 - accuracy_test      = 0.695652173913
2017-12-03 00:34:20,315 - n_missamples_test  = 7
2017-12-03 00:34:20,315 - mis_indices_test   =
 [ 4  5  6  7  8  9 10]
2017-12-03 00:34:20,315 - y_predit_false     =
 [2 2 2 2 2 2 2]
2017-12-03 00:35:46,513 - --------------------------------------------------
2017-12-03 00:35:46,513 - classifer_names    = _1vsrest
2017-12-03 00:35:46,516 - c                  = 2000
2017-12-03 00:35:46,517 - kernel             = linear
2017-12-03 00:35:46,618 - time_fit           = 0.100761949808
2017-12-03 00:35:46,619 - y_predit_train      =
 [1 1 1 1 2 2 2 2 2 2 2 3 3 3 3 3 4 4 4 4 4 4 4]
2017-12-03 00:35:46,619 - accuracy_train     = 1.0
2017-12-03 00:35:46,621 - n_missamples_train = 0
2017-12-03 00:35:46,621 - mis_indices_train  =
 []
2017-12-03 00:35:46,621 - y_mis              =
 []
2017-12-03 00:35:46,622 - y_predit_false     =
 []
2017-12-03 00:35:46,624 - y_predit_test      =
 [1 1 1 1 2 2 2 2 2 2 2 3 3 3 3 3 4 4 4 4 4 4 4]
2017-12-03 00:35:46,624 - accuracy_test      = 0.695652173913
2017-12-03 00:35:46,624 - n_missamples_test  = 7
2017-12-03 00:35:46,625 - mis_indices_test   =
 [ 4  5  6  7  8  9 10]
2017-12-03 00:35:46,625 - y_mis              =
 []
2017-12-03 00:35:46,625 - y_predit_false     =
 [2 2 2 2 2 2 2]
2017-12-03 00:36:17,312 - --------------------------------------------------
2017-12-03 00:36:17,312 - classifer_names    = _1vsrest
2017-12-03 00:36:17,313 - c                  = 2000
2017-12-03 00:36:17,313 - kernel             = linear
2017-12-03 00:36:17,345 - time_fit           = 0.0308953819008
2017-12-03 00:36:17,348 - y_predit_train      =
 [1 1 1 1 2 2 2 2 2 2 2 3 3 3 3 3 4 4 4 4 4 4 4]
2017-12-03 00:36:17,348 - accuracy_train     = 1.0
2017-12-03 00:36:17,348 - n_missamples_train = 0
2017-12-03 00:36:17,349 - mis_indices_train  =
 []
2017-12-03 00:36:17,351 - y_mis              =
 []
2017-12-03 00:36:17,351 - y_predit_false     =
 []
2017-12-03 00:36:17,352 - y_predit_test      =
 [1 1 1 1 2 2 2 2 2 2 2 3 3 3 3 3 4 4 4 4 4 4 4]
2017-12-03 00:36:17,354 - accuracy_test      = 0.695652173913
2017-12-03 00:36:17,354 - n_missamples_test  = 7
2017-12-03 00:36:17,355 - mis_indices_test   =
 [ 4  5  6  7  8  9 10]
2017-12-03 00:36:17,357 - y_mis              =
 [-2 -2 -2 -2 -2 -2 -2]
2017-12-03 00:36:17,358 - y_predit_false     =
 [2 2 2 2 2 2 2]
2017-12-03 00:36:49,845 - --------------------------------------------------
2017-12-03 00:36:49,845 - classifer_names    = _1vsrest
2017-12-03 00:36:49,846 - c                  = 2000
2017-12-03 00:36:49,846 - kernel             = linear
2017-12-03 00:36:49,924 - time_fit           = 0.0760076686782
2017-12-03 00:36:49,924 - y_predit_train      =
 [1 1 1 1 2 2 2 2 2 2 2 3 3 3 3 3 4 4 4 4 4 4 4]
2017-12-03 00:36:49,926 - accuracy_train     = 1.0
2017-12-03 00:36:49,926 - n_missamples_train = 0
2017-12-03 00:36:49,927 - mis_indices_train  =
 []
2017-12-03 00:36:49,927 - y_mis              =
 []
2017-12-03 00:36:49,928 - y_predit_false     =
 []
2017-12-03 00:36:49,928 - ..................................................
2017-12-03 00:36:49,930 - y_predit_test      =
 [1 1 1 1 2 2 2 2 2 2 2 3 3 3 3 3 4 4 4 4 4 4 4]
2017-12-03 00:36:49,930 - accuracy_test      = 0.695652173913
2017-12-03 00:36:49,930 - n_missamples_test  = 7
2017-12-03 00:36:49,933 - mis_indices_test   =
 [ 4  5  6  7  8  9 10]
2017-12-03 00:36:49,934 - y_mis              =
 [-2 -2 -2 -2 -2 -2 -2]
2017-12-03 00:36:49,934 - y_predit_false     =
 [2 2 2 2 2 2 2]
2017-12-03 00:37:29,711 - ==================================================
2017-12-03 00:37:29,711 - classifer_names    = _1vsrest
2017-12-03 00:37:29,714 - c                  = 2000
2017-12-03 00:37:29,716 - kernel             = linear
2017-12-03 00:37:29,802 - time_fit           = 0.0859300795478
2017-12-03 00:37:29,802 - y_predit_train      =
 [1 1 1 1 2 2 2 2 2 2 2 3 3 3 3 3 4 4 4 4 4 4 4]
2017-12-03 00:37:29,803 - accuracy_train     = 1.0
2017-12-03 00:37:29,805 - n_missamples_train = 0
2017-12-03 00:37:29,805 - mis_indices_train  =
 []
2017-12-03 00:37:29,806 - y_mis              =
 []
2017-12-03 00:37:29,808 - y_predit_false     =
 []
2017-12-03 00:37:29,808 - ##################################################
2017-12-03 00:37:29,809 - y_predit_test      =
 [1 1 1 1 2 2 2 2 2 2 2 3 3 3 3 3 4 4 4 4 4 4 4]
2017-12-03 00:37:29,809 - accuracy_test      = 0.695652173913
2017-12-03 00:37:29,811 - n_missamples_test  = 7
2017-12-03 00:37:29,812 - mis_indices_test   =
 [ 4  5  6  7  8  9 10]
2017-12-03 00:37:29,813 - y_mis              =
 [-2 -2 -2 -2 -2 -2 -2]
2017-12-03 00:37:29,815 - y_predit_false     =
 [2 2 2 2 2 2 2]
2017-12-03 00:40:17,055 - ==================================================
2017-12-03 00:40:17,055 - dataset name       = my dataset
2017-12-03 00:40:17,056 - classifer_names    = _1vsrest
2017-12-03 00:40:17,056 - c                  = 2000
2017-12-03 00:40:17,058 - kernel             = linear
2017-12-03 00:40:17,089 - time_fit           = 0.0296440684707
2017-12-03 00:40:17,091 - y_predit_train      =
 [1 1 1 1 2 2 2 2 2 2 2 3 3 3 3 3 4 4 4 4 4 4 4]
2017-12-03 00:40:17,092 - accuracy_train     = 1.0
2017-12-03 00:40:17,092 - n_missamples_train = 0
2017-12-03 00:40:17,094 - mis_indices_train  =
 []
2017-12-03 00:40:17,095 - y_mis              =
 []
2017-12-03 00:40:17,095 - y_predit_false     =
 []
2017-12-03 00:40:17,095 - ##################################################
2017-12-03 00:40:17,098 - y_predit_test      =
 [1 1 1 1 2 2 2 2 2 2 2 3 3 3 3 3 4 4 4 4 4 4 4]
2017-12-03 00:40:17,098 - accuracy_test      = 0.695652173913
2017-12-03 00:40:17,098 - n_missamples_test  = 7
2017-12-03 00:40:17,099 - mis_indices_test   =
 [ 4  5  6  7  8  9 10]
2017-12-03 00:40:17,101 - y_mis              =
 [-2 -2 -2 -2 -2 -2 -2]
2017-12-03 00:40:17,101 - y_predit_false     =
 [2 2 2 2 2 2 2]
2017-12-03 00:40:42,921 - ==================================================
2017-12-03 00:40:42,921 - dataset name       = my dataset
2017-12-03 00:40:42,924 - classifer_names    = _1vsrest
2017-12-03 00:40:42,924 - c                  = 2000
2017-12-03 00:40:42,926 - kernel             = linear
2017-12-03 00:40:42,926 - ##################################################
2017-12-03 00:40:42,973 - time_fit           = 0.046213066261
2017-12-03 00:40:42,973 - y_predit_train      =
 [1 1 1 1 2 2 2 2 2 2 2 3 3 3 3 3 4 4 4 4 4 4 4]
2017-12-03 00:40:42,974 - accuracy_train     = 1.0
2017-12-03 00:40:42,976 - n_missamples_train = 0
2017-12-03 00:40:42,976 - mis_indices_train  =
 []
2017-12-03 00:40:42,976 - y_mis              =
 []
2017-12-03 00:40:42,977 - y_predit_false     =
 []
2017-12-03 00:40:42,979 - ##################################################
2017-12-03 00:40:42,980 - y_predit_test      =
 [1 1 1 1 2 2 2 2 2 2 2 3 3 3 3 3 4 4 4 4 4 4 4]
2017-12-03 00:40:42,980 - accuracy_test      = 0.695652173913
2017-12-03 00:40:42,982 - n_missamples_test  = 7
2017-12-03 00:40:42,983 - mis_indices_test   =
 [ 4  5  6  7  8  9 10]
2017-12-03 00:40:42,983 - y_mis              =
 [-2 -2 -2 -2 -2 -2 -2]
2017-12-03 00:40:42,984 - y_predit_false     =
 [2 2 2 2 2 2 2]
2017-12-03 00:40:58,979 - ==================================================
2017-12-03 00:40:58,980 - dataset name       = my dataset
2017-12-03 00:40:58,980 - classifer_names    = _1vsrest
2017-12-03 00:40:58,980 - c                  = 2000
2017-12-03 00:40:58,980 - kernel             = linear
2017-12-03 00:40:58,982 - ##################################################
2017-12-03 00:40:59,089 - time_fit           = 0.106593429621
2017-12-03 00:40:59,091 - ##################################################
2017-12-03 00:40:59,092 - y_predit_train      =
 [1 1 1 1 2 2 2 2 2 2 2 3 3 3 3 3 4 4 4 4 4 4 4]
2017-12-03 00:40:59,092 - accuracy_train     = 1.0
2017-12-03 00:40:59,092 - n_missamples_train = 0
2017-12-03 00:40:59,094 - mis_indices_train  =
 []
2017-12-03 00:40:59,095 - y_mis              =
 []
2017-12-03 00:40:59,095 - y_predit_false     =
 []
2017-12-03 00:40:59,095 - ##################################################
2017-12-03 00:40:59,096 - y_predit_test      =
 [1 1 1 1 2 2 2 2 2 2 2 3 3 3 3 3 4 4 4 4 4 4 4]
2017-12-03 00:40:59,098 - accuracy_test      = 0.695652173913
2017-12-03 00:40:59,098 - n_missamples_test  = 7
2017-12-03 00:40:59,098 - mis_indices_test   =
 [ 4  5  6  7  8  9 10]
2017-12-03 00:40:59,098 - y_mis              =
 [-2 -2 -2 -2 -2 -2 -2]
2017-12-03 00:40:59,101 - y_predit_false     =
 [2 2 2 2 2 2 2]
2017-12-03 00:42:16,352 - ****************************************************************************************************
2017-12-03 00:42:16,355 - dataset name        my dataset
2017-12-03 00:42:16,355 - classifer_names     _1vsrest
2017-12-03 00:42:16,355 - c                   2000
2017-12-03 00:42:16,357 - kernel              linear
2017-12-03 00:42:16,358 - ##################################################
2017-12-03 00:42:16,388 - time_fit            0.0310968065848
2017-12-03 00:42:16,390 - ##################################################
2017-12-03 00:42:16,391 - y_predit_train      
 [1 1 1 1 2 2 2 2 2 2 2 3 3 3 3 3 4 4 4 4 4 4 4]
2017-12-03 00:42:16,391 - accuracy_train      1.0
2017-12-03 00:42:16,391 - n_missamples_train  0
2017-12-03 00:42:16,392 - mis_indices_train  
 []
2017-12-03 00:42:16,394 - y_mis              
 []
2017-12-03 00:42:16,394 - y_predit_false     
 []
2017-12-03 00:42:16,394 - ##################################################
2017-12-03 00:42:16,395 - y_predit_test      
 [1 1 1 1 2 2 2 2 2 2 2 3 3 3 3 3 4 4 4 4 4 4 4]
2017-12-03 00:42:16,397 - accuracy_test       0.695652173913
2017-12-03 00:42:16,397 - n_missamples_test   7
2017-12-03 00:42:16,398 - mis_indices_test   
 [ 4  5  6  7  8  9 10]
2017-12-03 00:42:16,398 - y_mis              
 [-2 -2 -2 -2 -2 -2 -2]
2017-12-03 00:42:16,398 - y_predit_false     
 [2 2 2 2 2 2 2]
