2017-12-02 23:48:46,082 - ----------------------------------------------------------------------------------------------------
2017-12-02 23:48:46,082 - classifer_names    = _1vsrest
2017-12-02 23:48:46,082 - c                  = 200
2017-12-02 23:48:46,082 - kernel             = linear
2017-12-02 23:48:46,168 - time_fit           = 0.0826307346698
2017-12-02 23:48:46,170 - accuracy_train     = 1.0
2017-12-02 23:48:46,171 - n_missamples_train = 0
2017-12-02 23:48:46,171 - missamples_train   =
 []
2017-12-02 23:48:46,171 - y_predit_train     =
 [1, 1, 1, 1, 2, 2, 2, 2, 2, 2, 2, 3, 3, 3, 3, 3, 4, 4, 4, 4, 4, 4, 4]
2017-12-02 23:48:46,173 - accuracy_test      = 0.695652173913
2017-12-02 23:48:46,174 - n_missamples_test  = 7
2017-12-02 23:48:46,174 - missamples_test    =
 [[4 2]
 [4 3]
 [5 1]
 [5 2]
 [5 3]
 [6 1]
 [6 2]]
2017-12-02 23:48:46,174 - y_predit_test      =
 [1, 1, 1, 1, 2, 2, 2, 2, 2, 2, 2, 3, 3, 3, 3, 3, 4, 4, 4, 4, 4, 4, 4]
2017-12-02 23:50:12,079 - --------------------------------------------------
2017-12-02 23:50:12,081 - classifer_names    = _1vsrest
2017-12-02 23:50:12,082 - c                  = 200
2017-12-02 23:50:12,082 - kernel             = linear
2017-12-02 23:50:12,157 - time_fit           = 0.0743389656693
2017-12-02 23:50:12,157 - accuracy_train     = 1.0
2017-12-02 23:50:12,158 - n_missamples_train = 0
2017-12-02 23:50:12,160 - missamples_train   =
 []
2017-12-02 23:50:12,160 - y_predit_train     =
 [1, 1, 1, 1, 2, 2, 2, 2, 2, 2, 2, 3, 3, 3, 3, 3, 4, 4, 4, 4, 4, 4, 4]
2017-12-02 23:50:12,161 - accuracy_test      = 0.695652173913
2017-12-02 23:50:12,161 - n_missamples_test  = 7
2017-12-02 23:50:12,163 - missamples_test    =
 [[4 2]
 [4 3]
 [5 1]
 [5 2]
 [5 3]
 [6 1]
 [6 2]]
2017-12-02 23:50:12,163 - y_predit_test      =
 [1, 1, 1, 1, 2, 2, 2, 2, 2, 2, 2, 3, 3, 3, 3, 3, 4, 4, 4, 4, 4, 4, 4]
2017-12-03 00:19:37,487 - --------------------------------------------------
2017-12-03 00:19:37,489 - classifer_names    = _1vsrest
2017-12-03 00:19:37,489 - c                  = 200
2017-12-03 00:19:37,490 - kernel             = linear
2017-12-03 00:19:37,578 - time_fit           = 0.0879460370014
2017-12-03 00:19:37,581 - accuracy_train     = 0.95652173913
2017-12-03 00:19:37,582 - n_missamples_train = 1
2017-12-03 00:19:37,582 - mis_samples X_train[[]]: [] 	 y = [] 	 y_predit = []
2017-12-03 00:19:37,584 - accuracy_test      = 0.95652173913
2017-12-03 00:19:37,584 - n_missamples_test  = 1
2017-12-03 00:19:37,585 - mis_samples X_test[[ 4  5  6  7  8  9 10]]: [[4 2]
 [4 3]
 [5 1]
 [5 2]
 [5 3]
 [6 1]
 [6 2]] 	 y = [-2 -2 -2 -2 -2 -2 -2] 	 y_predit = [2 2 2 2 2 2 2]
2017-12-03 00:23:19,015 - --------------------------------------------------
2017-12-03 00:23:19,016 - classifer_names    = _1vsrest
2017-12-03 00:23:19,016 - c                  = 200
2017-12-03 00:23:19,016 - kernel             = linear
2017-12-03 00:23:19,095 - time_fit           = 0.0780899123867
2017-12-03 00:23:19,098 - y_predit_train      =
 [1 1 1 1 2 2 2 2 2 2 2 3 3 3 3 3 4 4 4 4 4 4 4]
2017-12-03 00:23:19,098 - accuracy_train     = 0.95652173913
2017-12-03 00:23:19,098 - n_missamples_train = 1
2017-12-03 00:23:19,099 - mis_indices_train   =
 []
2017-12-03 00:23:19,101 - y_predit_test      =
 [1 1 1 1 2 2 2 2 2 2 2 3 3 3 3 3 4 4 4 4 4 4 4]
2017-12-03 00:23:19,101 - accuracy_test      = 0.95652173913
2017-12-03 00:23:19,101 - n_missamples_test  = 1
2017-12-03 00:23:19,102 - mis_indices_test   =
 [[ 4  5  6  7  8  9 10]]
2017-12-03 00:24:17,217 - --------------------------------------------------
2017-12-03 00:24:17,219 - classifer_names    = _1vsrest
2017-12-03 00:24:17,220 - c                  = 200
2017-12-03 00:24:17,220 - kernel             = linear
2017-12-03 00:24:17,312 - time_fit           = 0.0916927071862
2017-12-03 00:24:17,313 - y_predit_train      =
 [1 1 1 1 2 2 2 2 2 2 2 3 3 3 3 3 4 4 4 4 4 4 4]
2017-12-03 00:24:17,315 - accuracy_train     = 0.95652173913
2017-12-03 00:24:17,315 - n_missamples_train = 1
2017-12-03 00:24:17,316 - mis_indices_train   =
 []
2017-12-03 00:24:17,318 - y_predit_test      =
 [1 1 1 1 2 2 2 2 2 2 2 3 3 3 3 3 4 4 4 4 4 4 4]
2017-12-03 00:24:17,319 - accuracy_test      = 0.95652173913
2017-12-03 00:24:17,319 - n_missamples_test  = 1
2017-12-03 00:24:17,319 - mis_indices_test   =
 [[ 4  5  6  7  8  9 10]]
2017-12-03 00:25:47,753 - --------------------------------------------------
2017-12-03 00:25:47,753 - classifer_names    = _1vsrest
2017-12-03 00:25:47,753 - c                  = 200
2017-12-03 00:25:47,753 - kernel             = linear
2017-12-03 00:25:47,822 - time_fit           = 0.0684437655211
2017-12-03 00:25:47,823 - y_predit_train      =
 [1 1 1 1 2 2 2 2 2 2 2 3 3 3 3 3 4 4 4 4 4 4 4]
2017-12-03 00:25:47,823 - accuracy_train     = 0.95652173913
2017-12-03 00:25:47,825 - n_missamples_train = 1
2017-12-03 00:25:47,825 - mis_indices_train   =
 (array([], dtype=int64),)
2017-12-03 00:25:47,826 - y_predit_test      =
 [1 1 1 1 2 2 2 2 2 2 2 3 3 3 3 3 4 4 4 4 4 4 4]
2017-12-03 00:25:47,826 - accuracy_test      = 0.95652173913
2017-12-03 00:25:47,828 - n_missamples_test  = 1
2017-12-03 00:25:47,828 - mis_indices_test   =
 (array([ 4,  5,  6,  7,  8,  9, 10], dtype=int64),)
2017-12-03 00:27:32,671 - --------------------------------------------------
2017-12-03 00:27:32,671 - classifer_names    = _1vsrest
2017-12-03 00:27:32,671 - c                  = 200
2017-12-03 00:27:32,671 - kernel             = linear
2017-12-03 00:27:32,703 - time_fit           = 0.0292698718708
2017-12-03 00:27:32,704 - y_predit_train      =
 [1 1 1 1 2 2 2 2 2 2 2 3 3 3 3 3 4 4 4 4 4 4 4]
2017-12-03 00:27:32,706 - accuracy_train     = 0.95652173913
2017-12-03 00:27:32,706 - n_missamples_train = 1
2017-12-03 00:27:32,707 - mis_indices_train   =
 [(array([], dtype=int64),)]
2017-12-03 00:27:32,709 - y_predit_test      =
 [1 1 1 1 2 2 2 2 2 2 2 3 3 3 3 3 4 4 4 4 4 4 4]
2017-12-03 00:27:32,710 - accuracy_test      = 0.95652173913
2017-12-03 00:27:32,710 - n_missamples_test  = 1
2017-12-03 00:27:32,710 - mis_indices_test   =
 [(array([ 4,  5,  6,  7,  8,  9, 10], dtype=int64),)]
2017-12-03 00:32:25,874 - --------------------------------------------------
2017-12-03 00:32:25,875 - classifer_names    = _1vsrest
2017-12-03 00:32:25,875 - c                  = 200
2017-12-03 00:32:25,878 - kernel             = linear
2017-12-03 00:32:25,927 - time_fit           = 0.0490060696827
2017-12-03 00:32:25,928 - y_predit_train      =
 [1 1 1 1 2 2 2 2 2 2 2 3 3 3 3 3 4 4 4 4 4 4 4]
2017-12-03 00:32:25,930 - accuracy_train     = 1.0
2017-12-03 00:32:25,930 - n_missamples_train = 0
2017-12-03 00:32:25,930 - mis_indices_train   =
 []
2017-12-03 00:32:25,934 - y_predit_test      =
 [1 1 1 1 2 2 2 2 2 2 2 3 3 3 3 3 4 4 4 4 4 4 4]
2017-12-03 00:32:25,934 - accuracy_test      = 0.695652173913
2017-12-03 00:32:25,934 - n_missamples_test  = 7
2017-12-03 00:32:25,936 - mis_indices_test   =
 [ 4  5  6  7  8  9 10]
2017-12-03 00:34:19,872 - --------------------------------------------------
2017-12-03 00:34:19,874 - classifer_names    = _1vsrest
2017-12-03 00:34:19,875 - c                  = 200
2017-12-03 00:34:19,875 - kernel             = linear
2017-12-03 00:34:19,904 - time_fit           = 0.0287896172632
2017-12-03 00:34:19,907 - y_predit_train      =
 [1 1 1 1 2 2 2 2 2 2 2 3 3 3 3 3 4 4 4 4 4 4 4]
2017-12-03 00:34:19,907 - accuracy_train     = 1.0
2017-12-03 00:34:19,908 - n_missamples_train = 0
2017-12-03 00:34:19,910 - mis_indices_train  =
 []
2017-12-03 00:34:19,910 - y_predit_false     =
 []
2017-12-03 00:34:19,911 - y_predit_test      =
 [1 1 1 1 2 2 2 2 2 2 2 3 3 3 3 3 4 4 4 4 4 4 4]
2017-12-03 00:34:19,911 - accuracy_test      = 0.695652173913
2017-12-03 00:34:19,913 - n_missamples_test  = 7
2017-12-03 00:34:19,913 - mis_indices_test   =
 [ 4  5  6  7  8  9 10]
2017-12-03 00:34:19,914 - y_predit_false     =
 [2 2 2 2 2 2 2]
2017-12-03 00:35:45,963 - --------------------------------------------------
2017-12-03 00:35:45,966 - classifer_names    = _1vsrest
2017-12-03 00:35:45,967 - c                  = 200
2017-12-03 00:35:45,967 - kernel             = linear
2017-12-03 00:35:46,062 - time_fit           = 0.0934516450324
2017-12-03 00:35:46,062 - y_predit_train      =
 [1 1 1 1 2 2 2 2 2 2 2 3 3 3 3 3 4 4 4 4 4 4 4]
2017-12-03 00:35:46,063 - accuracy_train     = 1.0
2017-12-03 00:35:46,065 - n_missamples_train = 0
2017-12-03 00:35:46,065 - mis_indices_train  =
 []
2017-12-03 00:35:46,065 - y_mis              =
 []
2017-12-03 00:35:46,066 - y_predit_false     =
 []
2017-12-03 00:35:46,068 - y_predit_test      =
 [1 1 1 1 2 2 2 2 2 2 2 3 3 3 3 3 4 4 4 4 4 4 4]
2017-12-03 00:35:46,068 - accuracy_test      = 0.695652173913
2017-12-03 00:35:46,069 - n_missamples_test  = 7
2017-12-03 00:35:46,069 - mis_indices_test   =
 [ 4  5  6  7  8  9 10]
2017-12-03 00:35:46,069 - y_mis              =
 []
2017-12-03 00:35:46,072 - y_predit_false     =
 [2 2 2 2 2 2 2]
2017-12-03 00:36:16,765 - --------------------------------------------------
2017-12-03 00:36:16,766 - classifer_names    = _1vsrest
2017-12-03 00:36:16,767 - c                  = 200
2017-12-03 00:36:16,769 - kernel             = linear
2017-12-03 00:36:16,861 - time_fit           = 0.0922234248782
2017-12-03 00:36:16,862 - y_predit_train      =
 [1 1 1 1 2 2 2 2 2 2 2 3 3 3 3 3 4 4 4 4 4 4 4]
2017-12-03 00:36:16,864 - accuracy_train     = 1.0
2017-12-03 00:36:16,865 - n_missamples_train = 0
2017-12-03 00:36:16,865 - mis_indices_train  =
 []
2017-12-03 00:36:16,865 - y_mis              =
 []
2017-12-03 00:36:16,867 - y_predit_false     =
 []
2017-12-03 00:36:16,868 - y_predit_test      =
 [1 1 1 1 2 2 2 2 2 2 2 3 3 3 3 3 4 4 4 4 4 4 4]
2017-12-03 00:36:16,868 - accuracy_test      = 0.695652173913
2017-12-03 00:36:16,869 - n_missamples_test  = 7
2017-12-03 00:36:16,871 - mis_indices_test   =
 [ 4  5  6  7  8  9 10]
2017-12-03 00:36:16,872 - y_mis              =
 [-2 -2 -2 -2 -2 -2 -2]
2017-12-03 00:36:16,874 - y_predit_false     =
 [2 2 2 2 2 2 2]
2017-12-03 00:36:49,318 - --------------------------------------------------
2017-12-03 00:36:49,318 - classifer_names    = _1vsrest
2017-12-03 00:36:49,319 - c                  = 200
2017-12-03 00:36:49,319 - kernel             = linear
2017-12-03 00:36:49,417 - time_fit           = 0.0981699434172
2017-12-03 00:36:49,418 - y_predit_train      =
 [1 1 1 1 2 2 2 2 2 2 2 3 3 3 3 3 4 4 4 4 4 4 4]
2017-12-03 00:36:49,420 - accuracy_train     = 1.0
2017-12-03 00:36:49,421 - n_missamples_train = 0
2017-12-03 00:36:49,421 - mis_indices_train  =
 []
2017-12-03 00:36:49,421 - y_mis              =
 []
2017-12-03 00:36:49,423 - y_predit_false     =
 []
2017-12-03 00:36:49,424 - ..................................................
2017-12-03 00:36:49,424 - y_predit_test      =
 [1 1 1 1 2 2 2 2 2 2 2 3 3 3 3 3 4 4 4 4 4 4 4]
2017-12-03 00:36:49,424 - accuracy_test      = 0.695652173913
2017-12-03 00:36:49,424 - n_missamples_test  = 7
2017-12-03 00:36:49,426 - mis_indices_test   =
 [ 4  5  6  7  8  9 10]
2017-12-03 00:36:49,427 - y_mis              =
 [-2 -2 -2 -2 -2 -2 -2]
2017-12-03 00:36:49,428 - y_predit_false     =
 [2 2 2 2 2 2 2]
2017-12-03 00:37:28,999 - ==================================================
2017-12-03 00:37:28,999 - classifer_names    = _1vsrest
2017-12-03 00:37:29,000 - c                  = 200
2017-12-03 00:37:29,000 - kernel             = linear
2017-12-03 00:37:29,105 - time_fit           = 0.104145114724
2017-12-03 00:37:29,105 - y_predit_train      =
 [1 1 1 1 2 2 2 2 2 2 2 3 3 3 3 3 4 4 4 4 4 4 4]
2017-12-03 00:37:29,105 - accuracy_train     = 1.0
2017-12-03 00:37:29,107 - n_missamples_train = 0
2017-12-03 00:37:29,108 - mis_indices_train  =
 []
2017-12-03 00:37:29,108 - y_mis              =
 []
2017-12-03 00:37:29,108 - y_predit_false     =
 []
2017-12-03 00:37:29,109 - ##################################################
2017-12-03 00:37:29,111 - y_predit_test      =
 [1 1 1 1 2 2 2 2 2 2 2 3 3 3 3 3 4 4 4 4 4 4 4]
2017-12-03 00:37:29,111 - accuracy_test      = 0.695652173913
2017-12-03 00:37:29,111 - n_missamples_test  = 7
2017-12-03 00:37:29,112 - mis_indices_test   =
 [ 4  5  6  7  8  9 10]
2017-12-03 00:37:29,112 - y_mis              =
 [-2 -2 -2 -2 -2 -2 -2]
2017-12-03 00:37:29,115 - y_predit_false     =
 [2 2 2 2 2 2 2]
2017-12-03 00:40:16,443 - ==================================================
2017-12-03 00:40:16,446 - dataset name       = my dataset
2017-12-03 00:40:16,447 - classifer_names    = _1vsrest
2017-12-03 00:40:16,448 - c                  = 200
2017-12-03 00:40:16,448 - kernel             = linear
2017-12-03 00:40:16,482 - time_fit           = 0.0322099880129
2017-12-03 00:40:16,483 - y_predit_train      =
 [1 1 1 1 2 2 2 2 2 2 2 3 3 3 3 3 4 4 4 4 4 4 4]
2017-12-03 00:40:16,483 - accuracy_train     = 1.0
2017-12-03 00:40:16,484 - n_missamples_train = 0
2017-12-03 00:40:16,484 - mis_indices_train  =
 []
2017-12-03 00:40:16,486 - y_mis              =
 []
2017-12-03 00:40:16,486 - y_predit_false     =
 []
2017-12-03 00:40:16,486 - ##################################################
2017-12-03 00:40:16,487 - y_predit_test      =
 [1 1 1 1 2 2 2 2 2 2 2 3 3 3 3 3 4 4 4 4 4 4 4]
2017-12-03 00:40:16,489 - accuracy_test      = 0.695652173913
2017-12-03 00:40:16,489 - n_missamples_test  = 7
2017-12-03 00:40:16,489 - mis_indices_test   =
 [ 4  5  6  7  8  9 10]
2017-12-03 00:40:16,490 - y_mis              =
 [-2 -2 -2 -2 -2 -2 -2]
2017-12-03 00:40:16,490 - y_predit_false     =
 [2 2 2 2 2 2 2]
2017-12-03 00:40:42,378 - ==================================================
2017-12-03 00:40:42,378 - dataset name       = my dataset
2017-12-03 00:40:42,381 - classifer_names    = _1vsrest
2017-12-03 00:40:42,381 - c                  = 200
2017-12-03 00:40:42,381 - kernel             = linear
2017-12-03 00:40:42,382 - ##################################################
2017-12-03 00:40:42,414 - time_fit           = 0.0312742826865
2017-12-03 00:40:42,415 - y_predit_train      =
 [1 1 1 1 2 2 2 2 2 2 2 3 3 3 3 3 4 4 4 4 4 4 4]
2017-12-03 00:40:42,417 - accuracy_train     = 1.0
2017-12-03 00:40:42,417 - n_missamples_train = 0
2017-12-03 00:40:42,417 - mis_indices_train  =
 []
2017-12-03 00:40:42,418 - y_mis              =
 []
2017-12-03 00:40:42,420 - y_predit_false     =
 []
2017-12-03 00:40:42,421 - ##################################################
2017-12-03 00:40:42,421 - y_predit_test      =
 [1 1 1 1 2 2 2 2 2 2 2 3 3 3 3 3 4 4 4 4 4 4 4]
2017-12-03 00:40:42,423 - accuracy_test      = 0.695652173913
2017-12-03 00:40:42,423 - n_missamples_test  = 7
2017-12-03 00:40:42,426 - mis_indices_test   =
 [ 4  5  6  7  8  9 10]
2017-12-03 00:40:42,427 - y_mis              =
 [-2 -2 -2 -2 -2 -2 -2]
2017-12-03 00:40:42,427 - y_predit_false     =
 [2 2 2 2 2 2 2]
2017-12-03 00:40:58,407 - ==================================================
2017-12-03 00:40:58,407 - dataset name       = my dataset
2017-12-03 00:40:58,408 - classifer_names    = _1vsrest
2017-12-03 00:40:58,411 - c                  = 200
2017-12-03 00:40:58,411 - kernel             = linear
2017-12-03 00:40:58,411 - ##################################################
2017-12-03 00:40:58,470 - time_fit           = 0.0577477299096
2017-12-03 00:40:58,470 - ##################################################
2017-12-03 00:40:58,471 - y_predit_train      =
 [1 1 1 1 2 2 2 2 2 2 2 3 3 3 3 3 4 4 4 4 4 4 4]
2017-12-03 00:40:58,473 - accuracy_train     = 1.0
2017-12-03 00:40:58,473 - n_missamples_train = 0
2017-12-03 00:40:58,473 - mis_indices_train  =
 []
2017-12-03 00:40:58,474 - y_mis              =
 []
2017-12-03 00:40:58,476 - y_predit_false     =
 []
2017-12-03 00:40:58,476 - ##################################################
2017-12-03 00:40:58,477 - y_predit_test      =
 [1 1 1 1 2 2 2 2 2 2 2 3 3 3 3 3 4 4 4 4 4 4 4]
2017-12-03 00:40:58,477 - accuracy_test      = 0.695652173913
2017-12-03 00:40:58,479 - n_missamples_test  = 7
2017-12-03 00:40:58,482 - mis_indices_test   =
 [ 4  5  6  7  8  9 10]
2017-12-03 00:40:58,483 - y_mis              =
 [-2 -2 -2 -2 -2 -2 -2]
2017-12-03 00:40:58,483 - y_predit_false     =
 [2 2 2 2 2 2 2]
2017-12-03 00:42:15,813 - ****************************************************************************************************
2017-12-03 00:42:15,813 - dataset name        my dataset
2017-12-03 00:42:15,815 - classifer_names     _1vsrest
2017-12-03 00:42:15,815 - c                   200
2017-12-03 00:42:15,815 - kernel              linear
2017-12-03 00:42:15,816 - ##################################################
2017-12-03 00:42:15,864 - time_fit            0.0467472051791
2017-12-03 00:42:15,865 - ##################################################
2017-12-03 00:42:15,865 - y_predit_train      
 [1 1 1 1 2 2 2 2 2 2 2 3 3 3 3 3 4 4 4 4 4 4 4]
2017-12-03 00:42:15,865 - accuracy_train      1.0
2017-12-03 00:42:15,867 - n_missamples_train  0
2017-12-03 00:42:15,867 - mis_indices_train  
 []
2017-12-03 00:42:15,868 - y_mis              
 []
2017-12-03 00:42:15,868 - y_predit_false     
 []
2017-12-03 00:42:15,868 - ##################################################
2017-12-03 00:42:15,871 - y_predit_test      
 [1 1 1 1 2 2 2 2 2 2 2 3 3 3 3 3 4 4 4 4 4 4 4]
2017-12-03 00:42:15,871 - accuracy_test       0.695652173913
2017-12-03 00:42:15,871 - n_missamples_test   7
2017-12-03 00:42:15,871 - mis_indices_test   
 [ 4  5  6  7  8  9 10]
2017-12-03 00:42:15,872 - y_mis              
 [-2 -2 -2 -2 -2 -2 -2]
2017-12-03 00:42:15,875 - y_predit_false     
 [2 2 2 2 2 2 2]
