2017-12-02 23:48:46,059 - ----------------------------------------------------------------------------------------------------
2017-12-02 23:48:46,061 - classifer_names    = _1vs1
2017-12-02 23:48:46,061 - c                  = 200
2017-12-02 23:48:46,062 - kernel             = linear
2017-12-02 23:48:46,071 - time_fit           = 0.00802705163443
2017-12-02 23:48:46,072 - accuracy_train     = 1.0
2017-12-02 23:48:46,072 - n_missamples_train = 0
2017-12-02 23:48:46,073 - missamples_train   =
 []
2017-12-02 23:48:46,075 - y_predit_train     =
 [1 1 1 1 2 2 2 2 2 2 2 3 3 3 3 3 4 4 4 4 4 4 4]
2017-12-02 23:48:46,078 - accuracy_test      = 0.695652173913
2017-12-02 23:48:46,078 - n_missamples_test  = 7
2017-12-02 23:48:46,079 - missamples_test    =
 [[4 2]
 [4 3]
 [5 1]
 [5 2]
 [5 3]
 [6 1]
 [6 2]]
2017-12-02 23:48:46,079 - y_predit_test      =
 [1 1 1 1 2 2 2 2 2 2 2 3 3 3 3 3 4 4 4 4 4 4 4]
2017-12-02 23:50:12,058 - --------------------------------------------------
2017-12-02 23:50:12,058 - classifer_names    = _1vs1
2017-12-02 23:50:12,059 - c                  = 200
2017-12-02 23:50:12,061 - kernel             = linear
2017-12-02 23:50:12,071 - time_fit           = 0.00882761853158
2017-12-02 23:50:12,072 - accuracy_train     = 1.0
2017-12-02 23:50:12,072 - n_missamples_train = 0
2017-12-02 23:50:12,073 - missamples_train   =
 []
2017-12-02 23:50:12,075 - y_predit_train     =
 [1 1 1 1 2 2 2 2 2 2 2 3 3 3 3 3 4 4 4 4 4 4 4]
2017-12-02 23:50:12,075 - accuracy_test      = 0.695652173913
2017-12-02 23:50:12,075 - n_missamples_test  = 7
2017-12-02 23:50:12,076 - missamples_test    =
 [[4 2]
 [4 3]
 [5 1]
 [5 2]
 [5 3]
 [6 1]
 [6 2]]
2017-12-02 23:50:12,078 - y_predit_test      =
 [1 1 1 1 2 2 2 2 2 2 2 3 3 3 3 3 4 4 4 4 4 4 4]
2017-12-03 00:19:37,463 - --------------------------------------------------
2017-12-03 00:19:37,463 - classifer_names    = _1vs1
2017-12-03 00:19:37,464 - c                  = 200
2017-12-03 00:19:37,467 - kernel             = linear
2017-12-03 00:19:37,477 - time_fit           = 0.00993053628146
2017-12-03 00:19:37,480 - accuracy_train     = 0.95652173913
2017-12-03 00:19:37,480 - n_missamples_train = 1
2017-12-03 00:19:37,482 - mis_samples X_train[[]]: [] 	 y = [] 	 y_predit = []
2017-12-03 00:19:37,486 - accuracy_test      = 0.95652173913
2017-12-03 00:19:37,486 - n_missamples_test  = 1
2017-12-03 00:19:37,486 - mis_samples X_test[[ 4  5  6  7  8  9 10]]: [[4 2]
 [4 3]
 [5 1]
 [5 2]
 [5 3]
 [6 1]
 [6 2]] 	 y = [-2 -2 -2 -2 -2 -2 -2] 	 y_predit = [2 2 2 2 2 2 2]
2017-12-03 00:23:18,990 - --------------------------------------------------
2017-12-03 00:23:18,990 - classifer_names    = _1vs1
2017-12-03 00:23:18,990 - c                  = 200
2017-12-03 00:23:18,993 - kernel             = linear
2017-12-03 00:23:19,003 - time_fit           = 0.0095768670379
2017-12-03 00:23:19,005 - y_predit_train      =
 [1 1 1 1 2 2 2 2 2 2 2 3 3 3 3 3 4 4 4 4 4 4 4]
2017-12-03 00:23:19,005 - accuracy_train     = 0.95652173913
2017-12-03 00:23:19,006 - n_missamples_train = 1
2017-12-03 00:23:19,006 - mis_indices_train   =
 []
2017-12-03 00:23:19,009 - y_predit_test      =
 [1 1 1 1 2 2 2 2 2 2 2 3 3 3 3 3 4 4 4 4 4 4 4]
2017-12-03 00:23:19,009 - accuracy_test      = 0.95652173913
2017-12-03 00:23:19,012 - n_missamples_test  = 1
2017-12-03 00:23:19,013 - mis_indices_test   =
 [[ 4  5  6  7  8  9 10]]
2017-12-03 00:24:17,197 - --------------------------------------------------
2017-12-03 00:24:17,197 - classifer_names    = _1vs1
2017-12-03 00:24:17,197 - c                  = 200
2017-12-03 00:24:17,198 - kernel             = linear
2017-12-03 00:24:17,210 - time_fit           = 0.00890203019831
2017-12-03 00:24:17,210 - y_predit_train      =
 [1 1 1 1 2 2 2 2 2 2 2 3 3 3 3 3 4 4 4 4 4 4 4]
2017-12-03 00:24:17,211 - accuracy_train     = 0.95652173913
2017-12-03 00:24:17,213 - n_missamples_train = 1
2017-12-03 00:24:17,213 - mis_indices_train   =
 []
2017-12-03 00:24:17,214 - y_predit_test      =
 [1 1 1 1 2 2 2 2 2 2 2 3 3 3 3 3 4 4 4 4 4 4 4]
2017-12-03 00:24:17,216 - accuracy_test      = 0.95652173913
2017-12-03 00:24:17,216 - n_missamples_test  = 1
2017-12-03 00:24:17,217 - mis_indices_test   =
 [[ 4  5  6  7  8  9 10]]
2017-12-03 00:25:47,730 - --------------------------------------------------
2017-12-03 00:25:47,730 - classifer_names    = _1vs1
2017-12-03 00:25:47,730 - c                  = 200
2017-12-03 00:25:47,732 - kernel             = linear
2017-12-03 00:25:47,746 - time_fit           = 0.0132311641192
2017-12-03 00:25:47,747 - y_predit_train      =
 [1 1 1 1 2 2 2 2 2 2 2 3 3 3 3 3 4 4 4 4 4 4 4]
2017-12-03 00:25:47,747 - accuracy_train     = 0.95652173913
2017-12-03 00:25:47,749 - n_missamples_train = 1
2017-12-03 00:25:47,749 - mis_indices_train   =
 (array([], dtype=int64),)
2017-12-03 00:25:47,750 - y_predit_test      =
 [1 1 1 1 2 2 2 2 2 2 2 3 3 3 3 3 4 4 4 4 4 4 4]
2017-12-03 00:25:47,750 - accuracy_test      = 0.95652173913
2017-12-03 00:25:47,750 - n_missamples_test  = 1
2017-12-03 00:25:47,752 - mis_indices_test   =
 (array([ 4,  5,  6,  7,  8,  9, 10], dtype=int64),)
2017-12-03 00:27:32,650 - --------------------------------------------------
2017-12-03 00:27:32,651 - classifer_names    = _1vs1
2017-12-03 00:27:32,651 - c                  = 200
2017-12-03 00:27:32,651 - kernel             = linear
2017-12-03 00:27:32,663 - time_fit           = 0.0107178459277
2017-12-03 00:27:32,664 - y_predit_train      =
 [1 1 1 1 2 2 2 2 2 2 2 3 3 3 3 3 4 4 4 4 4 4 4]
2017-12-03 00:27:32,664 - accuracy_train     = 0.95652173913
2017-12-03 00:27:32,664 - n_missamples_train = 1
2017-12-03 00:27:32,665 - mis_indices_train   =
 [(array([], dtype=int64),)]
2017-12-03 00:27:32,667 - y_predit_test      =
 [1 1 1 1 2 2 2 2 2 2 2 3 3 3 3 3 4 4 4 4 4 4 4]
2017-12-03 00:27:32,668 - accuracy_test      = 0.95652173913
2017-12-03 00:27:32,668 - n_missamples_test  = 1
2017-12-03 00:27:32,670 - mis_indices_test   =
 [(array([ 4,  5,  6,  7,  8,  9, 10], dtype=int64),)]
2017-12-03 00:32:25,855 - --------------------------------------------------
2017-12-03 00:32:25,855 - classifer_names    = _1vs1
2017-12-03 00:32:25,855 - c                  = 200
2017-12-03 00:32:25,855 - kernel             = linear
2017-12-03 00:32:25,867 - time_fit           = 0.0089349594991
2017-12-03 00:32:25,868 - y_predit_train      =
 [1 1 1 1 2 2 2 2 2 2 2 3 3 3 3 3 4 4 4 4 4 4 4]
2017-12-03 00:32:25,868 - accuracy_train     = 1.0
2017-12-03 00:32:25,869 - n_missamples_train = 0
2017-12-03 00:32:25,869 - mis_indices_train   =
 []
2017-12-03 00:32:25,871 - y_predit_test      =
 [1 1 1 1 2 2 2 2 2 2 2 3 3 3 3 3 4 4 4 4 4 4 4]
2017-12-03 00:32:25,871 - accuracy_test      = 0.695652173913
2017-12-03 00:32:25,872 - n_missamples_test  = 7
2017-12-03 00:32:25,872 - mis_indices_test   =
 [ 4  5  6  7  8  9 10]
2017-12-03 00:34:19,848 - --------------------------------------------------
2017-12-03 00:34:19,849 - classifer_names    = _1vs1
2017-12-03 00:34:19,851 - c                  = 200
2017-12-03 00:34:19,851 - kernel             = linear
2017-12-03 00:34:19,862 - time_fit           = 0.0108876242707
2017-12-03 00:34:19,864 - y_predit_train      =
 [1 1 1 1 2 2 2 2 2 2 2 3 3 3 3 3 4 4 4 4 4 4 4]
2017-12-03 00:34:19,865 - accuracy_train     = 1.0
2017-12-03 00:34:19,865 - n_missamples_train = 0
2017-12-03 00:34:19,867 - mis_indices_train  =
 []
2017-12-03 00:34:19,867 - y_predit_false     =
 []
2017-12-03 00:34:19,869 - y_predit_test      =
 [1 1 1 1 2 2 2 2 2 2 2 3 3 3 3 3 4 4 4 4 4 4 4]
2017-12-03 00:34:19,869 - accuracy_test      = 0.695652173913
2017-12-03 00:34:19,871 - n_missamples_test  = 7
2017-12-03 00:34:19,871 - mis_indices_test   =
 [ 4  5  6  7  8  9 10]
2017-12-03 00:34:19,872 - y_predit_false     =
 [2 2 2 2 2 2 2]
2017-12-03 00:35:45,920 - --------------------------------------------------
2017-12-03 00:35:45,920 - classifer_names    = _1vs1
2017-12-03 00:35:45,921 - c                  = 200
2017-12-03 00:35:45,921 - kernel             = linear
2017-12-03 00:35:45,930 - time_fit           = 0.00779954010169
2017-12-03 00:35:45,953 - y_predit_train      =
 [1 1 1 1 2 2 2 2 2 2 2 3 3 3 3 3 4 4 4 4 4 4 4]
2017-12-03 00:35:45,954 - accuracy_train     = 1.0
2017-12-03 00:35:45,954 - n_missamples_train = 0
2017-12-03 00:35:45,956 - mis_indices_train  =
 []
2017-12-03 00:35:45,957 - y_mis              =
 []
2017-12-03 00:35:45,957 - y_predit_false     =
 []
2017-12-03 00:35:45,960 - y_predit_test      =
 [1 1 1 1 2 2 2 2 2 2 2 3 3 3 3 3 4 4 4 4 4 4 4]
2017-12-03 00:35:45,960 - accuracy_test      = 0.695652173913
2017-12-03 00:35:45,960 - n_missamples_test  = 7
2017-12-03 00:35:45,961 - mis_indices_test   =
 [ 4  5  6  7  8  9 10]
2017-12-03 00:35:45,961 - y_mis              =
 []
2017-12-03 00:35:45,963 - y_predit_false     =
 [2 2 2 2 2 2 2]
2017-12-03 00:36:16,739 - --------------------------------------------------
2017-12-03 00:36:16,740 - classifer_names    = _1vs1
2017-12-03 00:36:16,740 - c                  = 200
2017-12-03 00:36:16,742 - kernel             = linear
2017-12-03 00:36:16,752 - time_fit           = 0.00960894103218
2017-12-03 00:36:16,753 - y_predit_train      =
 [1 1 1 1 2 2 2 2 2 2 2 3 3 3 3 3 4 4 4 4 4 4 4]
2017-12-03 00:36:16,753 - accuracy_train     = 1.0
2017-12-03 00:36:16,755 - n_missamples_train = 0
2017-12-03 00:36:16,756 - mis_indices_train  =
 []
2017-12-03 00:36:16,756 - y_mis              =
 []
2017-12-03 00:36:16,759 - y_predit_false     =
 []
2017-12-03 00:36:16,760 - y_predit_test      =
 [1 1 1 1 2 2 2 2 2 2 2 3 3 3 3 3 4 4 4 4 4 4 4]
2017-12-03 00:36:16,760 - accuracy_test      = 0.695652173913
2017-12-03 00:36:16,760 - n_missamples_test  = 7
2017-12-03 00:36:16,762 - mis_indices_test   =
 [ 4  5  6  7  8  9 10]
2017-12-03 00:36:16,763 - y_mis              =
 [-2 -2 -2 -2 -2 -2 -2]
2017-12-03 00:36:16,765 - y_predit_false     =
 [2 2 2 2 2 2 2]
2017-12-03 00:36:49,292 - --------------------------------------------------
2017-12-03 00:36:49,293 - classifer_names    = _1vs1
2017-12-03 00:36:49,296 - c                  = 200
2017-12-03 00:36:49,296 - kernel             = linear
2017-12-03 00:36:49,305 - time_fit           = 0.00811258228583
2017-12-03 00:36:49,306 - y_predit_train      =
 [1 1 1 1 2 2 2 2 2 2 2 3 3 3 3 3 4 4 4 4 4 4 4]
2017-12-03 00:36:49,308 - accuracy_train     = 1.0
2017-12-03 00:36:49,309 - n_missamples_train = 0
2017-12-03 00:36:49,309 - mis_indices_train  =
 []
2017-12-03 00:36:49,309 - y_mis              =
 []
2017-12-03 00:36:49,309 - y_predit_false     =
 []
2017-12-03 00:36:49,311 - ..................................................
2017-12-03 00:36:49,312 - y_predit_test      =
 [1 1 1 1 2 2 2 2 2 2 2 3 3 3 3 3 4 4 4 4 4 4 4]
2017-12-03 00:36:49,312 - accuracy_test      = 0.695652173913
2017-12-03 00:36:49,315 - n_missamples_test  = 7
2017-12-03 00:36:49,315 - mis_indices_test   =
 [ 4  5  6  7  8  9 10]
2017-12-03 00:36:49,316 - y_mis              =
 [-2 -2 -2 -2 -2 -2 -2]
2017-12-03 00:36:49,316 - y_predit_false     =
 [2 2 2 2 2 2 2]
2017-12-03 00:37:28,973 - ==================================================
2017-12-03 00:37:28,976 - classifer_names    = _1vs1
2017-12-03 00:37:28,976 - c                  = 200
2017-12-03 00:37:28,977 - kernel             = linear
2017-12-03 00:37:28,986 - time_fit           = 0.00913681183642
2017-12-03 00:37:28,989 - y_predit_train      =
 [1 1 1 1 2 2 2 2 2 2 2 3 3 3 3 3 4 4 4 4 4 4 4]
2017-12-03 00:37:28,989 - accuracy_train     = 1.0
2017-12-03 00:37:28,990 - n_missamples_train = 0
2017-12-03 00:37:28,990 - mis_indices_train  =
 []
2017-12-03 00:37:28,990 - y_mis              =
 []
2017-12-03 00:37:28,992 - y_predit_false     =
 []
2017-12-03 00:37:28,993 - ##################################################
2017-12-03 00:37:28,994 - y_predit_test      =
 [1 1 1 1 2 2 2 2 2 2 2 3 3 3 3 3 4 4 4 4 4 4 4]
2017-12-03 00:37:28,996 - accuracy_test      = 0.695652173913
2017-12-03 00:37:28,996 - n_missamples_test  = 7
2017-12-03 00:37:28,996 - mis_indices_test   =
 [ 4  5  6  7  8  9 10]
2017-12-03 00:37:28,997 - y_mis              =
 [-2 -2 -2 -2 -2 -2 -2]
2017-12-03 00:37:28,997 - y_predit_false     =
 [2 2 2 2 2 2 2]
2017-12-03 00:40:16,417 - ==================================================
2017-12-03 00:40:16,418 - dataset name       = my dataset
2017-12-03 00:40:16,418 - classifer_names    = _1vs1
2017-12-03 00:40:16,420 - c                  = 200
2017-12-03 00:40:16,420 - kernel             = linear
2017-12-03 00:40:16,430 - time_fit           = 0.00910644845517
2017-12-03 00:40:16,430 - y_predit_train      =
 [1 1 1 1 2 2 2 2 2 2 2 3 3 3 3 3 4 4 4 4 4 4 4]
2017-12-03 00:40:16,431 - accuracy_train     = 1.0
2017-12-03 00:40:16,433 - n_missamples_train = 0
2017-12-03 00:40:16,434 - mis_indices_train  =
 []
2017-12-03 00:40:16,434 - y_mis              =
 []
2017-12-03 00:40:16,436 - y_predit_false     =
 []
2017-12-03 00:40:16,437 - ##################################################
2017-12-03 00:40:16,437 - y_predit_test      =
 [1 1 1 1 2 2 2 2 2 2 2 3 3 3 3 3 4 4 4 4 4 4 4]
2017-12-03 00:40:16,438 - accuracy_test      = 0.695652173913
2017-12-03 00:40:16,440 - n_missamples_test  = 7
2017-12-03 00:40:16,440 - mis_indices_test   =
 [ 4  5  6  7  8  9 10]
2017-12-03 00:40:16,441 - y_mis              =
 [-2 -2 -2 -2 -2 -2 -2]
2017-12-03 00:40:16,441 - y_predit_false     =
 [2 2 2 2 2 2 2]
2017-12-03 00:40:42,352 - ==================================================
2017-12-03 00:40:42,352 - dataset name       = my dataset
2017-12-03 00:40:42,354 - classifer_names    = _1vs1
2017-12-03 00:40:42,354 - c                  = 200
2017-12-03 00:40:42,355 - kernel             = linear
2017-12-03 00:40:42,355 - ##################################################
2017-12-03 00:40:42,365 - time_fit           = 0.00885798191283
2017-12-03 00:40:42,365 - y_predit_train      =
 [1 1 1 1 2 2 2 2 2 2 2 3 3 3 3 3 4 4 4 4 4 4 4]
2017-12-03 00:40:42,367 - accuracy_train     = 1.0
2017-12-03 00:40:42,368 - n_missamples_train = 0
2017-12-03 00:40:42,368 - mis_indices_train  =
 []
2017-12-03 00:40:42,368 - y_mis              =
 []
2017-12-03 00:40:42,371 - y_predit_false     =
 []
2017-12-03 00:40:42,371 - ##################################################
2017-12-03 00:40:42,374 - y_predit_test      =
 [1 1 1 1 2 2 2 2 2 2 2 3 3 3 3 3 4 4 4 4 4 4 4]
2017-12-03 00:40:42,375 - accuracy_test      = 0.695652173913
2017-12-03 00:40:42,375 - n_missamples_test  = 7
2017-12-03 00:40:42,375 - mis_indices_test   =
 [ 4  5  6  7  8  9 10]
2017-12-03 00:40:42,377 - y_mis              =
 [-2 -2 -2 -2 -2 -2 -2]
2017-12-03 00:40:42,378 - y_predit_false     =
 [2 2 2 2 2 2 2]
2017-12-03 00:40:58,380 - ==================================================
2017-12-03 00:40:58,380 - dataset name       = my dataset
2017-12-03 00:40:58,381 - classifer_names    = _1vs1
2017-12-03 00:40:58,381 - c                  = 200
2017-12-03 00:40:58,381 - kernel             = linear
2017-12-03 00:40:58,382 - ##################################################
2017-12-03 00:40:58,391 - time_fit           = 0.00905170883827
2017-12-03 00:40:58,392 - ##################################################
2017-12-03 00:40:58,394 - y_predit_train      =
 [1 1 1 1 2 2 2 2 2 2 2 3 3 3 3 3 4 4 4 4 4 4 4]
2017-12-03 00:40:58,394 - accuracy_train     = 1.0
2017-12-03 00:40:58,397 - n_missamples_train = 0
2017-12-03 00:40:58,397 - mis_indices_train  =
 []
2017-12-03 00:40:58,398 - y_mis              =
 []
2017-12-03 00:40:58,400 - y_predit_false     =
 []
2017-12-03 00:40:58,400 - ##################################################
2017-12-03 00:40:58,401 - y_predit_test      =
 [1 1 1 1 2 2 2 2 2 2 2 3 3 3 3 3 4 4 4 4 4 4 4]
2017-12-03 00:40:58,401 - accuracy_test      = 0.695652173913
2017-12-03 00:40:58,403 - n_missamples_test  = 7
2017-12-03 00:40:58,404 - mis_indices_test   =
 [ 4  5  6  7  8  9 10]
2017-12-03 00:40:58,404 - y_mis              =
 [-2 -2 -2 -2 -2 -2 -2]
2017-12-03 00:40:58,404 - y_predit_false     =
 [2 2 2 2 2 2 2]
2017-12-03 00:42:15,789 - ****************************************************************************************************
2017-12-03 00:42:15,789 - dataset name        my dataset
2017-12-03 00:42:15,789 - classifer_names     _1vs1
2017-12-03 00:42:15,790 - c                   200
2017-12-03 00:42:15,790 - kernel              linear
2017-12-03 00:42:15,792 - ##################################################
2017-12-03 00:42:15,802 - time_fit            0.00928007567752
2017-12-03 00:42:15,802 - ##################################################
2017-12-03 00:42:15,803 - y_predit_train      
 [1 1 1 1 2 2 2 2 2 2 2 3 3 3 3 3 4 4 4 4 4 4 4]
2017-12-03 00:42:15,805 - accuracy_train      1.0
2017-12-03 00:42:15,805 - n_missamples_train  0
2017-12-03 00:42:15,805 - mis_indices_train  
 []
2017-12-03 00:42:15,805 - y_mis              
 []
2017-12-03 00:42:15,806 - y_predit_false     
 []
2017-12-03 00:42:15,806 - ##################################################
2017-12-03 00:42:15,809 - y_predit_test      
 [1 1 1 1 2 2 2 2 2 2 2 3 3 3 3 3 4 4 4 4 4 4 4]
2017-12-03 00:42:15,811 - accuracy_test       0.695652173913
2017-12-03 00:42:15,812 - n_missamples_test   7
2017-12-03 00:42:15,812 - mis_indices_test   
 [ 4  5  6  7  8  9 10]
2017-12-03 00:42:15,812 - y_mis              
 [-2 -2 -2 -2 -2 -2 -2]
2017-12-03 00:42:15,812 - y_predit_false     
 [2 2 2 2 2 2 2]
