2017-12-02 23:48:46,200 - ----------------------------------------------------------------------------------------------------
2017-12-02 23:48:46,200 - classifer_names    = _1vsrest
2017-12-02 23:48:46,201 - c                  = 400
2017-12-02 23:48:46,203 - kernel             = linear
2017-12-02 23:48:46,247 - time_fit           = 0.0445080127253
2017-12-02 23:48:46,249 - accuracy_train     = 1.0
2017-12-02 23:48:46,249 - n_missamples_train = 0
2017-12-02 23:48:46,250 - missamples_train   =
 []
2017-12-02 23:48:46,250 - y_predit_train     =
 [1, 1, 1, 1, 2, 2, 2, 2, 2, 2, 2, 3, 3, 3, 3, 3, 4, 4, 4, 4, 4, 4, 4]
2017-12-02 23:48:46,252 - accuracy_test      = 0.695652173913
2017-12-02 23:48:46,252 - n_missamples_test  = 7
2017-12-02 23:48:46,253 - missamples_test    =
 [[4 2]
 [4 3]
 [5 1]
 [5 2]
 [5 3]
 [6 1]
 [6 2]]
2017-12-02 23:48:46,253 - y_predit_test      =
 [1, 1, 1, 1, 2, 2, 2, 2, 2, 2, 2, 3, 3, 3, 3, 3, 4, 4, 4, 4, 4, 4, 4]
2017-12-02 23:50:12,188 - --------------------------------------------------
2017-12-02 23:50:12,190 - classifer_names    = _1vsrest
2017-12-02 23:50:12,190 - c                  = 400
2017-12-02 23:50:12,190 - kernel             = linear
2017-12-02 23:50:12,302 - time_fit           = 0.109958205447
2017-12-02 23:50:12,302 - accuracy_train     = 1.0
2017-12-02 23:50:12,302 - n_missamples_train = 0
2017-12-02 23:50:12,303 - missamples_train   =
 []
2017-12-02 23:50:12,305 - y_predit_train     =
 [1, 1, 1, 1, 2, 2, 2, 2, 2, 2, 2, 3, 3, 3, 3, 3, 4, 4, 4, 4, 4, 4, 4]
2017-12-02 23:50:12,305 - accuracy_test      = 0.695652173913
2017-12-02 23:50:12,305 - n_missamples_test  = 7
2017-12-02 23:50:12,306 - missamples_test    =
 [[4 2]
 [4 3]
 [5 1]
 [5 2]
 [5 3]
 [6 1]
 [6 2]]
2017-12-02 23:50:12,306 - y_predit_test      =
 [1, 1, 1, 1, 2, 2, 2, 2, 2, 2, 2, 3, 3, 3, 3, 3, 4, 4, 4, 4, 4, 4, 4]
2017-12-03 00:19:37,614 - --------------------------------------------------
2017-12-03 00:19:37,615 - classifer_names    = _1vsrest
2017-12-03 00:19:37,615 - c                  = 400
2017-12-03 00:19:37,617 - kernel             = linear
2017-12-03 00:19:37,737 - time_fit           = 0.119511551556
2017-12-03 00:19:37,740 - accuracy_train     = 0.95652173913
2017-12-03 00:19:37,740 - n_missamples_train = 1
2017-12-03 00:19:37,740 - mis_samples X_train[[]]: [] 	 y = [] 	 y_predit = []
2017-12-03 00:19:37,743 - accuracy_test      = 0.95652173913
2017-12-03 00:19:37,743 - n_missamples_test  = 1
2017-12-03 00:19:37,744 - mis_samples X_test[[ 4  5  6  7  8  9 10]]: [[4 2]
 [4 3]
 [5 1]
 [5 2]
 [5 3]
 [6 1]
 [6 2]] 	 y = [-2 -2 -2 -2 -2 -2 -2] 	 y_predit = [2 2 2 2 2 2 2]
2017-12-03 00:23:19,127 - --------------------------------------------------
2017-12-03 00:23:19,127 - classifer_names    = _1vsrest
2017-12-03 00:23:19,128 - c                  = 400
2017-12-03 00:23:19,130 - kernel             = linear
2017-12-03 00:23:19,181 - time_fit           = 0.0521437616295
2017-12-03 00:23:19,183 - y_predit_train      =
 [1 1 1 1 2 2 2 2 2 2 2 3 3 3 3 3 4 4 4 4 4 4 4]
2017-12-03 00:23:19,184 - accuracy_train     = 0.95652173913
2017-12-03 00:23:19,184 - n_missamples_train = 1
2017-12-03 00:23:19,186 - mis_indices_train   =
 []
2017-12-03 00:23:19,187 - y_predit_test      =
 [1 1 1 1 2 2 2 2 2 2 2 3 3 3 3 3 4 4 4 4 4 4 4]
2017-12-03 00:23:19,187 - accuracy_test      = 0.95652173913
2017-12-03 00:23:19,188 - n_missamples_test  = 1
2017-12-03 00:23:19,190 - mis_indices_test   =
 [[ 4  5  6  7  8  9 10]]
2017-12-03 00:24:17,345 - --------------------------------------------------
2017-12-03 00:24:17,345 - classifer_names    = _1vsrest
2017-12-03 00:24:17,346 - c                  = 400
2017-12-03 00:24:17,346 - kernel             = linear
2017-12-03 00:24:17,390 - time_fit           = 0.0422273379055
2017-12-03 00:24:17,391 - y_predit_train      =
 [1 1 1 1 2 2 2 2 2 2 2 3 3 3 3 3 4 4 4 4 4 4 4]
2017-12-03 00:24:17,391 - accuracy_train     = 0.95652173913
2017-12-03 00:24:17,391 - n_missamples_train = 1
2017-12-03 00:24:17,394 - mis_indices_train   =
 []
2017-12-03 00:24:17,394 - y_predit_test      =
 [1 1 1 1 2 2 2 2 2 2 2 3 3 3 3 3 4 4 4 4 4 4 4]
2017-12-03 00:24:17,395 - accuracy_test      = 0.95652173913
2017-12-03 00:24:17,395 - n_missamples_test  = 1
2017-12-03 00:24:17,397 - mis_indices_test   =
 [[ 4  5  6  7  8  9 10]]
2017-12-03 00:25:47,848 - --------------------------------------------------
2017-12-03 00:25:47,849 - classifer_names    = _1vsrest
2017-12-03 00:25:47,849 - c                  = 400
2017-12-03 00:25:47,851 - kernel             = linear
2017-12-03 00:25:47,920 - time_fit           = 0.0690450460005
2017-12-03 00:25:47,921 - y_predit_train      =
 [1 1 1 1 2 2 2 2 2 2 2 3 3 3 3 3 4 4 4 4 4 4 4]
2017-12-03 00:25:47,921 - accuracy_train     = 0.95652173913
2017-12-03 00:25:47,921 - n_missamples_train = 1
2017-12-03 00:25:47,923 - mis_indices_train   =
 (array([], dtype=int64),)
2017-12-03 00:25:47,924 - y_predit_test      =
 [1 1 1 1 2 2 2 2 2 2 2 3 3 3 3 3 4 4 4 4 4 4 4]
2017-12-03 00:25:47,924 - accuracy_test      = 0.95652173913
2017-12-03 00:25:47,924 - n_missamples_test  = 1
2017-12-03 00:25:47,926 - mis_indices_test   =
 (array([ 4,  5,  6,  7,  8,  9, 10], dtype=int64),)
2017-12-03 00:27:32,732 - --------------------------------------------------
2017-12-03 00:27:32,733 - classifer_names    = _1vsrest
2017-12-03 00:27:32,734 - c                  = 400
2017-12-03 00:27:32,734 - kernel             = linear
2017-12-03 00:27:32,834 - time_fit           = 0.0976067240777
2017-12-03 00:27:32,835 - y_predit_train      =
 [1 1 1 1 2 2 2 2 2 2 2 3 3 3 3 3 4 4 4 4 4 4 4]
2017-12-03 00:27:32,835 - accuracy_train     = 0.95652173913
2017-12-03 00:27:32,835 - n_missamples_train = 1
2017-12-03 00:27:32,838 - mis_indices_train   =
 [(array([], dtype=int64),)]
2017-12-03 00:27:32,839 - y_predit_test      =
 [1 1 1 1 2 2 2 2 2 2 2 3 3 3 3 3 4 4 4 4 4 4 4]
2017-12-03 00:27:32,839 - accuracy_test      = 0.95652173913
2017-12-03 00:27:32,839 - n_missamples_test  = 1
2017-12-03 00:27:32,841 - mis_indices_test   =
 [(array([ 4,  5,  6,  7,  8,  9, 10], dtype=int64),)]
2017-12-03 00:32:25,963 - --------------------------------------------------
2017-12-03 00:32:25,963 - classifer_names    = _1vsrest
2017-12-03 00:32:25,963 - c                  = 400
2017-12-03 00:32:25,967 - kernel             = linear
2017-12-03 00:32:26,045 - time_fit           = 0.0771781556427
2017-12-03 00:32:26,046 - y_predit_train      =
 [1 1 1 1 2 2 2 2 2 2 2 3 3 3 3 3 4 4 4 4 4 4 4]
2017-12-03 00:32:26,046 - accuracy_train     = 1.0
2017-12-03 00:32:26,048 - n_missamples_train = 0
2017-12-03 00:32:26,048 - mis_indices_train   =
 []
2017-12-03 00:32:26,049 - y_predit_test      =
 [1 1 1 1 2 2 2 2 2 2 2 3 3 3 3 3 4 4 4 4 4 4 4]
2017-12-03 00:32:26,049 - accuracy_test      = 0.695652173913
2017-12-03 00:32:26,051 - n_missamples_test  = 7
2017-12-03 00:32:26,051 - mis_indices_test   =
 [ 4  5  6  7  8  9 10]
2017-12-03 00:34:19,943 - --------------------------------------------------
2017-12-03 00:34:19,943 - classifer_names    = _1vsrest
2017-12-03 00:34:19,944 - c                  = 400
2017-12-03 00:34:19,946 - kernel             = linear
2017-12-03 00:34:19,976 - time_fit           = 0.0303445645057
2017-12-03 00:34:19,977 - y_predit_train      =
 [1 1 1 1 2 2 2 2 2 2 2 3 3 3 3 3 4 4 4 4 4 4 4]
2017-12-03 00:34:19,979 - accuracy_train     = 1.0
2017-12-03 00:34:19,980 - n_missamples_train = 0
2017-12-03 00:34:19,982 - mis_indices_train  =
 []
2017-12-03 00:34:19,983 - y_predit_false     =
 []
2017-12-03 00:34:19,983 - y_predit_test      =
 [1 1 1 1 2 2 2 2 2 2 2 3 3 3 3 3 4 4 4 4 4 4 4]
2017-12-03 00:34:19,983 - accuracy_test      = 0.695652173913
2017-12-03 00:34:19,983 - n_missamples_test  = 7
2017-12-03 00:34:19,984 - mis_indices_test   =
 [ 4  5  6  7  8  9 10]
2017-12-03 00:34:19,986 - y_predit_false     =
 [2 2 2 2 2 2 2]
2017-12-03 00:35:46,098 - --------------------------------------------------
2017-12-03 00:35:46,098 - classifer_names    = _1vsrest
2017-12-03 00:35:46,101 - c                  = 400
2017-12-03 00:35:46,101 - kernel             = linear
2017-12-03 00:35:46,147 - time_fit           = 0.0443151411063
2017-12-03 00:35:46,148 - y_predit_train      =
 [1 1 1 1 2 2 2 2 2 2 2 3 3 3 3 3 4 4 4 4 4 4 4]
2017-12-03 00:35:46,148 - accuracy_train     = 1.0
2017-12-03 00:35:46,148 - n_missamples_train = 0
2017-12-03 00:35:46,150 - mis_indices_train  =
 []
2017-12-03 00:35:46,151 - y_mis              =
 []
2017-12-03 00:35:46,151 - y_predit_false     =
 []
2017-12-03 00:35:46,153 - y_predit_test      =
 [1 1 1 1 2 2 2 2 2 2 2 3 3 3 3 3 4 4 4 4 4 4 4]
2017-12-03 00:35:46,153 - accuracy_test      = 0.695652173913
2017-12-03 00:35:46,154 - n_missamples_test  = 7
2017-12-03 00:35:46,154 - mis_indices_test   =
 [ 4  5  6  7  8  9 10]
2017-12-03 00:35:46,154 - y_mis              =
 []
2017-12-03 00:35:46,157 - y_predit_false     =
 [2 2 2 2 2 2 2]
2017-12-03 00:36:16,901 - --------------------------------------------------
2017-12-03 00:36:16,901 - classifer_names    = _1vsrest
2017-12-03 00:36:16,901 - c                  = 400
2017-12-03 00:36:16,903 - kernel             = linear
2017-12-03 00:36:16,940 - time_fit           = 0.0369539455931
2017-12-03 00:36:16,941 - y_predit_train      =
 [1 1 1 1 2 2 2 2 2 2 2 3 3 3 3 3 4 4 4 4 4 4 4]
2017-12-03 00:36:16,943 - accuracy_train     = 1.0
2017-12-03 00:36:16,943 - n_missamples_train = 0
2017-12-03 00:36:16,944 - mis_indices_train  =
 []
2017-12-03 00:36:16,944 - y_mis              =
 []
2017-12-03 00:36:16,944 - y_predit_false     =
 []
2017-12-03 00:36:16,946 - y_predit_test      =
 [1 1 1 1 2 2 2 2 2 2 2 3 3 3 3 3 4 4 4 4 4 4 4]
2017-12-03 00:36:16,947 - accuracy_test      = 0.695652173913
2017-12-03 00:36:16,947 - n_missamples_test  = 7
2017-12-03 00:36:16,947 - mis_indices_test   =
 [ 4  5  6  7  8  9 10]
2017-12-03 00:36:16,948 - y_mis              =
 [-2 -2 -2 -2 -2 -2 -2]
2017-12-03 00:36:16,948 - y_predit_false     =
 [2 2 2 2 2 2 2]
2017-12-03 00:36:49,454 - --------------------------------------------------
2017-12-03 00:36:49,454 - classifer_names    = _1vsrest
2017-12-03 00:36:49,457 - c                  = 400
2017-12-03 00:36:49,459 - kernel             = linear
2017-12-03 00:36:49,519 - time_fit           = 0.0609983223163
2017-12-03 00:36:49,520 - y_predit_train      =
 [1 1 1 1 2 2 2 2 2 2 2 3 3 3 3 3 4 4 4 4 4 4 4]
2017-12-03 00:36:49,522 - accuracy_train     = 1.0
2017-12-03 00:36:49,522 - n_missamples_train = 0
2017-12-03 00:36:49,523 - mis_indices_train  =
 []
2017-12-03 00:36:49,523 - y_mis              =
 []
2017-12-03 00:36:49,523 - y_predit_false     =
 []
2017-12-03 00:36:49,525 - ..................................................
2017-12-03 00:36:49,526 - y_predit_test      =
 [1 1 1 1 2 2 2 2 2 2 2 3 3 3 3 3 4 4 4 4 4 4 4]
2017-12-03 00:36:49,526 - accuracy_test      = 0.695652173913
2017-12-03 00:36:49,526 - n_missamples_test  = 7
2017-12-03 00:36:49,528 - mis_indices_test   =
 [ 4  5  6  7  8  9 10]
2017-12-03 00:36:49,528 - y_mis              =
 [-2 -2 -2 -2 -2 -2 -2]
2017-12-03 00:36:49,529 - y_predit_false     =
 [2 2 2 2 2 2 2]
2017-12-03 00:37:29,154 - ==================================================
2017-12-03 00:37:29,155 - classifer_names    = _1vsrest
2017-12-03 00:37:29,160 - c                  = 400
2017-12-03 00:37:29,161 - kernel             = linear
2017-12-03 00:37:29,243 - time_fit           = 0.0803979570149
2017-12-03 00:37:29,243 - y_predit_train      =
 [1 1 1 1 2 2 2 2 2 2 2 3 3 3 3 3 4 4 4 4 4 4 4]
2017-12-03 00:37:29,243 - accuracy_train     = 1.0
2017-12-03 00:37:29,244 - n_missamples_train = 0
2017-12-03 00:37:29,246 - mis_indices_train  =
 []
2017-12-03 00:37:29,246 - y_mis              =
 []
2017-12-03 00:37:29,246 - y_predit_false     =
 []
2017-12-03 00:37:29,246 - ##################################################
2017-12-03 00:37:29,249 - y_predit_test      =
 [1 1 1 1 2 2 2 2 2 2 2 3 3 3 3 3 4 4 4 4 4 4 4]
2017-12-03 00:37:29,249 - accuracy_test      = 0.695652173913
2017-12-03 00:37:29,249 - n_missamples_test  = 7
2017-12-03 00:37:29,250 - mis_indices_test   =
 [ 4  5  6  7  8  9 10]
2017-12-03 00:37:29,250 - y_mis              =
 [-2 -2 -2 -2 -2 -2 -2]
2017-12-03 00:37:29,250 - y_predit_false     =
 [2 2 2 2 2 2 2]
2017-12-03 00:40:16,519 - ==================================================
2017-12-03 00:40:16,519 - dataset name       = my dataset
2017-12-03 00:40:16,520 - classifer_names    = _1vsrest
2017-12-03 00:40:16,523 - c                  = 400
2017-12-03 00:40:16,523 - kernel             = linear
2017-12-03 00:40:16,663 - time_fit           = 0.139281961628
2017-12-03 00:40:16,664 - y_predit_train      =
 [1 1 1 1 2 2 2 2 2 2 2 3 3 3 3 3 4 4 4 4 4 4 4]
2017-12-03 00:40:16,664 - accuracy_train     = 1.0
2017-12-03 00:40:16,665 - n_missamples_train = 0
2017-12-03 00:40:16,667 - mis_indices_train  =
 []
2017-12-03 00:40:16,667 - y_mis              =
 []
2017-12-03 00:40:16,667 - y_predit_false     =
 []
2017-12-03 00:40:16,668 - ##################################################
2017-12-03 00:40:16,670 - y_predit_test      =
 [1 1 1 1 2 2 2 2 2 2 2 3 3 3 3 3 4 4 4 4 4 4 4]
2017-12-03 00:40:16,670 - accuracy_test      = 0.695652173913
2017-12-03 00:40:16,671 - n_missamples_test  = 7
2017-12-03 00:40:16,671 - mis_indices_test   =
 [ 4  5  6  7  8  9 10]
2017-12-03 00:40:16,673 - y_mis              =
 [-2 -2 -2 -2 -2 -2 -2]
2017-12-03 00:40:16,674 - y_predit_false     =
 [2 2 2 2 2 2 2]
2017-12-03 00:40:42,456 - ==================================================
2017-12-03 00:40:42,457 - dataset name       = my dataset
2017-12-03 00:40:42,457 - classifer_names    = _1vsrest
2017-12-03 00:40:42,457 - c                  = 400
2017-12-03 00:40:42,459 - kernel             = linear
2017-12-03 00:40:42,459 - ##################################################
2017-12-03 00:40:42,555 - time_fit           = 0.0958383778599
2017-12-03 00:40:42,556 - y_predit_train      =
 [1 1 1 1 2 2 2 2 2 2 2 3 3 3 3 3 4 4 4 4 4 4 4]
2017-12-03 00:40:42,556 - accuracy_train     = 1.0
2017-12-03 00:40:42,558 - n_missamples_train = 0
2017-12-03 00:40:42,558 - mis_indices_train  =
 []
2017-12-03 00:40:42,559 - y_mis              =
 []
2017-12-03 00:40:42,559 - y_predit_false     =
 []
2017-12-03 00:40:42,559 - ##################################################
2017-12-03 00:40:42,561 - y_predit_test      =
 [1 1 1 1 2 2 2 2 2 2 2 3 3 3 3 3 4 4 4 4 4 4 4]
2017-12-03 00:40:42,562 - accuracy_test      = 0.695652173913
2017-12-03 00:40:42,562 - n_missamples_test  = 7
2017-12-03 00:40:42,562 - mis_indices_test   =
 [ 4  5  6  7  8  9 10]
2017-12-03 00:40:42,563 - y_mis              =
 [-2 -2 -2 -2 -2 -2 -2]
2017-12-03 00:40:42,563 - y_predit_false     =
 [2 2 2 2 2 2 2]
2017-12-03 00:40:58,509 - ==================================================
2017-12-03 00:40:58,512 - dataset name       = my dataset
2017-12-03 00:40:58,513 - classifer_names    = _1vsrest
2017-12-03 00:40:58,513 - c                  = 400
2017-12-03 00:40:58,513 - kernel             = linear
2017-12-03 00:40:58,515 - ##################################################
2017-12-03 00:40:58,548 - time_fit           = 0.0328292299291
2017-12-03 00:40:58,548 - ##################################################
2017-12-03 00:40:58,549 - y_predit_train      =
 [1 1 1 1 2 2 2 2 2 2 2 3 3 3 3 3 4 4 4 4 4 4 4]
2017-12-03 00:40:58,549 - accuracy_train     = 1.0
2017-12-03 00:40:58,551 - n_missamples_train = 0
2017-12-03 00:40:58,552 - mis_indices_train  =
 []
2017-12-03 00:40:58,552 - y_mis              =
 []
2017-12-03 00:40:58,552 - y_predit_false     =
 []
2017-12-03 00:40:58,553 - ##################################################
2017-12-03 00:40:58,555 - y_predit_test      =
 [1 1 1 1 2 2 2 2 2 2 2 3 3 3 3 3 4 4 4 4 4 4 4]
2017-12-03 00:40:58,555 - accuracy_test      = 0.695652173913
2017-12-03 00:40:58,556 - n_missamples_test  = 7
2017-12-03 00:40:58,558 - mis_indices_test   =
 [ 4  5  6  7  8  9 10]
2017-12-03 00:40:58,559 - y_mis              =
 [-2 -2 -2 -2 -2 -2 -2]
2017-12-03 00:40:58,561 - y_predit_false     =
 [2 2 2 2 2 2 2]
2017-12-03 00:42:15,898 - ****************************************************************************************************
2017-12-03 00:42:15,900 - dataset name        my dataset
2017-12-03 00:42:15,900 - classifer_names     _1vsrest
2017-12-03 00:42:15,901 - c                   400
2017-12-03 00:42:15,901 - kernel              linear
2017-12-03 00:42:15,901 - ##################################################
2017-12-03 00:42:15,993 - time_fit            0.0916105977609
2017-12-03 00:42:15,994 - ##################################################
2017-12-03 00:42:15,996 - y_predit_train      
 [1 1 1 1 2 2 2 2 2 2 2 3 3 3 3 3 4 4 4 4 4 4 4]
2017-12-03 00:42:15,996 - accuracy_train      1.0
2017-12-03 00:42:15,996 - n_missamples_train  0
2017-12-03 00:42:15,997 - mis_indices_train  
 []
2017-12-03 00:42:15,999 - y_mis              
 []
2017-12-03 00:42:16,000 - y_predit_false     
 []
2017-12-03 00:42:16,000 - ##################################################
2017-12-03 00:42:16,002 - y_predit_test      
 [1 1 1 1 2 2 2 2 2 2 2 3 3 3 3 3 4 4 4 4 4 4 4]
2017-12-03 00:42:16,002 - accuracy_test       0.695652173913
2017-12-03 00:42:16,003 - n_missamples_test   7
2017-12-03 00:42:16,005 - mis_indices_test   
 [ 4  5  6  7  8  9 10]
2017-12-03 00:42:16,006 - y_mis              
 [-2 -2 -2 -2 -2 -2 -2]
2017-12-03 00:42:16,006 - y_predit_false     
 [2 2 2 2 2 2 2]
