2017-12-02 23:48:46,177 - ----------------------------------------------------------------------------------------------------
2017-12-02 23:48:46,177 - classifer_names    = _1vs1
2017-12-02 23:48:46,180 - c                  = 400
2017-12-02 23:48:46,180 - kernel             = linear
2017-12-02 23:48:46,190 - time_fit           = 0.0101370928046
2017-12-02 23:48:46,191 - accuracy_train     = 1.0
2017-12-02 23:48:46,193 - n_missamples_train = 0
2017-12-02 23:48:46,194 - missamples_train   =
 []
2017-12-02 23:48:46,194 - y_predit_train     =
 [1 1 1 1 2 2 2 2 2 2 2 3 3 3 3 3 4 4 4 4 4 4 4]
2017-12-02 23:48:46,194 - accuracy_test      = 0.695652173913
2017-12-02 23:48:46,196 - n_missamples_test  = 7
2017-12-02 23:48:46,198 - missamples_test    =
 [[4 2]
 [4 3]
 [5 1]
 [5 2]
 [5 3]
 [6 1]
 [6 2]]
2017-12-02 23:48:46,200 - y_predit_test      =
 [1 1 1 1 2 2 2 2 2 2 2 3 3 3 3 3 4 4 4 4 4 4 4]
2017-12-02 23:50:12,164 - --------------------------------------------------
2017-12-02 23:50:12,164 - classifer_names    = _1vs1
2017-12-02 23:50:12,165 - c                  = 400
2017-12-02 23:50:12,168 - kernel             = linear
2017-12-02 23:50:12,178 - time_fit           = 0.008989699116
2017-12-02 23:50:12,180 - accuracy_train     = 1.0
2017-12-02 23:50:12,180 - n_missamples_train = 0
2017-12-02 23:50:12,180 - missamples_train   =
 []
2017-12-02 23:50:12,181 - y_predit_train     =
 [1 1 1 1 2 2 2 2 2 2 2 3 3 3 3 3 4 4 4 4 4 4 4]
2017-12-02 23:50:12,184 - accuracy_test      = 0.695652173913
2017-12-02 23:50:12,184 - n_missamples_test  = 7
2017-12-02 23:50:12,186 - missamples_test    =
 [[4 2]
 [4 3]
 [5 1]
 [5 2]
 [5 3]
 [6 1]
 [6 2]]
2017-12-02 23:50:12,186 - y_predit_test      =
 [1 1 1 1 2 2 2 2 2 2 2 3 3 3 3 3 4 4 4 4 4 4 4]
2017-12-03 00:19:37,585 - --------------------------------------------------
2017-12-03 00:19:37,585 - classifer_names    = _1vs1
2017-12-03 00:19:37,586 - c                  = 400
2017-12-03 00:19:37,586 - kernel             = linear
2017-12-03 00:19:37,605 - time_fit           = 0.0131541865329
2017-12-03 00:19:37,605 - accuracy_train     = 0.95652173913
2017-12-03 00:19:37,608 - n_missamples_train = 1
2017-12-03 00:19:37,609 - mis_samples X_train[[]]: [] 	 y = [] 	 y_predit = []
2017-12-03 00:19:37,611 - accuracy_test      = 0.95652173913
2017-12-03 00:19:37,611 - n_missamples_test  = 1
2017-12-03 00:19:37,614 - mis_samples X_test[[ 4  5  6  7  8  9 10]]: [[4 2]
 [4 3]
 [5 1]
 [5 2]
 [5 3]
 [6 1]
 [6 2]] 	 y = [-2 -2 -2 -2 -2 -2 -2] 	 y_predit = [2 2 2 2 2 2 2]
2017-12-03 00:23:19,102 - --------------------------------------------------
2017-12-03 00:23:19,102 - classifer_names    = _1vs1
2017-12-03 00:23:19,104 - c                  = 400
2017-12-03 00:23:19,104 - kernel             = linear
2017-12-03 00:23:19,115 - time_fit           = 0.00954992488271
2017-12-03 00:23:19,117 - y_predit_train      =
 [1 1 1 1 2 2 2 2 2 2 2 3 3 3 3 3 4 4 4 4 4 4 4]
2017-12-03 00:23:19,118 - accuracy_train     = 0.95652173913
2017-12-03 00:23:19,119 - n_missamples_train = 1
2017-12-03 00:23:19,121 - mis_indices_train   =
 []
2017-12-03 00:23:19,121 - y_predit_test      =
 [1 1 1 1 2 2 2 2 2 2 2 3 3 3 3 3 4 4 4 4 4 4 4]
2017-12-03 00:23:19,121 - accuracy_test      = 0.95652173913
2017-12-03 00:23:19,122 - n_missamples_test  = 1
2017-12-03 00:23:19,125 - mis_indices_test   =
 [[ 4  5  6  7  8  9 10]]
2017-12-03 00:24:17,321 - --------------------------------------------------
2017-12-03 00:24:17,322 - classifer_names    = _1vs1
2017-12-03 00:24:17,322 - c                  = 400
2017-12-03 00:24:17,325 - kernel             = linear
2017-12-03 00:24:17,335 - time_fit           = 0.00902262841679
2017-12-03 00:24:17,336 - y_predit_train      =
 [1 1 1 1 2 2 2 2 2 2 2 3 3 3 3 3 4 4 4 4 4 4 4]
2017-12-03 00:24:17,338 - accuracy_train     = 0.95652173913
2017-12-03 00:24:17,338 - n_missamples_train = 1
2017-12-03 00:24:17,339 - mis_indices_train   =
 []
2017-12-03 00:24:17,341 - y_predit_test      =
 [1 1 1 1 2 2 2 2 2 2 2 3 3 3 3 3 4 4 4 4 4 4 4]
2017-12-03 00:24:17,342 - accuracy_test      = 0.95652173913
2017-12-03 00:24:17,344 - n_missamples_test  = 1
2017-12-03 00:24:17,345 - mis_indices_test   =
 [[ 4  5  6  7  8  9 10]]
2017-12-03 00:25:47,828 - --------------------------------------------------
2017-12-03 00:25:47,828 - classifer_names    = _1vs1
2017-12-03 00:25:47,829 - c                  = 400
2017-12-03 00:25:47,831 - kernel             = linear
2017-12-03 00:25:47,841 - time_fit           = 0.00937159347452
2017-12-03 00:25:47,842 - y_predit_train      =
 [1 1 1 1 2 2 2 2 2 2 2 3 3 3 3 3 4 4 4 4 4 4 4]
2017-12-03 00:25:47,842 - accuracy_train     = 0.95652173913
2017-12-03 00:25:47,844 - n_missamples_train = 1
2017-12-03 00:25:47,845 - mis_indices_train   =
 (array([], dtype=int64),)
2017-12-03 00:25:47,845 - y_predit_test      =
 [1 1 1 1 2 2 2 2 2 2 2 3 3 3 3 3 4 4 4 4 4 4 4]
2017-12-03 00:25:47,846 - accuracy_test      = 0.95652173913
2017-12-03 00:25:47,848 - n_missamples_test  = 1
2017-12-03 00:25:47,848 - mis_indices_test   =
 (array([ 4,  5,  6,  7,  8,  9, 10], dtype=int64),)
2017-12-03 00:27:32,711 - --------------------------------------------------
2017-12-03 00:27:32,711 - classifer_names    = _1vs1
2017-12-03 00:27:32,713 - c                  = 400
2017-12-03 00:27:32,713 - kernel             = linear
2017-12-03 00:27:32,724 - time_fit           = 0.00934721723887
2017-12-03 00:27:32,726 - y_predit_train      =
 [1 1 1 1 2 2 2 2 2 2 2 3 3 3 3 3 4 4 4 4 4 4 4]
2017-12-03 00:27:32,726 - accuracy_train     = 0.95652173913
2017-12-03 00:27:32,727 - n_missamples_train = 1
2017-12-03 00:27:32,729 - mis_indices_train   =
 [(array([], dtype=int64),)]
2017-12-03 00:27:32,729 - y_predit_test      =
 [1 1 1 1 2 2 2 2 2 2 2 3 3 3 3 3 4 4 4 4 4 4 4]
2017-12-03 00:27:32,730 - accuracy_test      = 0.95652173913
2017-12-03 00:27:32,730 - n_missamples_test  = 1
2017-12-03 00:27:32,732 - mis_indices_test   =
 [(array([ 4,  5,  6,  7,  8,  9, 10], dtype=int64),)]
2017-12-03 00:32:25,937 - --------------------------------------------------
2017-12-03 00:32:25,937 - classifer_names    = _1vs1
2017-12-03 00:32:25,938 - c                  = 400
2017-12-03 00:32:25,940 - kernel             = linear
2017-12-03 00:32:25,956 - time_fit           = 0.0152941634311
2017-12-03 00:32:25,957 - y_predit_train      =
 [1 1 1 1 2 2 2 2 2 2 2 3 3 3 3 3 4 4 4 4 4 4 4]
2017-12-03 00:32:25,957 - accuracy_train     = 1.0
2017-12-03 00:32:25,959 - n_missamples_train = 0
2017-12-03 00:32:25,960 - mis_indices_train   =
 []
2017-12-03 00:32:25,960 - y_predit_test      =
 [1 1 1 1 2 2 2 2 2 2 2 3 3 3 3 3 4 4 4 4 4 4 4]
2017-12-03 00:32:25,960 - accuracy_test      = 0.695652173913
2017-12-03 00:32:25,961 - n_missamples_test  = 7
2017-12-03 00:32:25,963 - mis_indices_test   =
 [ 4  5  6  7  8  9 10]
2017-12-03 00:34:19,917 - --------------------------------------------------
2017-12-03 00:34:19,917 - classifer_names    = _1vs1
2017-12-03 00:34:19,918 - c                  = 400
2017-12-03 00:34:19,920 - kernel             = linear
2017-12-03 00:34:19,930 - time_fit           = 0.0105908329103
2017-12-03 00:34:19,931 - y_predit_train      =
 [1 1 1 1 2 2 2 2 2 2 2 3 3 3 3 3 4 4 4 4 4 4 4]
2017-12-03 00:34:19,933 - accuracy_train     = 1.0
2017-12-03 00:34:19,934 - n_missamples_train = 0
2017-12-03 00:34:19,936 - mis_indices_train  =
 []
2017-12-03 00:34:19,937 - y_predit_false     =
 []
2017-12-03 00:34:19,938 - y_predit_test      =
 [1 1 1 1 2 2 2 2 2 2 2 3 3 3 3 3 4 4 4 4 4 4 4]
2017-12-03 00:34:19,938 - accuracy_test      = 0.695652173913
2017-12-03 00:34:19,940 - n_missamples_test  = 7
2017-12-03 00:34:19,940 - mis_indices_test   =
 [ 4  5  6  7  8  9 10]
2017-12-03 00:34:19,941 - y_predit_false     =
 [2 2 2 2 2 2 2]
2017-12-03 00:35:46,073 - --------------------------------------------------
2017-12-03 00:35:46,073 - classifer_names    = _1vs1
2017-12-03 00:35:46,075 - c                  = 400
2017-12-03 00:35:46,075 - kernel             = linear
2017-12-03 00:35:46,085 - time_fit           = 0.00864030640501
2017-12-03 00:35:46,085 - y_predit_train      =
 [1 1 1 1 2 2 2 2 2 2 2 3 3 3 3 3 4 4 4 4 4 4 4]
2017-12-03 00:35:46,086 - accuracy_train     = 1.0
2017-12-03 00:35:46,088 - n_missamples_train = 0
2017-12-03 00:35:46,088 - mis_indices_train  =
 []
2017-12-03 00:35:46,091 - y_mis              =
 []
2017-12-03 00:35:46,092 - y_predit_false     =
 []
2017-12-03 00:35:46,092 - y_predit_test      =
 [1 1 1 1 2 2 2 2 2 2 2 3 3 3 3 3 4 4 4 4 4 4 4]
2017-12-03 00:35:46,094 - accuracy_test      = 0.695652173913
2017-12-03 00:35:46,095 - n_missamples_test  = 7
2017-12-03 00:35:46,095 - mis_indices_test   =
 [ 4  5  6  7  8  9 10]
2017-12-03 00:35:46,095 - y_mis              =
 []
2017-12-03 00:35:46,096 - y_predit_false     =
 [2 2 2 2 2 2 2]
2017-12-03 00:36:16,875 - --------------------------------------------------
2017-12-03 00:36:16,875 - classifer_names    = _1vs1
2017-12-03 00:36:16,875 - c                  = 400
2017-12-03 00:36:16,875 - kernel             = linear
2017-12-03 00:36:16,885 - time_fit           = 0.0105626077953
2017-12-03 00:36:16,888 - y_predit_train      =
 [1 1 1 1 2 2 2 2 2 2 2 3 3 3 3 3 4 4 4 4 4 4 4]
2017-12-03 00:36:16,888 - accuracy_train     = 1.0
2017-12-03 00:36:16,888 - n_missamples_train = 0
2017-12-03 00:36:16,891 - mis_indices_train  =
 []
2017-12-03 00:36:16,891 - y_mis              =
 []
2017-12-03 00:36:16,892 - y_predit_false     =
 []
2017-12-03 00:36:16,894 - y_predit_test      =
 [1 1 1 1 2 2 2 2 2 2 2 3 3 3 3 3 4 4 4 4 4 4 4]
2017-12-03 00:36:16,894 - accuracy_test      = 0.695652173913
2017-12-03 00:36:16,895 - n_missamples_test  = 7
2017-12-03 00:36:16,897 - mis_indices_test   =
 [ 4  5  6  7  8  9 10]
2017-12-03 00:36:16,898 - y_mis              =
 [-2 -2 -2 -2 -2 -2 -2]
2017-12-03 00:36:16,898 - y_predit_false     =
 [2 2 2 2 2 2 2]
2017-12-03 00:36:49,430 - --------------------------------------------------
2017-12-03 00:36:49,430 - classifer_names    = _1vs1
2017-12-03 00:36:49,430 - c                  = 400
2017-12-03 00:36:49,431 - kernel             = linear
2017-12-03 00:36:49,441 - time_fit           = 0.00959482847469
2017-12-03 00:36:49,444 - y_predit_train      =
 [1 1 1 1 2 2 2 2 2 2 2 3 3 3 3 3 4 4 4 4 4 4 4]
2017-12-03 00:36:49,444 - accuracy_train     = 1.0
2017-12-03 00:36:49,446 - n_missamples_train = 0
2017-12-03 00:36:49,446 - mis_indices_train  =
 []
2017-12-03 00:36:49,447 - y_mis              =
 []
2017-12-03 00:36:49,448 - y_predit_false     =
 []
2017-12-03 00:36:49,450 - ..................................................
2017-12-03 00:36:49,450 - y_predit_test      =
 [1 1 1 1 2 2 2 2 2 2 2 3 3 3 3 3 4 4 4 4 4 4 4]
2017-12-03 00:36:49,450 - accuracy_test      = 0.695652173913
2017-12-03 00:36:49,451 - n_missamples_test  = 7
2017-12-03 00:36:49,453 - mis_indices_test   =
 [ 4  5  6  7  8  9 10]
2017-12-03 00:36:49,453 - y_mis              =
 [-2 -2 -2 -2 -2 -2 -2]
2017-12-03 00:36:49,453 - y_predit_false     =
 [2 2 2 2 2 2 2]
2017-12-03 00:37:29,117 - ==================================================
2017-12-03 00:37:29,117 - classifer_names    = _1vs1
2017-12-03 00:37:29,118 - c                  = 400
2017-12-03 00:37:29,118 - kernel             = linear
2017-12-03 00:37:29,138 - time_fit           = 0.0191285025336
2017-12-03 00:37:29,141 - y_predit_train      =
 [1 1 1 1 2 2 2 2 2 2 2 3 3 3 3 3 4 4 4 4 4 4 4]
2017-12-03 00:37:29,142 - accuracy_train     = 1.0
2017-12-03 00:37:29,144 - n_missamples_train = 0
2017-12-03 00:37:29,144 - mis_indices_train  =
 []
2017-12-03 00:37:29,144 - y_mis              =
 []
2017-12-03 00:37:29,145 - y_predit_false     =
 []
2017-12-03 00:37:29,148 - ##################################################
2017-12-03 00:37:29,151 - y_predit_test      =
 [1 1 1 1 2 2 2 2 2 2 2 3 3 3 3 3 4 4 4 4 4 4 4]
2017-12-03 00:37:29,151 - accuracy_test      = 0.695652173913
2017-12-03 00:37:29,151 - n_missamples_test  = 7
2017-12-03 00:37:29,153 - mis_indices_test   =
 [ 4  5  6  7  8  9 10]
2017-12-03 00:37:29,154 - y_mis              =
 [-2 -2 -2 -2 -2 -2 -2]
2017-12-03 00:37:29,154 - y_predit_false     =
 [2 2 2 2 2 2 2]
2017-12-03 00:40:16,493 - ==================================================
2017-12-03 00:40:16,493 - dataset name       = my dataset
2017-12-03 00:40:16,494 - classifer_names    = _1vs1
2017-12-03 00:40:16,496 - c                  = 400
2017-12-03 00:40:16,496 - kernel             = linear
2017-12-03 00:40:16,506 - time_fit           = 0.0082203509066
2017-12-03 00:40:16,506 - y_predit_train      =
 [1 1 1 1 2 2 2 2 2 2 2 3 3 3 3 3 4 4 4 4 4 4 4]
2017-12-03 00:40:16,507 - accuracy_train     = 1.0
2017-12-03 00:40:16,509 - n_missamples_train = 0
2017-12-03 00:40:16,509 - mis_indices_train  =
 []
2017-12-03 00:40:16,509 - y_mis              =
 []
2017-12-03 00:40:16,513 - y_predit_false     =
 []
2017-12-03 00:40:16,513 - ##################################################
2017-12-03 00:40:16,516 - y_predit_test      =
 [1 1 1 1 2 2 2 2 2 2 2 3 3 3 3 3 4 4 4 4 4 4 4]
2017-12-03 00:40:16,516 - accuracy_test      = 0.695652173913
2017-12-03 00:40:16,516 - n_missamples_test  = 7
2017-12-03 00:40:16,517 - mis_indices_test   =
 [ 4  5  6  7  8  9 10]
2017-12-03 00:40:16,519 - y_mis              =
 [-2 -2 -2 -2 -2 -2 -2]
2017-12-03 00:40:16,519 - y_predit_false     =
 [2 2 2 2 2 2 2]
2017-12-03 00:40:42,427 - ==================================================
2017-12-03 00:40:42,428 - dataset name       = my dataset
2017-12-03 00:40:42,428 - classifer_names    = _1vs1
2017-12-03 00:40:42,430 - c                  = 400
2017-12-03 00:40:42,430 - kernel             = linear
2017-12-03 00:40:42,430 - ##################################################
2017-12-03 00:40:42,440 - time_fit           = 0.0100703788965
2017-12-03 00:40:42,444 - y_predit_train      =
 [1 1 1 1 2 2 2 2 2 2 2 3 3 3 3 3 4 4 4 4 4 4 4]
2017-12-03 00:40:42,444 - accuracy_train     = 1.0
2017-12-03 00:40:42,446 - n_missamples_train = 0
2017-12-03 00:40:42,446 - mis_indices_train  =
 []
2017-12-03 00:40:42,447 - y_mis              =
 []
2017-12-03 00:40:42,448 - y_predit_false     =
 []
2017-12-03 00:40:42,450 - ##################################################
2017-12-03 00:40:42,450 - y_predit_test      =
 [1 1 1 1 2 2 2 2 2 2 2 3 3 3 3 3 4 4 4 4 4 4 4]
2017-12-03 00:40:42,451 - accuracy_test      = 0.695652173913
2017-12-03 00:40:42,451 - n_missamples_test  = 7
2017-12-03 00:40:42,453 - mis_indices_test   =
 [ 4  5  6  7  8  9 10]
2017-12-03 00:40:42,453 - y_mis              =
 [-2 -2 -2 -2 -2 -2 -2]
2017-12-03 00:40:42,456 - y_predit_false     =
 [2 2 2 2 2 2 2]
2017-12-03 00:40:58,483 - ==================================================
2017-12-03 00:40:58,483 - dataset name       = my dataset
2017-12-03 00:40:58,484 - classifer_names    = _1vs1
2017-12-03 00:40:58,484 - c                  = 400
2017-12-03 00:40:58,486 - kernel             = linear
2017-12-03 00:40:58,486 - ##################################################
2017-12-03 00:40:58,496 - time_fit           = 0.0089717376792
2017-12-03 00:40:58,496 - ##################################################
2017-12-03 00:40:58,497 - y_predit_train      =
 [1 1 1 1 2 2 2 2 2 2 2 3 3 3 3 3 4 4 4 4 4 4 4]
2017-12-03 00:40:58,499 - accuracy_train     = 1.0
2017-12-03 00:40:58,499 - n_missamples_train = 0
2017-12-03 00:40:58,500 - mis_indices_train  =
 []
2017-12-03 00:40:58,502 - y_mis              =
 []
2017-12-03 00:40:58,503 - y_predit_false     =
 []
2017-12-03 00:40:58,503 - ##################################################
2017-12-03 00:40:58,505 - y_predit_test      =
 [1 1 1 1 2 2 2 2 2 2 2 3 3 3 3 3 4 4 4 4 4 4 4]
2017-12-03 00:40:58,506 - accuracy_test      = 0.695652173913
2017-12-03 00:40:58,506 - n_missamples_test  = 7
2017-12-03 00:40:58,506 - mis_indices_test   =
 [ 4  5  6  7  8  9 10]
2017-12-03 00:40:58,507 - y_mis              =
 [-2 -2 -2 -2 -2 -2 -2]
2017-12-03 00:40:58,507 - y_predit_false     =
 [2 2 2 2 2 2 2]
2017-12-03 00:42:15,875 - ****************************************************************************************************
2017-12-03 00:42:15,875 - dataset name        my dataset
2017-12-03 00:42:15,875 - classifer_names     _1vs1
2017-12-03 00:42:15,877 - c                   400
2017-12-03 00:42:15,878 - kernel              linear
2017-12-03 00:42:15,878 - ##################################################
2017-12-03 00:42:15,888 - time_fit            0.00923004024645
2017-12-03 00:42:15,888 - ##################################################
2017-12-03 00:42:15,890 - y_predit_train      
 [1 1 1 1 2 2 2 2 2 2 2 3 3 3 3 3 4 4 4 4 4 4 4]
2017-12-03 00:42:15,890 - accuracy_train      1.0
2017-12-03 00:42:15,891 - n_missamples_train  0
2017-12-03 00:42:15,891 - mis_indices_train  
 []
2017-12-03 00:42:15,891 - y_mis              
 []
2017-12-03 00:42:15,892 - y_predit_false     
 []
2017-12-03 00:42:15,894 - ##################################################
2017-12-03 00:42:15,895 - y_predit_test      
 [1 1 1 1 2 2 2 2 2 2 2 3 3 3 3 3 4 4 4 4 4 4 4]
2017-12-03 00:42:15,895 - accuracy_test       0.695652173913
2017-12-03 00:42:15,895 - n_missamples_test   7
2017-12-03 00:42:15,897 - mis_indices_test   
 [ 4  5  6  7  8  9 10]
2017-12-03 00:42:15,898 - y_mis              
 [-2 -2 -2 -2 -2 -2 -2]
2017-12-03 00:42:15,898 - y_predit_false     
 [2 2 2 2 2 2 2]
