2017-12-02 23:48:45,819 - ----------------------------------------------------------------------------------------------------
2017-12-02 23:48:45,821 - classifer_names    = _1vs1
2017-12-02 23:48:45,822 - c                  = 50
2017-12-02 23:48:45,822 - kernel             = linear
2017-12-02 23:48:45,834 - time_fit           = 0.0108239039354
2017-12-02 23:48:45,835 - accuracy_train     = 1.0
2017-12-02 23:48:45,835 - n_missamples_train = 0
2017-12-02 23:48:45,835 - missamples_train   =
 []
2017-12-02 23:48:45,838 - y_predit_train     =
 [1 1 1 1 2 2 2 2 2 2 2 3 3 3 3 3 4 4 4 4 4 4 4]
2017-12-02 23:48:45,838 - accuracy_test      = 0.695652173913
2017-12-02 23:48:45,838 - n_missamples_test  = 7
2017-12-02 23:48:45,839 - missamples_test    =
 [[4 2]
 [4 3]
 [5 1]
 [5 2]
 [5 3]
 [6 1]
 [6 2]]
2017-12-02 23:48:45,841 - y_predit_test      =
 [1 1 1 1 2 2 2 2 2 2 2 3 3 3 3 3 4 4 4 4 4 4 4]
2017-12-02 23:50:11,845 - --------------------------------------------------
2017-12-02 23:50:11,845 - classifer_names    = _1vs1
2017-12-02 23:50:11,846 - c                  = 50
2017-12-02 23:50:11,848 - kernel             = linear
2017-12-02 23:50:11,858 - time_fit           = 0.00899226503554
2017-12-02 23:50:11,859 - accuracy_train     = 1.0
2017-12-02 23:50:11,861 - n_missamples_train = 0
2017-12-02 23:50:11,861 - missamples_train   =
 []
2017-12-02 23:50:11,862 - y_predit_train     =
 [1 1 1 1 2 2 2 2 2 2 2 3 3 3 3 3 4 4 4 4 4 4 4]
2017-12-02 23:50:11,864 - accuracy_test      = 0.695652173913
2017-12-02 23:50:11,865 - n_missamples_test  = 7
2017-12-02 23:50:11,865 - missamples_test    =
 [[4 2]
 [4 3]
 [5 1]
 [5 2]
 [5 3]
 [6 1]
 [6 2]]
2017-12-02 23:50:11,865 - y_predit_test      =
 [1 1 1 1 2 2 2 2 2 2 2 3 3 3 3 3 4 4 4 4 4 4 4]
2017-12-03 00:19:37,209 - --------------------------------------------------
2017-12-03 00:19:37,210 - classifer_names    = _1vs1
2017-12-03 00:19:37,210 - c                  = 50
2017-12-03 00:19:37,213 - kernel             = linear
2017-12-03 00:19:37,221 - time_fit           = 0.00831443462315
2017-12-03 00:19:37,224 - accuracy_train     = 0.95652173913
2017-12-03 00:19:37,226 - n_missamples_train = 1
2017-12-03 00:19:37,226 - mis_samples X_train[[]]: [] 	 y = [] 	 y_predit = []
2017-12-03 00:19:37,227 - accuracy_test      = 0.95652173913
2017-12-03 00:19:37,229 - n_missamples_test  = 1
2017-12-03 00:19:37,232 - mis_samples X_test[[ 4  5  6  7  8  9 10]]: [[4 2]
 [4 3]
 [5 1]
 [5 2]
 [5 3]
 [6 1]
 [6 2]] 	 y = [-2 -2 -2 -2 -2 -2 -2] 	 y_predit = [2 2 2 2 2 2 2]
2017-12-03 00:23:18,733 - --------------------------------------------------
2017-12-03 00:23:18,736 - classifer_names    = _1vs1
2017-12-03 00:23:18,736 - c                  = 50
2017-12-03 00:23:18,737 - kernel             = linear
2017-12-03 00:23:18,749 - time_fit           = 0.0106134985329
2017-12-03 00:23:18,750 - y_predit_train      =
 [1 1 1 1 2 2 2 2 2 2 2 3 3 3 3 3 4 4 4 4 4 4 4]
2017-12-03 00:23:18,750 - accuracy_train     = 0.95652173913
2017-12-03 00:23:18,752 - n_missamples_train = 1
2017-12-03 00:23:18,753 - mis_indices_train   =
 []
2017-12-03 00:23:18,753 - y_predit_test      =
 [1 1 1 1 2 2 2 2 2 2 2 3 3 3 3 3 4 4 4 4 4 4 4]
2017-12-03 00:23:18,756 - accuracy_test      = 0.95652173913
2017-12-03 00:23:18,756 - n_missamples_test  = 1
2017-12-03 00:23:18,756 - mis_indices_test   =
 [[ 4  5  6  7  8  9 10]]
2017-12-03 00:24:16,953 - --------------------------------------------------
2017-12-03 00:24:16,953 - classifer_names    = _1vs1
2017-12-03 00:24:16,953 - c                  = 50
2017-12-03 00:24:16,957 - kernel             = linear
2017-12-03 00:24:16,966 - time_fit           = 0.00799070110758
2017-12-03 00:24:16,967 - y_predit_train      =
 [1 1 1 1 2 2 2 2 2 2 2 3 3 3 3 3 4 4 4 4 4 4 4]
2017-12-03 00:24:16,967 - accuracy_train     = 0.95652173913
2017-12-03 00:24:16,970 - n_missamples_train = 1
2017-12-03 00:24:16,970 - mis_indices_train   =
 []
2017-12-03 00:24:16,973 - y_predit_test      =
 [1 1 1 1 2 2 2 2 2 2 2 3 3 3 3 3 4 4 4 4 4 4 4]
2017-12-03 00:24:16,973 - accuracy_test      = 0.95652173913
2017-12-03 00:24:16,973 - n_missamples_test  = 1
2017-12-03 00:24:16,976 - mis_indices_test   =
 [[ 4  5  6  7  8  9 10]]
2017-12-03 00:25:47,437 - --------------------------------------------------
2017-12-03 00:25:47,438 - classifer_names    = _1vs1
2017-12-03 00:25:47,440 - c                  = 50
2017-12-03 00:25:47,441 - kernel             = linear
2017-12-03 00:25:47,457 - time_fit           = 0.0142301621276
2017-12-03 00:25:47,460 - y_predit_train      =
 [1 1 1 1 2 2 2 2 2 2 2 3 3 3 3 3 4 4 4 4 4 4 4]
2017-12-03 00:25:47,460 - accuracy_train     = 0.95652173913
2017-12-03 00:25:47,460 - n_missamples_train = 1
2017-12-03 00:25:47,461 - mis_indices_train   =
 (array([], dtype=int64),)
2017-12-03 00:25:47,463 - y_predit_test      =
 [1 1 1 1 2 2 2 2 2 2 2 3 3 3 3 3 4 4 4 4 4 4 4]
2017-12-03 00:25:47,463 - accuracy_test      = 0.95652173913
2017-12-03 00:25:47,464 - n_missamples_test  = 1
2017-12-03 00:25:47,466 - mis_indices_test   =
 (array([ 4,  5,  6,  7,  8,  9, 10], dtype=int64),)
2017-12-03 00:27:32,463 - --------------------------------------------------
2017-12-03 00:27:32,463 - classifer_names    = _1vs1
2017-12-03 00:27:32,463 - c                  = 50
2017-12-03 00:27:32,463 - kernel             = linear
2017-12-03 00:27:32,476 - time_fit           = 0.00939810797646
2017-12-03 00:27:32,476 - y_predit_train      =
 [1 1 1 1 2 2 2 2 2 2 2 3 3 3 3 3 4 4 4 4 4 4 4]
2017-12-03 00:27:32,477 - accuracy_train     = 0.95652173913
2017-12-03 00:27:32,477 - n_missamples_train = 1
2017-12-03 00:27:32,479 - mis_indices_train   =
 [(array([], dtype=int64),)]
2017-12-03 00:27:32,479 - y_predit_test      =
 [1 1 1 1 2 2 2 2 2 2 2 3 3 3 3 3 4 4 4 4 4 4 4]
2017-12-03 00:27:32,480 - accuracy_test      = 0.95652173913
2017-12-03 00:27:32,480 - n_missamples_test  = 1
2017-12-03 00:27:32,480 - mis_indices_test   =
 [(array([ 4,  5,  6,  7,  8,  9, 10], dtype=int64),)]
2017-12-03 00:32:25,638 - --------------------------------------------------
2017-12-03 00:32:25,638 - classifer_names    = _1vs1
2017-12-03 00:32:25,641 - c                  = 50
2017-12-03 00:32:25,641 - kernel             = linear
2017-12-03 00:32:25,653 - time_fit           = 0.0101965366073
2017-12-03 00:32:25,654 - y_predit_train      =
 [1 1 1 1 2 2 2 2 2 2 2 3 3 3 3 3 4 4 4 4 4 4 4]
2017-12-03 00:32:25,654 - accuracy_train     = 1.0
2017-12-03 00:32:25,655 - n_missamples_train = 0
2017-12-03 00:32:25,657 - mis_indices_train   =
 []
2017-12-03 00:32:25,657 - y_predit_test      =
 [1 1 1 1 2 2 2 2 2 2 2 3 3 3 3 3 4 4 4 4 4 4 4]
2017-12-03 00:32:25,660 - accuracy_test      = 0.695652173913
2017-12-03 00:32:25,661 - n_missamples_test  = 7
2017-12-03 00:32:25,661 - mis_indices_test   =
 [ 4  5  6  7  8  9 10]
2017-12-03 00:34:19,658 - --------------------------------------------------
2017-12-03 00:34:19,660 - classifer_names    = _1vs1
2017-12-03 00:34:19,661 - c                  = 50
2017-12-03 00:34:19,661 - kernel             = linear
2017-12-03 00:34:19,671 - time_fit           = 0.00858684974788
2017-12-03 00:34:19,671 - y_predit_train      =
 [1 1 1 1 2 2 2 2 2 2 2 3 3 3 3 3 4 4 4 4 4 4 4]
2017-12-03 00:34:19,673 - accuracy_train     = 1.0
2017-12-03 00:34:19,674 - n_missamples_train = 0
2017-12-03 00:34:19,674 - mis_indices_train  =
 []
2017-12-03 00:34:19,676 - y_predit_false     =
 []
2017-12-03 00:34:19,677 - y_predit_test      =
 [1 1 1 1 2 2 2 2 2 2 2 3 3 3 3 3 4 4 4 4 4 4 4]
2017-12-03 00:34:19,678 - accuracy_test      = 0.695652173913
2017-12-03 00:34:19,680 - n_missamples_test  = 7
2017-12-03 00:34:19,680 - mis_indices_test   =
 [ 4  5  6  7  8  9 10]
2017-12-03 00:34:19,681 - y_predit_false     =
 [2 2 2 2 2 2 2]
2017-12-03 00:35:45,780 - --------------------------------------------------
2017-12-03 00:35:45,782 - classifer_names    = _1vs1
2017-12-03 00:35:45,782 - c                  = 50
2017-12-03 00:35:45,782 - kernel             = linear
2017-12-03 00:35:45,792 - time_fit           = 0.00925313352233
2017-12-03 00:35:45,793 - y_predit_train      =
 [1 1 1 1 2 2 2 2 2 2 2 3 3 3 3 3 4 4 4 4 4 4 4]
2017-12-03 00:35:45,795 - accuracy_train     = 1.0
2017-12-03 00:35:45,796 - n_missamples_train = 0
2017-12-03 00:35:45,796 - mis_indices_train  =
 []
2017-12-03 00:35:45,796 - y_mis              =
 []
2017-12-03 00:35:45,799 - y_predit_false     =
 []
2017-12-03 00:35:45,801 - y_predit_test      =
 [1 1 1 1 2 2 2 2 2 2 2 3 3 3 3 3 4 4 4 4 4 4 4]
2017-12-03 00:35:45,802 - accuracy_test      = 0.695652173913
2017-12-03 00:35:45,802 - n_missamples_test  = 7
2017-12-03 00:35:45,803 - mis_indices_test   =
 [ 4  5  6  7  8  9 10]
2017-12-03 00:35:45,803 - y_mis              =
 []
2017-12-03 00:35:45,805 - y_predit_false     =
 [2 2 2 2 2 2 2]
2017-12-03 00:36:16,509 - --------------------------------------------------
2017-12-03 00:36:16,509 - classifer_names    = _1vs1
2017-12-03 00:36:16,510 - c                  = 50
2017-12-03 00:36:16,510 - kernel             = linear
2017-12-03 00:36:16,520 - time_fit           = 0.00967822085981
2017-12-03 00:36:16,523 - y_predit_train      =
 [1 1 1 1 2 2 2 2 2 2 2 3 3 3 3 3 4 4 4 4 4 4 4]
2017-12-03 00:36:16,523 - accuracy_train     = 1.0
2017-12-03 00:36:16,525 - n_missamples_train = 0
2017-12-03 00:36:16,526 - mis_indices_train  =
 []
2017-12-03 00:36:16,526 - y_mis              =
 []
2017-12-03 00:36:16,526 - y_predit_false     =
 []
2017-12-03 00:36:16,529 - y_predit_test      =
 [1 1 1 1 2 2 2 2 2 2 2 3 3 3 3 3 4 4 4 4 4 4 4]
2017-12-03 00:36:16,529 - accuracy_test      = 0.695652173913
2017-12-03 00:36:16,530 - n_missamples_test  = 7
2017-12-03 00:36:16,532 - mis_indices_test   =
 [ 4  5  6  7  8  9 10]
2017-12-03 00:36:16,532 - y_mis              =
 [-2 -2 -2 -2 -2 -2 -2]
2017-12-03 00:36:16,533 - y_predit_false     =
 [2 2 2 2 2 2 2]
2017-12-03 00:36:49,138 - --------------------------------------------------
2017-12-03 00:36:49,138 - classifer_names    = _1vs1
2017-12-03 00:36:49,140 - c                  = 50
2017-12-03 00:36:49,140 - kernel             = linear
2017-12-03 00:36:49,148 - time_fit           = 0.00846667918265
2017-12-03 00:36:49,151 - y_predit_train      =
 [1 1 1 1 2 2 2 2 2 2 2 3 3 3 3 3 4 4 4 4 4 4 4]
2017-12-03 00:36:49,151 - accuracy_train     = 1.0
2017-12-03 00:36:49,153 - n_missamples_train = 0
2017-12-03 00:36:49,154 - mis_indices_train  =
 []
2017-12-03 00:36:49,154 - y_mis              =
 []
2017-12-03 00:36:49,155 - y_predit_false     =
 []
2017-12-03 00:36:49,157 - ..................................................
2017-12-03 00:36:49,158 - y_predit_test      =
 [1 1 1 1 2 2 2 2 2 2 2 3 3 3 3 3 4 4 4 4 4 4 4]
2017-12-03 00:36:49,160 - accuracy_test      = 0.695652173913
2017-12-03 00:36:49,161 - n_missamples_test  = 7
2017-12-03 00:36:49,161 - mis_indices_test   =
 [ 4  5  6  7  8  9 10]
2017-12-03 00:36:49,161 - y_mis              =
 [-2 -2 -2 -2 -2 -2 -2]
2017-12-03 00:36:49,163 - y_predit_false     =
 [2 2 2 2 2 2 2]
2017-12-03 00:37:28,802 - ==================================================
2017-12-03 00:37:28,803 - classifer_names    = _1vs1
2017-12-03 00:37:28,803 - c                  = 50
2017-12-03 00:37:28,805 - kernel             = linear
2017-12-03 00:37:28,815 - time_fit           = 0.00992754270866
2017-12-03 00:37:28,816 - y_predit_train      =
 [1 1 1 1 2 2 2 2 2 2 2 3 3 3 3 3 4 4 4 4 4 4 4]
2017-12-03 00:37:28,818 - accuracy_train     = 1.0
2017-12-03 00:37:28,818 - n_missamples_train = 0
2017-12-03 00:37:28,819 - mis_indices_train  =
 []
2017-12-03 00:37:28,819 - y_mis              =
 []
2017-12-03 00:37:28,819 - y_predit_false     =
 []
2017-12-03 00:37:28,821 - ##################################################
2017-12-03 00:37:28,823 - y_predit_test      =
 [1 1 1 1 2 2 2 2 2 2 2 3 3 3 3 3 4 4 4 4 4 4 4]
2017-12-03 00:37:28,823 - accuracy_test      = 0.695652173913
2017-12-03 00:37:28,825 - n_missamples_test  = 7
2017-12-03 00:37:28,825 - mis_indices_test   =
 [ 4  5  6  7  8  9 10]
2017-12-03 00:37:28,826 - y_mis              =
 [-2 -2 -2 -2 -2 -2 -2]
2017-12-03 00:37:28,826 - y_predit_false     =
 [2 2 2 2 2 2 2]
2017-12-03 00:40:16,216 - ==================================================
2017-12-03 00:40:16,216 - dataset name       = my dataset
2017-12-03 00:40:16,217 - classifer_names    = _1vs1
2017-12-03 00:40:16,217 - c                  = 50
2017-12-03 00:40:16,219 - kernel             = linear
2017-12-03 00:40:16,226 - time_fit           = 0.00778628285072
2017-12-03 00:40:16,230 - y_predit_train      =
 [1 1 1 1 2 2 2 2 2 2 2 3 3 3 3 3 4 4 4 4 4 4 4]
2017-12-03 00:40:16,230 - accuracy_train     = 1.0
2017-12-03 00:40:16,232 - n_missamples_train = 0
2017-12-03 00:40:16,232 - mis_indices_train  =
 []
2017-12-03 00:40:16,233 - y_mis              =
 []
2017-12-03 00:40:16,234 - y_predit_false     =
 []
2017-12-03 00:40:16,236 - ##################################################
2017-12-03 00:40:16,236 - y_predit_test      =
 [1 1 1 1 2 2 2 2 2 2 2 3 3 3 3 3 4 4 4 4 4 4 4]
2017-12-03 00:40:16,236 - accuracy_test      = 0.695652173913
2017-12-03 00:40:16,237 - n_missamples_test  = 7
2017-12-03 00:40:16,239 - mis_indices_test   =
 [ 4  5  6  7  8  9 10]
2017-12-03 00:40:16,240 - y_mis              =
 [-2 -2 -2 -2 -2 -2 -2]
2017-12-03 00:40:16,240 - y_predit_false     =
 [2 2 2 2 2 2 2]
2017-12-03 00:40:42,075 - ==================================================
2017-12-03 00:40:42,075 - dataset name       = my dataset
2017-12-03 00:40:42,075 - classifer_names    = _1vs1
2017-12-03 00:40:42,076 - c                  = 50
2017-12-03 00:40:42,078 - kernel             = linear
2017-12-03 00:40:42,078 - ##################################################
2017-12-03 00:40:42,088 - time_fit           = 0.00918727492075
2017-12-03 00:40:42,088 - y_predit_train      =
 [1 1 1 1 2 2 2 2 2 2 2 3 3 3 3 3 4 4 4 4 4 4 4]
2017-12-03 00:40:42,089 - accuracy_train     = 1.0
2017-12-03 00:40:42,091 - n_missamples_train = 0
2017-12-03 00:40:42,092 - mis_indices_train  =
 []
2017-12-03 00:40:42,095 - y_mis              =
 []
2017-12-03 00:40:42,095 - y_predit_false     =
 []
2017-12-03 00:40:42,095 - ##################################################
2017-12-03 00:40:42,096 - y_predit_test      =
 [1 1 1 1 2 2 2 2 2 2 2 3 3 3 3 3 4 4 4 4 4 4 4]
2017-12-03 00:40:42,098 - accuracy_test      = 0.695652173913
2017-12-03 00:40:42,098 - n_missamples_test  = 7
2017-12-03 00:40:42,099 - mis_indices_test   =
 [ 4  5  6  7  8  9 10]
2017-12-03 00:40:42,099 - y_mis              =
 [-2 -2 -2 -2 -2 -2 -2]
2017-12-03 00:40:42,101 - y_predit_false     =
 [2 2 2 2 2 2 2]
2017-12-03 00:40:58,211 - ==================================================
2017-12-03 00:40:58,213 - dataset name       = my dataset
2017-12-03 00:40:58,213 - classifer_names    = _1vs1
2017-12-03 00:40:58,213 - c                  = 50
2017-12-03 00:40:58,214 - kernel             = linear
2017-12-03 00:40:58,214 - ##################################################
2017-12-03 00:40:58,223 - time_fit           = 0.00838585271707
2017-12-03 00:40:58,224 - ##################################################
2017-12-03 00:40:58,226 - y_predit_train      =
 [1 1 1 1 2 2 2 2 2 2 2 3 3 3 3 3 4 4 4 4 4 4 4]
2017-12-03 00:40:58,227 - accuracy_train     = 1.0
2017-12-03 00:40:58,229 - n_missamples_train = 0
2017-12-03 00:40:58,230 - mis_indices_train  =
 []
2017-12-03 00:40:58,230 - y_mis              =
 []
2017-12-03 00:40:58,233 - y_predit_false     =
 []
2017-12-03 00:40:58,233 - ##################################################
2017-12-03 00:40:58,233 - y_predit_test      =
 [1 1 1 1 2 2 2 2 2 2 2 3 3 3 3 3 4 4 4 4 4 4 4]
2017-12-03 00:40:58,234 - accuracy_test      = 0.695652173913
2017-12-03 00:40:58,234 - n_missamples_test  = 7
2017-12-03 00:40:58,236 - mis_indices_test   =
 [ 4  5  6  7  8  9 10]
2017-12-03 00:40:58,236 - y_mis              =
 [-2 -2 -2 -2 -2 -2 -2]
2017-12-03 00:40:58,237 - y_predit_false     =
 [2 2 2 2 2 2 2]
2017-12-03 00:42:15,609 - ****************************************************************************************************
2017-12-03 00:42:15,609 - dataset name        my dataset
2017-12-03 00:42:15,611 - classifer_names     _1vs1
2017-12-03 00:42:15,611 - c                   50
2017-12-03 00:42:15,611 - kernel              linear
2017-12-03 00:42:15,612 - ##################################################
2017-12-03 00:42:15,625 - time_fit            0.0129664467531
2017-12-03 00:42:15,627 - ##################################################
2017-12-03 00:42:15,628 - y_predit_train      
 [1 1 1 1 2 2 2 2 2 2 2 3 3 3 3 3 4 4 4 4 4 4 4]
2017-12-03 00:42:15,628 - accuracy_train      1.0
2017-12-03 00:42:15,630 - n_missamples_train  0
2017-12-03 00:42:15,631 - mis_indices_train  
 []
2017-12-03 00:42:15,631 - y_mis              
 []
2017-12-03 00:42:15,631 - y_predit_false     
 []
2017-12-03 00:42:15,632 - ##################################################
2017-12-03 00:42:15,634 - y_predit_test      
 [1 1 1 1 2 2 2 2 2 2 2 3 3 3 3 3 4 4 4 4 4 4 4]
2017-12-03 00:42:15,634 - accuracy_test       0.695652173913
2017-12-03 00:42:15,638 - n_missamples_test   7
2017-12-03 00:42:15,640 - mis_indices_test   
 [ 4  5  6  7  8  9 10]
2017-12-03 00:42:15,640 - y_mis              
 [-2 -2 -2 -2 -2 -2 -2]
2017-12-03 00:42:15,641 - y_predit_false     
 [2 2 2 2 2 2 2]
