2017-12-02 23:48:45,842 - ----------------------------------------------------------------------------------------------------
2017-12-02 23:48:45,844 - classifer_names    = _1vsrest
2017-12-02 23:48:45,846 - c                  = 50
2017-12-02 23:48:45,846 - kernel             = linear
2017-12-02 23:48:45,947 - time_fit           = 0.100566084616
2017-12-02 23:48:45,948 - accuracy_train     = 1.0
2017-12-02 23:48:45,950 - n_missamples_train = 0
2017-12-02 23:48:45,950 - missamples_train   =
 []
2017-12-02 23:48:45,953 - y_predit_train     =
 [1, 1, 1, 1, 2, 2, 2, 2, 2, 2, 2, 3, 3, 3, 3, 3, 4, 4, 4, 4, 4, 4, 4]
2017-12-02 23:48:45,953 - accuracy_test      = 0.695652173913
2017-12-02 23:48:45,953 - n_missamples_test  = 7
2017-12-02 23:48:45,954 - missamples_test    =
 [[4 2]
 [4 3]
 [5 1]
 [5 2]
 [5 3]
 [6 1]
 [6 2]]
2017-12-02 23:48:45,956 - y_predit_test      =
 [1, 1, 1, 1, 2, 2, 2, 2, 2, 2, 2, 3, 3, 3, 3, 3, 4, 4, 4, 4, 4, 4, 4]
2017-12-02 23:50:11,871 - --------------------------------------------------
2017-12-02 23:50:11,871 - classifer_names    = _1vsrest
2017-12-02 23:50:11,871 - c                  = 50
2017-12-02 23:50:11,871 - kernel             = linear
2017-12-02 23:50:11,960 - time_fit           = 0.0882047672219
2017-12-02 23:50:11,961 - accuracy_train     = 1.0
2017-12-02 23:50:11,963 - n_missamples_train = 0
2017-12-02 23:50:11,963 - missamples_train   =
 []
2017-12-02 23:50:11,964 - y_predit_train     =
 [1, 1, 1, 1, 2, 2, 2, 2, 2, 2, 2, 3, 3, 3, 3, 3, 4, 4, 4, 4, 4, 4, 4]
2017-12-02 23:50:11,964 - accuracy_test      = 0.695652173913
2017-12-02 23:50:11,966 - n_missamples_test  = 7
2017-12-02 23:50:11,967 - missamples_test    =
 [[4 2]
 [4 3]
 [5 1]
 [5 2]
 [5 3]
 [6 1]
 [6 2]]
2017-12-02 23:50:11,967 - y_predit_test      =
 [1, 1, 1, 1, 2, 2, 2, 2, 2, 2, 2, 3, 3, 3, 3, 3, 4, 4, 4, 4, 4, 4, 4]
2017-12-03 00:19:37,233 - --------------------------------------------------
2017-12-03 00:19:37,233 - classifer_names    = _1vsrest
2017-12-03 00:19:37,233 - c                  = 50
2017-12-03 00:19:37,234 - kernel             = linear
2017-12-03 00:19:37,309 - time_fit           = 0.0741909976423
2017-12-03 00:19:37,312 - accuracy_train     = 0.95652173913
2017-12-03 00:19:37,313 - n_missamples_train = 1
2017-12-03 00:19:37,315 - mis_samples X_train[[]]: [] 	 y = [] 	 y_predit = []
2017-12-03 00:19:37,315 - accuracy_test      = 0.95652173913
2017-12-03 00:19:37,315 - n_missamples_test  = 1
2017-12-03 00:19:37,318 - mis_samples X_test[[ 4  5  6  7  8  9 10]]: [[4 2]
 [4 3]
 [5 1]
 [5 2]
 [5 3]
 [6 1]
 [6 2]] 	 y = [-2 -2 -2 -2 -2 -2 -2] 	 y_predit = [2 2 2 2 2 2 2]
2017-12-03 00:23:18,757 - --------------------------------------------------
2017-12-03 00:23:18,759 - classifer_names    = _1vsrest
2017-12-03 00:23:18,759 - c                  = 50
2017-12-03 00:23:18,760 - kernel             = linear
2017-12-03 00:23:18,845 - time_fit           = 0.0846308689529
2017-12-03 00:23:18,846 - y_predit_train      =
 [1 1 1 1 2 2 2 2 2 2 2 3 3 3 3 3 4 4 4 4 4 4 4]
2017-12-03 00:23:18,846 - accuracy_train     = 0.95652173913
2017-12-03 00:23:18,848 - n_missamples_train = 1
2017-12-03 00:23:18,849 - mis_indices_train   =
 []
2017-12-03 00:23:18,849 - y_predit_test      =
 [1 1 1 1 2 2 2 2 2 2 2 3 3 3 3 3 4 4 4 4 4 4 4]
2017-12-03 00:23:18,851 - accuracy_test      = 0.95652173913
2017-12-03 00:23:18,851 - n_missamples_test  = 1
2017-12-03 00:23:18,852 - mis_indices_test   =
 [[ 4  5  6  7  8  9 10]]
2017-12-03 00:24:16,976 - --------------------------------------------------
2017-12-03 00:24:16,977 - classifer_names    = _1vsrest
2017-12-03 00:24:16,977 - c                  = 50
2017-12-03 00:24:16,980 - kernel             = linear
2017-12-03 00:24:17,062 - time_fit           = 0.0816219006365
2017-12-03 00:24:17,062 - y_predit_train      =
 [1 1 1 1 2 2 2 2 2 2 2 3 3 3 3 3 4 4 4 4 4 4 4]
2017-12-03 00:24:17,063 - accuracy_train     = 0.95652173913
2017-12-03 00:24:17,063 - n_missamples_train = 1
2017-12-03 00:24:17,065 - mis_indices_train   =
 []
2017-12-03 00:24:17,065 - y_predit_test      =
 [1 1 1 1 2 2 2 2 2 2 2 3 3 3 3 3 4 4 4 4 4 4 4]
2017-12-03 00:24:17,066 - accuracy_test      = 0.95652173913
2017-12-03 00:24:17,066 - n_missamples_test  = 1
2017-12-03 00:24:17,068 - mis_indices_test   =
 [[ 4  5  6  7  8  9 10]]
2017-12-03 00:25:47,467 - --------------------------------------------------
2017-12-03 00:25:47,467 - classifer_names    = _1vsrest
2017-12-03 00:25:47,467 - c                  = 50
2017-12-03 00:25:47,469 - kernel             = linear
2017-12-03 00:25:47,578 - time_fit           = 0.109099050054
2017-12-03 00:25:47,579 - y_predit_train      =
 [1 1 1 1 2 2 2 2 2 2 2 3 3 3 3 3 4 4 4 4 4 4 4]
2017-12-03 00:25:47,579 - accuracy_train     = 0.95652173913
2017-12-03 00:25:47,581 - n_missamples_train = 1
2017-12-03 00:25:47,582 - mis_indices_train   =
 (array([], dtype=int64),)
2017-12-03 00:25:47,582 - y_predit_test      =
 [1 1 1 1 2 2 2 2 2 2 2 3 3 3 3 3 4 4 4 4 4 4 4]
2017-12-03 00:25:47,582 - accuracy_test      = 0.95652173913
2017-12-03 00:25:47,584 - n_missamples_test  = 1
2017-12-03 00:25:47,585 - mis_indices_test   =
 (array([ 4,  5,  6,  7,  8,  9, 10], dtype=int64),)
2017-12-03 00:27:32,482 - --------------------------------------------------
2017-12-03 00:27:32,482 - classifer_names    = _1vsrest
2017-12-03 00:27:32,483 - c                  = 50
2017-12-03 00:27:32,484 - kernel             = linear
2017-12-03 00:27:32,536 - time_fit           = 0.0521826780759
2017-12-03 00:27:32,539 - y_predit_train      =
 [1 1 1 1 2 2 2 2 2 2 2 3 3 3 3 3 4 4 4 4 4 4 4]
2017-12-03 00:27:32,539 - accuracy_train     = 0.95652173913
2017-12-03 00:27:32,539 - n_missamples_train = 1
2017-12-03 00:27:32,539 - mis_indices_train   =
 [(array([], dtype=int64),)]
2017-12-03 00:27:32,540 - y_predit_test      =
 [1 1 1 1 2 2 2 2 2 2 2 3 3 3 3 3 4 4 4 4 4 4 4]
2017-12-03 00:27:32,542 - accuracy_test      = 0.95652173913
2017-12-03 00:27:32,542 - n_missamples_test  = 1
2017-12-03 00:27:32,542 - mis_indices_test   =
 [(array([ 4,  5,  6,  7,  8,  9, 10], dtype=int64),)]
2017-12-03 00:32:25,663 - --------------------------------------------------
2017-12-03 00:32:25,664 - classifer_names    = _1vsrest
2017-12-03 00:32:25,664 - c                  = 50
2017-12-03 00:32:25,664 - kernel             = linear
2017-12-03 00:32:25,707 - time_fit           = 0.0420327556736
2017-12-03 00:32:25,707 - y_predit_train      =
 [1 1 1 1 2 2 2 2 2 2 2 3 3 3 3 3 4 4 4 4 4 4 4]
2017-12-03 00:32:25,709 - accuracy_train     = 1.0
2017-12-03 00:32:25,709 - n_missamples_train = 0
2017-12-03 00:32:25,710 - mis_indices_train   =
 []
2017-12-03 00:32:25,711 - y_predit_test      =
 [1 1 1 1 2 2 2 2 2 2 2 3 3 3 3 3 4 4 4 4 4 4 4]
2017-12-03 00:32:25,711 - accuracy_test      = 0.695652173913
2017-12-03 00:32:25,713 - n_missamples_test  = 7
2017-12-03 00:32:25,713 - mis_indices_test   =
 [ 4  5  6  7  8  9 10]
2017-12-03 00:34:19,681 - --------------------------------------------------
2017-12-03 00:34:19,681 - classifer_names    = _1vsrest
2017-12-03 00:34:19,683 - c                  = 50
2017-12-03 00:34:19,683 - kernel             = linear
2017-12-03 00:34:19,742 - time_fit           = 0.0581232094693
2017-12-03 00:34:19,743 - y_predit_train      =
 [1 1 1 1 2 2 2 2 2 2 2 3 3 3 3 3 4 4 4 4 4 4 4]
2017-12-03 00:34:19,743 - accuracy_train     = 1.0
2017-12-03 00:34:19,744 - n_missamples_train = 0
2017-12-03 00:34:19,744 - mis_indices_train  =
 []
2017-12-03 00:34:19,746 - y_predit_false     =
 []
2017-12-03 00:34:19,747 - y_predit_test      =
 [1 1 1 1 2 2 2 2 2 2 2 3 3 3 3 3 4 4 4 4 4 4 4]
2017-12-03 00:34:19,749 - accuracy_test      = 0.695652173913
2017-12-03 00:34:19,749 - n_missamples_test  = 7
2017-12-03 00:34:19,750 - mis_indices_test   =
 [ 4  5  6  7  8  9 10]
2017-12-03 00:34:19,750 - y_predit_false     =
 [2 2 2 2 2 2 2]
2017-12-03 00:35:45,805 - --------------------------------------------------
2017-12-03 00:35:45,805 - classifer_names    = _1vsrest
2017-12-03 00:35:45,806 - c                  = 50
2017-12-03 00:35:45,808 - kernel             = linear
2017-12-03 00:35:45,838 - time_fit           = 0.0292061515355
2017-12-03 00:35:45,839 - y_predit_train      =
 [1 1 1 1 2 2 2 2 2 2 2 3 3 3 3 3 4 4 4 4 4 4 4]
2017-12-03 00:35:45,841 - accuracy_train     = 1.0
2017-12-03 00:35:45,842 - n_missamples_train = 0
2017-12-03 00:35:45,842 - mis_indices_train  =
 []
2017-12-03 00:35:45,844 - y_mis              =
 []
2017-12-03 00:35:45,845 - y_predit_false     =
 []
2017-12-03 00:35:45,845 - y_predit_test      =
 [1 1 1 1 2 2 2 2 2 2 2 3 3 3 3 3 4 4 4 4 4 4 4]
2017-12-03 00:35:45,845 - accuracy_test      = 0.695652173913
2017-12-03 00:35:45,845 - n_missamples_test  = 7
2017-12-03 00:35:45,846 - mis_indices_test   =
 [ 4  5  6  7  8  9 10]
2017-12-03 00:35:45,846 - y_mis              =
 []
2017-12-03 00:35:45,848 - y_predit_false     =
 [2 2 2 2 2 2 2]
2017-12-03 00:36:16,535 - --------------------------------------------------
2017-12-03 00:36:16,536 - classifer_names    = _1vsrest
2017-12-03 00:36:16,536 - c                  = 50
2017-12-03 00:36:16,536 - kernel             = linear
2017-12-03 00:36:16,591 - time_fit           = 0.0525850997907
2017-12-03 00:36:16,592 - y_predit_train      =
 [1 1 1 1 2 2 2 2 2 2 2 3 3 3 3 3 4 4 4 4 4 4 4]
2017-12-03 00:36:16,592 - accuracy_train     = 1.0
2017-12-03 00:36:16,594 - n_missamples_train = 0
2017-12-03 00:36:16,595 - mis_indices_train  =
 []
2017-12-03 00:36:16,595 - y_mis              =
 []
2017-12-03 00:36:16,595 - y_predit_false     =
 []
2017-12-03 00:36:16,598 - y_predit_test      =
 [1 1 1 1 2 2 2 2 2 2 2 3 3 3 3 3 4 4 4 4 4 4 4]
2017-12-03 00:36:16,598 - accuracy_test      = 0.695652173913
2017-12-03 00:36:16,598 - n_missamples_test  = 7
2017-12-03 00:36:16,599 - mis_indices_test   =
 [ 4  5  6  7  8  9 10]
2017-12-03 00:36:16,601 - y_mis              =
 [-2 -2 -2 -2 -2 -2 -2]
2017-12-03 00:36:16,602 - y_predit_false     =
 [2 2 2 2 2 2 2]
2017-12-03 00:36:49,164 - --------------------------------------------------
2017-12-03 00:36:49,164 - classifer_names    = _1vsrest
2017-12-03 00:36:49,164 - c                  = 50
2017-12-03 00:36:49,167 - kernel             = linear
2017-12-03 00:36:49,203 - time_fit           = 0.0347130425263
2017-12-03 00:36:49,203 - y_predit_train      =
 [1 1 1 1 2 2 2 2 2 2 2 3 3 3 3 3 4 4 4 4 4 4 4]
2017-12-03 00:36:49,204 - accuracy_train     = 1.0
2017-12-03 00:36:49,206 - n_missamples_train = 0
2017-12-03 00:36:49,206 - mis_indices_train  =
 []
2017-12-03 00:36:49,207 - y_mis              =
 []
2017-12-03 00:36:49,207 - y_predit_false     =
 []
2017-12-03 00:36:49,209 - ..................................................
2017-12-03 00:36:49,209 - y_predit_test      =
 [1 1 1 1 2 2 2 2 2 2 2 3 3 3 3 3 4 4 4 4 4 4 4]
2017-12-03 00:36:49,210 - accuracy_test      = 0.695652173913
2017-12-03 00:36:49,210 - n_missamples_test  = 7
2017-12-03 00:36:49,210 - mis_indices_test   =
 [ 4  5  6  7  8  9 10]
2017-12-03 00:36:49,211 - y_mis              =
 [-2 -2 -2 -2 -2 -2 -2]
2017-12-03 00:36:49,214 - y_predit_false     =
 [2 2 2 2 2 2 2]
2017-12-03 00:37:28,828 - ==================================================
2017-12-03 00:37:28,828 - classifer_names    = _1vsrest
2017-12-03 00:37:28,828 - c                  = 50
2017-12-03 00:37:28,828 - kernel             = linear
2017-12-03 00:37:28,865 - time_fit           = 0.0340861028515
2017-12-03 00:37:28,865 - y_predit_train      =
 [1 1 1 1 2 2 2 2 2 2 2 3 3 3 3 3 4 4 4 4 4 4 4]
2017-12-03 00:37:28,865 - accuracy_train     = 1.0
2017-12-03 00:37:28,867 - n_missamples_train = 0
2017-12-03 00:37:28,868 - mis_indices_train  =
 []
2017-12-03 00:37:28,868 - y_mis              =
 []
2017-12-03 00:37:28,868 - y_predit_false     =
 []
2017-12-03 00:37:28,869 - ##################################################
2017-12-03 00:37:28,871 - y_predit_test      =
 [1 1 1 1 2 2 2 2 2 2 2 3 3 3 3 3 4 4 4 4 4 4 4]
2017-12-03 00:37:28,871 - accuracy_test      = 0.695652173913
2017-12-03 00:37:28,871 - n_missamples_test  = 7
2017-12-03 00:37:28,872 - mis_indices_test   =
 [ 4  5  6  7  8  9 10]
2017-12-03 00:37:28,874 - y_mis              =
 [-2 -2 -2 -2 -2 -2 -2]
2017-12-03 00:37:28,877 - y_predit_false     =
 [2 2 2 2 2 2 2]
2017-12-03 00:40:16,240 - ==================================================
2017-12-03 00:40:16,240 - dataset name       = my dataset
2017-12-03 00:40:16,243 - classifer_names    = _1vsrest
2017-12-03 00:40:16,243 - c                  = 50
2017-12-03 00:40:16,244 - kernel             = linear
2017-12-03 00:40:16,298 - time_fit           = 0.052023163411
2017-12-03 00:40:16,299 - y_predit_train      =
 [1 1 1 1 2 2 2 2 2 2 2 3 3 3 3 3 4 4 4 4 4 4 4]
2017-12-03 00:40:16,299 - accuracy_train     = 1.0
2017-12-03 00:40:16,301 - n_missamples_train = 0
2017-12-03 00:40:16,301 - mis_indices_train  =
 []
2017-12-03 00:40:16,302 - y_mis              =
 []
2017-12-03 00:40:16,302 - y_predit_false     =
 []
2017-12-03 00:40:16,302 - ##################################################
2017-12-03 00:40:16,303 - y_predit_test      =
 [1 1 1 1 2 2 2 2 2 2 2 3 3 3 3 3 4 4 4 4 4 4 4]
2017-12-03 00:40:16,303 - accuracy_test      = 0.695652173913
2017-12-03 00:40:16,305 - n_missamples_test  = 7
2017-12-03 00:40:16,305 - mis_indices_test   =
 [ 4  5  6  7  8  9 10]
2017-12-03 00:40:16,306 - y_mis              =
 [-2 -2 -2 -2 -2 -2 -2]
2017-12-03 00:40:16,309 - y_predit_false     =
 [2 2 2 2 2 2 2]
2017-12-03 00:40:42,104 - ==================================================
2017-12-03 00:40:42,104 - dataset name       = my dataset
2017-12-03 00:40:42,105 - classifer_names    = _1vsrest
2017-12-03 00:40:42,105 - c                  = 50
2017-12-03 00:40:42,105 - kernel             = linear
2017-12-03 00:40:42,107 - ##################################################
2017-12-03 00:40:42,201 - time_fit           = 0.0950609042386
2017-12-03 00:40:42,203 - y_predit_train      =
 [1 1 1 1 2 2 2 2 2 2 2 3 3 3 3 3 4 4 4 4 4 4 4]
2017-12-03 00:40:42,203 - accuracy_train     = 1.0
2017-12-03 00:40:42,204 - n_missamples_train = 0
2017-12-03 00:40:42,204 - mis_indices_train  =
 []
2017-12-03 00:40:42,206 - y_mis              =
 []
2017-12-03 00:40:42,207 - y_predit_false     =
 []
2017-12-03 00:40:42,207 - ##################################################
2017-12-03 00:40:42,207 - y_predit_test      =
 [1 1 1 1 2 2 2 2 2 2 2 3 3 3 3 3 4 4 4 4 4 4 4]
2017-12-03 00:40:42,209 - accuracy_test      = 0.695652173913
2017-12-03 00:40:42,209 - n_missamples_test  = 7
2017-12-03 00:40:42,210 - mis_indices_test   =
 [ 4  5  6  7  8  9 10]
2017-12-03 00:40:42,210 - y_mis              =
 [-2 -2 -2 -2 -2 -2 -2]
2017-12-03 00:40:42,211 - y_predit_false     =
 [2 2 2 2 2 2 2]
2017-12-03 00:40:58,239 - ==================================================
2017-12-03 00:40:58,239 - dataset name       = my dataset
2017-12-03 00:40:58,240 - classifer_names    = _1vsrest
2017-12-03 00:40:58,240 - c                  = 50
2017-12-03 00:40:58,240 - kernel             = linear
2017-12-03 00:40:58,242 - ##################################################
2017-12-03 00:40:58,288 - time_fit           = 0.0454065122183
2017-12-03 00:40:58,289 - ##################################################
2017-12-03 00:40:58,289 - y_predit_train      =
 [1 1 1 1 2 2 2 2 2 2 2 3 3 3 3 3 4 4 4 4 4 4 4]
2017-12-03 00:40:58,290 - accuracy_train     = 1.0
2017-12-03 00:40:58,292 - n_missamples_train = 0
2017-12-03 00:40:58,292 - mis_indices_train  =
 []
2017-12-03 00:40:58,293 - y_mis              =
 []
2017-12-03 00:40:58,295 - y_predit_false     =
 []
2017-12-03 00:40:58,295 - ##################################################
2017-12-03 00:40:58,296 - y_predit_test      =
 [1 1 1 1 2 2 2 2 2 2 2 3 3 3 3 3 4 4 4 4 4 4 4]
2017-12-03 00:40:58,296 - accuracy_test      = 0.695652173913
2017-12-03 00:40:58,299 - n_missamples_test  = 7
2017-12-03 00:40:58,299 - mis_indices_test   =
 [ 4  5  6  7  8  9 10]
2017-12-03 00:40:58,301 - y_mis              =
 [-2 -2 -2 -2 -2 -2 -2]
2017-12-03 00:40:58,301 - y_predit_false     =
 [2 2 2 2 2 2 2]
2017-12-03 00:42:15,641 - ****************************************************************************************************
2017-12-03 00:42:15,641 - dataset name        my dataset
2017-12-03 00:42:15,642 - classifer_names     _1vsrest
2017-12-03 00:42:15,644 - c                   50
2017-12-03 00:42:15,644 - kernel              linear
2017-12-03 00:42:15,644 - ##################################################
2017-12-03 00:42:15,696 - time_fit            0.0502064923752
2017-12-03 00:42:15,696 - ##################################################
2017-12-03 00:42:15,697 - y_predit_train      
 [1 1 1 1 2 2 2 2 2 2 2 3 3 3 3 3 4 4 4 4 4 4 4]
2017-12-03 00:42:15,697 - accuracy_train      1.0
2017-12-03 00:42:15,697 - n_missamples_train  0
2017-12-03 00:42:15,698 - mis_indices_train  
 []
2017-12-03 00:42:15,700 - y_mis              
 []
2017-12-03 00:42:15,700 - y_predit_false     
 []
2017-12-03 00:42:15,700 - ##################################################
2017-12-03 00:42:15,701 - y_predit_test      
 [1 1 1 1 2 2 2 2 2 2 2 3 3 3 3 3 4 4 4 4 4 4 4]
2017-12-03 00:42:15,701 - accuracy_test       0.695652173913
2017-12-03 00:42:15,703 - n_missamples_test   7
2017-12-03 00:42:15,703 - mis_indices_test   
 [ 4  5  6  7  8  9 10]
2017-12-03 00:42:15,703 - y_mis              
 [-2 -2 -2 -2 -2 -2 -2]
2017-12-03 00:42:15,707 - y_predit_false     
 [2 2 2 2 2 2 2]
