2017-12-02 23:48:46,255 - ----------------------------------------------------------------------------------------------------
2017-12-02 23:48:46,256 - classifer_names    = _1vs1
2017-12-02 23:48:46,260 - c                  = 600
2017-12-02 23:48:46,262 - kernel             = linear
2017-12-02 23:48:46,279 - time_fit           = 0.0174854587201
2017-12-02 23:48:46,282 - accuracy_train     = 1.0
2017-12-02 23:48:46,282 - n_missamples_train = 0
2017-12-02 23:48:46,283 - missamples_train   =
 []
2017-12-02 23:48:46,285 - y_predit_train     =
 [1 1 1 1 2 2 2 2 2 2 2 3 3 3 3 3 4 4 4 4 4 4 4]
2017-12-02 23:48:46,286 - accuracy_test      = 0.695652173913
2017-12-02 23:48:46,286 - n_missamples_test  = 7
2017-12-02 23:48:46,289 - missamples_test    =
 [[4 2]
 [4 3]
 [5 1]
 [5 2]
 [5 3]
 [6 1]
 [6 2]]
2017-12-02 23:48:46,292 - y_predit_test      =
 [1 1 1 1 2 2 2 2 2 2 2 3 3 3 3 3 4 4 4 4 4 4 4]
2017-12-02 23:50:12,308 - --------------------------------------------------
2017-12-02 23:50:12,308 - classifer_names    = _1vs1
2017-12-02 23:50:12,309 - c                  = 600
2017-12-02 23:50:12,309 - kernel             = linear
2017-12-02 23:50:12,319 - time_fit           = 0.00991770668375
2017-12-02 23:50:12,321 - accuracy_train     = 1.0
2017-12-02 23:50:12,322 - n_missamples_train = 0
2017-12-02 23:50:12,322 - missamples_train   =
 []
2017-12-02 23:50:12,323 - y_predit_train     =
 [1 1 1 1 2 2 2 2 2 2 2 3 3 3 3 3 4 4 4 4 4 4 4]
2017-12-02 23:50:12,325 - accuracy_test      = 0.695652173913
2017-12-02 23:50:12,325 - n_missamples_test  = 7
2017-12-02 23:50:12,325 - missamples_test    =
 [[4 2]
 [4 3]
 [5 1]
 [5 2]
 [5 3]
 [6 1]
 [6 2]]
2017-12-02 23:50:12,326 - y_predit_test      =
 [1 1 1 1 2 2 2 2 2 2 2 3 3 3 3 3 4 4 4 4 4 4 4]
2017-12-03 00:19:37,744 - --------------------------------------------------
2017-12-03 00:19:37,746 - classifer_names    = _1vs1
2017-12-03 00:19:37,746 - c                  = 600
2017-12-03 00:19:37,749 - kernel             = linear
2017-12-03 00:19:37,759 - time_fit           = 0.0095251209938
2017-12-03 00:19:37,762 - accuracy_train     = 0.95652173913
2017-12-03 00:19:37,763 - n_missamples_train = 1
2017-12-03 00:19:37,763 - mis_samples X_train[[]]: [] 	 y = [] 	 y_predit = []
2017-12-03 00:19:37,765 - accuracy_test      = 0.95652173913
2017-12-03 00:19:37,766 - n_missamples_test  = 1
2017-12-03 00:19:37,767 - mis_samples X_test[[ 4  5  6  7  8  9 10]]: [[4 2]
 [4 3]
 [5 1]
 [5 2]
 [5 3]
 [6 1]
 [6 2]] 	 y = [-2 -2 -2 -2 -2 -2 -2] 	 y_predit = [2 2 2 2 2 2 2]
2017-12-03 00:23:19,190 - --------------------------------------------------
2017-12-03 00:23:19,190 - classifer_names    = _1vs1
2017-12-03 00:23:19,194 - c                  = 600
2017-12-03 00:23:19,194 - kernel             = linear
2017-12-03 00:23:19,203 - time_fit           = 0.00822676570546
2017-12-03 00:23:19,204 - y_predit_train      =
 [1 1 1 1 2 2 2 2 2 2 2 3 3 3 3 3 4 4 4 4 4 4 4]
2017-12-03 00:23:19,206 - accuracy_train     = 0.95652173913
2017-12-03 00:23:19,206 - n_missamples_train = 1
2017-12-03 00:23:19,207 - mis_indices_train   =
 []
2017-12-03 00:23:19,209 - y_predit_test      =
 [1 1 1 1 2 2 2 2 2 2 2 3 3 3 3 3 4 4 4 4 4 4 4]
2017-12-03 00:23:19,209 - accuracy_test      = 0.95652173913
2017-12-03 00:23:19,210 - n_missamples_test  = 1
2017-12-03 00:23:19,211 - mis_indices_test   =
 [[ 4  5  6  7  8  9 10]]
2017-12-03 00:24:17,398 - --------------------------------------------------
2017-12-03 00:24:17,398 - classifer_names    = _1vs1
2017-12-03 00:24:17,398 - c                  = 600
2017-12-03 00:24:17,401 - kernel             = linear
2017-12-03 00:24:17,411 - time_fit           = 0.00942291186537
2017-12-03 00:24:17,413 - y_predit_train      =
 [1 1 1 1 2 2 2 2 2 2 2 3 3 3 3 3 4 4 4 4 4 4 4]
2017-12-03 00:24:17,413 - accuracy_train     = 0.95652173913
2017-12-03 00:24:17,414 - n_missamples_train = 1
2017-12-03 00:24:17,414 - mis_indices_train   =
 []
2017-12-03 00:24:17,415 - y_predit_test      =
 [1 1 1 1 2 2 2 2 2 2 2 3 3 3 3 3 4 4 4 4 4 4 4]
2017-12-03 00:24:17,417 - accuracy_test      = 0.95652173913
2017-12-03 00:24:17,417 - n_missamples_test  = 1
2017-12-03 00:24:17,420 - mis_indices_test   =
 [[ 4  5  6  7  8  9 10]]
2017-12-03 00:25:47,926 - --------------------------------------------------
2017-12-03 00:25:47,927 - classifer_names    = _1vs1
2017-12-03 00:25:47,927 - c                  = 600
2017-12-03 00:25:47,927 - kernel             = linear
2017-12-03 00:25:47,940 - time_fit           = 0.0112459977001
2017-12-03 00:25:47,940 - y_predit_train      =
 [1 1 1 1 2 2 2 2 2 2 2 3 3 3 3 3 4 4 4 4 4 4 4]
2017-12-03 00:25:47,940 - accuracy_train     = 0.95652173913
2017-12-03 00:25:47,941 - n_missamples_train = 1
2017-12-03 00:25:47,943 - mis_indices_train   =
 (array([], dtype=int64),)
2017-12-03 00:25:47,944 - y_predit_test      =
 [1 1 1 1 2 2 2 2 2 2 2 3 3 3 3 3 4 4 4 4 4 4 4]
2017-12-03 00:25:47,944 - accuracy_test      = 0.95652173913
2017-12-03 00:25:47,944 - n_missamples_test  = 1
2017-12-03 00:25:47,946 - mis_indices_test   =
 (array([ 4,  5,  6,  7,  8,  9, 10], dtype=int64),)
2017-12-03 00:27:32,842 - --------------------------------------------------
2017-12-03 00:27:32,842 - classifer_names    = _1vs1
2017-12-03 00:27:32,842 - c                  = 600
2017-12-03 00:27:32,844 - kernel             = linear
2017-12-03 00:27:32,852 - time_fit           = 0.00820923192192
2017-12-03 00:27:32,855 - y_predit_train      =
 [1 1 1 1 2 2 2 2 2 2 2 3 3 3 3 3 4 4 4 4 4 4 4]
2017-12-03 00:27:32,855 - accuracy_train     = 0.95652173913
2017-12-03 00:27:32,855 - n_missamples_train = 1
2017-12-03 00:27:32,857 - mis_indices_train   =
 [(array([], dtype=int64),)]
2017-12-03 00:27:32,858 - y_predit_test      =
 [1 1 1 1 2 2 2 2 2 2 2 3 3 3 3 3 4 4 4 4 4 4 4]
2017-12-03 00:27:32,859 - accuracy_test      = 0.95652173913
2017-12-03 00:27:32,859 - n_missamples_test  = 1
2017-12-03 00:27:32,861 - mis_indices_test   =
 [(array([ 4,  5,  6,  7,  8,  9, 10], dtype=int64),)]
2017-12-03 00:32:26,052 - --------------------------------------------------
2017-12-03 00:32:26,052 - classifer_names    = _1vs1
2017-12-03 00:32:26,052 - c                  = 600
2017-12-03 00:32:26,052 - kernel             = linear
2017-12-03 00:32:26,068 - time_fit           = 0.0145564615627
2017-12-03 00:32:26,069 - y_predit_train      =
 [1 1 1 1 2 2 2 2 2 2 2 3 3 3 3 3 4 4 4 4 4 4 4]
2017-12-03 00:32:26,069 - accuracy_train     = 1.0
2017-12-03 00:32:26,071 - n_missamples_train = 0
2017-12-03 00:32:26,071 - mis_indices_train   =
 []
2017-12-03 00:32:26,072 - y_predit_test      =
 [1 1 1 1 2 2 2 2 2 2 2 3 3 3 3 3 4 4 4 4 4 4 4]
2017-12-03 00:32:26,072 - accuracy_test      = 0.695652173913
2017-12-03 00:32:26,072 - n_missamples_test  = 7
2017-12-03 00:32:26,073 - mis_indices_test   =
 [ 4  5  6  7  8  9 10]
2017-12-03 00:34:19,986 - --------------------------------------------------
2017-12-03 00:34:19,987 - classifer_names    = _1vs1
2017-12-03 00:34:19,989 - c                  = 600
2017-12-03 00:34:19,989 - kernel             = linear
2017-12-03 00:34:20,000 - time_fit           = 0.0097718769231
2017-12-03 00:34:20,000 - y_predit_train      =
 [1 1 1 1 2 2 2 2 2 2 2 3 3 3 3 3 4 4 4 4 4 4 4]
2017-12-03 00:34:20,003 - accuracy_train     = 1.0
2017-12-03 00:34:20,003 - n_missamples_train = 0
2017-12-03 00:34:20,005 - mis_indices_train  =
 []
2017-12-03 00:34:20,005 - y_predit_false     =
 []
2017-12-03 00:34:20,006 - y_predit_test      =
 [1 1 1 1 2 2 2 2 2 2 2 3 3 3 3 3 4 4 4 4 4 4 4]
2017-12-03 00:34:20,009 - accuracy_test      = 0.695652173913
2017-12-03 00:34:20,009 - n_missamples_test  = 7
2017-12-03 00:34:20,009 - mis_indices_test   =
 [ 4  5  6  7  8  9 10]
2017-12-03 00:34:20,009 - y_predit_false     =
 [2 2 2 2 2 2 2]
2017-12-03 00:35:46,158 - --------------------------------------------------
2017-12-03 00:35:46,158 - classifer_names    = _1vs1
2017-12-03 00:35:46,160 - c                  = 600
2017-12-03 00:35:46,160 - kernel             = linear
2017-12-03 00:35:46,171 - time_fit           = 0.0105189871631
2017-12-03 00:35:46,173 - y_predit_train      =
 [1 1 1 1 2 2 2 2 2 2 2 3 3 3 3 3 4 4 4 4 4 4 4]
2017-12-03 00:35:46,173 - accuracy_train     = 1.0
2017-12-03 00:35:46,173 - n_missamples_train = 0
2017-12-03 00:35:46,174 - mis_indices_train  =
 []
2017-12-03 00:35:46,174 - y_mis              =
 []
2017-12-03 00:35:46,174 - y_predit_false     =
 []
2017-12-03 00:35:46,176 - y_predit_test      =
 [1 1 1 1 2 2 2 2 2 2 2 3 3 3 3 3 4 4 4 4 4 4 4]
2017-12-03 00:35:46,177 - accuracy_test      = 0.695652173913
2017-12-03 00:35:46,177 - n_missamples_test  = 7
2017-12-03 00:35:46,180 - mis_indices_test   =
 [ 4  5  6  7  8  9 10]
2017-12-03 00:35:46,180 - y_mis              =
 []
2017-12-03 00:35:46,180 - y_predit_false     =
 [2 2 2 2 2 2 2]
2017-12-03 00:36:16,951 - --------------------------------------------------
2017-12-03 00:36:16,951 - classifer_names    = _1vs1
2017-12-03 00:36:16,953 - c                  = 600
2017-12-03 00:36:16,953 - kernel             = linear
2017-12-03 00:36:16,961 - time_fit           = 0.00824045060968
2017-12-03 00:36:16,963 - y_predit_train      =
 [1 1 1 1 2 2 2 2 2 2 2 3 3 3 3 3 4 4 4 4 4 4 4]
2017-12-03 00:36:16,964 - accuracy_train     = 1.0
2017-12-03 00:36:16,966 - n_missamples_train = 0
2017-12-03 00:36:16,967 - mis_indices_train  =
 []
2017-12-03 00:36:16,967 - y_mis              =
 []
2017-12-03 00:36:16,967 - y_predit_false     =
 []
2017-12-03 00:36:16,970 - y_predit_test      =
 [1 1 1 1 2 2 2 2 2 2 2 3 3 3 3 3 4 4 4 4 4 4 4]
2017-12-03 00:36:16,970 - accuracy_test      = 0.695652173913
2017-12-03 00:36:16,971 - n_missamples_test  = 7
2017-12-03 00:36:16,973 - mis_indices_test   =
 [ 4  5  6  7  8  9 10]
2017-12-03 00:36:16,973 - y_mis              =
 [-2 -2 -2 -2 -2 -2 -2]
2017-12-03 00:36:16,973 - y_predit_false     =
 [2 2 2 2 2 2 2]
2017-12-03 00:36:49,532 - --------------------------------------------------
2017-12-03 00:36:49,532 - classifer_names    = _1vs1
2017-12-03 00:36:49,532 - c                  = 600
2017-12-03 00:36:49,532 - kernel             = linear
2017-12-03 00:36:49,542 - time_fit           = 0.00915733919275
2017-12-03 00:36:49,543 - y_predit_train      =
 [1 1 1 1 2 2 2 2 2 2 2 3 3 3 3 3 4 4 4 4 4 4 4]
2017-12-03 00:36:49,545 - accuracy_train     = 1.0
2017-12-03 00:36:49,546 - n_missamples_train = 0
2017-12-03 00:36:49,546 - mis_indices_train  =
 []
2017-12-03 00:36:49,546 - y_mis              =
 []
2017-12-03 00:36:49,548 - y_predit_false     =
 []
2017-12-03 00:36:49,548 - ..................................................
2017-12-03 00:36:49,551 - y_predit_test      =
 [1 1 1 1 2 2 2 2 2 2 2 3 3 3 3 3 4 4 4 4 4 4 4]
2017-12-03 00:36:49,551 - accuracy_test      = 0.695652173913
2017-12-03 00:36:49,552 - n_missamples_test  = 7
2017-12-03 00:36:49,552 - mis_indices_test   =
 [ 4  5  6  7  8  9 10]
2017-12-03 00:36:49,552 - y_mis              =
 [-2 -2 -2 -2 -2 -2 -2]
2017-12-03 00:36:49,553 - y_predit_false     =
 [2 2 2 2 2 2 2]
2017-12-03 00:37:29,252 - ==================================================
2017-12-03 00:37:29,253 - classifer_names    = _1vs1
2017-12-03 00:37:29,255 - c                  = 600
2017-12-03 00:37:29,255 - kernel             = linear
2017-12-03 00:37:29,270 - time_fit           = 0.0147463396089
2017-12-03 00:37:29,273 - y_predit_train      =
 [1 1 1 1 2 2 2 2 2 2 2 3 3 3 3 3 4 4 4 4 4 4 4]
2017-12-03 00:37:29,273 - accuracy_train     = 1.0
2017-12-03 00:37:29,273 - n_missamples_train = 0
2017-12-03 00:37:29,275 - mis_indices_train  =
 []
2017-12-03 00:37:29,276 - y_mis              =
 []
2017-12-03 00:37:29,276 - y_predit_false     =
 []
2017-12-03 00:37:29,278 - ##################################################
2017-12-03 00:37:29,279 - y_predit_test      =
 [1 1 1 1 2 2 2 2 2 2 2 3 3 3 3 3 4 4 4 4 4 4 4]
2017-12-03 00:37:29,279 - accuracy_test      = 0.695652173913
2017-12-03 00:37:29,279 - n_missamples_test  = 7
2017-12-03 00:37:29,280 - mis_indices_test   =
 [ 4  5  6  7  8  9 10]
2017-12-03 00:37:29,280 - y_mis              =
 [-2 -2 -2 -2 -2 -2 -2]
2017-12-03 00:37:29,283 - y_predit_false     =
 [2 2 2 2 2 2 2]
2017-12-03 00:40:16,674 - ==================================================
2017-12-03 00:40:16,674 - dataset name       = my dataset
2017-12-03 00:40:16,676 - classifer_names    = _1vs1
2017-12-03 00:40:16,676 - c                  = 600
2017-12-03 00:40:16,677 - kernel             = linear
2017-12-03 00:40:16,686 - time_fit           = 0.00888834529408
2017-12-03 00:40:16,687 - y_predit_train      =
 [1 1 1 1 2 2 2 2 2 2 2 3 3 3 3 3 4 4 4 4 4 4 4]
2017-12-03 00:40:16,688 - accuracy_train     = 1.0
2017-12-03 00:40:16,690 - n_missamples_train = 0
2017-12-03 00:40:16,690 - mis_indices_train  =
 []
2017-12-03 00:40:16,690 - y_mis              =
 []
2017-12-03 00:40:16,694 - y_predit_false     =
 []
2017-12-03 00:40:16,694 - ##################################################
2017-12-03 00:40:16,697 - y_predit_test      =
 [1 1 1 1 2 2 2 2 2 2 2 3 3 3 3 3 4 4 4 4 4 4 4]
2017-12-03 00:40:16,697 - accuracy_test      = 0.695652173913
2017-12-03 00:40:16,697 - n_missamples_test  = 7
2017-12-03 00:40:16,697 - mis_indices_test   =
 [ 4  5  6  7  8  9 10]
2017-12-03 00:40:16,698 - y_mis              =
 [-2 -2 -2 -2 -2 -2 -2]
2017-12-03 00:40:16,700 - y_predit_false     =
 [2 2 2 2 2 2 2]
2017-12-03 00:40:42,565 - ==================================================
2017-12-03 00:40:42,566 - dataset name       = my dataset
2017-12-03 00:40:42,568 - classifer_names    = _1vs1
2017-12-03 00:40:42,568 - c                  = 600
2017-12-03 00:40:42,569 - kernel             = linear
2017-12-03 00:40:42,569 - ##################################################
2017-12-03 00:40:42,579 - time_fit           = 0.00984030144423
2017-12-03 00:40:42,581 - y_predit_train      =
 [1 1 1 1 2 2 2 2 2 2 2 3 3 3 3 3 4 4 4 4 4 4 4]
2017-12-03 00:40:42,582 - accuracy_train     = 1.0
2017-12-03 00:40:42,582 - n_missamples_train = 0
2017-12-03 00:40:42,582 - mis_indices_train  =
 []
2017-12-03 00:40:42,584 - y_mis              =
 []
2017-12-03 00:40:42,585 - y_predit_false     =
 []
2017-12-03 00:40:42,585 - ##################################################
2017-12-03 00:40:42,588 - y_predit_test      =
 [1 1 1 1 2 2 2 2 2 2 2 3 3 3 3 3 4 4 4 4 4 4 4]
2017-12-03 00:40:42,588 - accuracy_test      = 0.695652173913
2017-12-03 00:40:42,588 - n_missamples_test  = 7
2017-12-03 00:40:42,589 - mis_indices_test   =
 [ 4  5  6  7  8  9 10]
2017-12-03 00:40:42,589 - y_mis              =
 [-2 -2 -2 -2 -2 -2 -2]
2017-12-03 00:40:42,591 - y_predit_false     =
 [2 2 2 2 2 2 2]
2017-12-03 00:40:58,562 - ==================================================
2017-12-03 00:40:58,562 - dataset name       = my dataset
2017-12-03 00:40:58,562 - classifer_names    = _1vs1
2017-12-03 00:40:58,562 - c                  = 600
2017-12-03 00:40:58,563 - kernel             = linear
2017-12-03 00:40:58,563 - ##################################################
2017-12-03 00:40:58,572 - time_fit           = 0.00765199972801
2017-12-03 00:40:58,572 - ##################################################
2017-12-03 00:40:58,575 - y_predit_train      =
 [1 1 1 1 2 2 2 2 2 2 2 3 3 3 3 3 4 4 4 4 4 4 4]
2017-12-03 00:40:58,575 - accuracy_train     = 1.0
2017-12-03 00:40:58,575 - n_missamples_train = 0
2017-12-03 00:40:58,576 - mis_indices_train  =
 []
2017-12-03 00:40:58,576 - y_mis              =
 []
2017-12-03 00:40:58,578 - y_predit_false     =
 []
2017-12-03 00:40:58,579 - ##################################################
2017-12-03 00:40:58,581 - y_predit_test      =
 [1 1 1 1 2 2 2 2 2 2 2 3 3 3 3 3 4 4 4 4 4 4 4]
2017-12-03 00:40:58,582 - accuracy_test      = 0.695652173913
2017-12-03 00:40:58,582 - n_missamples_test  = 7
2017-12-03 00:40:58,584 - mis_indices_test   =
 [ 4  5  6  7  8  9 10]
2017-12-03 00:40:58,584 - y_mis              =
 [-2 -2 -2 -2 -2 -2 -2]
2017-12-03 00:40:58,585 - y_predit_false     =
 [2 2 2 2 2 2 2]
2017-12-03 00:42:16,007 - ****************************************************************************************************
2017-12-03 00:42:16,016 - dataset name        my dataset
2017-12-03 00:42:16,016 - classifer_names     _1vs1
2017-12-03 00:42:16,016 - c                   600
2017-12-03 00:42:16,017 - kernel              linear
2017-12-03 00:42:16,019 - ##################################################
2017-12-03 00:42:16,029 - time_fit            0.00854322911566
2017-12-03 00:42:16,029 - ##################################################
2017-12-03 00:42:16,030 - y_predit_train      
 [1 1 1 1 2 2 2 2 2 2 2 3 3 3 3 3 4 4 4 4 4 4 4]
2017-12-03 00:42:16,032 - accuracy_train      1.0
2017-12-03 00:42:16,032 - n_missamples_train  0
2017-12-03 00:42:16,035 - mis_indices_train  
 []
2017-12-03 00:42:16,036 - y_mis              
 []
2017-12-03 00:42:16,036 - y_predit_false     
 []
2017-12-03 00:42:16,036 - ##################################################
2017-12-03 00:42:16,038 - y_predit_test      
 [1 1 1 1 2 2 2 2 2 2 2 3 3 3 3 3 4 4 4 4 4 4 4]
2017-12-03 00:42:16,039 - accuracy_test       0.695652173913
2017-12-03 00:42:16,039 - n_missamples_test   7
2017-12-03 00:42:16,040 - mis_indices_test   
 [ 4  5  6  7  8  9 10]
2017-12-03 00:42:16,042 - y_mis              
 [-2 -2 -2 -2 -2 -2 -2]
2017-12-03 00:42:16,042 - y_predit_false     
 [2 2 2 2 2 2 2]
