2017-12-02 23:48:46,293 - ----------------------------------------------------------------------------------------------------
2017-12-02 23:48:46,295 - classifer_names    = _1vsrest
2017-12-02 23:48:46,295 - c                  = 600
2017-12-02 23:48:46,296 - kernel             = linear
2017-12-02 23:48:46,424 - time_fit           = 0.1269621266
2017-12-02 23:48:46,424 - accuracy_train     = 1.0
2017-12-02 23:48:46,424 - n_missamples_train = 0
2017-12-02 23:48:46,426 - missamples_train   =
 []
2017-12-02 23:48:46,427 - y_predit_train     =
 [1, 1, 1, 1, 2, 2, 2, 2, 2, 2, 2, 3, 3, 3, 3, 3, 4, 4, 4, 4, 4, 4, 4]
2017-12-02 23:48:46,427 - accuracy_test      = 0.695652173913
2017-12-02 23:48:46,427 - n_missamples_test  = 7
2017-12-02 23:48:46,428 - missamples_test    =
 [[4 2]
 [4 3]
 [5 1]
 [5 2]
 [5 3]
 [6 1]
 [6 2]]
2017-12-02 23:48:46,430 - y_predit_test      =
 [1, 1, 1, 1, 2, 2, 2, 2, 2, 2, 2, 3, 3, 3, 3, 3, 4, 4, 4, 4, 4, 4, 4]
2017-12-02 23:50:12,326 - --------------------------------------------------
2017-12-02 23:50:12,328 - classifer_names    = _1vsrest
2017-12-02 23:50:12,328 - c                  = 600
2017-12-02 23:50:12,328 - kernel             = linear
2017-12-02 23:50:12,384 - time_fit           = 0.056052940052
2017-12-02 23:50:12,385 - accuracy_train     = 1.0
2017-12-02 23:50:12,387 - n_missamples_train = 0
2017-12-02 23:50:12,387 - missamples_train   =
 []
2017-12-02 23:50:12,388 - y_predit_train     =
 [1, 1, 1, 1, 2, 2, 2, 2, 2, 2, 2, 3, 3, 3, 3, 3, 4, 4, 4, 4, 4, 4, 4]
2017-12-02 23:50:12,388 - accuracy_test      = 0.695652173913
2017-12-02 23:50:12,388 - n_missamples_test  = 7
2017-12-02 23:50:12,390 - missamples_test    =
 [[4 2]
 [4 3]
 [5 1]
 [5 2]
 [5 3]
 [6 1]
 [6 2]]
2017-12-02 23:50:12,390 - y_predit_test      =
 [1, 1, 1, 1, 2, 2, 2, 2, 2, 2, 2, 3, 3, 3, 3, 3, 4, 4, 4, 4, 4, 4, 4]
2017-12-03 00:19:37,769 - --------------------------------------------------
2017-12-03 00:19:37,769 - classifer_names    = _1vsrest
2017-12-03 00:19:37,769 - c                  = 600
2017-12-03 00:19:37,770 - kernel             = linear
2017-12-03 00:19:37,813 - time_fit           = 0.0425617627525
2017-12-03 00:19:37,815 - accuracy_train     = 0.95652173913
2017-12-03 00:19:37,816 - n_missamples_train = 1
2017-12-03 00:19:37,818 - mis_samples X_train[[]]: [] 	 y = [] 	 y_predit = []
2017-12-03 00:19:37,819 - accuracy_test      = 0.95652173913
2017-12-03 00:19:37,819 - n_missamples_test  = 1
2017-12-03 00:19:37,821 - mis_samples X_test[[ 4  5  6  7  8  9 10]]: [[4 2]
 [4 3]
 [5 1]
 [5 2]
 [5 3]
 [6 1]
 [6 2]] 	 y = [-2 -2 -2 -2 -2 -2 -2] 	 y_predit = [2 2 2 2 2 2 2]
2017-12-03 00:23:19,213 - --------------------------------------------------
2017-12-03 00:23:19,213 - classifer_names    = _1vsrest
2017-12-03 00:23:19,214 - c                  = 600
2017-12-03 00:23:19,214 - kernel             = linear
2017-12-03 00:23:19,326 - time_fit           = 0.110893910774
2017-12-03 00:23:19,328 - y_predit_train      =
 [1 1 1 1 2 2 2 2 2 2 2 3 3 3 3 3 4 4 4 4 4 4 4]
2017-12-03 00:23:19,328 - accuracy_train     = 0.95652173913
2017-12-03 00:23:19,329 - n_missamples_train = 1
2017-12-03 00:23:19,329 - mis_indices_train   =
 []
2017-12-03 00:23:19,331 - y_predit_test      =
 [1 1 1 1 2 2 2 2 2 2 2 3 3 3 3 3 4 4 4 4 4 4 4]
2017-12-03 00:23:19,332 - accuracy_test      = 0.95652173913
2017-12-03 00:23:19,332 - n_missamples_test  = 1
2017-12-03 00:23:19,332 - mis_indices_test   =
 [[ 4  5  6  7  8  9 10]]
2017-12-03 00:24:17,421 - --------------------------------------------------
2017-12-03 00:24:17,421 - classifer_names    = _1vsrest
2017-12-03 00:24:17,421 - c                  = 600
2017-12-03 00:24:17,423 - kernel             = linear
2017-12-03 00:24:17,476 - time_fit           = 0.0520406971946
2017-12-03 00:24:17,476 - y_predit_train      =
 [1 1 1 4 2 2 2 2 2 2 2 3 3 3 3 3 4 4 4 4 4 4 4]
2017-12-03 00:24:17,476 - accuracy_train     = 0.95652173913
2017-12-03 00:24:17,477 - n_missamples_train = 1
2017-12-03 00:24:17,479 - mis_indices_train   =
 [[3]]
2017-12-03 00:24:17,480 - y_predit_test      =
 [1 1 1 4 2 2 2 2 2 2 2 3 3 3 3 3 4 4 4 4 4 4 4]
2017-12-03 00:24:17,480 - accuracy_test      = 0.95652173913
2017-12-03 00:24:17,482 - n_missamples_test  = 1
2017-12-03 00:24:17,483 - mis_indices_test   =
 [[ 3  4  5  6  7  8  9 10]]
2017-12-03 00:25:47,947 - --------------------------------------------------
2017-12-03 00:25:47,947 - classifer_names    = _1vsrest
2017-12-03 00:25:47,947 - c                  = 600
2017-12-03 00:25:47,947 - kernel             = linear
2017-12-03 00:25:48,134 - time_fit           = 0.183354623338
2017-12-03 00:25:48,134 - y_predit_train      =
 [1 1 1 1 2 2 2 2 2 2 2 3 3 3 3 3 4 4 4 4 4 4 4]
2017-12-03 00:25:48,135 - accuracy_train     = 0.95652173913
2017-12-03 00:25:48,135 - n_missamples_train = 1
2017-12-03 00:25:48,137 - mis_indices_train   =
 (array([], dtype=int64),)
2017-12-03 00:25:48,138 - y_predit_test      =
 [1 1 1 1 2 2 2 2 2 2 2 3 3 3 3 3 4 4 4 4 4 4 4]
2017-12-03 00:25:48,138 - accuracy_test      = 0.95652173913
2017-12-03 00:25:48,138 - n_missamples_test  = 1
2017-12-03 00:25:48,140 - mis_indices_test   =
 (array([ 4,  5,  6,  7,  8,  9, 10], dtype=int64),)
2017-12-03 00:27:32,861 - --------------------------------------------------
2017-12-03 00:27:32,864 - classifer_names    = _1vsrest
2017-12-03 00:27:32,864 - c                  = 600
2017-12-03 00:27:32,865 - kernel             = linear
2017-12-03 00:27:32,933 - time_fit           = 0.0673412754245
2017-12-03 00:27:32,934 - y_predit_train      =
 [1 1 1 1 2 2 2 2 2 2 2 3 3 3 3 3 4 4 4 4 4 4 4]
2017-12-03 00:27:32,934 - accuracy_train     = 0.95652173913
2017-12-03 00:27:32,934 - n_missamples_train = 1
2017-12-03 00:27:32,937 - mis_indices_train   =
 [(array([], dtype=int64),)]
2017-12-03 00:27:32,937 - y_predit_test      =
 [1 1 1 1 2 2 2 2 2 2 2 3 3 3 3 3 4 4 4 4 4 4 4]
2017-12-03 00:27:32,937 - accuracy_test      = 0.95652173913
2017-12-03 00:27:32,937 - n_missamples_test  = 1
2017-12-03 00:27:32,938 - mis_indices_test   =
 [(array([ 4,  5,  6,  7,  8,  9, 10], dtype=int64),)]
2017-12-03 00:32:26,075 - --------------------------------------------------
2017-12-03 00:32:26,075 - classifer_names    = _1vsrest
2017-12-03 00:32:26,075 - c                  = 600
2017-12-03 00:32:26,076 - kernel             = linear
2017-12-03 00:32:26,186 - time_fit           = 0.109406960399
2017-12-03 00:32:26,187 - y_predit_train      =
 [1 1 1 1 2 2 2 2 2 2 2 3 3 3 3 3 4 4 4 4 4 4 4]
2017-12-03 00:32:26,187 - accuracy_train     = 1.0
2017-12-03 00:32:26,188 - n_missamples_train = 0
2017-12-03 00:32:26,188 - mis_indices_train   =
 []
2017-12-03 00:32:26,190 - y_predit_test      =
 [1 1 1 1 2 2 2 2 2 2 2 3 3 3 3 3 4 4 4 4 4 4 4]
2017-12-03 00:32:26,190 - accuracy_test      = 0.695652173913
2017-12-03 00:32:26,190 - n_missamples_test  = 7
2017-12-03 00:32:26,191 - mis_indices_test   =
 [ 4  5  6  7  8  9 10]
2017-12-03 00:34:20,010 - --------------------------------------------------
2017-12-03 00:34:20,010 - classifer_names    = _1vsrest
2017-12-03 00:34:20,013 - c                  = 600
2017-12-03 00:34:20,013 - kernel             = linear
2017-12-03 00:34:20,059 - time_fit           = 0.0455416506475
2017-12-03 00:34:20,061 - y_predit_train      =
 [1 1 1 1 2 2 2 2 2 2 2 3 3 3 3 3 4 4 4 4 4 4 4]
2017-12-03 00:34:20,062 - accuracy_train     = 1.0
2017-12-03 00:34:20,062 - n_missamples_train = 0
2017-12-03 00:34:20,063 - mis_indices_train  =
 []
2017-12-03 00:34:20,063 - y_predit_false     =
 []
2017-12-03 00:34:20,065 - y_predit_test      =
 [1 1 1 1 2 2 2 2 2 2 2 3 3 3 3 3 4 4 4 4 4 4 4]
2017-12-03 00:34:20,065 - accuracy_test      = 0.695652173913
2017-12-03 00:34:20,065 - n_missamples_test  = 7
2017-12-03 00:34:20,066 - mis_indices_test   =
 [ 4  5  6  7  8  9 10]
2017-12-03 00:34:20,066 - y_predit_false     =
 [2 2 2 2 2 2 2]
2017-12-03 00:35:46,181 - --------------------------------------------------
2017-12-03 00:35:46,181 - classifer_names    = _1vsrest
2017-12-03 00:35:46,183 - c                  = 600
2017-12-03 00:35:46,183 - kernel             = linear
2017-12-03 00:35:46,302 - time_fit           = 0.117853539878
2017-12-03 00:35:46,302 - y_predit_train      =
 [1 1 1 1 2 2 2 2 2 2 2 3 3 3 3 3 4 4 4 4 4 4 4]
2017-12-03 00:35:46,302 - accuracy_train     = 1.0
2017-12-03 00:35:46,303 - n_missamples_train = 0
2017-12-03 00:35:46,305 - mis_indices_train  =
 []
2017-12-03 00:35:46,305 - y_mis              =
 []
2017-12-03 00:35:46,305 - y_predit_false     =
 []
2017-12-03 00:35:46,308 - y_predit_test      =
 [1 1 1 1 2 2 2 2 2 2 2 3 3 3 3 3 4 4 4 4 4 4 4]
2017-12-03 00:35:46,308 - accuracy_test      = 0.695652173913
2017-12-03 00:35:46,309 - n_missamples_test  = 7
2017-12-03 00:35:46,309 - mis_indices_test   =
 [ 4  5  6  7  8  9 10]
2017-12-03 00:35:46,309 - y_mis              =
 []
2017-12-03 00:35:46,311 - y_predit_false     =
 [2 2 2 2 2 2 2]
2017-12-03 00:36:16,974 - --------------------------------------------------
2017-12-03 00:36:16,974 - classifer_names    = _1vsrest
2017-12-03 00:36:16,976 - c                  = 600
2017-12-03 00:36:16,976 - kernel             = linear
2017-12-03 00:36:17,051 - time_fit           = 0.0741426728243
2017-12-03 00:36:17,052 - y_predit_train      =
 [1 1 1 1 2 2 2 2 2 2 2 3 3 3 3 3 4 4 4 4 4 4 4]
2017-12-03 00:36:17,052 - accuracy_train     = 1.0
2017-12-03 00:36:17,053 - n_missamples_train = 0
2017-12-03 00:36:17,055 - mis_indices_train  =
 []
2017-12-03 00:36:17,055 - y_mis              =
 []
2017-12-03 00:36:17,055 - y_predit_false     =
 []
2017-12-03 00:36:17,056 - y_predit_test      =
 [1 1 1 1 2 2 2 2 2 2 2 3 3 3 3 3 4 4 4 4 4 4 4]
2017-12-03 00:36:17,058 - accuracy_test      = 0.695652173913
2017-12-03 00:36:17,058 - n_missamples_test  = 7
2017-12-03 00:36:17,059 - mis_indices_test   =
 [ 4  5  6  7  8  9 10]
2017-12-03 00:36:17,061 - y_mis              =
 [-2 -2 -2 -2 -2 -2 -2]
2017-12-03 00:36:17,062 - y_predit_false     =
 [2 2 2 2 2 2 2]
2017-12-03 00:36:49,553 - --------------------------------------------------
2017-12-03 00:36:49,555 - classifer_names    = _1vsrest
2017-12-03 00:36:49,555 - c                  = 600
2017-12-03 00:36:49,555 - kernel             = linear
2017-12-03 00:36:49,644 - time_fit           = 0.0884865907183
2017-12-03 00:36:49,645 - y_predit_train      =
 [1 1 1 1 2 2 2 2 2 2 2 3 3 3 3 3 4 4 4 4 4 4 4]
2017-12-03 00:36:49,645 - accuracy_train     = 1.0
2017-12-03 00:36:49,647 - n_missamples_train = 0
2017-12-03 00:36:49,647 - mis_indices_train  =
 []
2017-12-03 00:36:49,648 - y_mis              =
 []
2017-12-03 00:36:49,648 - y_predit_false     =
 []
2017-12-03 00:36:49,648 - ..................................................
2017-12-03 00:36:49,650 - y_predit_test      =
 [1 1 1 1 2 2 2 2 2 2 2 3 3 3 3 3 4 4 4 4 4 4 4]
2017-12-03 00:36:49,651 - accuracy_test      = 0.695652173913
2017-12-03 00:36:49,651 - n_missamples_test  = 7
2017-12-03 00:36:49,651 - mis_indices_test   =
 [ 4  5  6  7  8  9 10]
2017-12-03 00:36:49,651 - y_mis              =
 [-2 -2 -2 -2 -2 -2 -2]
2017-12-03 00:36:49,653 - y_predit_false     =
 [2 2 2 2 2 2 2]
2017-12-03 00:37:29,285 - ==================================================
2017-12-03 00:37:29,285 - classifer_names    = _1vsrest
2017-12-03 00:37:29,286 - c                  = 600
2017-12-03 00:37:29,286 - kernel             = linear
2017-12-03 00:37:29,398 - time_fit           = 0.110568894298
2017-12-03 00:37:29,398 - y_predit_train      =
 [1 1 1 1 2 2 2 2 2 2 2 3 3 3 3 3 4 4 4 4 4 4 4]
2017-12-03 00:37:29,398 - accuracy_train     = 1.0
2017-12-03 00:37:29,398 - n_missamples_train = 0
2017-12-03 00:37:29,400 - mis_indices_train  =
 []
2017-12-03 00:37:29,401 - y_mis              =
 []
2017-12-03 00:37:29,401 - y_predit_false     =
 []
2017-12-03 00:37:29,401 - ##################################################
2017-12-03 00:37:29,403 - y_predit_test      =
 [1 1 1 1 2 2 2 2 2 2 2 3 3 3 3 3 4 4 4 4 4 4 4]
2017-12-03 00:37:29,403 - accuracy_test      = 0.695652173913
2017-12-03 00:37:29,404 - n_missamples_test  = 7
2017-12-03 00:37:29,404 - mis_indices_test   =
 [ 4  5  6  7  8  9 10]
2017-12-03 00:37:29,404 - y_mis              =
 [-2 -2 -2 -2 -2 -2 -2]
2017-12-03 00:37:29,405 - y_predit_false     =
 [2 2 2 2 2 2 2]
2017-12-03 00:40:16,700 - ==================================================
2017-12-03 00:40:16,701 - dataset name       = my dataset
2017-12-03 00:40:16,703 - classifer_names    = _1vsrest
2017-12-03 00:40:16,703 - c                  = 600
2017-12-03 00:40:16,704 - kernel             = linear
2017-12-03 00:40:16,775 - time_fit           = 0.0692118307708
2017-12-03 00:40:16,776 - y_predit_train      =
 [1 1 1 1 2 2 2 2 2 2 2 3 3 3 3 3 4 4 4 4 4 4 4]
2017-12-03 00:40:16,776 - accuracy_train     = 1.0
2017-12-03 00:40:16,776 - n_missamples_train = 0
2017-12-03 00:40:16,776 - mis_indices_train  =
 []
2017-12-03 00:40:16,779 - y_mis              =
 []
2017-12-03 00:40:16,779 - y_predit_false     =
 []
2017-12-03 00:40:16,780 - ##################################################
2017-12-03 00:40:16,780 - y_predit_test      =
 [1 1 1 1 2 2 2 2 2 2 2 3 3 3 3 3 4 4 4 4 4 4 4]
2017-12-03 00:40:16,782 - accuracy_test      = 0.695652173913
2017-12-03 00:40:16,782 - n_missamples_test  = 7
2017-12-03 00:40:16,782 - mis_indices_test   =
 [ 4  5  6  7  8  9 10]
2017-12-03 00:40:16,785 - y_mis              =
 [-2 -2 -2 -2 -2 -2 -2]
2017-12-03 00:40:16,786 - y_predit_false     =
 [2 2 2 2 2 2 2]
2017-12-03 00:40:42,592 - ==================================================
2017-12-03 00:40:42,592 - dataset name       = my dataset
2017-12-03 00:40:42,592 - classifer_names    = _1vsrest
2017-12-03 00:40:42,592 - c                  = 600
2017-12-03 00:40:42,595 - kernel             = linear
2017-12-03 00:40:42,595 - ##################################################
2017-12-03 00:40:42,665 - time_fit           = 0.0687337144294
2017-12-03 00:40:42,667 - y_predit_train      =
 [1 1 1 1 2 2 2 2 2 2 2 3 3 3 3 3 4 4 4 4 4 4 4]
2017-12-03 00:40:42,667 - accuracy_train     = 1.0
2017-12-03 00:40:42,667 - n_missamples_train = 0
2017-12-03 00:40:42,668 - mis_indices_train  =
 []
2017-12-03 00:40:42,670 - y_mis              =
 []
2017-12-03 00:40:42,670 - y_predit_false     =
 []
2017-12-03 00:40:42,671 - ##################################################
2017-12-03 00:40:42,671 - y_predit_test      =
 [1 1 1 1 2 2 2 2 2 2 2 3 3 3 3 3 4 4 4 4 4 4 4]
2017-12-03 00:40:42,671 - accuracy_test      = 0.695652173913
2017-12-03 00:40:42,673 - n_missamples_test  = 7
2017-12-03 00:40:42,673 - mis_indices_test   =
 [ 4  5  6  7  8  9 10]
2017-12-03 00:40:42,676 - y_mis              =
 [-2 -2 -2 -2 -2 -2 -2]
2017-12-03 00:40:42,676 - y_predit_false     =
 [2 2 2 2 2 2 2]
2017-12-03 00:40:58,585 - ==================================================
2017-12-03 00:40:58,585 - dataset name       = my dataset
2017-12-03 00:40:58,586 - classifer_names    = _1vsrest
2017-12-03 00:40:58,586 - c                  = 600
2017-12-03 00:40:58,588 - kernel             = linear
2017-12-03 00:40:58,588 - ##################################################
2017-12-03 00:40:58,686 - time_fit           = 0.0957160690284
2017-12-03 00:40:58,687 - ##################################################
2017-12-03 00:40:58,687 - y_predit_train      =
 [1 1 1 1 2 2 2 2 2 2 2 3 3 3 3 3 4 4 4 4 4 4 4]
2017-12-03 00:40:58,688 - accuracy_train     = 1.0
2017-12-03 00:40:58,690 - n_missamples_train = 0
2017-12-03 00:40:58,690 - mis_indices_train  =
 []
2017-12-03 00:40:58,690 - y_mis              =
 []
2017-12-03 00:40:58,691 - y_predit_false     =
 []
2017-12-03 00:40:58,691 - ##################################################
2017-12-03 00:40:58,693 - y_predit_test      =
 [1 1 1 1 2 2 2 2 2 2 2 3 3 3 3 3 4 4 4 4 4 4 4]
2017-12-03 00:40:58,694 - accuracy_test      = 0.695652173913
2017-12-03 00:40:58,694 - n_missamples_test  = 7
2017-12-03 00:40:58,696 - mis_indices_test   =
 [ 4  5  6  7  8  9 10]
2017-12-03 00:40:58,697 - y_mis              =
 [-2 -2 -2 -2 -2 -2 -2]
2017-12-03 00:40:58,697 - y_predit_false     =
 [2 2 2 2 2 2 2]
2017-12-03 00:42:16,043 - ****************************************************************************************************
2017-12-03 00:42:16,043 - dataset name        my dataset
2017-12-03 00:42:16,045 - classifer_names     _1vsrest
2017-12-03 00:42:16,045 - c                   600
2017-12-03 00:42:16,046 - kernel              linear
2017-12-03 00:42:16,046 - ##################################################
2017-12-03 00:42:16,082 - time_fit            0.0350705606491
2017-12-03 00:42:16,082 - ##################################################
2017-12-03 00:42:16,084 - y_predit_train      
 [1 1 1 1 2 2 2 2 2 2 2 3 3 3 3 3 4 4 4 4 4 4 4]
2017-12-03 00:42:16,085 - accuracy_train      1.0
2017-12-03 00:42:16,085 - n_missamples_train  0
2017-12-03 00:42:16,085 - mis_indices_train  
 []
2017-12-03 00:42:16,088 - y_mis              
 []
2017-12-03 00:42:16,088 - y_predit_false     
 []
2017-12-03 00:42:16,088 - ##################################################
2017-12-03 00:42:16,089 - y_predit_test      
 [1 1 1 1 2 2 2 2 2 2 2 3 3 3 3 3 4 4 4 4 4 4 4]
2017-12-03 00:42:16,091 - accuracy_test       0.695652173913
2017-12-03 00:42:16,091 - n_missamples_test   7
2017-12-03 00:42:16,092 - mis_indices_test   
 [ 4  5  6  7  8  9 10]
2017-12-03 00:42:16,094 - y_mis              
 [-2 -2 -2 -2 -2 -2 -2]
2017-12-03 00:42:16,095 - y_predit_false     
 [2 2 2 2 2 2 2]
