2017-12-02 23:48:46,453 - ----------------------------------------------------------------------------------------------------
2017-12-02 23:48:46,454 - classifer_names    = _1vsrest
2017-12-02 23:48:46,456 - c                  = 800
2017-12-02 23:48:46,456 - kernel             = linear
2017-12-02 23:48:46,516 - time_fit           = 0.0585307630232
2017-12-02 23:48:46,516 - accuracy_train     = 1.0
2017-12-02 23:48:46,516 - n_missamples_train = 0
2017-12-02 23:48:46,516 - missamples_train   =
 []
2017-12-02 23:48:46,517 - y_predit_train     =
 [1, 1, 1, 1, 2, 2, 2, 2, 2, 2, 2, 3, 3, 3, 3, 3, 4, 4, 4, 4, 4, 4, 4]
2017-12-02 23:48:46,519 - accuracy_test      = 0.695652173913
2017-12-02 23:48:46,519 - n_missamples_test  = 7
2017-12-02 23:48:46,519 - missamples_test    =
 [[4 2]
 [4 3]
 [5 1]
 [5 2]
 [5 3]
 [6 1]
 [6 2]]
2017-12-02 23:48:46,519 - y_predit_test      =
 [1, 1, 1, 1, 2, 2, 2, 2, 2, 2, 2, 3, 3, 3, 3, 3, 4, 4, 4, 4, 4, 4, 4]
2017-12-02 23:50:12,410 - --------------------------------------------------
2017-12-02 23:50:12,411 - classifer_names    = _1vsrest
2017-12-02 23:50:12,411 - c                  = 800
2017-12-02 23:50:12,411 - kernel             = linear
2017-12-02 23:50:12,694 - time_fit           = 0.282039033623
2017-12-02 23:50:12,694 - accuracy_train     = 1.0
2017-12-02 23:50:12,696 - n_missamples_train = 0
2017-12-02 23:50:12,697 - missamples_train   =
 []
2017-12-02 23:50:12,697 - y_predit_train     =
 [1, 1, 1, 1, 2, 2, 2, 2, 2, 2, 2, 3, 3, 3, 3, 3, 4, 4, 4, 4, 4, 4, 4]
2017-12-02 23:50:12,698 - accuracy_test      = 0.695652173913
2017-12-02 23:50:12,698 - n_missamples_test  = 7
2017-12-02 23:50:12,700 - missamples_test    =
 [[4 2]
 [4 3]
 [5 1]
 [5 2]
 [5 3]
 [6 1]
 [6 2]]
2017-12-02 23:50:12,700 - y_predit_test      =
 [1, 1, 1, 1, 2, 2, 2, 2, 2, 2, 2, 3, 3, 3, 3, 3, 4, 4, 4, 4, 4, 4, 4]
2017-12-03 00:19:37,848 - --------------------------------------------------
2017-12-03 00:19:37,849 - classifer_names    = _1vsrest
2017-12-03 00:19:37,851 - c                  = 800
2017-12-03 00:19:37,851 - kernel             = linear
2017-12-03 00:19:37,947 - time_fit           = 0.0922619136713
2017-12-03 00:19:37,947 - accuracy_train     = 0.95652173913
2017-12-03 00:19:37,948 - n_missamples_train = 1
2017-12-03 00:19:37,950 - mis_samples X_train[[]]: [] 	 y = [] 	 y_predit = []
2017-12-03 00:19:37,951 - accuracy_test      = 0.95652173913
2017-12-03 00:19:37,951 - n_missamples_test  = 1
2017-12-03 00:19:37,953 - mis_samples X_test[[ 4  5  6  7  8  9 10]]: [[4 2]
 [4 3]
 [5 1]
 [5 2]
 [5 3]
 [6 1]
 [6 2]] 	 y = [-2 -2 -2 -2 -2 -2 -2] 	 y_predit = [2 2 2 2 2 2 2]
2017-12-03 00:23:19,357 - --------------------------------------------------
2017-12-03 00:23:19,357 - classifer_names    = _1vsrest
2017-12-03 00:23:19,358 - c                  = 800
2017-12-03 00:23:19,358 - kernel             = linear
2017-12-03 00:23:19,444 - time_fit           = 0.0834941665957
2017-12-03 00:23:19,444 - y_predit_train      =
 [1 1 1 1 2 2 2 2 2 2 2 3 3 3 3 3 4 4 4 4 4 4 4]
2017-12-03 00:23:19,446 - accuracy_train     = 0.95652173913
2017-12-03 00:23:19,446 - n_missamples_train = 1
2017-12-03 00:23:19,447 - mis_indices_train   =
 []
2017-12-03 00:23:19,448 - y_predit_test      =
 [1 1 1 1 2 2 2 2 2 2 2 3 3 3 3 3 4 4 4 4 4 4 4]
2017-12-03 00:23:19,448 - accuracy_test      = 0.95652173913
2017-12-03 00:23:19,448 - n_missamples_test  = 1
2017-12-03 00:23:19,450 - mis_indices_test   =
 [[ 4  5  6  7  8  9 10]]
2017-12-03 00:24:17,506 - --------------------------------------------------
2017-12-03 00:24:17,507 - classifer_names    = _1vsrest
2017-12-03 00:24:17,509 - c                  = 800
2017-12-03 00:24:17,509 - kernel             = linear
2017-12-03 00:24:17,594 - time_fit           = 0.0826499790664
2017-12-03 00:24:17,595 - y_predit_train      =
 [1 1 1 1 2 2 2 2 2 2 2 3 3 3 3 3 4 4 4 4 4 4 4]
2017-12-03 00:24:17,595 - accuracy_train     = 0.95652173913
2017-12-03 00:24:17,595 - n_missamples_train = 1
2017-12-03 00:24:17,595 - mis_indices_train   =
 []
2017-12-03 00:24:17,596 - y_predit_test      =
 [1 1 1 1 2 2 2 2 2 2 2 3 3 3 3 3 4 4 4 4 4 4 4]
2017-12-03 00:24:17,598 - accuracy_test      = 0.95652173913
2017-12-03 00:24:17,598 - n_missamples_test  = 1
2017-12-03 00:24:17,599 - mis_indices_test   =
 [[ 4  5  6  7  8  9 10]]
2017-12-03 00:25:48,164 - --------------------------------------------------
2017-12-03 00:25:48,164 - classifer_names    = _1vsrest
2017-12-03 00:25:48,165 - c                  = 800
2017-12-03 00:25:48,167 - kernel             = linear
2017-12-03 00:25:48,303 - time_fit           = 0.136646334605
2017-12-03 00:25:48,305 - y_predit_train      =
 [1 1 1 1 2 2 2 2 2 2 2 3 3 3 3 3 4 4 4 4 4 4 4]
2017-12-03 00:25:48,305 - accuracy_train     = 0.95652173913
2017-12-03 00:25:48,305 - n_missamples_train = 1
2017-12-03 00:25:48,308 - mis_indices_train   =
 (array([], dtype=int64),)
2017-12-03 00:25:48,309 - y_predit_test      =
 [1 1 1 1 2 2 2 2 2 2 2 3 3 3 3 3 4 4 4 4 4 4 4]
2017-12-03 00:25:48,309 - accuracy_test      = 0.95652173913
2017-12-03 00:25:48,309 - n_missamples_test  = 1
2017-12-03 00:25:48,311 - mis_indices_test   =
 (array([ 4,  5,  6,  7,  8,  9, 10], dtype=int64),)
2017-12-03 00:27:32,964 - --------------------------------------------------
2017-12-03 00:27:32,966 - classifer_names    = _1vsrest
2017-12-03 00:27:32,966 - c                  = 800
2017-12-03 00:27:32,967 - kernel             = linear
2017-12-03 00:27:33,033 - time_fit           = 0.0669572427997
2017-12-03 00:27:33,036 - y_predit_train      =
 [1 1 1 1 2 2 2 2 2 2 2 3 3 3 3 3 4 4 4 4 4 4 4]
2017-12-03 00:27:33,036 - accuracy_train     = 0.95652173913
2017-12-03 00:27:33,036 - n_missamples_train = 1
2017-12-03 00:27:33,036 - mis_indices_train   =
 [(array([], dtype=int64),)]
2017-12-03 00:27:33,038 - y_predit_test      =
 [1 1 1 1 2 2 2 2 2 2 2 3 3 3 3 3 4 4 4 4 4 4 4]
2017-12-03 00:27:33,039 - accuracy_test      = 0.95652173913
2017-12-03 00:27:33,039 - n_missamples_test  = 1
2017-12-03 00:27:33,040 - mis_indices_test   =
 [(array([ 4,  5,  6,  7,  8,  9, 10], dtype=int64),)]
2017-12-03 00:32:26,217 - --------------------------------------------------
2017-12-03 00:32:26,217 - classifer_names    = _1vsrest
2017-12-03 00:32:26,219 - c                  = 800
2017-12-03 00:32:26,219 - kernel             = linear
2017-12-03 00:32:26,325 - time_fit           = 0.103809406918
2017-12-03 00:32:26,325 - y_predit_train      =
 [1 1 1 1 2 2 2 2 2 2 2 3 3 3 3 3 4 4 4 4 4 4 4]
2017-12-03 00:32:26,325 - accuracy_train     = 1.0
2017-12-03 00:32:26,326 - n_missamples_train = 0
2017-12-03 00:32:26,326 - mis_indices_train   =
 []
2017-12-03 00:32:26,328 - y_predit_test      =
 [1 1 1 1 2 2 2 2 2 2 2 3 3 3 3 3 4 4 4 4 4 4 4]
2017-12-03 00:32:26,328 - accuracy_test      = 0.695652173913
2017-12-03 00:32:26,328 - n_missamples_test  = 7
2017-12-03 00:32:26,329 - mis_indices_test   =
 [ 4  5  6  7  8  9 10]
2017-12-03 00:34:20,094 - --------------------------------------------------
2017-12-03 00:34:20,094 - classifer_names    = _1vsrest
2017-12-03 00:34:20,095 - c                  = 800
2017-12-03 00:34:20,095 - kernel             = linear
2017-12-03 00:34:20,145 - time_fit           = 0.0498797652868
2017-12-03 00:34:20,148 - y_predit_train      =
 [1 1 1 1 2 2 2 2 2 2 2 3 3 3 3 3 4 4 4 4 4 4 4]
2017-12-03 00:34:20,148 - accuracy_train     = 1.0
2017-12-03 00:34:20,150 - n_missamples_train = 0
2017-12-03 00:34:20,150 - mis_indices_train  =
 []
2017-12-03 00:34:20,151 - y_predit_false     =
 []
2017-12-03 00:34:20,151 - y_predit_test      =
 [1 1 1 1 2 2 2 2 2 2 2 3 3 3 3 3 4 4 4 4 4 4 4]
2017-12-03 00:34:20,151 - accuracy_test      = 0.695652173913
2017-12-03 00:34:20,151 - n_missamples_test  = 7
2017-12-03 00:34:20,154 - mis_indices_test   =
 [ 4  5  6  7  8  9 10]
2017-12-03 00:34:20,154 - y_predit_false     =
 [2 2 2 2 2 2 2]
2017-12-03 00:35:46,338 - --------------------------------------------------
2017-12-03 00:35:46,338 - classifer_names    = _1vsrest
2017-12-03 00:35:46,341 - c                  = 800
2017-12-03 00:35:46,342 - kernel             = linear
2017-12-03 00:35:46,392 - time_fit           = 0.0502360004499
2017-12-03 00:35:46,394 - y_predit_train      =
 [1 1 1 1 2 2 2 2 2 2 2 3 3 3 3 3 4 4 4 4 4 4 4]
2017-12-03 00:35:46,394 - accuracy_train     = 1.0
2017-12-03 00:35:46,394 - n_missamples_train = 0
2017-12-03 00:35:46,394 - mis_indices_train  =
 []
2017-12-03 00:35:46,395 - y_mis              =
 []
2017-12-03 00:35:46,395 - y_predit_false     =
 []
2017-12-03 00:35:46,397 - y_predit_test      =
 [1 1 1 1 2 2 2 2 2 2 2 3 3 3 3 3 4 4 4 4 4 4 4]
2017-12-03 00:35:46,398 - accuracy_test      = 0.695652173913
2017-12-03 00:35:46,398 - n_missamples_test  = 7
2017-12-03 00:35:46,398 - mis_indices_test   =
 [ 4  5  6  7  8  9 10]
2017-12-03 00:35:46,398 - y_mis              =
 []
2017-12-03 00:35:46,401 - y_predit_false     =
 [2 2 2 2 2 2 2]
2017-12-03 00:36:17,086 - --------------------------------------------------
2017-12-03 00:36:17,086 - classifer_names    = _1vsrest
2017-12-03 00:36:17,088 - c                  = 800
2017-12-03 00:36:17,088 - kernel             = linear
2017-12-03 00:36:17,176 - time_fit           = 0.0872686342423
2017-12-03 00:36:17,177 - y_predit_train      =
 [1 1 1 1 2 2 2 2 2 2 2 3 3 3 3 3 4 4 4 4 4 4 4]
2017-12-03 00:36:17,177 - accuracy_train     = 1.0
2017-12-03 00:36:17,177 - n_missamples_train = 0
2017-12-03 00:36:17,178 - mis_indices_train  =
 []
2017-12-03 00:36:17,180 - y_mis              =
 []
2017-12-03 00:36:17,181 - y_predit_false     =
 []
2017-12-03 00:36:17,183 - y_predit_test      =
 [1 1 1 1 2 2 2 2 2 2 2 3 3 3 3 3 4 4 4 4 4 4 4]
2017-12-03 00:36:17,184 - accuracy_test      = 0.695652173913
2017-12-03 00:36:17,184 - n_missamples_test  = 7
2017-12-03 00:36:17,184 - mis_indices_test   =
 [ 4  5  6  7  8  9 10]
2017-12-03 00:36:17,187 - y_mis              =
 [-2 -2 -2 -2 -2 -2 -2]
2017-12-03 00:36:17,187 - y_predit_false     =
 [2 2 2 2 2 2 2]
2017-12-03 00:36:49,680 - --------------------------------------------------
2017-12-03 00:36:49,680 - classifer_names    = _1vsrest
2017-12-03 00:36:49,680 - c                  = 800
2017-12-03 00:36:49,680 - kernel             = linear
2017-12-03 00:36:49,724 - time_fit           = 0.0432977540079
2017-12-03 00:36:49,726 - y_predit_train      =
 [1 1 1 1 2 2 2 2 2 2 2 3 3 3 3 3 4 4 4 4 4 4 4]
2017-12-03 00:36:49,726 - accuracy_train     = 1.0
2017-12-03 00:36:49,726 - n_missamples_train = 0
2017-12-03 00:36:49,727 - mis_indices_train  =
 []
2017-12-03 00:36:49,729 - y_mis              =
 []
2017-12-03 00:36:49,729 - y_predit_false     =
 []
2017-12-03 00:36:49,730 - ..................................................
2017-12-03 00:36:49,730 - y_predit_test      =
 [1 1 1 1 2 2 2 2 2 2 2 3 3 3 3 3 4 4 4 4 4 4 4]
2017-12-03 00:36:49,730 - accuracy_test      = 0.695652173913
2017-12-03 00:36:49,732 - n_missamples_test  = 7
2017-12-03 00:36:49,733 - mis_indices_test   =
 [ 4  5  6  7  8  9 10]
2017-12-03 00:36:49,733 - y_mis              =
 [-2 -2 -2 -2 -2 -2 -2]
2017-12-03 00:36:49,734 - y_predit_false     =
 [2 2 2 2 2 2 2]
2017-12-03 00:37:29,431 - ==================================================
2017-12-03 00:37:29,431 - classifer_names    = _1vsrest
2017-12-03 00:37:29,433 - c                  = 800
2017-12-03 00:37:29,433 - kernel             = linear
2017-12-03 00:37:29,568 - time_fit           = 0.134006858703
2017-12-03 00:37:29,569 - y_predit_train      =
 [1 1 1 1 2 2 2 2 2 2 2 3 3 3 3 3 4 4 4 4 4 4 4]
2017-12-03 00:37:29,569 - accuracy_train     = 1.0
2017-12-03 00:37:29,569 - n_missamples_train = 0
2017-12-03 00:37:29,569 - mis_indices_train  =
 []
2017-12-03 00:37:29,569 - y_mis              =
 []
2017-12-03 00:37:29,571 - y_predit_false     =
 []
2017-12-03 00:37:29,571 - ##################################################
2017-12-03 00:37:29,572 - y_predit_test      =
 [1 1 1 1 2 2 2 2 2 2 2 3 3 3 3 3 4 4 4 4 4 4 4]
2017-12-03 00:37:29,572 - accuracy_test      = 0.695652173913
2017-12-03 00:37:29,572 - n_missamples_test  = 7
2017-12-03 00:37:29,573 - mis_indices_test   =
 [ 4  5  6  7  8  9 10]
2017-12-03 00:37:29,573 - y_mis              =
 [-2 -2 -2 -2 -2 -2 -2]
2017-12-03 00:37:29,573 - y_predit_false     =
 [2 2 2 2 2 2 2]
2017-12-03 00:40:16,812 - ==================================================
2017-12-03 00:40:16,812 - dataset name       = my dataset
2017-12-03 00:40:16,813 - classifer_names    = _1vsrest
2017-12-03 00:40:16,815 - c                  = 800
2017-12-03 00:40:16,815 - kernel             = linear
2017-12-03 00:40:16,888 - time_fit           = 0.0714210874966
2017-12-03 00:40:16,890 - y_predit_train      =
 [1 1 1 1 2 2 2 2 2 2 2 3 3 3 3 3 4 4 4 4 4 4 4]
2017-12-03 00:40:16,890 - accuracy_train     = 1.0
2017-12-03 00:40:16,891 - n_missamples_train = 0
2017-12-03 00:40:16,891 - mis_indices_train  =
 []
2017-12-03 00:40:16,892 - y_mis              =
 []
2017-12-03 00:40:16,892 - y_predit_false     =
 []
2017-12-03 00:40:16,894 - ##################################################
2017-12-03 00:40:16,894 - y_predit_test      =
 [1 1 1 1 2 2 2 2 2 2 2 3 3 3 3 3 4 4 4 4 4 4 4]
2017-12-03 00:40:16,895 - accuracy_test      = 0.695652173913
2017-12-03 00:40:16,895 - n_missamples_test  = 7
2017-12-03 00:40:16,897 - mis_indices_test   =
 [ 4  5  6  7  8  9 10]
2017-12-03 00:40:16,898 - y_mis              =
 [-2 -2 -2 -2 -2 -2 -2]
2017-12-03 00:40:16,901 - y_predit_false     =
 [2 2 2 2 2 2 2]
2017-12-03 00:40:42,701 - ==================================================
2017-12-03 00:40:42,701 - dataset name       = my dataset
2017-12-03 00:40:42,703 - classifer_names    = _1vsrest
2017-12-03 00:40:42,703 - c                  = 800
2017-12-03 00:40:42,704 - kernel             = linear
2017-12-03 00:40:42,706 - ##################################################
2017-12-03 00:40:42,782 - time_fit           = 0.075444876992
2017-12-03 00:40:42,782 - y_predit_train      =
 [1 1 1 1 2 2 2 2 2 2 2 3 3 3 3 3 4 4 4 4 4 4 4]
2017-12-03 00:40:42,783 - accuracy_train     = 1.0
2017-12-03 00:40:42,785 - n_missamples_train = 0
2017-12-03 00:40:42,785 - mis_indices_train  =
 []
2017-12-03 00:40:42,786 - y_mis              =
 []
2017-12-03 00:40:42,786 - y_predit_false     =
 []
2017-12-03 00:40:42,788 - ##################################################
2017-12-03 00:40:42,789 - y_predit_test      =
 [1 1 1 1 2 2 2 2 2 2 2 3 3 3 3 3 4 4 4 4 4 4 4]
2017-12-03 00:40:42,789 - accuracy_test      = 0.695652173913
2017-12-03 00:40:42,789 - n_missamples_test  = 7
2017-12-03 00:40:42,792 - mis_indices_test   =
 [ 4  5  6  7  8  9 10]
2017-12-03 00:40:42,793 - y_mis              =
 [-2 -2 -2 -2 -2 -2 -2]
2017-12-03 00:40:42,793 - y_predit_false     =
 [2 2 2 2 2 2 2]
2017-12-03 00:40:58,723 - ==================================================
2017-12-03 00:40:58,726 - dataset name       = my dataset
2017-12-03 00:40:58,726 - classifer_names    = _1vsrest
2017-12-03 00:40:58,727 - c                  = 800
2017-12-03 00:40:58,727 - kernel             = linear
2017-12-03 00:40:58,729 - ##################################################
2017-12-03 00:40:58,815 - time_fit           = 0.0861062726897
2017-12-03 00:40:58,815 - ##################################################
2017-12-03 00:40:58,818 - y_predit_train      =
 [1 1 1 1 2 2 2 2 2 2 2 3 3 3 3 3 4 4 4 4 4 4 4]
2017-12-03 00:40:58,819 - accuracy_train     = 1.0
2017-12-03 00:40:58,819 - n_missamples_train = 0
2017-12-03 00:40:58,819 - mis_indices_train  =
 []
2017-12-03 00:40:58,821 - y_mis              =
 []
2017-12-03 00:40:58,821 - y_predit_false     =
 []
2017-12-03 00:40:58,822 - ##################################################
2017-12-03 00:40:58,822 - y_predit_test      =
 [1 1 1 1 2 2 2 2 2 2 2 3 3 3 3 3 4 4 4 4 4 4 4]
2017-12-03 00:40:58,822 - accuracy_test      = 0.695652173913
2017-12-03 00:40:58,823 - n_missamples_test  = 7
2017-12-03 00:40:58,825 - mis_indices_test   =
 [ 4  5  6  7  8  9 10]
2017-12-03 00:40:58,826 - y_mis              =
 [-2 -2 -2 -2 -2 -2 -2]
2017-12-03 00:40:58,828 - y_predit_false     =
 [2 2 2 2 2 2 2]
2017-12-03 00:42:16,121 - ****************************************************************************************************
2017-12-03 00:42:16,121 - dataset name        my dataset
2017-12-03 00:42:16,124 - classifer_names     _1vsrest
2017-12-03 00:42:16,124 - c                   800
2017-12-03 00:42:16,125 - kernel              linear
2017-12-03 00:42:16,125 - ##################################################
2017-12-03 00:42:16,213 - time_fit            0.0874910139359
2017-12-03 00:42:16,213 - ##################################################
2017-12-03 00:42:16,214 - y_predit_train      
 [1 1 1 1 2 2 2 2 2 2 2 3 3 3 3 3 4 4 4 4 4 4 4]
2017-12-03 00:42:16,216 - accuracy_train      1.0
2017-12-03 00:42:16,217 - n_missamples_train  0
2017-12-03 00:42:16,217 - mis_indices_train  
 []
2017-12-03 00:42:16,217 - y_mis              
 []
2017-12-03 00:42:16,219 - y_predit_false     
 []
2017-12-03 00:42:16,220 - ##################################################
2017-12-03 00:42:16,220 - y_predit_test      
 [1 1 1 1 2 2 2 2 2 2 2 3 3 3 3 3 4 4 4 4 4 4 4]
2017-12-03 00:42:16,220 - accuracy_test       0.695652173913
2017-12-03 00:42:16,221 - n_missamples_test   7
2017-12-03 00:42:16,223 - mis_indices_test   
 [ 4  5  6  7  8  9 10]
2017-12-03 00:42:16,224 - y_mis              
 [-2 -2 -2 -2 -2 -2 -2]
2017-12-03 00:42:16,226 - y_predit_false     
 [2 2 2 2 2 2 2]
