2017-12-02 23:48:46,430 - ----------------------------------------------------------------------------------------------------
2017-12-02 23:48:46,431 - classifer_names    = _1vs1
2017-12-02 23:48:46,434 - c                  = 800
2017-12-02 23:48:46,436 - kernel             = linear
2017-12-02 23:48:46,446 - time_fit           = 0.00913980540921
2017-12-02 23:48:46,447 - accuracy_train     = 1.0
2017-12-02 23:48:46,447 - n_missamples_train = 0
2017-12-02 23:48:46,447 - missamples_train   =
 []
2017-12-02 23:48:46,448 - y_predit_train     =
 [1 1 1 1 2 2 2 2 2 2 2 3 3 3 3 3 4 4 4 4 4 4 4]
2017-12-02 23:48:46,450 - accuracy_test      = 0.695652173913
2017-12-02 23:48:46,450 - n_missamples_test  = 7
2017-12-02 23:48:46,450 - missamples_test    =
 [[4 2]
 [4 3]
 [5 1]
 [5 2]
 [5 3]
 [6 1]
 [6 2]]
2017-12-02 23:48:46,451 - y_predit_test      =
 [1 1 1 1 2 2 2 2 2 2 2 3 3 3 3 3 4 4 4 4 4 4 4]
2017-12-02 23:50:12,391 - --------------------------------------------------
2017-12-02 23:50:12,391 - classifer_names    = _1vs1
2017-12-02 23:50:12,391 - c                  = 800
2017-12-02 23:50:12,391 - kernel             = linear
2017-12-02 23:50:12,401 - time_fit           = 0.00945755177919
2017-12-02 23:50:12,404 - accuracy_train     = 1.0
2017-12-02 23:50:12,404 - n_missamples_train = 0
2017-12-02 23:50:12,404 - missamples_train   =
 []
2017-12-02 23:50:12,405 - y_predit_train     =
 [1 1 1 1 2 2 2 2 2 2 2 3 3 3 3 3 4 4 4 4 4 4 4]
2017-12-02 23:50:12,407 - accuracy_test      = 0.695652173913
2017-12-02 23:50:12,407 - n_missamples_test  = 7
2017-12-02 23:50:12,408 - missamples_test    =
 [[4 2]
 [4 3]
 [5 1]
 [5 2]
 [5 3]
 [6 1]
 [6 2]]
2017-12-02 23:50:12,410 - y_predit_test      =
 [1 1 1 1 2 2 2 2 2 2 2 3 3 3 3 3 4 4 4 4 4 4 4]
2017-12-03 00:19:37,821 - --------------------------------------------------
2017-12-03 00:19:37,822 - classifer_names    = _1vs1
2017-12-03 00:19:37,822 - c                  = 800
2017-12-03 00:19:37,822 - kernel             = linear
2017-12-03 00:19:37,835 - time_fit           = 0.00998741416465
2017-12-03 00:19:37,836 - accuracy_train     = 0.95652173913
2017-12-03 00:19:37,838 - n_missamples_train = 1
2017-12-03 00:19:37,838 - mis_samples X_train[[]]: [] 	 y = [] 	 y_predit = []
2017-12-03 00:19:37,839 - accuracy_test      = 0.95652173913
2017-12-03 00:19:37,841 - n_missamples_test  = 1
2017-12-03 00:19:37,845 - mis_samples X_test[[ 4  5  6  7  8  9 10]]: [[4 2]
 [4 3]
 [5 1]
 [5 2]
 [5 3]
 [6 1]
 [6 2]] 	 y = [-2 -2 -2 -2 -2 -2 -2] 	 y_predit = [2 2 2 2 2 2 2]
2017-12-03 00:23:19,334 - --------------------------------------------------
2017-12-03 00:23:19,334 - classifer_names    = _1vs1
2017-12-03 00:23:19,335 - c                  = 800
2017-12-03 00:23:19,336 - kernel             = linear
2017-12-03 00:23:19,348 - time_fit           = 0.00899055442251
2017-12-03 00:23:19,348 - y_predit_train      =
 [1 1 1 1 2 2 2 2 2 2 2 3 3 3 3 3 4 4 4 4 4 4 4]
2017-12-03 00:23:19,349 - accuracy_train     = 0.95652173913
2017-12-03 00:23:19,351 - n_missamples_train = 1
2017-12-03 00:23:19,351 - mis_indices_train   =
 []
2017-12-03 00:23:19,351 - y_predit_test      =
 [1 1 1 1 2 2 2 2 2 2 2 3 3 3 3 3 4 4 4 4 4 4 4]
2017-12-03 00:23:19,354 - accuracy_test      = 0.95652173913
2017-12-03 00:23:19,354 - n_missamples_test  = 1
2017-12-03 00:23:19,355 - mis_indices_test   =
 [[ 4  5  6  7  8  9 10]]
2017-12-03 00:24:17,483 - --------------------------------------------------
2017-12-03 00:24:17,483 - classifer_names    = _1vs1
2017-12-03 00:24:17,483 - c                  = 800
2017-12-03 00:24:17,483 - kernel             = linear
2017-12-03 00:24:17,496 - time_fit           = 0.0101687391456
2017-12-03 00:24:17,497 - y_predit_train      =
 [1 1 1 1 2 2 2 2 2 2 2 3 3 3 3 3 4 4 4 4 4 4 4]
2017-12-03 00:24:17,499 - accuracy_train     = 0.95652173913
2017-12-03 00:24:17,499 - n_missamples_train = 1
2017-12-03 00:24:17,500 - mis_indices_train   =
 []
2017-12-03 00:24:17,502 - y_predit_test      =
 [1 1 1 1 2 2 2 2 2 2 2 3 3 3 3 3 4 4 4 4 4 4 4]
2017-12-03 00:24:17,503 - accuracy_test      = 0.95652173913
2017-12-03 00:24:17,503 - n_missamples_test  = 1
2017-12-03 00:24:17,506 - mis_indices_test   =
 [[ 4  5  6  7  8  9 10]]
2017-12-03 00:25:48,141 - --------------------------------------------------
2017-12-03 00:25:48,141 - classifer_names    = _1vs1
2017-12-03 00:25:48,141 - c                  = 800
2017-12-03 00:25:48,141 - kernel             = linear
2017-12-03 00:25:48,154 - time_fit           = 0.00983602491166
2017-12-03 00:25:48,154 - y_predit_train      =
 [1 1 1 1 2 2 2 2 2 2 2 3 3 3 3 3 4 4 4 4 4 4 4]
2017-12-03 00:25:48,155 - accuracy_train     = 0.95652173913
2017-12-03 00:25:48,157 - n_missamples_train = 1
2017-12-03 00:25:48,157 - mis_indices_train   =
 (array([], dtype=int64),)
2017-12-03 00:25:48,158 - y_predit_test      =
 [1 1 1 1 2 2 2 2 2 2 2 3 3 3 3 3 4 4 4 4 4 4 4]
2017-12-03 00:25:48,160 - accuracy_test      = 0.95652173913
2017-12-03 00:25:48,161 - n_missamples_test  = 1
2017-12-03 00:25:48,161 - mis_indices_test   =
 (array([ 4,  5,  6,  7,  8,  9, 10], dtype=int64),)
2017-12-03 00:27:32,940 - --------------------------------------------------
2017-12-03 00:27:32,940 - classifer_names    = _1vs1
2017-12-03 00:27:32,941 - c                  = 800
2017-12-03 00:27:32,944 - kernel             = linear
2017-12-03 00:27:32,954 - time_fit           = 0.00954393773711
2017-12-03 00:27:32,957 - y_predit_train      =
 [1 1 1 1 2 2 2 2 2 2 2 3 3 3 3 3 4 4 4 4 4 4 4]
2017-12-03 00:27:32,957 - accuracy_train     = 0.95652173913
2017-12-03 00:27:32,957 - n_missamples_train = 1
2017-12-03 00:27:32,959 - mis_indices_train   =
 [(array([], dtype=int64),)]
2017-12-03 00:27:32,960 - y_predit_test      =
 [1 1 1 1 2 2 2 2 2 2 2 3 3 3 3 3 4 4 4 4 4 4 4]
2017-12-03 00:27:32,960 - accuracy_test      = 0.95652173913
2017-12-03 00:27:32,960 - n_missamples_test  = 1
2017-12-03 00:27:32,963 - mis_indices_test   =
 [(array([ 4,  5,  6,  7,  8,  9, 10], dtype=int64),)]
2017-12-03 00:32:26,193 - --------------------------------------------------
2017-12-03 00:32:26,193 - classifer_names    = _1vs1
2017-12-03 00:32:26,194 - c                  = 800
2017-12-03 00:32:26,194 - kernel             = linear
2017-12-03 00:32:26,210 - time_fit           = 0.0156615175789
2017-12-03 00:32:26,211 - y_predit_train      =
 [1 1 1 1 2 2 2 2 2 2 2 3 3 3 3 3 4 4 4 4 4 4 4]
2017-12-03 00:32:26,211 - accuracy_train     = 1.0
2017-12-03 00:32:26,213 - n_missamples_train = 0
2017-12-03 00:32:26,213 - mis_indices_train   =
 []
2017-12-03 00:32:26,214 - y_predit_test      =
 [1 1 1 1 2 2 2 2 2 2 2 3 3 3 3 3 4 4 4 4 4 4 4]
2017-12-03 00:32:26,214 - accuracy_test      = 0.695652173913
2017-12-03 00:32:26,217 - n_missamples_test  = 7
2017-12-03 00:32:26,217 - mis_indices_test   =
 [ 4  5  6  7  8  9 10]
2017-12-03 00:34:20,068 - --------------------------------------------------
2017-12-03 00:34:20,069 - classifer_names    = _1vs1
2017-12-03 00:34:20,071 - c                  = 800
2017-12-03 00:34:20,071 - kernel             = linear
2017-12-03 00:34:20,082 - time_fit           = 0.0103410834082
2017-12-03 00:34:20,082 - y_predit_train      =
 [1 1 1 1 2 2 2 2 2 2 2 3 3 3 3 3 4 4 4 4 4 4 4]
2017-12-03 00:34:20,084 - accuracy_train     = 1.0
2017-12-03 00:34:20,085 - n_missamples_train = 0
2017-12-03 00:34:20,085 - mis_indices_train  =
 []
2017-12-03 00:34:20,085 - y_predit_false     =
 []
2017-12-03 00:34:20,088 - y_predit_test      =
 [1 1 1 1 2 2 2 2 2 2 2 3 3 3 3 3 4 4 4 4 4 4 4]
2017-12-03 00:34:20,089 - accuracy_test      = 0.695652173913
2017-12-03 00:34:20,092 - n_missamples_test  = 7
2017-12-03 00:34:20,092 - mis_indices_test   =
 [ 4  5  6  7  8  9 10]
2017-12-03 00:34:20,094 - y_predit_false     =
 [2 2 2 2 2 2 2]
2017-12-03 00:35:46,312 - --------------------------------------------------
2017-12-03 00:35:46,313 - classifer_names    = _1vs1
2017-12-03 00:35:46,313 - c                  = 800
2017-12-03 00:35:46,315 - kernel             = linear
2017-12-03 00:35:46,328 - time_fit           = 0.012257397653
2017-12-03 00:35:46,328 - y_predit_train      =
 [1 1 1 1 2 2 2 2 2 2 2 3 3 3 3 3 4 4 4 4 4 4 4]
2017-12-03 00:35:46,329 - accuracy_train     = 1.0
2017-12-03 00:35:46,331 - n_missamples_train = 0
2017-12-03 00:35:46,332 - mis_indices_train  =
 []
2017-12-03 00:35:46,332 - y_mis              =
 []
2017-12-03 00:35:46,332 - y_predit_false     =
 []
2017-12-03 00:35:46,335 - y_predit_test      =
 [1 1 1 1 2 2 2 2 2 2 2 3 3 3 3 3 4 4 4 4 4 4 4]
2017-12-03 00:35:46,335 - accuracy_test      = 0.695652173913
2017-12-03 00:35:46,335 - n_missamples_test  = 7
2017-12-03 00:35:46,336 - mis_indices_test   =
 [ 4  5  6  7  8  9 10]
2017-12-03 00:35:46,338 - y_mis              =
 []
2017-12-03 00:35:46,338 - y_predit_false     =
 [2 2 2 2 2 2 2]
2017-12-03 00:36:17,062 - --------------------------------------------------
2017-12-03 00:36:17,062 - classifer_names    = _1vs1
2017-12-03 00:36:17,062 - c                  = 800
2017-12-03 00:36:17,063 - kernel             = linear
2017-12-03 00:36:17,073 - time_fit           = 0.00934721723887
2017-12-03 00:36:17,075 - y_predit_train      =
 [1 1 1 1 2 2 2 2 2 2 2 3 3 3 3 3 4 4 4 4 4 4 4]
2017-12-03 00:36:17,075 - accuracy_train     = 1.0
2017-12-03 00:36:17,076 - n_missamples_train = 0
2017-12-03 00:36:17,078 - mis_indices_train  =
 []
2017-12-03 00:36:17,078 - y_mis              =
 []
2017-12-03 00:36:17,082 - y_predit_false     =
 []
2017-12-03 00:36:17,084 - y_predit_test      =
 [1 1 1 1 2 2 2 2 2 2 2 3 3 3 3 3 4 4 4 4 4 4 4]
2017-12-03 00:36:17,084 - accuracy_test      = 0.695652173913
2017-12-03 00:36:17,085 - n_missamples_test  = 7
2017-12-03 00:36:17,085 - mis_indices_test   =
 [ 4  5  6  7  8  9 10]
2017-12-03 00:36:17,085 - y_mis              =
 [-2 -2 -2 -2 -2 -2 -2]
2017-12-03 00:36:17,085 - y_predit_false     =
 [2 2 2 2 2 2 2]
2017-12-03 00:36:49,654 - --------------------------------------------------
2017-12-03 00:36:49,655 - classifer_names    = _1vs1
2017-12-03 00:36:49,657 - c                  = 800
2017-12-03 00:36:49,657 - kernel             = linear
2017-12-03 00:36:49,668 - time_fit           = 0.0109449298071
2017-12-03 00:36:49,670 - y_predit_train      =
 [1 1 1 1 2 2 2 2 2 2 2 3 3 3 3 3 4 4 4 4 4 4 4]
2017-12-03 00:36:49,670 - accuracy_train     = 1.0
2017-12-03 00:36:49,671 - n_missamples_train = 0
2017-12-03 00:36:49,671 - mis_indices_train  =
 []
2017-12-03 00:36:49,671 - y_mis              =
 []
2017-12-03 00:36:49,673 - y_predit_false     =
 []
2017-12-03 00:36:49,673 - ..................................................
2017-12-03 00:36:49,676 - y_predit_test      =
 [1 1 1 1 2 2 2 2 2 2 2 3 3 3 3 3 4 4 4 4 4 4 4]
2017-12-03 00:36:49,676 - accuracy_test      = 0.695652173913
2017-12-03 00:36:49,677 - n_missamples_test  = 7
2017-12-03 00:36:49,677 - mis_indices_test   =
 [ 4  5  6  7  8  9 10]
2017-12-03 00:36:49,677 - y_mis              =
 [-2 -2 -2 -2 -2 -2 -2]
2017-12-03 00:36:49,678 - y_predit_false     =
 [2 2 2 2 2 2 2]
2017-12-03 00:37:29,407 - ==================================================
2017-12-03 00:37:29,408 - classifer_names    = _1vs1
2017-12-03 00:37:29,410 - c                  = 800
2017-12-03 00:37:29,410 - kernel             = linear
2017-12-03 00:37:29,421 - time_fit           = 0.00969960352267
2017-12-03 00:37:29,421 - y_predit_train      =
 [1 1 1 1 2 2 2 2 2 2 2 3 3 3 3 3 4 4 4 4 4 4 4]
2017-12-03 00:37:29,421 - accuracy_train     = 1.0
2017-12-03 00:37:29,423 - n_missamples_train = 0
2017-12-03 00:37:29,424 - mis_indices_train  =
 []
2017-12-03 00:37:29,424 - y_mis              =
 []
2017-12-03 00:37:29,424 - y_predit_false     =
 []
2017-12-03 00:37:29,426 - ##################################################
2017-12-03 00:37:29,427 - y_predit_test      =
 [1 1 1 1 2 2 2 2 2 2 2 3 3 3 3 3 4 4 4 4 4 4 4]
2017-12-03 00:37:29,427 - accuracy_test      = 0.695652173913
2017-12-03 00:37:29,428 - n_missamples_test  = 7
2017-12-03 00:37:29,430 - mis_indices_test   =
 [ 4  5  6  7  8  9 10]
2017-12-03 00:37:29,430 - y_mis              =
 [-2 -2 -2 -2 -2 -2 -2]
2017-12-03 00:37:29,430 - y_predit_false     =
 [2 2 2 2 2 2 2]
2017-12-03 00:40:16,786 - ==================================================
2017-12-03 00:40:16,786 - dataset name       = my dataset
2017-12-03 00:40:16,788 - classifer_names    = _1vs1
2017-12-03 00:40:16,788 - c                  = 800
2017-12-03 00:40:16,789 - kernel             = linear
2017-12-03 00:40:16,799 - time_fit           = 0.0095101531298
2017-12-03 00:40:16,801 - y_predit_train      =
 [1 1 1 1 2 2 2 2 2 2 2 3 3 3 3 3 4 4 4 4 4 4 4]
2017-12-03 00:40:16,802 - accuracy_train     = 1.0
2017-12-03 00:40:16,802 - n_missamples_train = 0
2017-12-03 00:40:16,802 - mis_indices_train  =
 []
2017-12-03 00:40:16,803 - y_mis              =
 []
2017-12-03 00:40:16,805 - y_predit_false     =
 []
2017-12-03 00:40:16,806 - ##################################################
2017-12-03 00:40:16,808 - y_predit_test      =
 [1 1 1 1 2 2 2 2 2 2 2 3 3 3 3 3 4 4 4 4 4 4 4]
2017-12-03 00:40:16,809 - accuracy_test      = 0.695652173913
2017-12-03 00:40:16,809 - n_missamples_test  = 7
2017-12-03 00:40:16,809 - mis_indices_test   =
 [ 4  5  6  7  8  9 10]
2017-12-03 00:40:16,811 - y_mis              =
 [-2 -2 -2 -2 -2 -2 -2]
2017-12-03 00:40:16,812 - y_predit_false     =
 [2 2 2 2 2 2 2]
2017-12-03 00:40:42,677 - ==================================================
2017-12-03 00:40:42,677 - dataset name       = my dataset
2017-12-03 00:40:42,677 - classifer_names    = _1vs1
2017-12-03 00:40:42,678 - c                  = 800
2017-12-03 00:40:42,678 - kernel             = linear
2017-12-03 00:40:42,680 - ##################################################
2017-12-03 00:40:42,688 - time_fit           = 0.00876988534189
2017-12-03 00:40:42,690 - y_predit_train      =
 [1 1 1 1 2 2 2 2 2 2 2 3 3 3 3 3 4 4 4 4 4 4 4]
2017-12-03 00:40:42,690 - accuracy_train     = 1.0
2017-12-03 00:40:42,691 - n_missamples_train = 0
2017-12-03 00:40:42,691 - mis_indices_train  =
 []
2017-12-03 00:40:42,693 - y_mis              =
 []
2017-12-03 00:40:42,694 - y_predit_false     =
 []
2017-12-03 00:40:42,696 - ##################################################
2017-12-03 00:40:42,697 - y_predit_test      =
 [1 1 1 1 2 2 2 2 2 2 2 3 3 3 3 3 4 4 4 4 4 4 4]
2017-12-03 00:40:42,698 - accuracy_test      = 0.695652173913
2017-12-03 00:40:42,698 - n_missamples_test  = 7
2017-12-03 00:40:42,700 - mis_indices_test   =
 [ 4  5  6  7  8  9 10]
2017-12-03 00:40:42,700 - y_mis              =
 [-2 -2 -2 -2 -2 -2 -2]
2017-12-03 00:40:42,700 - y_predit_false     =
 [2 2 2 2 2 2 2]
2017-12-03 00:40:58,698 - ==================================================
2017-12-03 00:40:58,700 - dataset name       = my dataset
2017-12-03 00:40:58,700 - classifer_names    = _1vs1
2017-12-03 00:40:58,700 - c                  = 800
2017-12-03 00:40:58,700 - kernel             = linear
2017-12-03 00:40:58,701 - ##################################################
2017-12-03 00:40:58,710 - time_fit           = 0.00865741253529
2017-12-03 00:40:58,711 - ##################################################
2017-12-03 00:40:58,713 - y_predit_train      =
 [1 1 1 1 2 2 2 2 2 2 2 3 3 3 3 3 4 4 4 4 4 4 4]
2017-12-03 00:40:58,713 - accuracy_train     = 1.0
2017-12-03 00:40:58,714 - n_missamples_train = 0
2017-12-03 00:40:58,716 - mis_indices_train  =
 []
2017-12-03 00:40:58,717 - y_mis              =
 []
2017-12-03 00:40:58,717 - y_predit_false     =
 []
2017-12-03 00:40:58,719 - ##################################################
2017-12-03 00:40:58,720 - y_predit_test      =
 [1 1 1 1 2 2 2 2 2 2 2 3 3 3 3 3 4 4 4 4 4 4 4]
2017-12-03 00:40:58,720 - accuracy_test      = 0.695652173913
2017-12-03 00:40:58,720 - n_missamples_test  = 7
2017-12-03 00:40:58,721 - mis_indices_test   =
 [ 4  5  6  7  8  9 10]
2017-12-03 00:40:58,721 - y_mis              =
 [-2 -2 -2 -2 -2 -2 -2]
2017-12-03 00:40:58,723 - y_predit_false     =
 [2 2 2 2 2 2 2]
2017-12-03 00:42:16,095 - ****************************************************************************************************
2017-12-03 00:42:16,095 - dataset name        my dataset
2017-12-03 00:42:16,095 - classifer_names     _1vs1
2017-12-03 00:42:16,096 - c                   800
2017-12-03 00:42:16,098 - kernel              linear
2017-12-03 00:42:16,098 - ##################################################
2017-12-03 00:42:16,108 - time_fit            0.0100455750076
2017-12-03 00:42:16,108 - ##################################################
2017-12-03 00:42:16,109 - y_predit_train      
 [1 1 1 1 2 2 2 2 2 2 2 3 3 3 3 3 4 4 4 4 4 4 4]
2017-12-03 00:42:16,111 - accuracy_train      1.0
2017-12-03 00:42:16,111 - n_missamples_train  0
2017-12-03 00:42:16,114 - mis_indices_train  
 []
2017-12-03 00:42:16,115 - y_mis              
 []
2017-12-03 00:42:16,115 - y_predit_false     
 []
2017-12-03 00:42:16,115 - ##################################################
2017-12-03 00:42:16,117 - y_predit_test      
 [1 1 1 1 2 2 2 2 2 2 2 3 3 3 3 3 4 4 4 4 4 4 4]
2017-12-03 00:42:16,118 - accuracy_test       0.695652173913
2017-12-03 00:42:16,118 - n_missamples_test   7
2017-12-03 00:42:16,118 - mis_indices_test   
 [ 4  5  6  7  8  9 10]
2017-12-03 00:42:16,119 - y_mis              
 [-2 -2 -2 -2 -2 -2 -2]
2017-12-03 00:42:16,119 - y_predit_false     
 [2 2 2 2 2 2 2]
